
Lmod is automatically replacing "Python/3.6.4" with "Conda/3".

Filtering out unpaired reads after trimming primers
 
20211223_16SV4_PE250/Cen08_04102018_R1_S1_L001
20211223_16SV4_PE250/Cen19_19102017_R1_S2_L001
20211223_16SV4_PE250/Cen04_14102020_R1_S3_L001
20211223_16SV4_PE250/Cen11_11102016_R1_S4_L001
20211223_16SV4_PE250/Cen16_02102018_R1_S5_L001
20211223_16SV4_PE250/Cen06_14102020_R1_S6_L001
20211223_16SV4_PE250/Cen05_14102015_R1_S7_L001
20211223_16SV4_PE250/Cen17_05102021_R1_S8_L001
20211223_16SV4_PE250/Cen23_21102017_R1_S9_L001
20211223_16SV4_PE250/Cen20_12102015_R1_S10_L001
20211223_16SV4_PE250/Cen03_12102016_R1_S11_L001
20211223_16SV4_PE250/Cen07_12102016_R1_S12_L001
20211223_16SV4_PE250/Cen12_12102015_R1_S13_L001
20211223_16SV4_PE250/Cen11_13102020_R1_S14_L001
20211223_16SV4_PE250/Cen21_12102015_R1_S15_L001
20211223_16SV4_PE250/Cen21_02102018_R1_S16_L001
20211223_16SV4_PE250/Cen15_11102016_R1_S17_L001
20211223_16SV4_PE250/Cen03_03102018_R1_S18_L001
20211223_16SV4_PE250/Batch2_neg_S19_L001
20211223_16SV4_PE250/Batch2_mock_S20_L001
20211223_16SV4_PE250/Cen04_06102021_R1_S21_L001
20211223_16SV4_PE250/Cen23_15102020_R1_S22_L001
20211223_16SV4_PE250/Cen12_20102017_R1_S23_L001
20211223_16SV4_PE250/Cen03_06102021_R1_S24_L001
20211223_16SV4_PE250/Cen04_20102017_R1_S25_L001
20211223_16SV4_PE250/Cen16_15102020_R1_S26_L001
20211223_16SV4_PE250/Cen14_19102017_R1_S27_L001
20211223_16SV4_PE250/Cen08_12102016_R1_S28_L001
20211223_16SV4_PE250/Cen07_06102021_R1_S29_L001
20211223_16SV4_PE250/Cen21_19102017_R1_S30_L001
20211223_16SV4_PE250/Cen11_12102015_R1_S31_L001
20211223_16SV4_PE250/Cen06_20102017_R1_S32_L001
20211223_16SV4_PE250/Cen09_04102018_R1_S33_L001
20211223_16SV4_PE250/Cen16_05102021_R1_S34_L001
20211223_16SV4_PE250/Cen14_12102015_R1_S35_L001
20211223_16SV4_PE250/Cen18_12102016_R1_S36_L001
20211223_16SV4_PE250/Cen06_12102016_R1_S37_L001
20211223_16SV4_PE250/Cen15_06102019_R1_S38_L001
20211223_16SV4_PE250/Batch3_neg_S39_L001
20211223_16SV4_PE250/Batch3_mock_S40_L001
20211223_16SV4_PE250/Cen11_06102021_R1_S41_L001
20211223_16SV4_PE250/Cen03_14102020_R1_S42_L001
20211223_16SV4_PE250/Cen10_11102016_R1_S43_L001
20211223_16SV4_PE250/Cen17_06102019_R1_S44_L001
20211223_16SV4_PE250/Cen10_03102018_R1_S45_L001
20211223_16SV4_PE250/Cen15_13102020_R1_S46_L001
20211223_16SV4_PE250/Cen13_06102021_R1_S47_L001
20211223_16SV4_PE250/Cen07_13102015_R1_S48_L001
20211223_16SV4_PE250/Cen09_21102017_R1_S49_L001
20211223_16SV4_PE250/Cen03_14102015_R1_S50_L001
20211223_16SV4_PE250/Cen06_14102015_R1_S51_L001
20211223_16SV4_PE250/Cen11_03102018_R1_S52_L001
20211223_16SV4_PE250/Cen07_07102019_R1_S53_L001
20211223_16SV4_PE250/Cen04_08102019_R1_S54_L001
20211223_16SV4_PE250/Cen09_07102019_R1_S55_L001
20211223_16SV4_PE250/Cen10_06102019_R1_S56_L001
20211223_16SV4_PE250/Cen18_07102019_R1_S57_L001
20211223_16SV4_PE250/Cen19_06102019_R1_S58_L001
20211223_16SV4_PE250/Batch4_neg_S59_L001
20211223_16SV4_PE250/Batch4_mock_S60_L001
20211223_16SV4_PE250/Cen11_20102017_R1_S61_L001
20211223_16SV4_PE250/Cen16_19102017_R1_S62_L001
20211223_16SV4_PE250/Cen16_12102015_R1_S63_L001
20211223_16SV4_PE250/Cen21_11102016_R1_S64_L001
20211223_16SV4_PE250/Cen08_06102021_R1_S65_L001
20211223_16SV4_PE250/Cen21_13102020_R1_S66_L001
20211223_16SV4_PE250/Cen08_21102017_R1_S67_L001
20211223_16SV4_PE250/Cen09_14102020_R1_S68_L001
20211223_16SV4_PE250/Cen15_12102015_R1_S69_L001
20211223_16SV4_PE250/Cen16_11102016_R1_S70_L001
20211223_16SV4_PE250/Cen21_05102021_R1_S71_L001
20211223_16SV4_PE250/Batch1_neg_S72_L001
20211223_16SV4_PE250/Batch1_mock_S73_L001
20211223_16SV4_PE250/Cen15_02102018_R1_S74_L001
20211223_16SV4_PE250/Cen08_13102015_R1_S75_L001
20211223_16SV4_PE250/Cen15_19102017_R1_S76_L001
20211223_16SV4_PE250/Cen19_12102015_R1_S77_L001
20211223_16SV4_PE250/Cen08_07102019_R1_S78_L001
20211223_16SV4_PE250/Cen19_11102016_R1_S79_L001
20211223_16SV4_PE250/Cen11_06102019_R1_S80_L001
20211223_16SV4_PE250/Cen03_20102017_R1_S81_L001
20211223_16SV4_PE250/Cen23_12102016_R1_S82_L001
20211223_16SV4_PE250/Cen23_07102019_R1_S83_L001
20211223_16SV4_PE250/Cen18_04102018_R1_S84_L001
20211223_16SV4_PE250/Cen22_11102016_R1_S85_L001
20211223_16SV4_PE250/Cen04_12102016_R1_S86_L001
20211223_16SV4_PE250/Batch5_neg_S87_L001
20211223_16SV4_PE250/Batch5_mock_S88_L001
20211223_16SV4_PE250/RTSF_NTC_S89_L001
20211223_16SV4_PE250/ZymoMockDNA_S90_L001
 
 
Done!
