
Lmod is automatically replacing "Python/3.6.4" with "Conda/3".

Screening sequences: positions 312 to 1406
 
[3J[H[2JLinux version

Using ReadLine

Using Boost

Running 64Bit Version

mothur v.1.40.4
Last updated: 02/04/2022
by
Patrick D. Schloss

Department of Microbiology & Immunology

University of Michigan
http://www.mothur.org

When using, please cite:
Schloss, P.D., et al., Introducing mothur: Open-source, platform-independent, community-supported software for describing and comparing microbial communities. Appl Environ Microbiol, 2009. 75(23):7537-41.

Distributed under the GNU General Public License

Type 'help()' for information on the commands that are available

For questions and analysis support, please visit our forum at https://www.mothur.org/forum

Type 'quit()' to exit program

Script Mode


mothur > screen.seqs(fasta=/mnt/research/ShadeLab/Barnett/Centralia/MultiYear_intermediateseq/lib1_run3_merged_maxEE_noN.unique.filter.fasta, processors=20, name=/mnt/research/ShadeLab/Barnett/Centralia/MultiYear_intermediateseq/lib1_run3_merged_maxEE_noN.names, group=/mnt/research/ShadeLab/Barnett/Centralia/MultiYear_intermediateseq/lib1_run3_group_file.txt, start=312, end=1406, maxhomop=8)

Using 20 processors.
1000
1000
1000
1000
1000
1000
1000
1000
1000
1000
1000
1000
1000
1000
1000
1000
1000
1000
1000
1000
2000
2000
2000
2000
2000
2000
2000
2000
2000
2000
2000
2000
2000
2000
2000
2000
2000
2000
2000
2000
3000
3000
3000
3000
3000
3000
3000
3000
3000
3000
3000
3000
3000
3000
3000
3000
3000
3000
3000
3000
4000
4000
4000
4000
4000
4000
4000
4000
4000
4000
4000
4000
4000
4000
4000
4000
4000
4000
4000
4000
5000
5000
5000
5000
5000
5000
5000
5000
5000
5000
5000
5000
5000
5000
5000
5000
5000
5000
5000
5000
6000
6000
6000
6000
6000
6000
6000
6000
6000
6000
6000
6000
6000
6000
6000
6000
6000
6000
6000
6000
7000
7000
7000
7000
7000
7000
7000
7000
7000
7000
7000
7000
7000
7000
7000
7000
7000
7000
7000
7000
8000
8000
8000
8000
8000
8000
8000
8000
8000
8000
8000
8000
8000
8000
8000
8000
8000
8000
8000
8000
9000
9000
9000
9000
9000
9000
9000
9000
9000
9000
9000
9000
9000
9000
9000
9000
9000
9000
9000
9000
10000
10000
10000
10000
10000
10000
10000
10000
10000
10000
10000
10000
10000
10000
10000
10000
10000
10000
10000
10000
11000
11000
11000
11000
11000
11000
11000
11000
11000
11000
11000
11000
11000
11000
11000
11000
11000
11000
11000
11000
12000
12000
12000
12000
12000
12000
12000
12000
12000
12000
12000
12000
12000
12000
12000
12000
12000
12000
12000
12000
13000
13000
13000
13000
13000
13000
13000
13000
13000
13000
13000
13000
13000
13000
13000
13000
13000
13000
13000
13000
14000
14000
14000
14000
14000
14000
14000
14000
14000
14000
14000
14000
14000
14000
14000
14000
14000
14000
14000
14000
15000
15000
15000
15000
15000
15000
15000
15000
15000
15000
15000
15000
15000
15000
15000
15000
15000
15000
15000
15000
16000
16000
16000
16000
16000
16000
16000
16000
16000
16000
16000
16000
16000
16000
16000
16000
16000
16000
16000
16000
17000
17000
17000
17000
17000
17000
17000
17000
17000
17000
17000
17000
17000
17000
17000
17000
17000
17000
17000
17000
18000
18000
18000
18000
18000
18000
18000
18000
18000
18000
18000
18000
18000
18000
18000
18000
18000
18000
18000
18000
19000
19000
19000
19000
19000
19000
19000
19000
19000
19000
19000
19000
19000
19000
19000
19000
19000
19000
19000
19000
20000
20000
20000
20000
20000
20000
20000
20000
20000
20000
20000
20000
20000
20000
20000
20000
20000
20000
20000
20000
21000
21000
21000
21000
21000
21000
21000
21000
21000
21000
21000
21000
21000
21000
21000
21000
21000
21000
21000
21000
22000
22000
22000
22000
22000
22000
22000
22000
22000
22000
22000
22000
22000
22000
22000
22000
22000
22000
22000
22000
23000
23000
23000
23000
23000
23000
23000
23000
23000
23000
23000
23000
23000
23000
23000
23000
23000
23000
23000
23000
24000
24000
24000
24000
24000
24000
24000
24000
24000
24000
24000
24000
24000
24000
24000
24000
24000
24000
24000
24000
25000
25000
25000
25000
25000
25000
25000
25000
25000
25000
25000
25000
25000
25000
25000
25000
25000
25000
25000
25000
26000
26000
26000
26000
26000
26000
26000
26000
26000
26000
26000
26000
26000
26000
26000
26000
26000
26000
26000
26000
27000
27000
27000
27000
27000
27000
27000
27000
27000
27000
27000
27000
27000
27000
27000
27000
27000
27000
27000
27000
28000
28000
28000
28000
28000
28000
28000
28000
28000
28000
28000
28000
28000
28000
28000
28000
28000
28000
28000
28000
29000
29000
29000
29000
29000
29000
29000
29000
29000
29000
29000
29000
29000
29000
29000
29000
29000
29000
29000
29000
30000
30000
30000
30000
30000
30000
30000
30000
30000
30000
30000
30000
30000
30000
30000
30000
30000
30000
30000
30000
31000
31000
31000
31000
31000
31000
31000
31000
31000
31000
31000
31000
31000
31000
31000
31000
31000
31000
31000
31000
32000
32000
32000
32000
32000
32000
32000
32000
32000
32000
32000
32000
32000
32000
32000
32000
32000
32000
32000
32000
33000
33000
33000
33000
33000
33000
33000
33000
33000
33000
33000
33000
33000
33000
33000
33000
33000
33000
33000
33000
34000
34000
34000
34000
34000
34000
34000
34000
34000
34000
34000
34000
34000
34000
34000
34000
34000
34000
34000
34000
35000
35000
35000
35000
35000
35000
35000
35000
35000
35000
35000
35000
35000
35000
35000
35000
35000
35000
35000
35000
36000
36000
36000
36000
36000
36000
36000
36000
36000
36000
36000
36000
36000
36000
36000
36000
36000
36000
36000
36000
37000
37000
37000
37000
37000
37000
37000
37000
37000
37000
37000
37000
37000
37000
37000
37000
37000
37000
37000
37000
38000
38000
38000
38000
38000
38000
38000
38000
38000
38000
38000
38000
38000
38000
38000
38000
38000
38000
38000
38000
39000
39000
39000
39000
39000
39000
39000
39000
39000
39000
39000
39000
39000
39000
39000
39000
39000
39000
39000
39000
40000
40000
40000
40000
40000
40000
40000
40000
40000
40000
40000
40000
40000
40000
40000
40000
40000
40000
40000
40000
41000
41000
41000
41000
41000
41000
41000
41000
41000
41000
41000
41000
41000
41000
41000
41000
41000
41000
41000
41000
42000
42000
42000
42000
42000
42000
42000
42000
42000
42000
42000
42000
42000
42000
42000
42000
42000
42000
42000
42000
43000
43000
43000
43000
43000
43000
43000
43000
43000
43000
43000
43000
43000
43000
43000
43000
43000
43000
43000
43000
44000
44000
44000
44000
44000
44000
44000
44000
44000
44000
44000
44000
44000
44000
44000
44000
44000
44000
44000
44000
45000
45000
45000
45000
45000
45000
45000
45000
45000
45000
45000
45000
45000
45000
45000
45000
45000
45000
45000
45000
46000
46000
46000
46000
46000
46000
46000
46000
46000
46000
46000
46000
46000
46000
46000
46000
46000
46000
46000
46000
47000
47000
47000
47000
47000
47000
47000
47000
47000
47000
47000
47000
47000
47000
47000
47000
47000
47000
47000
47000
48000
48000
48000
48000
48000
48000
48000
48000
48000
48000
48000
48000
48000
48000
48000
48000
48000
48000
48000
48000
49000
49000
49000
49000
49000
49000
49000
49000
49000
49000
49000
49000
49000
49000
49000
49000
49000
49000
49000
49000
50000
50000
50000
50000
50000
50000
50000
50000
50000
50000
50000
50000
50000
50000
50000
50000
50000
50000
50000
50000
51000
51000
51000
51000
51000
51000
51000
51000
51000
51000
51000
51000
51000
51000
51000
51000
51000
51000
51000
51000
52000
52000
52000
52000
52000
52000
52000
52000
52000
52000
52000
52000
52000
52000
52000
52000
52000
52000
52000
52000
53000
53000
53000
53000
53000
53000
53000
53000
53000
53000
53000
53000
53000
53000
53000
53000
53000
53000
53000
53000
54000
54000
54000
54000
54000
54000
54000
54000
54000
54000
54000
54000
54000
54000
54000
54000
54000
54000
54000
54000
55000
55000
55000
55000
55000
55000
55000
55000
55000
55000
55000
55000
55000
55000
55000
55000
55000
55000
55000
55000
56000
56000
56000
56000
56000
56000
56000
56000
56000
56000
56000
56000
56000
56000
56000
56000
56000
56000
56000
56000
57000
57000
57000
57000
57000
57000
57000
57000
57000
57000
57000
57000
57000
57000
57000
57000
57000
57000
57000
57000
58000
58000
58000
58000
58000
58000
58000
58000
58000
58000
58000
58000
58000
58000
58000
58000
58000
58000
58000
58000
59000
59000
59000
59000
59000
59000
59000
59000
59000
59000
59000
59000
59000
59000
59000
59000
59000
59000
59000
59000
60000
60000
60000
60000
60000
60000
60000
60000
60000
60000
60000
60000
60000
60000
60000
60000
60000
60000
60000
60000
61000
61000
61000
61000
61000
61000
61000
61000
61000
61000
61000
61000
61000
61000
61000
61000
61000
61000
61000
61000
62000
62000
62000
62000
62000
62000
62000
62000
62000
62000
62000
62000
62000
62000
62000
62000
62000
62000
62000
62000
63000
63000
63000
63000
63000
63000
63000
63000
63000
63000
63000
63000
63000
63000
63000
63000
63000
63000
63000
63000
64000
64000
64000
64000
64000
64000
64000
64000
64000
64000
64000
64000
64000
64000
64000
64000
64000
64000
64000
64000
65000
65000
65000
65000
65000
65000
65000
65000
65000
65000
65000
65000
65000
65000
65000
65000
65000
65000
65000
65000
66000
66000
66000
66000
66000
66000
66000
66000
66000
66000
66000
66000
66000
66000
66000
66000
66000
66000
66000
66000
67000
67000
67000
67000
67000
67000
67000
67000
67000
67000
67000
67000
67000
67000
67000
67000
67000
67000
67000
67000
68000
68000
68000
68000
68000
68000
68000
68000
68000
68000
68000
68000
68000
68000
68000
68000
68000
68000
68000
68000
69000
69000
69000
69000
69000
69000
69000
69000
69000
69000
69000
69000
69000
69000
69000
69000
69000
69000
69000
69000
70000
70000
70000
70000
70000
70000
70000
70000
70000
70000
70000
70000
70000
70000
70000
70000
70000
70000
70000
70000
71000
71000
71000
71000
71000
71000
71000
71000
71000
71000
71000
71000
71000
71000
71000
71000
71000
71000
71000
71000
72000
72000
72000
72000
72000
72000
72000
72000
72000
72000
72000
72000
72000
72000
72000
72000
72000
72000
72000
72000
73000
73000
73000
73000
73000
73000
73000
73000
73000
73000
73000
73000
73000
73000
73000
73000
73000
73000
73000
73000
74000
74000
74000
74000
74000
74000
74000
74000
74000
74000
74000
74000
74000
74000
74000
74000
74000
74000
74000
74000
75000
75000
75000
75000
75000
75000
75000
75000
75000
75000
75000
75000
75000
75000
75000
75000
75000
75000
75000
75000
76000
76000
76000
76000
76000
76000
76000
76000
76000
76000
76000
76000
76000
76000
76000
76000
76000
76000
76000
76000
77000
77000
77000
77000
77000
77000
77000
77000
77000
77000
77000
77000
77000
77000
77000
77000
77000
77000
77000
77000
78000
78000
78000
78000
78000
78000
78000
78000
78000
78000
78000
78000
78000
78000
78000
78000
78000
78000
78000
78000
79000
79000
79000
79000
79000
79000
79000
79000
79000
79000
79000
79000
79000
79000
79000
79000
79000
79000
79000
79000
80000
80000
80000
80000
80000
80000
80000
80000
80000
80000
80000
80000
80000
80000
80000
80000
80000
80000
80000
80000
81000
81000
81000
81000
81000
81000
81000
81000
81000
81000
81000
81000
81000
81000
81000
81000
81000
81000
81000
81000
82000
82000
82000
82000
82000
82000
82000
82000
82000
82000
82000
82000
82000
82000
82000
82000
82000
82000
82000
82000
83000
83000
83000
83000
83000
83000
83000
83000
83000
83000
83000
83000
83000
83000
83000
83000
83000
83000
83000
83000
84000
84000
84000
84000
84000
84000
84000
84000
84000
84000
84000
84000
84000
84000
84000
84000
84000
84000
84000
84000
85000
85000
85000
85000
85000
85000
85000
85000
85000
85000
85000
85000
85000
85000
85000
85000
85000
85000
85000
85000
86000
86000
86000
86000
86000
86000
86000
86000
86000
86000
86000
86000
86000
86000
86000
86000
86000
86000
86000
86000
87000
87000
87000
87000
87000
87000
87000
87000
87000
87000
87000
87000
87000
87000
87000
87000
87000
87000
87000
87000
88000
88000
88000
88000
88000
88000
88000
88000
88000
88000
88000
88000
88000
88000
88000
88000
88000
88000
88000
88000
89000
89000
89000
89000
89000
89000
89000
89000
89000
89000
89000
89000
89000
89000
89000
89000
89000
89000
89000
89000
90000
90000
90000
90000
90000
90000
90000
90000
90000
90000
90000
90000
90000
90000
90000
90000
90000
90000
90000
90000
91000
91000
91000
91000
91000
91000
91000
91000
91000
91000
91000
91000
91000
91000
91000
91000
91000
91000
91000
91000
92000
92000
92000
92000
92000
92000
92000
92000
92000
92000
92000
92000
92000
92000
92000
92000
92000
92000
92000
92000
93000
93000
93000
93000
93000
93000
93000
93000
93000
93000
93000
93000
93000
93000
93000
93000
93000
93000
93000
93000
94000
94000
94000
94000
94000
94000
94000
94000
94000
94000
94000
94000
94000
94000
94000
94000
94000
94000
94000
94000
95000
95000
95000
95000
95000
95000
95000
95000
95000
95000
95000
95000
95000
95000
95000
95000
95000
95000
95000
95000
96000
96000
96000
96000
96000
96000
96000
96000
96000
96000
96000
96000
96000
96000
96000
96000
96000
96000
96000
96000
97000
97000
97000
97000
97000
97000
97000
97000
97000
97000
97000
97000
97000
97000
97000
97000
97000
97000
97000
97000
98000
98000
98000
98000
98000
98000
98000
98000
98000
98000
98000
98000
98000
98000
98000
98000
98000
98000
98000
98000
99000
99000
99000
99000
99000
99000
99000
99000
99000
99000
99000
99000
99000
99000
99000
99000
99000
99000
99000
99000
100000
100000
100000
100000
100000
100000
100000
100000
100000
100000
100000
100000
100000
100000
100000
100000
100000
100000
100000
100000
101000
101000
101000
101000
101000
101000
101000
101000
101000
101000
101000
101000
101000
101000
101000
101000
101000
101000
101000
101000
102000
102000
102000
102000
102000
102000
102000
102000
102000
102000
102000
102000
102000
102000
102000
102000
102000
102000
102000
102000
103000
103000
103000
103000
103000
103000
103000
103000
103000
103000
103000
103000
103000
103000
103000
103000
103000
103000
103000
103000
104000
104000
104000
104000
104000
104000
104000
104000
104000
104000
104000
104000
104000
104000
104000
104000
104000
104000
104000
104000
105000
105000
105000
105000
105000
105000
105000
105000
105000
105000
105000
105000
105000
105000
105000
105000
105000
105000
105000
105000
106000
106000
106000
106000
106000
106000
106000
106000
106000
106000
106000
106000
106000
106000
106000
106000
106000
106000
106000
106000
107000
107000
107000
107000
107000
107000
107000
107000
107000
107000
107000
107000
107000
107000
107000
107000
107000
107000
107000
107000
108000
108000
108000
108000
108000
108000
108000
108000
108000
108000
108000
108000
108000
108000
108000
108000
108000
108000
108000
108000
109000
109000
109000
109000
109000
109000
109000
109000
109000
109000
109000
109000
109000
109000
109000
109000
109000
109000
109000
109000
110000
110000
110000
110000
110000
110000
110000
110000
110000
110000
110000
110000
110000
110000
110000
110000
110000
110000
110000
110000
111000
111000
111000
111000
111000
111000
111000
111000
111000
111000
111000
111000
111000
111000
111000
111000
111000
111000
111000
111000
112000
112000
112000
112000
112000
112000
112000
112000
112000
112000
112000
112000
112000
112000
112000
112000
112000
112000
112000
112000
113000
113000
113000
113000
113000
113000
113000
113000
113000
113000
113000
113000
113000
113000
113000
113000
113000
113000
113000
113000
114000
114000
114000
114000
114000
114000
114000
114000
114000
114000
114000
114000
114000
114000
114000
114000
114000
114000
114000
114000
115000
115000
115000
115000
115000
115000
115000
115000
115000
115000
115000
115000
115000
115000
115000
115000
115000
115000
115000
115000
116000
116000
116000
116000
116000
116000
116000
116000
116000
116000
116000
116000
116000
116000
116000
116000
116000
116000
116000
116000
117000
117000
117000
117000
117000
117000
117000
117000
117000
117000
117000
117000
117000
117000
117000
117000
117000
117000
117000
117000
118000
118000
118000
118000
118000
118000
118000
118000
118000
118000
118000
118000
118000
118000
118000
118000
118000
118000
118000
118000
119000
119000
119000
119000
119000
119000
119000
119000
119000
119000
119000
119000
119000
119000
119000
119000
119000
119000
119000
119000
120000
120000
120000
120000
120000
120000
120000
120000
120000
120000
120000
120000
120000
120000
120000
120000
120000
120000
120000
120000
121000
121000
121000
121000
121000
121000
121000
121000
121000
121000
121000
121000
121000
121000
121000
121000
121000
121000
121000
121000
122000
122000
122000
122000
122000
122000
122000
122000
122000
122000
122000
122000
122000
122000
122000
122000
122000
122000
122000
122000
123000
123000
123000
123000
123000
123000
123000
123000
123000
123000
123000
123000
123000
123000
123000
123000
123000
123000
123000
123000
124000
124000
124000
124000
124000
124000
124000
124000
124000
124000
124000
124000
124000
124000
124000
124000
124000
124000
124000
124000
125000
125000
125000
125000
125000
125000
125000
125000
125000
125000
125000
125000
125000
125000
125000
125000
125000
125000
125000
125000
126000
126000
126000
126000
126000
126000
126000
126000
126000
126000
126000
126000
126000
126000
126000
126000
126000
126000
126000
126000
127000
127000
127000
127000
127000
127000
127000
127000
127000
127000
127000
127000
127000
127000
127000
127000
127000
127000
127000
127000
128000
128000
128000
128000
128000
128000
128000
128000
128000
128000
128000
128000
128000
128000
128000
128000
128000
128000
128000
128000
129000
129000
129000
129000
129000
129000
129000
129000
129000
129000
129000
129000
129000
129000
129000
129000
129000
129000
129000
129000
130000
130000
130000
130000
130000
130000
130000
130000
130000
130000
130000
130000
130000
130000
130000
130000
130000
130000
130000
130000
131000
131000
131000
131000
131000
131000
131000
131000
131000
131000
131000
131000
131000
131000
131000
131000
131000
131000
131000
131000
132000
132000
132000
132000
132000
132000
132000
132000
132000
132000
132000
132000
132000
132000
132000
132000
132000
132000
132000
132000
133000
133000
133000
133000
133000
133000
133000
133000
133000
133000
133000
133000
133000
133000
133000
133000
133000
133000
133000
133000
134000
134000
134000
134000
134000
134000
134000
134000
134000
134000
134000
134000
134000
134000
134000
134000
134000
134000
134000
134000
135000
135000
135000
135000
135000
135000
135000
135000
135000
135000
135000
135000
135000
135000
135000
135000
135000
135000
135000
135000
136000
136000
136000
136000
136000
136000
136000
136000
136000
136000
136000
136000
136000
136000
136000
136000
136000
136000
136000
136000
137000
137000
137000
137000
137000
137000
137000
137000
137000
137000
137000
137000
137000
137000
137000
137000
137000
137000
137000
137000
138000
138000
138000
138000
138000
138000
138000
138000
138000
138000
138000
138000
138000
138000
138000
138000
138000
138000
138000
138000
139000
139000
139000
139000
139000
139000
139000
139000
139000
139000
139000
139000
139000
139000
139000
139000
139000
139000
139000
139000
140000
140000
140000
140000
140000
140000
140000
140000
140000
140000
140000
140000
140000
140000
140000
140000
140000
140000
140000
140000
141000
141000
141000
141000
141000
141000
141000
141000
141000
141000
141000
141000
141000
141000
141000
141000
141000
141000
141000
141000
142000
142000
142000
142000
142000
142000
142000
142000
142000
142000
142000
142000
142000
142000
142000
142000
142000
142000
142000
142000
143000
143000
143000
143000
143000
143000
143000
143000
143000
143000
143000
143000
143000
143000
143000
143000
143000
143000
143000
143000
144000
144000
144000
144000
144000
144000
144000
144000
144000
144000
144000
144000
144000
144000
144000
144000
144000
144000
144000
144000
145000
145000
145000
145000
145000
145000
145000
145000
145000
145000
145000
145000
145000
145000
145000
145000
145000
145000
145000
145000
146000
146000
146000
146000
146000
146000
146000
146000
146000
146000
146000
146000
146000
146000
146000
146000
146000
146000
146000
146000
147000
147000
147000
147000
147000
147000
147000
147000
147000
147000
147000
147000
147000
147000
147000
147000
147000
147000
147000
147000
148000
148000
148000
148000
148000
148000
148000
148000
148000
148000
148000
148000
148000
148000
148000
148000
148000
148000
148000
148000
149000
149000
149000
149000
149000
149000
149000
149000
149000
149000
149000
149000
149000
149000
149000
149000
149000
149000
149000
149000
150000
150000
150000
150000
150000
150000
150000
150000
150000
150000
150000
150000
150000
150000
150000
150000
150000
150000
150000
150000
151000
151000
151000
151000
151000
151000
151000
151000
151000
151000
151000
151000
151000
151000
151000
151000
151000
151000
151000
151000
152000
152000
152000
152000
152000
152000
152000
152000
152000
152000
152000
152000
152000
152000
152000
152000
152000
152000
152000
152000
153000
153000
153000
153000
153000
153000
153000
153000
153000
153000
153000
153000
153000
153000
153000
153000
153000
153000
153000
153000
154000
154000
154000
154000
154000
154000
154000
154000
154000
154000
154000
154000
154000
154000
154000
154000
154000
154000
154000
154000
155000
155000
155000
155000
155000
155000
155000
155000
155000
155000
155000
155000
155000
155000
155000
155000
155000
155000
155000
155000
156000
156000
156000
156000
156000
156000
156000
156000
156000
156000
156000
156000
156000
156000
156000
156000
156000
156000
156000
156000
157000
157000
157000
157000
157000
157000
157000
157000
157000
157000
157000
157000
157000
157000
157000
157000
157000
157000
157000
157000
158000
158000
158000
158000
158000
158000
158000
158000
158000
158000
158000
158000
158000
158000
158000
158000
158000
158000
158000
158000
159000
159000
159000
159000
159000
159000
159000
159000
159000
159000
159000
159000
159000
159000
159000
159000
159000
159000
159000
159000
160000
160000
160000
160000
160000
160000
160000
160000
160000
160000
160000
160000
160000
160000
160000
160000
160000
160000
160000
160000
161000
161000
161000
161000
161000
161000
161000
161000
161000
161000
161000
161000
161000
161000
161000
161000
161000
161000
161000
161000
162000
162000
162000
162000
162000
162000
162000
162000
162000
162000
162000
162000
162000
162000
162000
162000
162000
162000
162000
162000
163000
163000
163000
163000
163000
163000
163000
163000
163000
163000
163000
163000
163000
163000
163000
163000
163000
163000
163000
163000
164000
164000
164000
164000
164000
164000
164000
164000
164000
164000
164000
164000
164000
164000
164000
164000
164000
164000
164000
164000
165000
165000
165000
165000
165000
165000
165000
165000
165000
165000
165000
165000
165000
165000
165000
165000
165000
165000
165000
165000
166000
166000
166000
166000
166000
166000
166000
166000
166000
166000
166000
166000
166000
166000
166000
166000
166000
166000
166000
166000
167000
167000
167000
167000
167000
167000
167000
167000
167000
167000
167000
167000
167000
167000
167000
167000
167000
167000
167000
167000
168000
168000
168000
168000
168000
168000
168000
168000
168000
168000
168000
168000
168000
168000
168000
168000
168000
168000
168000
168000
169000
169000
169000
169000
169000
169000
169000
169000
169000
169000
169000
169000
169000
169000
169000
169000
169000
169000
169000
169000
170000
170000
170000
170000
170000
170000
170000
170000
170000
170000
170000
170000
170000
170000
170000
170000
170000
170000
170000
170000
171000
171000
171000
171000
171000
171000
171000
171000
171000
171000
171000
171000
171000
171000
171000
171000
171000
171000
171000
171000
172000
172000
172000
172000
172000
172000
172000
172000
172000
172000
172000
172000
172000
172000
172000
172000
172000
172000
172000
172000
173000
173000
173000
173000
173000
173000
173000
173000
173000
173000
173000
173000
173000
173000
173000
173000
173000
173000
173000
173000
174000
174000
174000
174000
174000
174000
174000
174000
174000
174000
174000
174000
174000
174000
174000
174000
174000
174000
174000
174000
175000
175000
175000
175000
175000
175000
175000
175000
175000
175000
175000
175000
175000
175000
175000
175000
175000
175000
175000
175000
176000
176000
176000
176000
176000
176000
176000
176000
176000
176000
176000
176000
176000
176000
176000
176000
176000
176000
176000
176000
177000
177000
177000
177000
177000
177000
177000
177000
177000
177000
177000
177000
177000
177000
177000
177000
177000
177000
177000
177000
178000
178000
178000
178000
178000
178000
178000
178000
178000
178000
178000
178000
178000
178000
178000
178000
178000
178000
178000
178000
179000
179000
179000
179000
179000
179000
179000
179000
179000
179000
179000
179000
179000
179000
179000
179000
179000
179000
179000
179000
180000
180000
180000
180000
180000
180000
180000
180000
180000
180000
180000
180000
180000
180000
180000
180000
180000
180000
180000
180000
181000
181000
181000
181000
181000
181000
181000
181000
181000
181000
181000
181000
181000
181000
181000
181000
181000
181000
181000
181000
182000
182000
182000
182000
182000
182000
182000
182000
182000
182000
182000
182000
182000
182000
182000
182000
182000
182000
182000
182000
183000
183000
183000
183000
183000
183000
183000
183000
183000
183000
183000
183000
183000
183000
183000
183000
183000
183000
183000
183000
184000
184000
184000
184000
184000
184000
184000
184000
184000
184000
184000
184000
184000
184000
184000
184000
184000
184000
184000
184000
185000
185000
185000
185000
185000
185000
185000
185000
185000
185000
185000
185000
185000
185000
185000
185000
185000
185000
185000
185000
186000
186000
186000
186000
186000
186000
186000
186000
186000
186000
186000
186000
186000
186000
186000
186000
186000
186000
186000
186000
187000
187000
187000
187000
187000
187000
187000
187000
187000
187000
187000
187000
187000
187000
187000
187000
187000
187000
187000
187000
188000
188000
188000
188000
188000
188000
188000
188000
188000
188000
188000
188000
188000
188000
188000
188000
188000
188000
188000
188000
189000
189000
189000
189000
189000
189000
189000
189000
189000
189000
189000
189000
189000
189000
189000
189000
189000
189000
189000
189000
190000
190000
190179
190000
190000
190000
190000
190000
190000
190000
190000
190000
190179
190000
190000
190000
190179
190179
190000
190000
190178
190000
190000
190176
190180
190179
190000
190177
190179
190178
190181
190177
190181
190000
190179
190180
190179
190179
190180
190182

It took 825 secs to screen 3803581 sequences, removed 60211.

/******************************************/
Running command: remove.seqs(accnos=/mnt/research/ShadeLab/Barnett/Centralia/MultiYear_intermediateseq/lib1_run3_merged_maxEE_noN.unique.filter.bad.accnos, name=/mnt/research/ShadeLab/Barnett/Centralia/MultiYear_intermediateseq/lib1_run3_merged_maxEE_noN.names, group=/mnt/research/ShadeLab/Barnett/Centralia/MultiYear_intermediateseq/lib1_run3_group_file.txt)
Removed 142717 sequences from your name file.
Removed 142717 sequences from your group file.

Output File Names: 
/mnt/research/ShadeLab/Barnett/Centralia/MultiYear_intermediateseq/lib1_run3_merged_maxEE_noN.pick.names
/mnt/research/ShadeLab/Barnett/Centralia/MultiYear_intermediateseq/lib1_run3_group_file.pick.txt

/******************************************/

Output File Names: 
/mnt/research/ShadeLab/Barnett/Centralia/MultiYear_intermediateseq/lib1_run3_merged_maxEE_noN.unique.filter.good.fasta
/mnt/research/ShadeLab/Barnett/Centralia/MultiYear_intermediateseq/lib1_run3_merged_maxEE_noN.unique.filter.bad.accnos
/mnt/research/ShadeLab/Barnett/Centralia/MultiYear_intermediateseq/lib1_run3_group_file.good.txt
/mnt/research/ShadeLab/Barnett/Centralia/MultiYear_intermediateseq/lib1_run3_merged_maxEE_noN.good.names


It took 2609 secs to screen 3803581 sequences.

mothur > quit()

mothur > quit()
 
 
Filtering sequences
 
[3J[H[2JLinux version

Using ReadLine

Using Boost

Running 64Bit Version

mothur v.1.40.4
Last updated: 02/04/2022
by
Patrick D. Schloss

Department of Microbiology & Immunology

University of Michigan
http://www.mothur.org

When using, please cite:
Schloss, P.D., et al., Introducing mothur: Open-source, platform-independent, community-supported software for describing and comparing microbial communities. Appl Environ Microbiol, 2009. 75(23):7537-41.

Distributed under the GNU General Public License

Type 'help()' for information on the commands that are available

For questions and analysis support, please visit our forum at https://www.mothur.org/forum

Type 'quit()' to exit program

Script Mode


mothur > filter.seqs(fasta=/mnt/research/ShadeLab/Barnett/Centralia/MultiYear_intermediateseq/lib1_run3_merged_maxEE_noN.unique.filter.good.fasta, processors=20, vertical=T)

Using 20 processors.
Creating Filter... 
1000
1000
1000
1000
1000
1000
1000
1000
1000
1000
1000
1000
1000
1000
1000
1000
1000
1000
1000
2000
2000
1000
2000
2000
2000
2000
2000
2000
2000
2000
2000
2000
2000
2000
2000
2000
2000
2000
2000
2000
3000
3000
3000
3000
3000
3000
3000
3000
3000
3000
3000
3000
3000
3000
3000
3000
3000
3000
3000
4000
3000
4000
4000
4000
4000
4000
4000
4000
4000
4000
4000
4000
4000
4000
4000
4000
4000
4000
4000
5000
4000
5000
5000
5000
5000
5000
5000
5000
5000
5000
5000
5000
5000
5000
5000
5000
5000
5000
6000
5000
5000
6000
6000
6000
6000
6000
6000
6000
6000
6000
6000
6000
6000
6000
6000
6000
6000
6000
7000
6000
6000
7000
7000
7000
7000
7000
7000
7000
7000
7000
7000
7000
7000
7000
7000
7000
8000
7000
7000
7000
7000
8000
8000
8000
8000
8000
8000
8000
8000
8000
8000
8000
8000
8000
8000
8000
9000
8000
8000
8000
8000
9000
9000
9000
9000
9000
9000
9000
9000
9000
9000
9000
9000
9000
9000
9000
9000
9000
9000
9000
10000
10000
10000
10000
10000
10000
10000
10000
10000
10000
10000
10000
10000
10000
10000
10000
10000
10000
10000
10000
11000
11000
11000
11000
11000
11000
11000
11000
11000
11000
11000
11000
11000
11000
11000
11000
11000
11000
11000
12000
12000
12000
12000
11000
12000
12000
12000
12000
12000
12000
12000
12000
12000
12000
12000
12000
12000
12000
12000
13000
13000
13000
13000
13000
13000
13000
12000
13000
13000
13000
13000
13000
13000
13000
13000
13000
13000
13000
13000
14000
14000
14000
14000
14000
14000
14000
14000
14000
14000
13000
14000
14000
14000
14000
14000
14000
14000
14000
14000
15000
15000
15000
15000
15000
15000
15000
15000
15000
15000
15000
15000
14000
15000
15000
15000
15000
15000
15000
15000
16000
16000
16000
16000
16000
16000
16000
16000
16000
16000
16000
16000
16000
15000
16000
16000
16000
16000
16000
16000
17000
17000
17000
17000
17000
17000
17000
17000
17000
17000
17000
17000
17000
17000
17000
17000
16000
17000
17000
17000
18000
18000
18000
18000
18000
18000
18000
18000
18000
18000
18000
18000
18000
18000
18000
18000
18000
18000
17000
18000
19000
19000
19000
19000
19000
19000
19000
19000
19000
19000
19000
19000
19000
19000
19000
19000
19000
19000
19000
18000
20000
20000
20000
20000
20000
20000
20000
20000
20000
20000
20000
20000
20000
20000
20000
20000
20000
20000
20000
21000
19000
21000
21000
21000
21000
21000
21000
21000
21000
21000
21000
21000
21000
21000
21000
21000
21000
21000
21000
22000
20000
22000
22000
22000
22000
22000
22000
22000
22000
22000
22000
22000
22000
22000
22000
22000
22000
22000
22000
23000
23000
21000
23000
23000
23000
23000
23000
23000
23000
23000
23000
23000
23000
23000
23000
23000
23000
23000
23000
24000
24000
24000
24000
24000
24000
24000
22000
24000
24000
24000
24000
24000
24000
24000
24000
24000
24000
24000
24000
25000
25000
25000
25000
25000
25000
25000
25000
23000
25000
25000
25000
25000
25000
25000
25000
25000
25000
25000
25000
26000
26000
26000
26000
26000
26000
26000
26000
26000
26000
26000
26000
26000
24000
26000
26000
26000
26000
26000
27000
26000
27000
27000
27000
27000
27000
27000
27000
27000
27000
27000
27000
27000
27000
27000
27000
25000
27000
27000
28000
27000
28000
28000
28000
28000
28000
28000
28000
28000
28000
28000
28000
28000
28000
28000
28000
28000
26000
28000
29000
28000
29000
29000
29000
29000
29000
29000
29000
29000
29000
29000
29000
29000
29000
29000
29000
29000
29000
30000
27000
29000
30000
30000
30000
30000
30000
30000
30000
30000
30000
30000
30000
30000
30000
30000
30000
30000
30000
31000
28000
30000
31000
31000
31000
31000
31000
31000
31000
31000
31000
31000
31000
31000
31000
31000
31000
31000
31000
32000
31000
32000
29000
32000
32000
32000
32000
32000
32000
32000
32000
32000
32000
32000
32000
32000
32000
32000
32000
33000
33000
32000
33000
33000
33000
33000
33000
33000
33000
30000
33000
33000
33000
33000
33000
33000
33000
33000
33000
34000
34000
33000
34000
34000
34000
34000
34000
34000
34000
34000
34000
34000
34000
31000
34000
34000
34000
34000
34000
35000
35000
34000
35000
35000
35000
35000
35000
35000
35000
35000
35000
35000
35000
35000
35000
32000
35000
35000
35000
36000
36000
35000
36000
36000
36000
36000
36000
36000
36000
36000
36000
36000
36000
36000
36000
36000
36000
36000
37000
33000
37000
36000
37000
37000
37000
37000
37000
37000
37000
37000
37000
37000
37000
37000
37000
37000
37000
37000
38000
34000
38000
37000
38000
38000
38000
38000
38000
38000
38000
38000
38000
38000
38000
38000
38000
38000
38000
38000
39000
39000
35000
39000
38000
39000
39000
39000
39000
39000
39000
39000
39000
39000
39000
39000
39000
39000
39000
40000
39000
40000
40000
36000
40000
39000
40000
40000
40000
40000
40000
40000
40000
40000
40000
40000
40000
40000
41000
40000
40000
41000
41000
41000
40000
37000
41000
41000
41000
41000
41000
41000
41000
41000
41000
41000
41000
41000
42000
41000
42000
41000
42000
42000
41000
42000
42000
42000
38000
42000
42000
42000
42000
42000
42000
42000
42000
42000
43000
42000
43000
42000
43000
42000
43000
43000
43000
43000
43000
43000
43000
43000
43000
43000
39000
43000
43000
43000
44000
43000
44000
43000
44000
44000
43000
44000
44000
44000
44000
44000
44000
44000
44000
44000
44000
44000
40000
44000
45000
44000
45000
44000
45000
45000
44000
45000
45000
45000
45000
45000
45000
45000
45000
45000
45000
45000
45000
41000
46000
45000
46000
45000
46000
46000
46000
46000
45000
46000
46000
46000
46000
46000
46000
46000
46000
46000
46000
47000
46000
42000
47000
47000
46000
47000
47000
47000
46000
47000
47000
47000
47000
47000
47000
47000
47000
47000
47000
48000
47000
43000
48000
48000
47000
48000
47000
48000
48000
48000
48000
48000
48000
48000
48000
48000
48000
48000
48000
48000
49000
49000
44000
49000
48000
49000
48000
49000
49000
49000
49000
49000
49000
49000
49000
49000
49000
49000
49000
49000
50000
50000
50000
49000
45000
50000
49000
50000
50000
50000
50000
50000
50000
50000
50000
50000
50000
50000
50000
50000
51000
51000
51000
51000
50000
50000
51000
46000
51000
51000
51000
51000
51000
51000
51000
51000
51000
51000
51000
51000
52000
52000
52000
52000
51000
51000
52000
52000
47000
52000
52000
52000
52000
52000
52000
52000
52000
52000
52000
52000
53000
53000
53000
53000
52000
52000
53000
53000
53000
53000
53000
48000
53000
53000
53000
53000
53000
53000
53000
53000
54000
54000
54000
54000
53000
53000
54000
54000
54000
54000
54000
54000
54000
54000
49000
54000
54000
54000
54000
54000
55000
55000
55000
55000
54000
55000
54000
55000
55000
55000
55000
55000
55000
55000
55000
55000
55000
55000
50000
55000
56000
56000
56000
56000
55000
56000
55000
56000
56000
56000
56000
56000
56000
56000
56000
56000
56000
56000
56000
51000
57000
57000
57000
57000
56000
57000
56000
57000
57000
57000
57000
57000
57000
57000
57000
57000
57000
57000
57000
58000
52000
58000
58000
58000
57000
58000
57000
58000
58000
58000
58000
58000
58000
58000
58000
58000
58000
58000
58000
59000
59000
53000
59000
59000
58000
59000
58000
59000
59000
59000
59000
59000
59000
59000
59000
59000
59000
59000
59000
60000
60000
60000
60000
59000
54000
60000
59000
60000
60000
60000
60000
60000
60000
60000
60000
60000
60000
60000
60000
61000
61000
61000
60000
61000
60000
61000
55000
61000
61000
61000
61000
61000
61000
61000
61000
61000
61000
61000
61000
62000
62000
62000
61000
62000
61000
62000
62000
62000
56000
62000
62000
62000
62000
62000
62000
62000
62000
62000
62000
63000
63000
63000
62000
63000
62000
63000
63000
63000
63000
63000
63000
63000
63000
57000
63000
63000
63000
63000
63000
64000
64000
64000
63000
64000
63000
64000
64000
64000
64000
64000
64000
64000
64000
64000
64000
58000
64000
64000
64000
65000
65000
65000
64000
65000
64000
65000
65000
65000
65000
65000
65000
65000
65000
65000
65000
65000
65000
59000
65000
66000
66000
66000
65000
66000
66000
65000
66000
66000
66000
66000
66000
66000
66000
66000
66000
66000
66000
66000
60000
67000
67000
67000
67000
66000
67000
66000
67000
67000
67000
67000
67000
67000
67000
67000
67000
67000
67000
67000
68000
61000
68000
68000
68000
68000
67000
67000
68000
68000
68000
68000
68000
68000
68000
68000
68000
68000
68000
68000
69000
69000
62000
69000
69000
69000
68000
68000
69000
69000
69000
69000
69000
69000
69000
69000
69000
69000
69000
69000
70000
70000
70000
63000
70000
70000
69000
69000
70000
70000
70000
70000
70000
70000
70000
70000
70000
70000
70000
70000
71000
71000
71000
71000
71000
70000
64000
70000
71000
71000
71000
71000
71000
71000
71000
71000
71000
71000
71000
71000
72000
72000
72000
72000
72000
71000
71000
65000
72000
72000
72000
72000
72000
72000
72000
72000
72000
72000
72000
72000
73000
73000
73000
73000
73000
72000
72000
73000
73000
73000
73000
66000
73000
73000
73000
73000
73000
73000
73000
73000
74000
74000
74000
73000
74000
74000
73000
74000
74000
74000
74000
74000
67000
74000
74000
74000
74000
74000
74000
75000
74000
75000
75000
74000
75000
75000
74000
75000
75000
75000
75000
75000
75000
75000
75000
75000
68000
75000
75000
76000
75000
76000
75000
76000
76000
76000
75000
76000
76000
76000
76000
76000
76000
76000
76000
76000
76000
76000
69000
77000
76000
77000
76000
77000
77000
77000
76000
77000
77000
77000
77000
77000
77000
77000
77000
77000
77000
77000
78000
77000
70000
78000
78000
77000
78000
78000
77000
78000
78000
78000
78000
78000
78000
78000
78000
78000
78000
78000
79000
78000
79000
71000
79000
78000
79000
79000
78000
79000
79000
79000
79000
79000
79000
79000
79000
79000
79000
79000
80000
79000
80000
80000
80000
79000
80000
72000
79000
80000
80000
80000
80000
80000
80000
80000
80000
80000
80000
80000
81000
80000
81000
81000
81000
80000
80000
81000
81000
73000
81000
81000
81000
81000
81000
81000
81000
81000
81000
81000
82000
81000
82000
82000
82000
81000
81000
82000
82000
74000
82000
82000
82000
82000
82000
82000
82000
82000
82000
82000
83000
82000
83000
83000
83000
82000
83000
82000
83000
83000
75000
83000
83000
83000
83000
83000
83000
83000
83000
83000
84000
83000
84000
84000
84000
84000
83000
83000
84000
84000
84000
84000
84000
84000
84000
76000
84000
84000
84000
84000
85000
85000
84000
85000
84000
84000
85000
85000
85000
85000
85000
85000
85000
85000
85000
77000
85000
85000
85000
85000
86000
86000
85000
86000
85000
85000
86000
86000
86000
86000
86000
86000
86000
86000
86000
86000
86000
78000
86000
86000
87000
87000
86000
87000
87000
86000
87000
86000
87000
87000
87000
87000
87000
87000
87000
87000
87000
87000
87000
88000
79000
88000
87000
88000
88000
88000
88000
87000
87000
88000
88000
88000
88000
88000
88000
88000
88000
88000
89000
88000
88000
80000
89000
89000
89000
89000
88000
89000
88000
89000
89000
89000
89000
89000
89000
89000
89000
89000
90000
89000
89000
90000
90000
81000
90000
90000
89000
89000
90000
90000
90000
90000
90000
90000
90000
90000
90000
90000
91000
90000
90000
91000
91000
91000
90000
91000
90000
91000
91000
82000
91000
91000
91000
91000
91000
91000
91000
91000
92000
91000
91000
92000
92000
92000
91000
91000
92000
92000
92000
92000
83000
92000
92000
92000
92000
92000
92000
92000
93000
92000
92000
93000
93000
93000
92000
92000
93000
93000
93000
93000
93000
93000
93000
93000
84000
93000
93000
93000
94000
93000
93000
94000
94000
94000
93000
93000
94000
94000
94000
94000
94000
94000
94000
94000
94000
94000
95000
94000
94000
85000
94000
95000
95000
95000
94000
95000
94000
95000
95000
95000
95000
95000
95000
95000
95000
95000
96000
95000
95000
86000
95000
96000
96000
95000
96000
96000
95000
96000
96000
96000
96000
96000
96000
96000
96000
96000
97000
96000
96000
96000
87000
97000
97000
96000
97000
97000
96000
97000
97000
97000
97000
97000
97000
97000
97000
97000
98000
97000
97000
97000
98000
98000
88000
97000
98000
98000
97000
98000
98000
98000
98000
98000
98000
98000
98000
98000
99000
98000
98000
98000
99000
99000
98000
99000
89000
98000
99000
99000
99000
99000
99000
99000
99000
99000
99000
99000
100000
99000
99000
99000
100000
100000
100000
99000
99000
100000
90000
100000
100000
100000
100000
100000
100000
100000
100000
100000
101000
100000
100000
100000
101000
101000
101000
100000
100000
101000
101000
101000
101000
101000
101000
91000
101000
101000
101000
101000
101000
102000
101000
101000
102000
102000
102000
101000
102000
101000
102000
102000
102000
102000
102000
102000
102000
102000
102000
92000
103000
102000
102000
102000
103000
103000
102000
103000
102000
103000
103000
103000
103000
103000
103000
103000
103000
103000
103000
104000
103000
103000
93000
103000
104000
104000
103000
104000
103000
104000
104000
104000
104000
104000
104000
104000
104000
104000
104000
105000
104000
104000
94000
104000
105000
105000
104000
105000
104000
105000
105000
105000
105000
105000
105000
105000
105000
105000
105000
106000
105000
105000
105000
106000
95000
106000
105000
106000
105000
106000
106000
106000
106000
106000
106000
106000
106000
106000
106000
107000
106000
106000
106000
107000
107000
96000
106000
107000
107000
106000
107000
107000
107000
107000
107000
107000
107000
107000
107000
107000
108000
107000
107000
108000
108000
107000
97000
108000
108000
107000
108000
108000
108000
108000
108000
108000
108000
108000
108000
108000
109000
108000
108000
109000
109000
108000
109000
108000
109000
98000
109000
109000
109000
109000
109000
109000
109000
109000
109000
109000
110000
109000
109000
110000
110000
109000
110000
109000
110000
110000
110000
110000
99000
110000
110000
110000
110000
110000
110000
110000
111000
110000
110000
111000
111000
110000
110000
111000
111000
111000
111000
111000
111000
111000
111000
100000
111000
111000
111000
111000
112000
111000
111000
112000
112000
111000
111000
112000
112000
112000
112000
112000
112000
112000
112000
112000
112000
101000
112000
112000
113000
112000
112000
113000
113000
112000
112000
113000
113000
113000
113000
113000
113000
113000
113000
113000
113000
113000
102000
113000
114000
113000
113000
114000
114000
113000
113000
114000
114000
114000
114000
114000
114000
114000
114000
114000
114000
114000
115000
114000
103000
114000
114000
115000
115000
114000
114000
115000
115000
115000
115000
115000
115000
115000
115000
115000
115000
115000
115000
116000
115000
115000
116000
104000
116000
115000
116000
116000
116000
116000
116000
116000
116000
116000
115000
116000
116000
116000
116000
116000
117000
117000
117000
116000
105000
116000
117000
117000
117000
117000
117000
117000
117000
116000
117000
117000
117000
117000
117000
117000
118000
117000
118000
118000
106000
117000
118000
118000
118000
118000
118000
118000
118000
117000
118000
118000
118000
118000
118000
118000
119000
119000
119000
118000
107000
118000
119000
119000
119000
119000
119000
119000
119000
118000
119000
119000
119000
119000
119000
119000
120000
120000
120000
119000
120000
119000
108000
120000
120000
120000
120000
120000
120000
119000
120000
120000
120000
120000
120000
120000
121000
121000
121000
120000
121000
120000
121000
109000
121000
121000
121000
121000
121000
120000
121000
121000
121000
121000
121000
121000
122000
122000
122000
121000
122000
121000
122000
122000
122000
110000
122000
122000
122000
121000
122000
122000
122000
122000
122000
122000
123000
123000
123000
122000
123000
122000
123000
123000
123000
123000
123000
123000
111000
122000
123000
123000
123000
123000
123000
123000
124000
124000
123000
124000
124000
124000
123000
124000
124000
124000
124000
124000
123000
124000
124000
124000
112000
124000
124000
124000
125000
124000
125000
125000
125000
125000
124000
125000
125000
125000
125000
125000
124000
125000
125000
125000
125000
113000
125000
125000
126000
125000
126000
126000
126000
126000
125000
126000
126000
126000
126000
126000
125000
126000
126000
126000
126000
114000
126000
126000
127000
127000
126000
127000
127000
127000
126000
127000
127000
127000
127000
127000
126000
127000
127000
127000
127000
127000
127000
115000
128000
128000
128000
127000
128000
128000
127000
128000
128000
128000
128000
128000
128000
127000
128000
128000
128000
128000
128000
129000
129000
116000
129000
128000
129000
129000
128000
129000
129000
129000
129000
129000
129000
128000
129000
129000
129000
129000
129000
130000
130000
130000
129000
117000
130000
130000
129000
130000
130000
130000
130000
130000
129000
130000
130000
130000
130000
130000
130000
131000
131000
131000
130000
118000
131000
131000
130000
131000
131000
131000
131000
131000
131000
130000
131000
131000
131000
131000
131000
132000
132000
131000
132000
132000
132000
131000
119000
132000
132000
132000
132000
132000
132000
131000
132000
132000
132000
132000
132000
133000
133000
132000
133000
133000
132000
133000
133000
120000
133000
133000
133000
133000
133000
132000
133000
133000
133000
133000
133000
134000
134000
133000
134000
134000
134000
133000
134000
121000
134000
134000
134000
134000
134000
134000
133000
134000
134000
134000
134000
135000
135000
134000
135000
135000
135000
134000
135000
135000
135000
135000
135000
135000
122000
135000
134000
135000
135000
135000
135000
136000
136000
135000
136000
136000
135000
136000
136000
136000
136000
136000
136000
136000
135000
136000
136000
136000
123000
136000
136000
137000
137000
136000
137000
137000
136000
137000
137000
137000
137000
137000
137000
137000
136000
137000
137000
137000
124000
137000
138000
137000
138000
137000
138000
138000
137000
138000
138000
138000
138000
138000
138000
138000
137000
138000
138000
138000
139000
138000
139000
125000
138000
138000
139000
139000
138000
139000
139000
139000
139000
139000
139000
138000
139000
139000
139000
139000
140000
139000
139000
139000
140000
140000
126000
140000
139000
140000
140000
140000
140000
140000
140000
139000
140000
140000
140000
140000
140000
141000
140000
140000
141000
141000
141000
127000
140000
141000
141000
141000
141000
141000
141000
140000
141000
141000
141000
141000
141000
141000
142000
142000
141000
142000
142000
141000
128000
142000
142000
142000
142000
142000
142000
141000
142000
142000
142000
142000
142000
142000
143000
143000
142000
143000
143000
142000
143000
129000
143000
143000
143000
143000
143000
142000
143000
143000
143000
143000
143000
143000
144000
143000
144000
144000
144000
143000
144000
144000
144000
144000
130000
144000
143000
144000
144000
144000
144000
144000
144000
144000
145000
144000
145000
145000
145000
144000
145000
145000
145000
145000
145000
131000
144000
145000
145000
145000
145000
145000
145000
145000
146000
145000
146000
146000
146000
145000
146000
146000
146000
146000
146000
146000
132000
146000
145000
146000
146000
146000
146000
146000
147000
146000
147000
147000
147000
146000
147000
147000
147000
147000
147000
147000
147000
147000
146000
133000
147000
147000
147000
148000
147000
147000
148000
148000
148000
147000
148000
148000
148000
148000
148000
148000
148000
147000
148000
148000
148000
134000
148000
148000
149000
148000
149000
149000
149000
148000
149000
149000
149000
149000
149000
149000
149000
148000
149000
149000
149000
149000
149000
150000
135000
149000
150000
150000
150000
149000
150000
150000
150000
150000
150000
150000
150000
149000
150000
150000
150000
150000
150000
151000
150000
136000
151000
151000
151000
151000
150000
151000
151000
151000
151000
151000
150000
151000
151000
151000
151000
151000
151000
152000
151000
152000
152000
152000
152000
137000
151000
152000
152000
152000
152000
152000
151000
152000
152000
152000
152000
152000
152000
153000
152000
153000
153000
153000
153000
152000
153000
138000
153000
153000
153000
153000
152000
153000
153000
153000
153000
153000
153000
154000
154000
154000
153000
154000
154000
153000
154000
154000
154000
139000
154000
154000
153000
154000
154000
154000
154000
154000
154000
155000
155000
154000
155000
155000
155000
155000
154000
155000
155000
155000
140000
155000
154000
155000
155000
155000
155000
155000
155000
156000
156000
156000
156000
155000
156000
156000
155000
156000
156000
156000
156000
141000
155000
156000
156000
156000
156000
156000
156000
157000
157000
157000
157000
156000
157000
157000
156000
157000
157000
157000
156000
157000
157000
142000
157000
157000
157000
157000
157000
158000
158000
158000
158000
158000
157000
158000
157000
158000
158000
158000
157000
158000
158000
158000
158000
158000
158000
143000
158000
159000
159000
159000
159000
159000
159000
158000
158000
159000
159000
159000
158000
159000
159000
159000
159000
159000
159000
159000
144000
160000
160000
160000
160000
160000
160000
159000
159000
160000
160000
160000
159000
160000
160000
160000
160000
160000
160000
160000
161000
161000
161000
161000
145000
161000
161000
160000
160000
161000
161000
161000
161000
160000
161000
161000
161000
161000
161000
161000
162000
162000
162000
162000
162000
162000
161000
162000
161000
146000
162000
162000
162000
161000
162000
162000
162000
162000
162000
162000
163000
163000
163000
163000
163000
163000
162000
163000
162000
163000
147000
163000
163000
162000
163000
163000
163000
163000
163000
163000
164000
164000
164000
164000
164000
164000
163000
164000
163000
164000
164000
148000
164000
163000
164000
164000
164000
164000
164000
164000
165000
165000
165000
165000
165000
165000
164000
165000
164000
165000
165000
165000
164000
149000
165000
165000
165000
165000
165000
165000
166000
166000
166000
166000
166000
166000
165000
166000
165000
166000
166000
166000
165000
166000
166000
166000
150000
166000
166000
166000
167000
167000
167000
167000
167000
167000
166000
167000
166000
167000
167000
167000
167000
167000
167000
166000
167000
167000
168000
167000
151000
168000
168000
168000
168000
168000
167000
168000
167000
168000
168000
168000
168000
168000
168000
167000
168000
168000
169000
168000
169000
169000
169000
169000
169000
152000
168000
169000
169000
168000
169000
169000
169000
169000
169000
168000
169000
170000
169000
169000
170000
170000
170000
170000
170000
169000
170000
153000
170000
169000
170000
170000
170000
170000
170000
169000
170000
171000
170000
170000
171000
171000
171000
171000
171000
170000
171000
171000
170000
171000
154000
171000
171000
171000
171000
170000
171000
172000
171000
171000
172000
172000
172000
172000
172000
171000
172000
172000
171000
172000
155000
172000
172000
172000
172000
171000
173000
172000
172000
172000
173000
173000
173000
173000
173000
172000
173000
173000
172000
173000
173000
173000
173000
173000
156000
172000
174000
173000
173000
173000
174000
174000
174000
174000
174000
173000
174000
174000
173000
174000
174000
174000
174000
174000
173000
175000
157000
174000
174000
174000
175000
175000
175000
175000
174000
175000
175000
174000
175000
175000
175000
175000
175000
175000
174000
176000
175000
175000
175000
158000
176000
176000
176000
176000
175000
176000
176000
175000
176000
176000
176000
176000
176000
176000
175000
177000
176000
176000
176000
177000
177000
177000
177000
176000
159000
177000
177000
176000
177000
177000
177000
177000
177000
177000
176000
178000
177000
177000
177000
178000
178000
178000
178000
177000
178000
178000
177000
160000
178000
178000
178000
178000
178000
178000
177000
179000
178000
178000
178000
179000
179000
179000
179000
178000
179000
179000
178000
179000
179000
161000
179000
179000
179000
179000
178000
180000
179000
179000
179000
180000
180000
180000
180000
179000
180000
180000
179000
180000
180000
162000
180000
180000
180000
180000
179000
181000
180000
180000
180000
181000
181000
181000
181000
180000
181000
180000
181000
181000
181000
181000
181000
163000
181000
181000
180000
182000
181000
181000
181000
182000
182000
182000
182000
181000
182000
181000
182000
182000
182000
182000
182000
182000
182000
181000
183000
182000
164000
182000
182000
183000
183000
183000
183000
182000
182000
183000
183000
183000
183000
183000
183000
183000
182000
183000
184000
183000
183000
184000
183000
184000
184000
165000
183000
184000
183000
184000
184000
184000
184000
184000
184000
184000
185000
184000
184000
183000
184000
185000
185000
184000
184000
185000
166000
184000
185000
185000
185000
185000
185000
185000
185000
185000
185000
186000
184000
185000
185000
186000
186000
185000
185000
186000
186000
185000
186000
167000
186000
186000
186000
186000
187000
185000
186000
186000
187000
186000
186000
187168
186000
186000
187000
187169
186000
187000
187169
187169
187000
186000
187000
187169
168000
187000
187000
187168
187000
187000
187168
187169
187168
186000
187170
187000
187000
187000
187000
187000
187000
187168
187168
187169
187168
187000
187168
187168
187169
187000
187169
169000
187000
187168
170000
171000
172000
173000
174000
175000
176000
177000
178000
179000
180000
181000
182000
183000
184000
185000
186000
187000
187168
It took 20 secs to create filter for 3743370 sequences.


Running Filter... 
1000
1000
1000
1000
1000
1000
1000
1000
1000
1000
1000
1000
1000
1000
1000
1000
1000
1000
1000
1000
2000
2000
2000
2000
2000
2000
2000
2000
2000
2000
2000
2000
2000
2000
2000
2000
2000
2000
2000
2000
3000
3000
3000
3000
3000
3000
3000
3000
3000
3000
3000
3000
3000
3000
3000
3000
3000
3000
3000
4000
4000
4000
3000
4000
4000
4000
4000
4000
4000
4000
4000
4000
4000
4000
4000
4000
4000
4000
4000
5000
5000
5000
5000
5000
4000
5000
5000
5000
5000
5000
5000
5000
5000
5000
5000
5000
5000
5000
5000
6000
6000
6000
6000
6000
6000
6000
6000
6000
6000
6000
6000
6000
6000
5000
6000
6000
6000
6000
6000
7000
7000
7000
7000
7000
7000
7000
7000
7000
7000
7000
7000
7000
7000
7000
7000
7000
7000
7000
6000
8000
8000
8000
8000
8000
8000
8000
8000
8000
8000
8000
8000
8000
8000
8000
8000
8000
8000
8000
9000
7000
9000
9000
9000
9000
9000
9000
9000
9000
9000
9000
9000
9000
9000
9000
9000
9000
9000
9000
10000
10000
10000
10000
8000
10000
10000
10000
10000
10000
10000
10000
10000
10000
10000
10000
10000
10000
10000
10000
11000
11000
11000
11000
11000
11000
11000
9000
11000
11000
11000
11000
11000
11000
11000
11000
11000
11000
11000
11000
12000
12000
12000
12000
12000
12000
12000
12000
12000
12000
12000
10000
12000
12000
12000
12000
12000
12000
12000
12000
13000
13000
13000
13000
13000
13000
13000
13000
13000
13000
13000
13000
13000
13000
13000
13000
13000
13000
13000
11000
14000
14000
14000
14000
14000
14000
14000
14000
14000
14000
14000
14000
14000
14000
14000
14000
14000
14000
14000
15000
15000
15000
12000
15000
15000
15000
15000
15000
15000
15000
15000
15000
15000
15000
15000
15000
15000
15000
15000
16000
16000
16000
16000
13000
16000
16000
16000
16000
16000
16000
16000
16000
16000
16000
16000
16000
16000
16000
16000
17000
17000
17000
17000
17000
17000
17000
17000
14000
17000
17000
17000
17000
17000
17000
17000
17000
17000
17000
18000
17000
18000
18000
18000
18000
18000
18000
18000
18000
18000
18000
18000
15000
18000
18000
18000
18000
19000
18000
18000
19000
18000
19000
19000
19000
19000
19000
19000
19000
19000
19000
19000
16000
19000
20000
19000
19000
20000
19000
19000
19000
19000
20000
20000
20000
20000
20000
20000
20000
20000
20000
20000
17000
20000
21000
20000
21000
20000
20000
20000
20000
21000
21000
21000
20000
21000
21000
21000
21000
21000
21000
21000
18000
21000
22000
21000
22000
21000
21000
21000
21000
22000
22000
22000
21000
22000
22000
22000
22000
22000
22000
22000
23000
23000
22000
22000
22000
22000
23000
23000
22000
22000
23000
22000
23000
23000
23000
19000
23000
23000
23000
23000
24000
24000
23000
24000
23000
23000
23000
23000
23000
24000
24000
24000
23000
24000
24000
24000
24000
24000
24000
20000
25000
25000
25000
24000
24000
24000
24000
25000
24000
25000
25000
24000
24000
25000
25000
25000
25000
25000
25000
21000
26000
26000
26000
25000
25000
25000
26000
25000
26000
26000
25000
25000
25000
26000
26000
26000
26000
26000
26000
22000
27000
27000
26000
26000
26000
27000
27000
27000
27000
26000
26000
26000
26000
27000
27000
27000
27000
27000
27000
28000
27000
27000
23000
28000
28000
28000
27000
28000
28000
27000
27000
27000
28000
27000
28000
28000
28000
28000
28000
29000
28000
28000
29000
29000
28000
29000
29000
29000
28000
28000
28000
29000
29000
28000
29000
29000
24000
29000
29000
29000
30000
29000
30000
30000
30000
30000
30000
29000
29000
29000
29000
30000
30000
29000
30000
30000
30000
30000
25000
30000
31000
30000
31000
31000
31000
31000
30000
30000
31000
30000
30000
31000
31000
31000
31000
31000
30000
31000
26000
32000
31000
31000
32000
32000
32000
32000
31000
31000
31000
31000
32000
32000
32000
32000
32000
32000
31000
32000
27000
33000
32000
32000
33000
33000
33000
32000
33000
32000
32000
32000
33000
33000
33000
33000
33000
33000
32000
33000
33000
33000
34000
34000
34000
34000
28000
33000
34000
33000
33000
34000
34000
34000
34000
34000
34000
33000
33000
34000
34000
34000
35000
35000
35000
34000
35000
35000
34000
35000
34000
35000
35000
35000
35000
34000
29000
35000
34000
35000
35000
36000
35000
35000
36000
36000
36000
36000
35000
36000
35000
36000
36000
36000
35000
36000
36000
35000
30000
36000
36000
37000
36000
37000
36000
37000
37000
37000
36000
37000
36000
37000
37000
37000
36000
37000
36000
37000
37000
31000
37000
37000
38000
37000
38000
38000
38000
38000
38000
37000
38000
38000
37000
37000
38000
38000
37000
38000
38000
32000
38000
38000
39000
38000
39000
39000
39000
39000
38000
39000
39000
38000
38000
39000
39000
39000
38000
39000
39000
40000
39000
39000
40000
40000
39000
33000
40000
39000
39000
40000
40000
39000
40000
40000
40000
40000
39000
40000
40000
41000
40000
40000
41000
40000
41000
41000
40000
40000
41000
41000
40000
41000
41000
41000
34000
41000
41000
40000
41000
42000
41000
41000
42000
41000
42000
42000
41000
41000
42000
42000
42000
42000
41000
42000
42000
42000
41000
35000
42000
43000
42000
42000
43000
43000
43000
42000
42000
43000
42000
43000
43000
43000
42000
43000
43000
43000
42000
43000
36000
44000
43000
43000
44000
44000
44000
43000
43000
43000
44000
44000
44000
43000
44000
44000
44000
44000
43000
44000
45000
37000
44000
45000
44000
45000
44000
45000
44000
44000
45000
45000
44000
45000
45000
45000
45000
45000
44000
45000
46000
45000
46000
46000
45000
45000
46000
38000
45000
45000
46000
46000
46000
45000
46000
46000
46000
45000
46000
46000
46000
47000
47000
47000
46000
46000
47000
47000
46000
47000
46000
46000
47000
47000
47000
39000
47000
46000
47000
47000
48000
47000
48000
48000
47000
47000
48000
48000
47000
47000
48000
48000
47000
48000
48000
47000
48000
48000
40000
48000
49000
48000
49000
48000
49000
48000
49000
48000
49000
49000
48000
49000
48000
49000
49000
48000
49000
49000
49000
41000
50000
49000
50000
49000
50000
49000
50000
49000
50000
50000
49000
50000
49000
50000
50000
49000
50000
50000
50000
51000
50000
51000
50000
42000
51000
50000
51000
50000
51000
51000
50000
51000
50000
51000
50000
51000
51000
51000
51000
52000
52000
51000
51000
51000
52000
52000
52000
43000
51000
51000
52000
52000
51000
52000
52000
51000
52000
52000
52000
53000
52000
53000
52000
52000
53000
53000
53000
52000
52000
53000
53000
52000
53000
53000
52000
44000
53000
53000
53000
54000
53000
54000
53000
53000
54000
54000
54000
53000
53000
54000
54000
54000
53000
54000
53000
54000
54000
54000
45000
55000
54000
55000
54000
55000
54000
54000
55000
54000
55000
55000
55000
55000
54000
55000
54000
55000
55000
55000
46000
56000
55000
56000
55000
56000
55000
55000
55000
56000
56000
56000
56000
56000
55000
56000
55000
56000
56000
56000
56000
57000
57000
56000
57000
47000
56000
56000
57000
56000
57000
57000
57000
56000
57000
57000
57000
56000
57000
57000
57000
58000
58000
58000
57000
57000
57000
57000
58000
58000
58000
58000
48000
57000
58000
58000
58000
57000
58000
58000
58000
59000
59000
59000
58000
58000
58000
58000
59000
59000
59000
59000
58000
59000
59000
59000
58000
59000
59000
49000
60000
59000
60000
60000
59000
59000
59000
59000
60000
60000
60000
59000
60000
60000
59000
60000
60000
60000
60000
50000
61000
60000
61000
61000
60000
60000
60000
60000
61000
61000
61000
60000
60000
61000
61000
61000
61000
61000
61000
61000
62000
62000
62000
51000
61000
61000
61000
62000
61000
62000
62000
61000
62000
62000
61000
62000
62000
62000
62000
63000
63000
63000
62000
62000
62000
62000
62000
63000
52000
63000
63000
62000
63000
63000
63000
62000
63000
63000
63000
64000
64000
63000
63000
64000
63000
64000
63000
63000
64000
63000
64000
64000
53000
64000
63000
64000
64000
64000
64000
65000
64000
65000
64000
65000
64000
65000
64000
65000
64000
64000
65000
65000
65000
65000
65000
65000
64000
65000
54000
66000
66000
65000
65000
65000
66000
66000
65000
66000
65000
65000
66000
66000
66000
66000
66000
66000
65000
66000
67000
67000
66000
66000
55000
66000
67000
67000
66000
66000
67000
66000
67000
67000
67000
67000
67000
66000
67000
67000
68000
68000
67000
67000
67000
68000
68000
56000
67000
67000
68000
67000
68000
68000
68000
68000
67000
68000
68000
68000
69000
68000
69000
68000
68000
69000
69000
68000
69000
68000
68000
57000
69000
69000
69000
69000
68000
69000
69000
69000
70000
69000
69000
70000
70000
69000
70000
69000
70000
69000
69000
70000
70000
70000
70000
70000
69000
70000
58000
70000
71000
70000
71000
70000
71000
70000
71000
70000
71000
70000
70000
71000
71000
71000
71000
71000
70000
71000
71000
59000
72000
72000
71000
71000
72000
71000
72000
71000
72000
71000
71000
72000
72000
72000
72000
72000
71000
72000
72000
73000
72000
73000
72000
73000
72000
60000
73000
72000
73000
72000
72000
73000
73000
73000
73000
73000
72000
73000
73000
74000
73000
73000
74000
74000
73000
74000
73000
74000
73000
61000
73000
74000
74000
74000
74000
73000
74000
74000
74000
75000
74000
74000
75000
74000
75000
75000
74000
75000
74000
74000
75000
75000
75000
75000
74000
75000
62000
75000
75000
76000
75000
75000
75000
76000
76000
76000
75000
76000
75000
75000
76000
76000
76000
76000
75000
76000
76000
63000
76000
76000
76000
77000
77000
76000
77000
77000
76000
77000
76000
76000
77000
77000
77000
77000
76000
77000
77000
77000
77000
64000
77000
78000
78000
78000
78000
77000
78000
77000
77000
77000
78000
78000
78000
78000
77000
78000
78000
78000
78000
79000
79000
78000
79000
79000
78000
79000
78000
65000
78000
78000
79000
79000
79000
78000
79000
79000
79000
79000
79000
79000
80000
80000
80000
80000
79000
80000
79000
79000
79000
80000
80000
80000
66000
79000
80000
80000
80000
80000
80000
80000
81000
81000
81000
81000
80000
81000
80000
80000
80000
81000
81000
81000
80000
81000
81000
81000
67000
81000
81000
81000
82000
82000
82000
82000
82000
81000
81000
81000
81000
82000
82000
82000
81000
82000
82000
82000
82000
68000
82000
82000
83000
83000
83000
83000
83000
82000
82000
82000
82000
83000
83000
83000
82000
83000
83000
83000
83000
83000
83000
84000
84000
84000
84000
69000
84000
83000
83000
83000
83000
84000
84000
84000
84000
83000
84000
84000
84000
84000
84000
85000
85000
85000
85000
85000
84000
84000
84000
84000
85000
70000
85000
85000
85000
84000
85000
85000
85000
85000
86000
85000
86000
86000
86000
86000
85000
85000
85000
85000
86000
86000
86000
86000
85000
71000
86000
86000
86000
86000
87000
86000
87000
87000
87000
87000
86000
86000
86000
86000
87000
87000
87000
87000
86000
87000
87000
87000
72000
87000
88000
87000
88000
88000
88000
88000
87000
87000
87000
87000
88000
88000
88000
88000
87000
88000
88000
88000
88000
88000
89000
89000
89000
89000
88000
73000
89000
88000
88000
88000
89000
89000
89000
89000
88000
89000
89000
89000
89000
89000
90000
90000
90000
90000
89000
90000
89000
89000
90000
89000
90000
90000
74000
89000
90000
90000
90000
90000
90000
90000
91000
91000
91000
91000
90000
91000
90000
91000
90000
90000
91000
91000
90000
91000
91000
75000
91000
91000
91000
92000
91000
92000
92000
91000
92000
92000
91000
91000
91000
92000
92000
92000
91000
92000
92000
92000
92000
76000
92000
93000
92000
93000
93000
92000
93000
93000
92000
92000
92000
93000
93000
92000
93000
93000
93000
93000
93000
93000
94000
94000
94000
93000
77000
93000
94000
94000
93000
93000
94000
93000
93000
94000
94000
94000
94000
94000
94000
94000
95000
95000
95000
94000
95000
94000
95000
94000
78000
95000
94000
94000
94000
95000
95000
95000
95000
95000
95000
95000
96000
96000
96000
95000
96000
95000
96000
95000
96000
95000
95000
96000
95000
96000
96000
79000
96000
96000
96000
96000
97000
97000
97000
96000
97000
96000
97000
96000
97000
96000
96000
97000
96000
97000
97000
97000
97000
97000
80000
97000
98000
98000
98000
97000
98000
97000
98000
97000
98000
97000
97000
98000
98000
97000
98000
98000
98000
98000
99000
98000
99000
98000
81000
99000
99000
98000
99000
98000
99000
98000
99000
98000
98000
99000
99000
99000
99000
99000
100000
99000
100000
99000
100000
100000
99000
82000
100000
99000
100000
99000
100000
99000
99000
100000
100000
100000
100000
100000
100000
101000
100000
101000
101000
101000
100000
100000
101000
101000
100000
101000
83000
100000
100000
101000
101000
101000
101000
101000
101000
102000
101000
102000
102000
102000
102000
101000
101000
102000
101000
101000
101000
102000
102000
102000
84000
102000
102000
102000
102000
103000
102000
103000
103000
103000
103000
102000
103000
102000
102000
102000
103000
102000
103000
103000
103000
103000
103000
85000
103000
104000
103000
104000
104000
104000
104000
103000
103000
104000
103000
104000
103000
103000
104000
104000
104000
104000
104000
104000
105000
104000
86000
105000
105000
105000
105000
104000
104000
105000
105000
104000
104000
104000
105000
105000
105000
105000
105000
106000
105000
105000
106000
106000
106000
106000
87000
105000
105000
106000
106000
105000
105000
106000
105000
106000
106000
106000
106000
107000
106000
106000
107000
107000
107000
107000
106000
106000
107000
106000
107000
88000
106000
107000
106000
107000
107000
107000
107000
108000
107000
107000
108000
108000
108000
108000
107000
107000
108000
107000
107000
108000
107000
108000
108000
108000
108000
108000
89000
109000
108000
108000
109000
109000
109000
109000
108000
108000
109000
108000
108000
109000
108000
109000
109000
109000
109000
109000
109000
109000
110000
90000
110000
110000
110000
110000
109000
109000
110000
109000
109000
110000
110000
109000
110000
110000
110000
110000
110000
111000
110000
111000
111000
111000
91000
111000
110000
110000
111000
110000
110000
111000
110000
111000
111000
111000
111000
111000
111000
111000
112000
112000
112000
112000
112000
111000
111000
112000
111000
92000
111000
111000
112000
112000
112000
112000
112000
112000
112000
112000
113000
113000
113000
113000
113000
112000
112000
113000
112000
112000
113000
112000
113000
113000
93000
113000
113000
113000
113000
113000
114000
114000
114000
114000
114000
113000
113000
114000
113000
113000
113000
114000
114000
114000
114000
114000
114000
94000
114000
114000
115000
115000
115000
115000
115000
114000
114000
115000
114000
114000
114000
115000
115000
115000
115000
115000
115000
115000
115000
116000
116000
116000
116000
116000
95000
115000
115000
116000
115000
115000
115000
116000
116000
116000
116000
116000
116000
116000
116000
117000
117000
117000
117000
117000
116000
116000
117000
116000
116000
96000
116000
117000
117000
117000
117000
117000
117000
117000
118000
117000
118000
118000
118000
118000
117000
117000
118000
117000
117000
118000
117000
118000
118000
118000
97000
118000
118000
118000
119000
118000
119000
119000
119000
119000
118000
118000
119000
118000
118000
118000
119000
119000
119000
119000
119000
119000
119000
119000
120000
120000
98000
120000
120000
120000
119000
120000
119000
119000
119000
120000
119000
120000
120000
120000
120000
120000
120000
120000
121000
121000
121000
121000
121000
120000
99000
121000
120000
120000
121000
120000
120000
121000
121000
121000
121000
121000
121000
121000
122000
122000
122000
122000
121000
122000
122000
121000
122000
121000
121000
121000
100000
122000
122000
122000
122000
122000
122000
123000
122000
123000
123000
123000
122000
123000
123000
123000
122000
122000
122000
122000
123000
123000
123000
101000
123000
123000
124000
123000
124000
123000
124000
124000
124000
123000
124000
124000
123000
123000
123000
124000
123000
124000
124000
124000
124000
125000
124000
102000
125000
125000
124000
125000
125000
124000
125000
124000
124000
125000
124000
125000
124000
125000
125000
125000
125000
126000
125000
126000
126000
125000
126000
103000
126000
125000
125000
126000
126000
125000
126000
125000
126000
125000
126000
126000
126000
127000
126000
127000
127000
126000
127000
127000
126000
104000
127000
127000
126000
127000
126000
126000
126000
127000
127000
127000
127000
128000
127000
127000
128000
128000
128000
128000
127000
128000
128000
127000
127000
128000
127000
127000
128000
128000
105000
128000
128000
128000
129000
128000
129000
129000
129000
129000
128000
129000
128000
129000
129000
128000
128000
128000
129000
129000
129000
129000
129000
130000
129000
130000
130000
130000
106000
130000
129000
130000
129000
130000
129000
129000
130000
129000
130000
130000
130000
130000
130000
130000
131000
131000
131000
131000
131000
107000
130000
130000
131000
130000
130000
131000
131000
130000
131000
131000
131000
131000
131000
132000
132000
132000
131000
132000
132000
131000
131000
132000
131000
131000
108000
132000
132000
131000
132000
132000
132000
133000
132000
133000
132000
133000
133000
132000
133000
132000
132000
132000
133000
132000
133000
133000
132000
133000
133000
109000
133000
134000
134000
133000
133000
134000
134000
133000
134000
133000
133000
133000
134000
134000
133000
133000
134000
134000
134000
134000
135000
135000
110000
134000
135000
135000
134000
135000
134000
134000
134000
134000
135000
135000
134000
134000
135000
135000
135000
135000
136000
136000
135000
136000
136000
111000
135000
136000
135000
135000
135000
135000
136000
136000
135000
135000
136000
136000
136000
136000
137000
137000
137000
136000
137000
136000
137000
136000
136000
136000
137000
137000
136000
137000
136000
112000
137000
137000
136000
137000
138000
138000
137000
138000
138000
138000
137000
137000
137000
137000
138000
137000
138000
137000
138000
138000
138000
137000
138000
139000
113000
139000
138000
139000
139000
139000
138000
138000
138000
139000
138000
138000
139000
138000
139000
139000
139000
138000
139000
140000
140000
139000
114000
140000
140000
140000
139000
139000
139000
139000
140000
139000
140000
139000
140000
140000
140000
139000
140000
141000
141000
141000
140000
141000
115000
140000
141000
140000
140000
140000
141000
140000
140000
141000
141000
141000
141000
141000
142000
140000
142000
142000
141000
142000
142000
141000
141000
142000
141000
141000
141000
141000
142000
142000
142000
142000
143000
142000
116000
141000
143000
143000
142000
143000
143000
142000
142000
143000
142000
142000
143000
142000
143000
142000
143000
144000
143000
143000
144000
142000
117000
144000
143000
144000
144000
143000
144000
143000
143000
144000
144000
143000
144000
143000
143000
145000
144000
144000
145000
143000
145000
144000
118000
145000
145000
144000
145000
144000
144000
145000
145000
144000
145000
144000
146000
145000
145000
144000
146000
144000
145000
146000
145000
146000
146000
146000
119000
145000
145000
146000
146000
146000
145000
145000
147000
146000
146000
145000
147000
145000
146000
147000
146000
147000
147000
146000
146000
147000
147000
147000
147000
146000
146000
148000
120000
147000
147000
148000
146000
146000
147000
148000
147000
148000
148000
147000
147000
148000
148000
148000
148000
147000
148000
149000
147000
147000
148000
149000
121000
148000
147000
149000
148000
149000
149000
148000
148000
149000
149000
148000
149000
149000
149000
148000
149000
148000
150000
150000
149000
148000
122000
150000
150000
150000
149000
149000
150000
150000
149000
149000
150000
150000
150000
149000
150000
149000
151000
151000
149000
150000
151000
151000
123000
151000
150000
150000
151000
151000
150000
150000
151000
151000
151000
150000
150000
151000
152000
150000
151000
152000
152000
152000
152000
151000
151000
152000
124000
152000
151000
152000
152000
151000
152000
151000
152000
151000
153000
152000
151000
153000
153000
153000
152000
153000
152000
153000
153000
152000
153000
153000
152000
153000
152000
125000
153000
152000
154000
152000
153000
154000
154000
154000
154000
153000
153000
154000
153000
154000
154000
154000
154000
153000
153000
153000
154000
155000
153000
154000
126000
155000
155000
155000
155000
154000
154000
155000
155000
154000
155000
155000
155000
154000
154000
154000
155000
156000
154000
155000
156000
156000
156000
127000
156000
155000
156000
155000
156000
156000
155000
156000
156000
155000
155000
155000
156000
157000
155000
157000
156000
157000
157000
157000
157000
156000
128000
156000
157000
157000
156000
157000
156000
156000
157000
157000
158000
156000
158000
157000
158000
158000
156000
158000
157000
158000
157000
158000
158000
157000
158000
157000
129000
157000
158000
158000
159000
157000
159000
158000
159000
159000
157000
159000
158000
159000
158000
159000
159000
159000
158000
158000
159000
158000
159000
130000
158000
160000
159000
160000
160000
160000
158000
160000
159000
160000
159000
160000
160000
159000
160000
160000
160000
159000
159000
159000
160000
161000
161000
161000
131000
161000
159000
161000
160000
161000
160000
161000
161000
160000
161000
161000
161000
160000
160000
160000
162000
161000
162000
162000
162000
160000
132000
162000
162000
161000
161000
162000
162000
161000
162000
162000
162000
161000
161000
161000
163000
162000
163000
163000
163000
161000
163000
163000
162000
133000
162000
163000
163000
163000
162000
163000
162000
163000
162000
162000
164000
163000
164000
164000
164000
162000
164000
163000
164000
163000
164000
164000
164000
164000
163000
134000
163000
164000
163000
163000
165000
164000
165000
165000
165000
163000
165000
164000
165000
165000
165000
165000
164000
165000
164000
164000
164000
165000
164000
135000
165000
166000
166000
166000
166000
166000
165000
164000
166000
166000
166000
166000
165000
166000
165000
165000
165000
166000
166000
165000
167000
167000
136000
167000
167000
166000
167000
167000
167000
167000
167000
165000
166000
167000
166000
166000
166000
167000
167000
166000
168000
168000
168000
137000
168000
167000
168000
168000
168000
168000
166000
168000
167000
168000
167000
167000
167000
168000
168000
169000
167000
169000
169000
169000
169000
168000
169000
169000
169000
169000
167000
168000
138000
169000
168000
168000
168000
169000
169000
168000
170000
170000
170000
170000
169000
170000
170000
170000
170000
170000
168000
169000
170000
169000
169000
169000
139000
170000
170000
169000
171000
171000
171000
171000
170000
171000
171000
171000
171000
171000
169000
170000
171000
170000
170000
170000
171000
171000
170000
172000
172000
140000
172000
172000
172000
171000
172000
172000
172000
172000
170000
171000
172000
171000
171000
171000
172000
172000
171000
173000
173000
173000
141000
173000
172000
173000
173000
173000
173000
173000
171000
172000
173000
172000
172000
172000
173000
172000
173000
174000
174000
174000
174000
174000
174000
173000
174000
174000
174000
172000
142000
173000
174000
173000
173000
174000
173000
173000
175000
175000
174000
175000
175000
175000
175000
175000
174000
175000
175000
173000
174000
175000
174000
174000
143000
175000
174000
174000
176000
176000
175000
176000
176000
176000
176000
175000
176000
176000
176000
174000
175000
176000
175000
175000
176000
175000
175000
177000
177000
144000
176000
177000
177000
177000
177000
177000
177000
177000
176000
175000
176000
176000
177000
176000
177000
176000
176000
178000
178000
177000
178000
178000
145000
178000
178000
178000
178000
177000
178000
177000
178000
176000
177000
177000
177000
179000
178000
177000
179000
178000
179000
179000
179000
179000
179000
179000
178000
179000
178000
179000
146000
178000
177000
178000
178000
180000
180000
179000
179000
180000
178000
180000
180000
180000
180000
179000
180000
180000
179000
180000
179000
178000
147000
179000
179000
181000
181000
180000
181000
180000
179000
181000
181000
181000
180000
181000
181000
181000
180000
181000
179000
180000
180000
180000
182000
148000
182000
182000
181000
181000
180000
182000
182000
182000
182000
181000
182000
181000
182000
182000
180000
181000
181000
181000
183000
183000
183000
182000
181000
182000
149000
183000
183000
183000
182000
183000
183000
183000
183000
182000
181000
182000
182000
182000
184000
184000
184000
183000
182000
183000
184000
150000
184000
184000
183000
184000
184000
184000
182000
183000
184000
183000
183000
183000
185000
185000
185000
184000
184000
185000
183000
184000
185000
185000
185000
185000
185000
151000
183000
184000
185000
184000
184000
184000
186000
186000
186000
185000
185000
186000
184000
185000
186000
186000
186000
186000
185000
186000
184000
185000
186000
185000
185000
187000
187000
152000
187169
186000
187168
187000
187000
186000
185000
187168
187168
186000
187000
187000
187000
187000
187168
187168
186000
187169
187169
187000
186000
187000
185000
186000
186000
187168
187169
187000
153000
187000
186000
187169
187000
187170
187168
187000
187000
187169
186000
187000
187000
187169
187168
187168
187000
154000
187169
187000
187168
155000
156000
157000
158000
159000
160000
161000
162000
163000
164000
165000
166000
167000
168000
169000
170000
171000
172000
173000
174000
175000
176000
177000
178000
179000
180000
181000
182000
183000
184000
185000
186000
187000
187168
It took 18 secs to filter 3743370 sequences.



Length of filtered alignment: 1382
Number of columns removed: 482
Length of the original alignment: 1864
Number of sequences used to construct filter: 3743370

Output File Names: 
/mnt/research/ShadeLab/Barnett/Centralia/MultiYear_intermediateseq/lib1_run3_merged_maxEE_noN.filter
/mnt/research/ShadeLab/Barnett/Centralia/MultiYear_intermediateseq/lib1_run3_merged_maxEE_noN.unique.filter.good.filter.fasta


mothur > quit()

mothur > quit()
 
 
Prefiltered
3803581
Postfilterd
3743370
 
 
Inflate sequences
 
[3J[H[2JLinux version

Using ReadLine

Using Boost

Running 64Bit Version

mothur v.1.40.4
Last updated: 02/04/2022
by
Patrick D. Schloss

Department of Microbiology & Immunology

University of Michigan
http://www.mothur.org

When using, please cite:
Schloss, P.D., et al., Introducing mothur: Open-source, platform-independent, community-supported software for describing and comparing microbial communities. Appl Environ Microbiol, 2009. 75(23):7537-41.

Distributed under the GNU General Public License

Type 'help()' for information on the commands that are available

For questions and analysis support, please visit our forum at https://www.mothur.org/forum

Type 'quit()' to exit program

Script Mode


mothur > deunique.seqs(fasta=/mnt/research/ShadeLab/Barnett/Centralia/MultiYear_intermediateseq/lib1_run3_merged_maxEE_noN.unique.filter.good.filter.fasta, name=/mnt/research/ShadeLab/Barnett/Centralia/MultiYear_intermediateseq/lib1_run3_merged_maxEE_noN.names)

Output File Names: 
/mnt/research/ShadeLab/Barnett/Centralia/MultiYear_intermediateseq/lib1_run3_merged_maxEE_noN.unique.filter.good.filter.redundant.fasta


mothur > quit()

mothur > quit()
 
 
Generate final QCed read file
 
[3J[H[2JLinux version

Using ReadLine

Using Boost

Running 64Bit Version

mothur v.1.40.4
Last updated: 02/04/2022
by
Patrick D. Schloss

Department of Microbiology & Immunology

University of Michigan
http://www.mothur.org

When using, please cite:
Schloss, P.D., et al., Introducing mothur: Open-source, platform-independent, community-supported software for describing and comparing microbial communities. Appl Environ Microbiol, 2009. 75(23):7537-41.

Distributed under the GNU General Public License

Type 'help()' for information on the commands that are available

For questions and analysis support, please visit our forum at https://www.mothur.org/forum

Type 'quit()' to exit program

Script Mode


mothur > summary.seqs(fasta=/mnt/research/ShadeLab/Barnett/Centralia/MultiYear_finalQCreads/lib1_run3_finalQC.fasta, processors=1)

Using 1 processors.

		Start	End	NBases	Ambigs	Polymer	NumSeqs
Minimum:	1	204	204	0	3	1
2.5%-tile:	1	253	253	0	4	265347
25%-tile:	1	253	253	0	4	2653466
Median: 	1	253	253	0	5	5306932
75%-tile:	1	253	253	0	5	7960398
97.5%-tile:	1	254	254	0	7	10348517
Maximum:	1	484	484	0	8	10613863
Mean:	1	253	253	0	4
# of Seqs:	10613863

It took 1723 secs to summarize 10613863 sequences.

Output File Names:
 /mnt/research/ShadeLab/Barnett/Centralia/MultiYear_finalQCreads/lib1_run3_finalQC.summary


mothur > quit()

mothur > quit()
 
 
Final sequence count
10613863
 
Done!
