
Lmod is automatically replacing "Python/3.6.4" with "Conda/3".

Screening sequences: positions 369 to 1401
 
[3J[H[2JLinux version

Using ReadLine

Using Boost

Running 64Bit Version

mothur v.1.40.4
Last updated: 02/04/2022
by
Patrick D. Schloss

Department of Microbiology & Immunology

University of Michigan
http://www.mothur.org

When using, please cite:
Schloss, P.D., et al., Introducing mothur: Open-source, platform-independent, community-supported software for describing and comparing microbial communities. Appl Environ Microbiol, 2009. 75(23):7537-41.

Distributed under the GNU General Public License

Type 'help()' for information on the commands that are available

For questions and analysis support, please visit our forum at https://www.mothur.org/forum

Type 'quit()' to exit program

Script Mode


mothur > screen.seqs(fasta=/mnt/research/ShadeLab/Barnett/Centralia/MultiYear_intermediateseq/lib1_run2_merged_maxEE_noN.unique.filter.fasta, processors=20, name=/mnt/research/ShadeLab/Barnett/Centralia/MultiYear_intermediateseq/lib1_run2_merged_maxEE_noN.names, group=/mnt/research/ShadeLab/Barnett/Centralia/MultiYear_intermediateseq/lib1_run2_group_file.txt, start=369, end=1401, maxhomop=8)

Using 20 processors.
1000
1000
1000
1000
1000
1000
1000
1000
1000
1000
1000
1000
1000
1000
1000
1000
1000
1000
1000
1000
2000
2000
2000
2000
2000
2000
2000
2000
2000
2000
2000
2000
2000
2000
2000
2000
2000
2000
2000
2000
3000
3000
3000
3000
3000
3000
3000
3000
3000
3000
3000
3000
3000
3000
3000
3000
3000
3000
3000
3000
4000
4000
4000
4000
4000
4000
4000
4000
4000
4000
4000
4000
4000
4000
4000
4000
4000
4000
4000
4000
5000
5000
5000
5000
5000
5000
5000
5000
5000
5000
5000
5000
5000
5000
5000
5000
5000
5000
5000
5000
6000
6000
6000
6000
6000
6000
6000
6000
6000
6000
6000
6000
6000
6000
6000
6000
6000
6000
6000
6000
7000
7000
7000
7000
7000
7000
7000
7000
7000
7000
7000
7000
7000
7000
7000
7000
7000
7000
7000
7000
8000
8000
8000
8000
8000
8000
8000
8000
8000
8000
8000
8000
8000
8000
8000
8000
8000
8000
8000
8000
9000
9000
9000
9000
9000
9000
9000
9000
9000
9000
9000
9000
9000
9000
9000
9000
9000
9000
9000
9000
10000
10000
10000
10000
10000
10000
10000
10000
10000
10000
10000
10000
10000
10000
10000
10000
10000
10000
10000
10000
11000
11000
11000
11000
11000
11000
11000
11000
11000
11000
11000
11000
11000
11000
11000
11000
11000
11000
11000
11000
12000
12000
12000
12000
12000
12000
12000
12000
12000
12000
12000
12000
12000
12000
12000
12000
12000
12000
12000
12000
13000
13000
13000
13000
13000
13000
13000
13000
13000
13000
13000
13000
13000
13000
13000
13000
13000
13000
13000
13000
14000
14000
14000
14000
14000
14000
14000
14000
14000
14000
14000
14000
14000
14000
14000
14000
14000
14000
14000
14000
15000
15000
15000
15000
15000
15000
15000
15000
15000
15000
15000
15000
15000
15000
15000
15000
15000
15000
15000
15000
16000
16000
16000
16000
16000
16000
16000
16000
16000
16000
16000
16000
16000
16000
16000
16000
16000
16000
16000
16000
17000
17000
17000
17000
17000
17000
17000
17000
17000
17000
17000
17000
17000
17000
17000
17000
17000
17000
17000
17000
18000
18000
18000
18000
18000
18000
18000
18000
18000
18000
18000
18000
18000
18000
18000
18000
18000
18000
18000
18000
19000
19000
19000
19000
19000
19000
19000
19000
19000
19000
19000
19000
19000
19000
19000
19000
19000
19000
19000
19000
20000
20000
20000
20000
20000
20000
20000
20000
20000
20000
20000
20000
20000
20000
20000
20000
20000
20000
20000
20000
21000
21000
21000
21000
21000
21000
21000
21000
21000
21000
21000
21000
21000
21000
21000
21000
21000
21000
21000
21000
22000
22000
22000
22000
22000
22000
22000
22000
22000
22000
22000
22000
22000
22000
22000
22000
22000
22000
22000
22000
23000
23000
23000
23000
23000
23000
23000
23000
23000
23000
23000
23000
23000
23000
23000
23000
23000
23000
23000
23000
24000
24000
24000
24000
24000
24000
24000
24000
24000
24000
24000
24000
24000
24000
24000
24000
24000
24000
24000
24000
25000
25000
25000
25000
25000
25000
25000
25000
25000
25000
25000
25000
25000
25000
25000
25000
25000
25000
25000
25000
26000
26000
26000
26000
26000
26000
26000
26000
26000
26000
26000
26000
26000
26000
26000
26000
26000
26000
26000
26000
27000
27000
27000
27000
27000
27000
27000
27000
27000
27000
27000
27000
27000
27000
27000
27000
27000
27000
27000
27000
28000
28000
28000
28000
28000
28000
28000
28000
28000
28000
28000
28000
28000
28000
28000
28000
28000
28000
28000
28000
29000
29000
29000
29000
29000
29000
29000
29000
29000
29000
29000
29000
29000
29000
29000
29000
29000
29000
29000
29000
30000
30000
30000
30000
30000
30000
30000
30000
30000
30000
30000
30000
30000
30000
30000
30000
30000
30000
30000
30000
31000
31000
31000
31000
31000
31000
31000
31000
31000
31000
31000
31000
31000
31000
31000
31000
31000
31000
31000
31000
32000
32000
32000
32000
32000
32000
32000
32000
32000
32000
32000
32000
32000
32000
32000
32000
32000
32000
32000
32000
33000
33000
33000
33000
33000
33000
33000
33000
33000
33000
33000
33000
33000
33000
33000
33000
33000
33000
33000
33000
34000
34000
34000
34000
34000
34000
34000
34000
34000
34000
34000
34000
34000
34000
34000
34000
34000
34000
34000
34000
35000
35000
35000
35000
35000
35000
35000
35000
35000
35000
35000
35000
35000
35000
35000
35000
35000
35000
35000
35000
36000
36000
36000
36000
36000
36000
36000
36000
36000
36000
36000
36000
36000
36000
36000
36000
36000
36000
36000
36000
37000
37000
37000
37000
37000
37000
37000
37000
37000
37000
37000
37000
37000
37000
37000
37000
37000
37000
37000
37000
38000
38000
38000
38000
38000
38000
38000
38000
38000
38000
38000
38000
38000
38000
38000
38000
38000
38000
38000
38000
39000
39000
39000
39000
39000
39000
39000
39000
39000
39000
39000
39000
39000
39000
39000
39000
39000
39000
39000
39000
40000
40000
40000
40000
40000
40000
40000
40000
40000
40000
40000
40000
40000
40000
40000
40000
40000
40000
40000
40000
41000
41000
41000
41000
41000
41000
41000
41000
41000
41000
41000
41000
41000
41000
41000
41000
41000
41000
41000
41000
42000
42000
42000
42000
42000
42000
42000
42000
42000
42000
42000
42000
42000
42000
42000
42000
42000
42000
42000
42000
43000
43000
43000
43000
43000
43000
43000
43000
43000
43000
43000
43000
43000
43000
43000
43000
43000
43000
43000
43000
44000
44000
44000
44000
44000
44000
44000
44000
44000
44000
44000
44000
44000
44000
44000
44000
44000
44000
44000
44000
45000
45000
45000
45000
45000
45000
45000
45000
45000
45000
45000
45000
45000
45000
45000
45000
45000
45000
45000
45000
46000
46000
46000
46000
46000
46000
46000
46000
46000
46000
46000
46000
46000
46000
46000
46000
46000
46000
46000
46000
47000
47000
47000
47000
47000
47000
47000
47000
47000
47000
47000
47000
47000
47000
47000
47000
47000
47000
47000
47000
48000
48000
48000
48000
48000
48000
48000
48000
48000
48000
48000
48000
48000
48000
48000
48000
48000
48000
48000
48000
49000
49000
49000
49000
49000
49000
49000
49000
49000
49000
49000
49000
49000
49000
49000
49000
49000
49000
49000
49000
50000
50000
50000
50000
50000
50000
50000
50000
50000
50000
50000
50000
50000
50000
50000
50000
50000
50000
50000
50000
51000
51000
51000
51000
51000
51000
51000
51000
51000
51000
51000
51000
51000
51000
51000
51000
51000
51000
51000
51000
52000
52000
52000
52000
52000
52000
52000
52000
52000
52000
52000
52000
52000
52000
52000
52000
52000
52000
52000
52000
53000
53000
53000
53000
53000
53000
53000
53000
53000
53000
53000
53000
53000
53000
53000
53000
53000
53000
53000
53000
54000
54000
54000
54000
54000
54000
54000
54000
54000
54000
54000
54000
54000
54000
54000
54000
54000
54000
54000
54000
55000
55000
55000
55000
55000
55000
55000
55000
55000
55000
55000
55000
55000
55000
55000
55000
55000
55000
55000
55000
56000
56000
56000
56000
56000
56000
56000
56000
56000
56000
56000
56000
56000
56000
56000
56000
56000
56000
56000
56000
57000
57000
57000
57000
57000
57000
57000
57000
57000
57000
57000
57000
57000
57000
57000
57000
57000
57000
57000
57000
58000
58000
58000
58000
58000
58000
58000
58000
58000
58000
58000
58000
58000
58000
58000
58000
58000
58000
58000
58000
59000
59000
59000
59000
59000
59000
59000
59000
59000
59000
59000
59000
59000
59000
59000
59000
59000
59000
59000
59000
60000
60000
60000
60000
60000
60000
60000
60000
60000
60000
60000
60000
60000
60000
60000
60000
60000
60000
60000
60000
61000
61000
61000
61000
61000
61000
61000
61000
61000
61000
61000
61000
61000
61000
61000
61000
61000
61000
61000
61000
62000
62000
62000
62000
62000
62000
62000
62000
62000
62000
62000
62000
62000
62000
62000
62000
62000
62000
62000
62000
63000
63000
63000
63000
63000
63000
63000
63000
63000
63000
63000
63000
63000
63000
63000
63000
63000
63000
63000
63000
64000
64000
64000
64000
64000
64000
64000
64000
64000
64000
64000
64000
64000
64000
64000
64000
64000
64000
64000
64000
65000
65000
65000
65000
65000
65000
65000
65000
65000
65000
65000
65000
65000
65000
65000
65000
65000
65000
65000
65000
66000
66000
66000
66000
66000
66000
66000
66000
66000
66000
66000
66000
66000
66000
66000
66000
66000
66000
66000
66000
67000
67000
67000
67000
67000
67000
67000
67000
67000
67000
67000
67000
67000
67000
67000
67000
67000
67000
67000
67000
68000
68000
68000
68000
68000
68000
68000
68000
68000
68000
68000
68000
68000
68000
68000
68000
68000
68000
68000
68000
69000
69000
69000
69000
69000
69000
69000
69000
69000
69000
69000
69000
69000
69000
69000
69000
69000
69000
69000
69000
70000
70000
70000
70000
70000
70000
70000
70000
70000
70000
70000
70000
70000
70000
70000
70000
70000
70000
70000
70000
71000
71000
71000
71000
71000
71000
71000
71000
71000
71000
71000
71000
71000
71000
71000
71000
71000
71000
71000
71000
72000
72000
72000
72000
72000
72000
72000
72000
72000
72000
72000
72000
72000
72000
72000
72000
72000
72000
72000
72000
73000
73000
73000
73000
73000
73000
73000
73000
73000
73000
73000
73000
73000
73000
73000
73000
73000
73000
73000
73000
74000
74000
74000
74000
74000
74000
74000
74000
74000
74000
74000
74000
74000
74000
74000
74000
74000
74000
74000
74000
75000
75000
75000
75000
75000
75000
75000
75000
75000
75000
75000
75000
75000
75000
75000
75000
75000
75000
75000
75000
76000
76000
76000
76000
76000
76000
76000
76000
76000
76000
76000
76000
76000
76000
76000
76000
76000
76000
76000
76000
77000
77000
77000
77000
77000
77000
77000
77000
77000
77000
77000
77000
77000
77000
77000
77000
77000
77000
77000
77000
78000
78000
78000
78000
78000
78000
78000
78000
78000
78000
78000
78000
78000
78000
78000
78000
78000
78000
78000
78000
79000
79000
79000
79000
79000
79000
79000
79000
79000
79000
79000
79000
79000
79000
79000
79000
79000
79000
79000
79000
80000
80000
80000
80000
80000
80000
80000
80000
80000
80000
80000
80000
80000
80000
80000
80000
80000
80000
80000
80000
81000
81000
81000
81000
81000
81000
81000
81000
81000
81000
81000
81000
81000
81000
81000
81000
81000
81000
81000
81000
82000
82000
82000
82000
82000
82000
82000
82000
82000
82000
82000
82000
82000
82000
82000
82000
82000
82000
82000
82000
83000
83000
83000
83000
83000
83000
83000
83000
83000
83000
83000
83000
83000
83000
83000
83000
83000
83000
83000
83000
84000
84000
84000
84000
84000
84000
84000
84000
84000
84000
84000
84000
84000
84000
84000
84000
84000
84000
84000
84000
85000
85000
85000
85000
85000
85000
85000
85000
85000
85000
85000
85000
85000
85000
85000
85000
85000
85000
85000
85000
86000
86000
86000
86000
86000
86000
86000
86000
86000
86000
86000
86000
86000
86000
86000
86000
86000
86000
86000
86000
87000
87000
87000
87000
87000
87000
87000
87000
87000
87000
87000
87000
87000
87000
87000
87000
87000
87000
87000
87000
88000
88000
88000
88000
88000
88000
88000
88000
88000
88000
88000
88000
88000
88000
88000
88000
88000
88000
88000
88000
89000
89000
89000
89000
89000
89000
89000
89000
89000
89000
89000
89000
89000
89000
89000
89000
89000
89000
89000
89000
90000
90000
90000
90000
90000
90000
90000
90000
90000
90000
90000
90000
90000
90000
90000
90000
90000
90000
90000
90000
91000
91000
91000
91000
91000
91000
91000
91000
91000
91000
91000
91000
91000
91000
91000
91000
91000
91000
91000
91000
92000
92000
92000
92000
92000
92000
92000
92000
92000
92000
92000
92000
92000
92000
92000
92000
92000
92000
92000
92000
93000
93000
93000
93000
93000
93000
93000
93000
93000
93000
93000
93000
93000
93000
93000
93000
93000
93000
93000
93000
94000
94000
94000
94000
94000
94000
94000
94000
94000
94000
94000
94000
94000
94000
94000
94000
94000
94000
94000
94000
95000
95000
95000
95000
95000
95000
95000
95000
95000
95000
95000
95000
95000
95000
95000
95000
95000
95000
95000
95000
96000
96000
96000
96000
96000
96000
96000
96000
96000
96000
96000
96000
96000
96000
96000
96000
96000
96000
96000
96000
97000
97000
97000
97000
97000
97000
97000
97000
97000
97000
97000
97000
97000
97000
97000
97000
97000
97000
97000
97000
98000
98000
98000
98000
98000
98000
98000
98000
98000
98000
98000
98000
98000
98000
98000
98000
98000
98000
98000
98000
99000
99000
99000
99000
99000
99000
99000
99000
99000
99000
99000
99000
99000
99000
99000
99000
99000
99000
99000
99000
100000
100000
100000
100000
100000
100000
100000
100000
100000
100000
100000
100000
100000
100000
100000
100000
100000
100000
100000
100000
101000
101000
101000
101000
101000
101000
101000
101000
101000
101000
101000
101000
101000
101000
101000
101000
101000
101000
101000
101000
102000
102000
102000
102000
102000
102000
102000
102000
102000
102000
102000
102000
102000
102000
102000
102000
102000
102000
102000
102000
103000
103000
103000
103000
103000
103000
103000
103000
103000
103000
103000
103000
103000
103000
103000
103000
103000
103000
103000
103000
104000
104000
104000
104000
104000
104000
104000
104000
104000
104000
104000
104000
104000
104000
104000
104000
104000
104000
104000
104000
105000
105000
105000
105000
105000
105000
105000
105000
105000
105000
105000
105000
105000
105000
105000
105000
105000
105000
105000
105000
106000
106000
106000
106000
106000
106000
106000
106000
106000
106000
106000
106000
106000
106000
106000
106000
106000
106000
106000
106000
107000
107000
107000
107000
107000
107000
107000
107000
107000
107000
107000
107000
107000
107000
107000
107000
107000
107000
107000
107000
108000
108000
108000
108000
108000
108000
108000
108000
108000
108000
108000
108000
108000
108000
108000
108000
108000
108000
108000
108000
109000
109000
109000
109000
109000
109000
109000
109000
109000
109000
109000
109000
109000
109000
109000
109000
109000
109000
109000
109000
110000
110000
110000
110000
110000
110000
110000
110000
110000
110000
110000
110000
110000
110000
110000
110000
110000
110000
110000
110000
111000
111000
111000
111000
111000
111000
111000
111000
111000
111000
111000
111000
111000
111000
111000
111000
111000
111000
111000
111000
112000
112000
112000
112000
112000
112000
112000
112000
112000
112000
112000
112000
112000
112000
112000
112000
112000
112000
112000
112000
113000
113000
113000
113000
113000
113000
113000
113000
113000
113000
113000
113000
113000
113000
113000
113000
113000
113000
113000
113000
114000
114000
114000
114000
114000
114000
114000
114000
114000
114000
114000
114000
114000
114000
114000
114000
114000
114000
114000
114000
115000
115000
115000
115000
115000
115000
115000
115000
115000
115000
115000
115000
115000
115000
115000
115000
115000
115000
115000
115000
116000
116000
116000
116000
116000
116000
116000
116000
116000
116000
116000
116000
116000
116000
116000
116000
116000
116000
116000
116000
117000
117000
117000
117000
117000
117000
117000
117000
117000
117000
117000
117000
117000
117000
117000
117000
117000
117000
117000
117000
118000
118000
118000
118000
118000
118000
118000
118000
118000
118000
118000
118000
118000
118000
118000
118000
118000
118000
118000
118000
119000
119000
119000
119000
119000
119000
119000
119000
119000
119000
119000
119000
119000
119000
119000
119000
119000
119000
119000
119000
120000
120000
120000
120000
120000
120000
120000
120000
120000
120000
120000
120000
120000
120000
120000
120000
120000
120000
120000
120000
121000
121000
121000
121000
121000
121000
121000
121000
121000
121000
121000
121000
121000
121000
121000
121000
121000
121000
121000
121000
122000
122000
122000
122000
122000
122000
122000
122000
122000
122000
122000
122000
122000
122000
122000
122000
122000
122000
122000
122000
123000
123000
123000
123000
123000
123000
123000
123000
123000
123000
123000
123000
123000
123000
123000
123000
123000
123000
123000
123000
124000
124000
124000
124000
124000
124000
124000
124000
124000
124000
124000
124000
124000
124000
124000
124000
124000
124000
124000
124000
125000
125000
125000
125000
125000
125000
125000
125000
125000
125000
125000
125000
125000
125000
125000
125000
125000
125000
125000
125000
126000
126000
126000
126000
126000
126000
126000
126000
126000
126000
126000
126000
126000
126000
126000
126000
126000
126000
126000
126000
127000
127000
127000
127000
127000
127000
127000
127000
127000
127000
127000
127000
127000
127000
127000
127000
127000
127000
127000
127000
128000
128000
128000
128000
128000
128000
128000
128000
128000
128000
128000
128000
128000
128000
128000
128000
128000
128000
128000
128000
129000
129000
129000
129000
129000
129000
129000
129000
129000
129000
129000
129000
129000
129000
129000
129000
129000
129000
129000
129000
130000
130000
130000
130000
130000
130000
130000
130000
130000
130000
130000
130000
130000
130000
130000
130000
130000
130000
130000
130000
131000
131000
131000
131000
131000
131000
131000
131000
131000
131000
131000
131000
131000
131000
131000
131000
131000
131000
131000
131000
132000
132000
132000
132000
132000
132000
132000
132000
132000
132000
132000
132000
132000
132000
132000
132000
132000
132000
132000
132000
133000
133000
133000
133000
133000
133000
133000
133000
133000
133000
133000
133000
133000
133000
133000
133000
133000
133000
133000
133000
134000
134000
134000
134000
134000
134000
134000
134000
134000
134000
134000
134000
134000
134000
134000
134000
134000
134000
134000
134000
135000
135000
135000
135000
135000
135000
135000
135000
135000
135000
135000
135000
135000
135000
135000
135000
135000
135000
135000
135000
136000
136000
136000
136000
136000
136000
136000
136000
136000
136000
136000
136000
136000
136000
136000
136000
136000
136000
136000
136000
137000
137000
137000
137000
137000
137000
137000
137000
137000
137000
137000
137000
137000
137000
137000
137000
137000
137000
137000
137000
138000
138000
138000
138000
138000
138000
138000
138000
138000
138000
138000
138000
138000
138000
138000
138000
138000
138000
138000
138000
139000
139000
139000
139000
139000
139000
139000
139000
139000
139000
139000
139000
139000
139000
139000
139000
139000
139000
139000
139000
140000
140000
140000
140000
140000
140000
140000
140000
140000
140000
140000
140000
140000
140000
140000
140000
140000
140000
140000
140000
141000
141000
141000
141000
141000
141000
141000
141000
141000
141000
141000
141000
141000
141000
141000
141000
141000
141000
141000
141000
142000
142000
142000
142000
142000
142000
142000
142000
142000
142000
142000
142000
142000
142000
142000
142000
142000
142000
142000
142000
143000
143000
143000
143000
143000
143000
143000
143000
143000
143000
143000
143000
143000
143000
143000
143000
143000
143000
143000
143000
144000
144000
144000
144000
144000
144000
144000
144000
144000
144000
144000
144000
144000
144000
144000
144000
144000
144000
144000
144000
145000
145000
145000
145000
145000
145000
145000
145000
145000
145000
145000
145000
145000
145000
145000
145000
145000
145000
145000
145000
146000
146000
146000
146000
146000
146000
146000
146000
146000
146000
146000
146000
146000
146000
146000
146000
146000
146000
146000
146000
147000
147000
147000
147000
147000
147000
147000
147000
147000
147000
147000
147000
147000
147000
147000
147000
147000
147000
147000
147000
148000
148000
148000
148000
148000
148000
148000
148000
148000
148000
148000
148000
148000
148000
148000
148000
148000
148000
148000
148000
149000
149000
149000
149000
149000
149000
149000
149000
149000
149000
149000
149000
149000
149000
149000
149000
149000
149000
149000
149000
150000
150000
150000
150000
150000
150000
150000
150000
150000
150000
150000
150000
150000
150000
150000
150000
150000
150000
150000
150000
151000
151000
151000
151000
151000
151000
151000
151000
151000
151000
151000
151000
151000
151000
151000
151000
151000
151000
151000
151000
152000
152000
152000
152000
152000
152000
152000
152000
152000
152000
152000
152000
152000
152000
152000
152000
152000
152000
152000
152000
153000
153000
153000
153000
153000
153000
153000
153000
153000
153000
153000
153000
153000
153000
153000
153000
153000
153000
153000
153000
154000
154000
154000
154000
154000
154000
154000
154000
154000
154000
154000
154000
154000
154000
154000
154000
154000
154000
154000
154000
155000
155000
155000
155000
155000
155000
155000
155000
155000
155000
155000
155000
155000
155000
155000
155000
155000
155000
155000
155000
156000
156000
156000
156000
156000
156000
156000
156000
156000
156000
156000
156000
156000
156000
156000
156000
156000
156000
156000
156000
157000
157000
157000
157000
157000
157000
157000
157000
157000
157000
157000
157000
157000
157000
157000
157000
157000
157000
157000
157000
158000
158000
158000
158000
158000
158000
158000
158000
158000
158000
158000
158000
158000
158000
158000
158000
158000
158000
158000
158000
159000
159000
159000
159000
159000
159000
159000
159000
159000
159000
159000
159000
159000
159000
159000
159000
159000
159000
159000
159000
160000
160000
160000
160000
160000
160000
160000
160000
160000
160000
160000
160000
160000
160000
160000
160000
160000
160000
160000
160000
161000
161000
161000
161000
161000
161000
161000
161000
161000
161000
161000
161000
161000
161000
161000
161000
161000
161000
161000
161000
162000
162000
162000
162000
162000
162000
162000
162000
162000
162000
162000
162000
162000
162000
162000
162000
162000
162000
162000
162000
163000
163000
163000
163000
163000
163000
163000
163000
163000
163000
163000
163000
163000
163000
163000
163000
163000
163000
163000
163000
164000
164000
164000
164000
164000
164000
164000
164000
164000
164000
164000
164000
164000
164000
164000
164000
164000
164000
164000
164000
165000
165000
165000
165000
165000
165000
165000
165000
165000
165000
165000
165000
165000
165000
165000
165000
165000
165000
165000
165000
166000
166000
166000
166000
166000
166000
166000
166000
166000
166000
166000
166000
166000
166000
166000
166000
166000
166000
166000
166000
167000
167000
167000
167000
167000
167000
167000
167000
167000
167000
167000
167000
167000
167000
167000
167000
167000
167000
167000
167000
168000
168000
168000
168000
168000
168000
168000
168000
168000
168000
168000
168000
168000
168000
168000
168000
168000
168000
168000
168000
169000
169000
169000
169000
169000
169000
169000
169000
169000
169000
169000
169000
169000
169000
169000
169000
169000
169000
169000
169000
170000
170000
170000
170000
170000
170000
170000
170000
170000
170000
170000
170000
170000
170000
170000
170000
170000
170000
170000
170000
171000
171000
171000
171000
171000
171000
171000
171000
171000
171000
171000
171000
171000
171000
171000
171000
171000
171000
171000
171000
172000
172000
172000
172000
172000
172000
172000
172000
172000
172000
172000
172000
172000
172000
172000
172000
172000
172000
172000
172000
173000
173000
173000
173000
173000
173000
173000
173000
173000
173000
173000
173000
173000
173000
173000
173000
173000
173000
173000
173000
174000
174000
174000
174000
174000
174000
174000
174000
174000
174000
174000
174000
174000
174000
174000
174000
174000
174000
174000
174000
175000
175000
175000
175000
175000
175000
175000
175000
175000
175000
175000
175000
175000
175000
175000
175000
175000
175000
175000
175000
176000
176000
176000
176000
176000
176000
176000
176000
176000
176000
176000
176000
176000
176000
176000
176000
176000
176000
176000
176000
177000
177000
177000
177000
177000
177000
177000
177000
177000
177000
177000
177000
177000
177000
177000
177000
177000
177000
177000
177000
178000
178000
178000
178000
178000
178000
178000
178000
178000
178000
178000
178000
178000
178000
178000
178000
178000
178000
178000
178000
179000
179000
179000
179000
179000
179000
179000
179000
179000
179000
179000
179000
179000
179000
179000
179000
179000
179000
179000
179000
180000
180000
180000
180000
180000
180000
180000
180000
180000
180000
180000
180000
180000
180000
180000
180000
180000
180000
180000
180000
181000
181000
181000
181000
181000
181000
181000
181000
181000
181000
181000
181000
181000
181000
181000
181000
181000
181000
181000
181000
182000
182000
182000
182000
182000
182000
182000
182000
182000
182000
182000
182000
182000
182000
182000
182000
182000
182000
182000
182000
183000
183000
183000
183000
183000
183000
183000
183000
183000
183000
183000
183000
183000
183000
183000
183000
183000
183000
183000
183000
184000
184000
184000
184000
184000
184000
184000
184000
184000
184000
184000
184000
184000
184000
184000
184000
184000
184000
184000
184000
185000
185000
185000
185000
185000
185000
185000
185000
185000
185000
185000
185000
185000
185000
185000
185000
185000
185000
185000
185000
186000
186000
186000
186000
186000
186000
186000
186000
186000
186000
186000
186000
186000
186000
186000
186000
186000
186000
186000
186000
187000
187000
187000
187000
187000
187000
187000
187000
187000
187000
187000
187000
187000
187000
187000
187000
187000
187000
187000
187000
188000
188000
188000
188000
188000
188000
188000
188000
188000
188000
188000
188000
188000
188000
188000
188000
188000
188000
188000
188000
189000
189000
189000
189000
189000
189000
189000
189000
189000
189000
189000
189000
189000
189000
189000
189000
189000
189000
189000
189000
190000
190000
190000
190000
190000
190000
190000
190000
190000
190000
190000
190000
190000
190000
190000
190000
190000
190000
190000
190000
191000
191000
191000
191000
191000
191000
191000
191000
191000
191000
191000
191000
191000
191000
191000
191000
191000
191000
191000
191000
192000
192000
192000
192000
192000
192000
192000
192000
192000
192000
192000
192000
192000
192000
192000
192000
192000
192000
192000
192000
192434
192437
192434
192440
192440
192438
192435
192436
192440
192438
192436
192438
192435
192439
192439
192434
192436
192439
192440
192438

It took 520 secs to screen 3848746 sequences, removed 60022.

/******************************************/
Running command: remove.seqs(accnos=/mnt/research/ShadeLab/Barnett/Centralia/MultiYear_intermediateseq/lib1_run2_merged_maxEE_noN.unique.filter.bad.accnos, name=/mnt/research/ShadeLab/Barnett/Centralia/MultiYear_intermediateseq/lib1_run2_merged_maxEE_noN.names, group=/mnt/research/ShadeLab/Barnett/Centralia/MultiYear_intermediateseq/lib1_run2_group_file.txt)
Removed 139174 sequences from your name file.
Removed 139174 sequences from your group file.

Output File Names: 
/mnt/research/ShadeLab/Barnett/Centralia/MultiYear_intermediateseq/lib1_run2_merged_maxEE_noN.pick.names
/mnt/research/ShadeLab/Barnett/Centralia/MultiYear_intermediateseq/lib1_run2_group_file.pick.txt

/******************************************/

Output File Names: 
/mnt/research/ShadeLab/Barnett/Centralia/MultiYear_intermediateseq/lib1_run2_merged_maxEE_noN.unique.filter.good.fasta
/mnt/research/ShadeLab/Barnett/Centralia/MultiYear_intermediateseq/lib1_run2_merged_maxEE_noN.unique.filter.bad.accnos
/mnt/research/ShadeLab/Barnett/Centralia/MultiYear_intermediateseq/lib1_run2_group_file.good.txt
/mnt/research/ShadeLab/Barnett/Centralia/MultiYear_intermediateseq/lib1_run2_merged_maxEE_noN.good.names


It took 2005 secs to screen 3848746 sequences.

mothur > quit()

mothur > quit()
 
 
Filtering sequences
 
[3J[H[2JLinux version

Using ReadLine

Using Boost

Running 64Bit Version

mothur v.1.40.4
Last updated: 02/04/2022
by
Patrick D. Schloss

Department of Microbiology & Immunology

University of Michigan
http://www.mothur.org

When using, please cite:
Schloss, P.D., et al., Introducing mothur: Open-source, platform-independent, community-supported software for describing and comparing microbial communities. Appl Environ Microbiol, 2009. 75(23):7537-41.

Distributed under the GNU General Public License

Type 'help()' for information on the commands that are available

For questions and analysis support, please visit our forum at https://www.mothur.org/forum

Type 'quit()' to exit program

Script Mode


mothur > filter.seqs(fasta=/mnt/research/ShadeLab/Barnett/Centralia/MultiYear_intermediateseq/lib1_run2_merged_maxEE_noN.unique.filter.good.fasta, processors=20, vertical=T)

Using 20 processors.
Creating Filter... 
1000
1000
1000
1000
1000
1000
1000
1000
1000
1000
1000
1000
1000
1000
1000
1000
1000
1000
1000
2000
2000
2000
1000
2000
2000
2000
2000
2000
2000
2000
2000
2000
2000
2000
2000
2000
2000
2000
3000
2000
3000
3000
2000
3000
3000
3000
3000
3000
3000
3000
3000
3000
3000
3000
3000
3000
3000
3000
4000
3000
4000
3000
4000
4000
4000
4000
4000
4000
4000
4000
4000
4000
4000
4000
4000
4000
4000
4000
5000
5000
4000
4000
5000
5000
5000
5000
5000
5000
5000
5000
5000
5000
5000
5000
5000
5000
6000
6000
5000
5000
5000
6000
6000
6000
6000
6000
5000
6000
6000
6000
6000
6000
6000
6000
6000
7000
7000
6000
6000
6000
6000
7000
7000
7000
7000
7000
7000
7000
7000
7000
7000
7000
6000
7000
7000
8000
8000
7000
7000
7000
7000
8000
8000
8000
8000
8000
8000
8000
8000
8000
8000
8000
8000
9000
9000
8000
8000
8000
8000
8000
7000
9000
9000
9000
9000
9000
9000
9000
9000
9000
9000
9000
9000
10000
10000
9000
9000
9000
9000
9000
8000
10000
10000
10000
10000
10000
10000
10000
10000
10000
10000
10000
11000
10000
10000
10000
10000
10000
10000
11000
11000
11000
9000
11000
11000
11000
11000
11000
11000
11000
11000
11000
12000
11000
11000
11000
11000
11000
11000
12000
12000
12000
12000
12000
12000
12000
12000
10000
12000
12000
12000
12000
13000
12000
12000
12000
12000
12000
12000
13000
13000
13000
13000
13000
13000
13000
13000
13000
13000
13000
13000
11000
14000
13000
13000
13000
13000
13000
13000
14000
14000
14000
14000
14000
14000
14000
14000
14000
14000
14000
14000
15000
14000
14000
14000
14000
14000
14000
12000
15000
15000
15000
15000
15000
15000
15000
15000
15000
15000
15000
15000
16000
15000
15000
15000
15000
15000
15000
16000
13000
16000
16000
16000
16000
16000
16000
16000
16000
16000
16000
16000
17000
16000
16000
16000
16000
16000
16000
17000
17000
17000
17000
17000
14000
17000
17000
17000
17000
17000
17000
17000
17000
17000
17000
17000
17000
17000
18000
18000
18000
18000
18000
18000
18000
18000
18000
18000
18000
18000
18000
15000
18000
18000
18000
18000
18000
18000
19000
19000
19000
19000
19000
19000
19000
19000
19000
19000
19000
19000
19000
19000
19000
19000
16000
19000
19000
20000
19000
20000
20000
20000
20000
20000
20000
20000
20000
20000
20000
20000
20000
20000
20000
20000
17000
21000
21000
21000
20000
21000
20000
20000
21000
21000
21000
21000
21000
21000
21000
21000
21000
21000
21000
21000
22000
22000
22000
21000
22000
21000
21000
22000
18000
22000
22000
22000
22000
22000
22000
22000
22000
22000
22000
22000
23000
23000
23000
22000
23000
22000
22000
23000
23000
23000
23000
19000
23000
23000
23000
23000
23000
23000
23000
23000
24000
24000
24000
23000
24000
23000
24000
23000
24000
24000
24000
24000
24000
24000
24000
20000
24000
24000
24000
24000
25000
25000
25000
25000
24000
24000
25000
24000
25000
25000
25000
25000
25000
25000
25000
25000
25000
25000
25000
26000
21000
26000
26000
25000
26000
25000
26000
25000
26000
26000
26000
26000
26000
26000
26000
26000
26000
26000
26000
27000
27000
27000
26000
26000
26000
22000
27000
27000
27000
27000
27000
27000
27000
27000
27000
27000
27000
27000
28000
27000
27000
28000
28000
27000
27000
28000
28000
23000
28000
28000
28000
28000
28000
28000
28000
28000
28000
28000
28000
29000
28000
29000
28000
29000
28000
29000
29000
29000
29000
29000
29000
29000
24000
29000
29000
29000
29000
29000
30000
29000
29000
29000
30000
30000
29000
30000
30000
30000
30000
30000
30000
30000
30000
30000
30000
30000
30000
31000
25000
30000
30000
30000
31000
31000
30000
31000
31000
31000
31000
31000
31000
31000
31000
31000
31000
31000
31000
32000
31000
26000
31000
32000
31000
32000
32000
31000
32000
32000
32000
32000
32000
32000
32000
32000
32000
32000
32000
33000
32000
32000
33000
32000
33000
27000
33000
32000
33000
33000
33000
33000
33000
33000
33000
33000
33000
33000
33000
34000
33000
33000
34000
33000
34000
34000
33000
34000
28000
34000
34000
34000
34000
34000
34000
34000
34000
34000
34000
35000
34000
34000
35000
34000
35000
35000
35000
34000
35000
35000
35000
35000
35000
35000
35000
35000
29000
35000
35000
36000
35000
35000
36000
35000
36000
36000
36000
35000
36000
36000
36000
36000
36000
36000
36000
36000
36000
37000
36000
30000
36000
36000
37000
36000
37000
37000
37000
36000
37000
37000
37000
37000
37000
37000
37000
37000
37000
38000
37000
37000
37000
31000
38000
38000
37000
38000
38000
37000
38000
38000
38000
38000
38000
38000
38000
38000
38000
39000
38000
38000
38000
39000
39000
32000
38000
39000
39000
39000
39000
39000
38000
39000
39000
39000
39000
39000
39000
39000
39000
40000
39000
40000
40000
40000
39000
40000
40000
33000
40000
40000
39000
40000
40000
40000
40000
40000
40000
40000
41000
40000
40000
41000
41000
41000
40000
41000
41000
41000
41000
40000
41000
41000
41000
34000
41000
41000
41000
41000
42000
41000
41000
42000
42000
42000
41000
42000
42000
42000
42000
42000
41000
42000
42000
42000
42000
42000
42000
35000
43000
42000
42000
43000
43000
43000
43000
42000
43000
43000
43000
43000
42000
43000
43000
43000
43000
43000
43000
44000
36000
43000
44000
43000
44000
44000
44000
43000
44000
44000
44000
44000
44000
44000
43000
44000
44000
44000
44000
45000
44000
45000
44000
45000
37000
45000
45000
44000
45000
45000
45000
45000
44000
45000
45000
45000
45000
45000
45000
46000
45000
46000
45000
46000
46000
46000
46000
45000
46000
38000
46000
46000
46000
45000
46000
46000
46000
46000
46000
47000
46000
47000
47000
46000
47000
47000
47000
46000
47000
47000
47000
47000
47000
46000
47000
47000
47000
39000
47000
48000
47000
48000
48000
47000
48000
48000
48000
47000
48000
48000
48000
48000
48000
48000
48000
48000
48000
47000
40000
49000
48000
49000
49000
48000
49000
49000
49000
48000
49000
49000
49000
49000
49000
49000
49000
49000
49000
48000
50000
49000
50000
50000
41000
49000
50000
50000
50000
50000
50000
49000
50000
50000
50000
50000
50000
50000
50000
49000
51000
50000
51000
51000
50000
51000
51000
51000
42000
51000
51000
51000
50000
51000
51000
51000
51000
51000
51000
50000
52000
51000
52000
52000
51000
52000
52000
52000
52000
52000
52000
51000
52000
52000
52000
43000
52000
52000
52000
51000
52000
53000
53000
53000
52000
53000
53000
53000
53000
53000
53000
52000
53000
53000
53000
53000
53000
53000
44000
52000
53000
54000
54000
54000
54000
53000
54000
54000
54000
54000
54000
53000
54000
54000
54000
54000
54000
54000
53000
45000
54000
55000
55000
55000
55000
54000
55000
55000
55000
55000
55000
54000
55000
55000
55000
55000
55000
55000
54000
55000
56000
56000
56000
56000
46000
55000
56000
56000
56000
56000
56000
56000
55000
56000
56000
56000
56000
56000
55000
57000
57000
56000
57000
56000
57000
57000
47000
57000
57000
57000
57000
57000
56000
57000
57000
57000
57000
57000
56000
58000
58000
57000
58000
57000
58000
58000
58000
58000
58000
58000
58000
57000
58000
58000
48000
58000
58000
58000
57000
59000
59000
59000
58000
58000
59000
59000
59000
59000
59000
59000
59000
58000
59000
59000
59000
59000
59000
49000
58000
60000
60000
59000
60000
59000
60000
60000
60000
60000
60000
60000
60000
59000
60000
60000
60000
60000
60000
59000
61000
61000
50000
61000
60000
60000
61000
61000
61000
61000
61000
61000
61000
60000
61000
61000
61000
61000
61000
60000
62000
62000
61000
62000
51000
61000
62000
62000
62000
62000
62000
62000
62000
62000
61000
62000
62000
62000
62000
61000
63000
63000
63000
62000
62000
63000
63000
63000
52000
63000
63000
63000
63000
63000
62000
63000
63000
63000
63000
62000
64000
64000
64000
63000
63000
64000
64000
64000
64000
64000
64000
64000
64000
63000
64000
64000
53000
64000
64000
63000
65000
65000
65000
64000
64000
65000
65000
65000
65000
65000
65000
65000
65000
65000
64000
65000
65000
65000
54000
66000
64000
66000
66000
65000
66000
65000
66000
66000
66000
66000
66000
66000
66000
66000
65000
66000
66000
66000
67000
65000
67000
67000
55000
66000
67000
66000
67000
67000
67000
67000
67000
67000
67000
66000
67000
67000
67000
67000
68000
68000
68000
66000
67000
56000
68000
68000
67000
68000
68000
68000
68000
68000
68000
67000
68000
68000
69000
69000
68000
68000
69000
67000
68000
69000
69000
68000
69000
69000
69000
57000
69000
69000
69000
68000
69000
69000
70000
70000
69000
69000
70000
68000
69000
70000
70000
69000
70000
70000
70000
70000
70000
70000
69000
58000
70000
70000
71000
70000
70000
69000
71000
70000
71000
71000
71000
70000
71000
71000
71000
71000
70000
71000
71000
71000
72000
71000
71000
59000
71000
70000
72000
71000
72000
72000
71000
72000
72000
72000
72000
72000
71000
72000
72000
72000
72000
73000
72000
72000
60000
73000
71000
73000
72000
72000
73000
73000
73000
73000
72000
73000
73000
73000
73000
73000
74000
73000
73000
73000
74000
72000
74000
73000
73000
74000
61000
74000
74000
73000
74000
74000
74000
74000
74000
74000
75000
74000
74000
74000
75000
73000
75000
74000
74000
75000
75000
75000
74000
75000
75000
75000
62000
75000
75000
75000
76000
75000
75000
76000
75000
74000
76000
75000
75000
76000
76000
76000
75000
76000
76000
76000
76000
76000
76000
77000
76000
76000
63000
77000
76000
75000
77000
76000
76000
77000
77000
77000
77000
76000
77000
77000
77000
77000
77000
78000
77000
77000
78000
76000
77000
78000
64000
77000
77000
78000
78000
78000
78000
78000
77000
78000
78000
78000
78000
79000
78000
78000
79000
77000
79000
78000
78000
65000
78000
79000
79000
79000
79000
79000
78000
79000
79000
79000
79000
80000
79000
79000
80000
78000
80000
79000
79000
80000
79000
80000
80000
80000
66000
80000
79000
80000
80000
80000
80000
81000
80000
80000
81000
79000
81000
80000
80000
81000
80000
81000
81000
81000
81000
81000
80000
81000
81000
81000
82000
67000
81000
81000
82000
81000
80000
82000
81000
82000
81000
82000
82000
82000
82000
82000
81000
82000
82000
82000
83000
82000
82000
83000
68000
81000
82000
83000
82000
83000
82000
83000
83000
83000
83000
83000
83000
84000
83000
82000
83000
83000
83000
84000
84000
83000
83000
69000
82000
84000
83000
84000
84000
84000
84000
84000
84000
84000
85000
83000
84000
84000
84000
85000
85000
84000
84000
83000
85000
84000
85000
70000
85000
85000
85000
85000
85000
85000
86000
84000
85000
85000
85000
86000
86000
85000
85000
84000
86000
86000
85000
86000
86000
86000
71000
86000
86000
87000
85000
86000
86000
86000
87000
86000
87000
86000
86000
85000
87000
87000
87000
86000
87000
87000
87000
88000
86000
87000
87000
87000
88000
87000
87000
72000
88000
87000
86000
88000
87000
88000
88000
87000
88000
89000
87000
88000
88000
88000
88000
88000
89000
88000
89000
88000
88000
73000
87000
89000
89000
88000
88000
89000
89000
89000
88000
90000
89000
89000
89000
89000
90000
89000
89000
90000
89000
88000
90000
89000
89000
90000
74000
90000
90000
89000
90000
90000
90000
90000
90000
91000
90000
91000
90000
91000
89000
90000
91000
90000
91000
90000
91000
91000
75000
91000
91000
91000
91000
90000
91000
91000
92000
92000
91000
92000
91000
90000
92000
91000
92000
91000
92000
92000
92000
92000
92000
92000
91000
92000
92000
76000
93000
93000
92000
93000
92000
91000
93000
92000
93000
92000
93000
93000
93000
93000
93000
93000
93000
93000
92000
94000
94000
93000
77000
94000
93000
94000
92000
93000
94000
93000
94000
94000
94000
94000
94000
94000
94000
94000
93000
95000
95000
94000
95000
78000
94000
95000
94000
93000
95000
95000
94000
95000
95000
95000
95000
95000
95000
95000
96000
94000
96000
95000
96000
95000
96000
95000
96000
94000
96000
79000
95000
96000
96000
96000
96000
96000
96000
96000
97000
95000
97000
96000
97000
96000
97000
96000
97000
95000
97000
97000
96000
97000
97000
80000
97000
97000
97000
97000
98000
98000
96000
97000
98000
97000
98000
97000
98000
96000
98000
98000
97000
98000
98000
98000
98000
98000
98000
99000
99000
81000
98000
97000
99000
98000
99000
98000
99000
97000
99000
99000
98000
99000
99000
99000
99000
99000
100000
99000
100000
99000
98000
100000
82000
99000
100000
99000
100000
100000
98000
100000
99000
100000
100000
100000
100000
100000
101000
100000
101000
100000
99000
101000
100000
101000
83000
100000
101000
101000
99000
101000
101000
100000
101000
101000
101000
101000
101000
102000
101000
102000
100000
102000
102000
101000
101000
102000
100000
84000
102000
102000
102000
101000
102000
102000
102000
102000
102000
103000
102000
101000
103000
103000
103000
102000
102000
103000
101000
103000
103000
103000
102000
103000
85000
103000
103000
103000
103000
104000
103000
102000
104000
104000
104000
103000
104000
103000
102000
104000
104000
104000
103000
104000
104000
104000
104000
105000
104000
104000
103000
105000
86000
105000
104000
105000
104000
105000
103000
105000
105000
104000
105000
105000
105000
105000
105000
106000
105000
106000
104000
105000
106000
87000
106000
105000
105000
106000
104000
106000
106000
105000
106000
106000
106000
106000
106000
107000
106000
107000
105000
106000
107000
88000
107000
106000
106000
107000
105000
106000
107000
107000
107000
107000
107000
107000
108000
107000
107000
108000
106000
107000
108000
107000
108000
106000
107000
108000
107000
108000
108000
108000
89000
108000
108000
109000
108000
108000
108000
109000
107000
108000
109000
108000
109000
108000
109000
107000
108000
109000
109000
109000
109000
109000
110000
109000
109000
109000
90000
110000
109000
108000
110000
110000
109000
110000
109000
108000
109000
110000
110000
110000
110000
110000
111000
110000
110000
110000
111000
110000
109000
91000
111000
111000
110000
111000
110000
110000
109000
111000
111000
111000
111000
111000
112000
111000
111000
111000
112000
111000
110000
112000
92000
112000
111000
112000
111000
111000
110000
112000
112000
112000
112000
112000
112000
113000
112000
112000
113000
111000
112000
113000
113000
112000
112000
112000
93000
113000
113000
113000
111000
113000
113000
113000
113000
114000
113000
113000
114000
113000
112000
114000
114000
113000
113000
113000
114000
114000
114000
112000
114000
114000
114000
114000
115000
94000
114000
114000
114000
115000
113000
115000
115000
114000
114000
114000
115000
115000
115000
113000
115000
115000
115000
115000
116000
115000
115000
95000
115000
116000
114000
116000
116000
115000
115000
115000
116000
116000
114000
116000
116000
116000
116000
116000
117000
116000
116000
116000
117000
115000
96000
117000
117000
116000
116000
116000
117000
117000
117000
115000
117000
117000
117000
117000
118000
117000
117000
117000
118000
116000
118000
118000
97000
117000
117000
118000
118000
118000
118000
118000
116000
117000
118000
119000
118000
118000
118000
118000
119000
117000
119000
119000
118000
118000
119000
119000
119000
119000
118000
119000
98000
120000
119000
117000
119000
119000
119000
120000
118000
119000
120000
119000
120000
119000
120000
120000
119000
120000
120000
118000
120000
120000
120000
121000
120000
120000
99000
121000
119000
121000
120000
120000
121000
120000
121000
121000
121000
120000
121000
121000
119000
121000
121000
122000
121000
121000
122000
120000
100000
122000
121000
121000
122000
122000
121000
122000
122000
121000
122000
122000
122000
120000
122000
123000
122000
122000
123000
121000
123000
122000
123000
122000
101000
122000
123000
123000
123000
122000
123000
123000
123000
123000
121000
124000
123000
123000
124000
122000
124000
123000
124000
123000
123000
124000
124000
124000
102000
124000
123000
124000
124000
124000
122000
125000
124000
124000
123000
125000
125000
124000
125000
124000
125000
124000
125000
125000
125000
124000
125000
125000
125000
123000
126000
103000
125000
125000
124000
126000
125000
126000
126000
125000
126000
125000
126000
126000
126000
125000
126000
126000
126000
127000
124000
126000
126000
104000
125000
127000
126000
127000
127000
126000
127000
126000
127000
127000
127000
127000
126000
127000
127000
128000
125000
127000
127000
126000
128000
127000
128000
105000
128000
127000
128000
127000
128000
128000
128000
128000
127000
128000
128000
129000
126000
128000
128000
127000
129000
128000
129000
129000
128000
129000
128000
106000
129000
129000
129000
129000
129000
129000
128000
130000
127000
129000
129000
128000
130000
129000
130000
130000
129000
130000
129000
130000
130000
130000
130000
130000
130000
129000
107000
131000
128000
130000
130000
129000
131000
130000
131000
131000
130000
130000
131000
131000
131000
131000
131000
131000
131000
130000
132000
129000
108000
131000
131000
130000
132000
131000
132000
132000
131000
131000
132000
132000
132000
132000
132000
132000
132000
133000
131000
130000
132000
132000
109000
131000
132000
133000
133000
133000
132000
132000
133000
133000
133000
133000
133000
133000
133000
134000
132000
131000
133000
133000
132000
133000
134000
134000
110000
134000
133000
133000
134000
134000
134000
134000
134000
134000
134000
135000
133000
132000
134000
134000
133000
134000
135000
135000
135000
134000
134000
135000
135000
135000
135000
111000
135000
135000
135000
136000
134000
133000
135000
135000
134000
136000
135000
136000
135000
135000
136000
136000
136000
136000
136000
136000
136000
136000
137000
135000
112000
134000
136000
135000
136000
137000
136000
137000
136000
137000
137000
136000
137000
137000
137000
137000
137000
137000
138000
136000
135000
137000
113000
136000
138000
137000
137000
138000
138000
138000
138000
137000
137000
138000
138000
138000
138000
138000
139000
137000
136000
137000
139000
138000
114000
138000
139000
139000
138000
139000
138000
139000
139000
139000
139000
140000
139000
138000
139000
137000
138000
138000
139000
140000
140000
139000
140000
140000
115000
139000
140000
140000
140000
140000
141000
139000
139000
140000
140000
138000
139000
139000
140000
141000
141000
141000
141000
141000
141000
141000
140000
140000
142000
140000
116000
141000
141000
140000
140000
141000
141000
140000
142000
142000
142000
139000
142000
142000
142000
142000
143000
141000
141000
141000
142000
142000
141000
117000
141000
142000
142000
141000
143000
143000
143000
140000
143000
143000
143000
143000
144000
142000
142000
142000
143000
143000
142000
142000
118000
143000
143000
142000
144000
144000
144000
141000
144000
144000
144000
144000
145000
143000
143000
143000
144000
144000
143000
143000
144000
143000
144000
145000
145000
145000
119000
142000
145000
145000
145000
145000
146000
144000
144000
144000
145000
145000
144000
144000
145000
144000
145000
146000
146000
146000
143000
146000
146000
146000
147000
146000
120000
145000
145000
145000
146000
146000
145000
145000
146000
145000
147000
146000
147000
147000
144000
147000
147000
147000
148000
147000
146000
146000
146000
147000
121000
147000
146000
146000
147000
146000
148000
147000
148000
148000
145000
148000
148000
148000
149000
148000
147000
147000
147000
148000
148000
147000
122000
147000
148000
147000
149000
148000
149000
149000
146000
149000
149000
149000
150000
149000
148000
148000
148000
149000
149000
148000
148000
149000
148000
150000
123000
149000
150000
150000
147000
150000
150000
150000
151000
150000
149000
149000
149000
150000
150000
149000
149000
150000
149000
151000
150000
151000
151000
148000
151000
151000
124000
151000
152000
151000
150000
150000
151000
150000
151000
150000
150000
151000
150000
152000
151000
152000
152000
152000
149000
152000
152000
153000
152000
151000
125000
151000
152000
151000
152000
151000
151000
152000
153000
151000
152000
153000
153000
153000
153000
150000
153000
154000
153000
152000
152000
153000
152000
153000
126000
152000
153000
152000
154000
152000
154000
153000
154000
154000
154000
154000
151000
155000
154000
153000
153000
154000
153000
154000
153000
154000
127000
153000
155000
153000
155000
154000
155000
155000
155000
155000
152000
156000
155000
154000
154000
155000
155000
154000
154000
155000
154000
156000
154000
156000
155000
156000
128000
156000
156000
156000
157000
153000
156000
155000
155000
156000
156000
155000
155000
156000
155000
157000
157000
156000
155000
157000
157000
157000
157000
158000
157000
154000
129000
156000
156000
157000
157000
156000
156000
157000
156000
158000
158000
157000
158000
156000
158000
158000
158000
158000
159000
155000
157000
130000
158000
157000
158000
157000
157000
158000
157000
158000
159000
159000
159000
157000
159000
159000
159000
159000
156000
160000
158000
159000
159000
158000
158000
158000
131000
159000
158000
160000
160000
159000
160000
158000
160000
160000
160000
160000
157000
161000
159000
160000
160000
159000
159000
159000
160000
132000
159000
161000
161000
160000
161000
159000
161000
161000
161000
161000
158000
162000
160000
161000
161000
160000
160000
160000
160000
161000
162000
162000
162000
161000
133000
160000
162000
162000
162000
162000
159000
163000
161000
162000
162000
161000
161000
161000
161000
162000
163000
163000
163000
162000
163000
163000
161000
163000
134000
163000
160000
164000
162000
163000
163000
162000
162000
162000
163000
162000
164000
164000
164000
163000
164000
164000
162000
164000
164000
161000
165000
163000
164000
135000
164000
163000
163000
163000
164000
165000
163000
165000
165000
164000
165000
165000
163000
165000
165000
162000
166000
165000
164000
165000
164000
164000
164000
136000
165000
166000
166000
166000
164000
165000
166000
166000
164000
166000
166000
165000
166000
167000
163000
166000
165000
165000
165000
166000
137000
167000
167000
167000
165000
166000
167000
167000
165000
167000
167000
167000
166000
168000
167000
164000
166000
166000
166000
167000
168000
168000
168000
166000
167000
168000
168000
138000
166000
168000
168000
168000
167000
169000
168000
165000
167000
167000
167000
169000
169000
169000
167000
168000
169000
168000
169000
167000
139000
169000
169000
169000
169000
166000
168000
168000
170000
168000
168000
170000
170000
168000
170000
169000
170000
169000
168000
170000
170000
140000
170000
167000
169000
170000
169000
170000
171000
169000
169000
171000
171000
169000
171000
171000
170000
169000
170000
171000
171000
171000
170000
171000
170000
171000
141000
170000
170000
168000
172000
172000
170000
172000
172000
172000
171000
170000
171000
172000
172000
172000
171000
172000
171000
171000
171000
172000
142000
173000
169000
173000
171000
173000
172000
173000
171000
173000
172000
173000
173000
172000
173000
172000
173000
172000
172000
173000
174000
170000
174000
143000
172000
174000
173000
174000
174000
172000
173000
174000
174000
173000
174000
173000
174000
173000
173000
174000
175000
171000
175000
173000
174000
175000
175000
144000
175000
173000
174000
175000
175000
174000
175000
174000
175000
174000
174000
176000
175000
172000
176000
174000
175000
176000
176000
176000
174000
145000
175000
176000
175000
176000
175000
176000
176000
177000
175000
176000
173000
175000
177000
175000
177000
176000
177000
177000
175000
176000
176000
177000
177000
146000
177000
177000
178000
176000
174000
176000
176000
177000
176000
178000
177000
178000
178000
176000
178000
177000
177000
178000
178000
178000
178000
179000
177000
147000
175000
177000
178000
177000
179000
177000
178000
179000
179000
177000
179000
178000
179000
178000
179000
179000
179000
180000
178000
176000
178000
148000
179000
180000
178000
178000
179000
180000
180000
178000
179000
180000
180000
180000
179000
180000
180000
181000
179000
179000
177000
180000
181000
179000
180000
181000
181000
179000
149000
179000
180000
181000
181000
181000
180000
181000
181000
182000
180000
180000
178000
181000
182000
180000
181000
182000
182000
180000
181000
180000
150000
182000
182000
182000
181000
182000
182000
183000
181000
181000
182000
183000
179000
181000
183000
182000
183000
181000
182000
181000
183000
183000
183000
182000
151000
183000
183000
184000
182000
182000
183000
184000
180000
183000
184000
182000
184000
182000
183000
182000
184000
184000
184000
183000
184000
185000
183000
184000
152000
183000
185000
184000
181000
185000
184000
183000
185000
183000
184000
185000
183000
185000
185000
184000
185000
186000
184000
185000
184000
186000
185000
153000
182000
186000
185000
184000
186000
184000
185000
186000
184000
186000
185000
186000
186000
187000
185000
186000
185000
187000
186000
187000
183000
186000
154000
185000
187000
185000
186000
187000
185000
187000
186000
187000
187000
188000
186000
187000
186000
188000
187000
188000
184000
187000
186000
188000
187000
186000
188000
155000
186000
187000
188000
188000
188000
189000
187000
188000
187000
189000
188000
189000
189435
185000
188000
187000
189000
188000
187000
189436
189000
187000
189000
189437
189000
188000
156000
189000
188000
189436
188000
189000
189436
189000
189437
189000
189435
189435
189437
186000
188000
188000
189000
189437
188000
189435
189000
189000
189000
189436
157000
189437
189437
189436
189000
187000
189000
189000
189436
189437
189437
158000
188000
159000
189000
189436
160000
161000
162000
163000
164000
165000
166000
167000
168000
169000
170000
171000
172000
173000
174000
175000
176000
177000
178000
179000
180000
181000
182000
183000
184000
185000
186000
187000
188000
189000
189436
It took 19 secs to create filter for 3788724 sequences.


Running Filter... 
1000
1000
1000
1000
1000
1000
1000
1000
1000
1000
1000
1000
1000
1000
1000
1000
1000
1000
1000
1000
2000
2000
2000
2000
2000
2000
2000
2000
2000
2000
2000
2000
2000
2000
2000
2000
2000
2000
2000
3000
3000
3000
3000
3000
2000
3000
3000
3000
3000
3000
3000
3000
3000
3000
3000
3000
3000
3000
3000
4000
4000
4000
4000
4000
3000
4000
4000
4000
4000
4000
4000
4000
4000
4000
4000
4000
4000
5000
5000
4000
4000
5000
5000
5000
5000
5000
5000
4000
5000
5000
5000
5000
5000
5000
5000
5000
5000
6000
5000
6000
5000
6000
6000
6000
6000
6000
6000
6000
6000
6000
6000
6000
6000
6000
6000
7000
6000
5000
7000
6000
6000
7000
7000
7000
7000
7000
7000
7000
7000
7000
7000
7000
7000
8000
7000
7000
7000
8000
7000
7000
8000
8000
6000
8000
8000
8000
8000
8000
8000
8000
8000
8000
8000
9000
8000
8000
8000
9000
8000
8000
9000
9000
9000
9000
9000
9000
7000
9000
9000
9000
9000
9000
9000
10000
9000
9000
10000
9000
9000
9000
10000
10000
10000
10000
10000
10000
10000
10000
10000
10000
10000
10000
11000
10000
10000
8000
11000
10000
10000
10000
11000
11000
11000
11000
11000
11000
11000
11000
11000
11000
11000
11000
12000
11000
11000
12000
11000
11000
11000
12000
12000
9000
12000
12000
12000
12000
12000
12000
12000
12000
12000
12000
13000
12000
12000
13000
12000
12000
13000
12000
13000
13000
13000
10000
13000
13000
13000
13000
13000
13000
13000
13000
14000
13000
13000
14000
13000
13000
14000
13000
14000
14000
14000
14000
14000
14000
14000
14000
14000
14000
14000
15000
14000
15000
11000
14000
14000
14000
14000
15000
15000
15000
15000
15000
15000
15000
15000
15000
15000
15000
16000
15000
16000
15000
15000
15000
15000
15000
16000
16000
12000
16000
16000
16000
16000
16000
16000
16000
16000
17000
16000
16000
16000
17000
16000
16000
16000
17000
16000
17000
17000
17000
13000
17000
17000
17000
17000
17000
17000
18000
17000
17000
17000
18000
17000
18000
17000
17000
17000
18000
18000
18000
18000
18000
18000
18000
18000
18000
19000
18000
18000
18000
14000
18000
19000
19000
18000
18000
18000
19000
19000
19000
19000
19000
19000
19000
19000
20000
19000
19000
19000
19000
19000
20000
20000
15000
19000
19000
19000
20000
20000
20000
20000
20000
20000
20000
20000
20000
20000
20000
21000
20000
20000
21000
21000
20000
20000
20000
21000
21000
21000
21000
21000
16000
21000
21000
21000
21000
21000
21000
21000
22000
21000
22000
22000
21000
21000
21000
22000
22000
22000
22000
22000
22000
22000
22000
22000
22000
22000
22000
23000
22000
23000
17000
23000
22000
22000
23000
22000
23000
23000
23000
23000
23000
23000
23000
23000
23000
23000
24000
23000
24000
23000
24000
23000
23000
24000
23000
24000
18000
24000
24000
24000
24000
24000
24000
24000
24000
24000
25000
24000
24000
25000
24000
24000
25000
25000
24000
25000
25000
25000
25000
25000
25000
25000
25000
19000
25000
25000
25000
26000
26000
25000
25000
25000
26000
25000
26000
26000
26000
26000
26000
26000
26000
26000
26000
26000
26000
26000
27000
27000
26000
20000
27000
26000
26000
27000
26000
27000
27000
27000
27000
27000
27000
27000
27000
27000
27000
27000
28000
28000
27000
28000
28000
27000
27000
28000
28000
27000
21000
28000
28000
28000
28000
28000
28000
28000
28000
28000
29000
29000
28000
29000
29000
28000
28000
29000
29000
28000
29000
29000
29000
29000
29000
29000
29000
22000
29000
30000
29000
30000
29000
30000
30000
29000
29000
30000
30000
29000
30000
30000
30000
30000
30000
30000
30000
30000
31000
30000
30000
31000
23000
31000
31000
30000
30000
31000
30000
31000
31000
31000
31000
31000
31000
31000
31000
31000
31000
32000
32000
31000
32000
31000
31000
32000
32000
24000
32000
32000
31000
32000
32000
32000
32000
32000
32000
32000
33000
32000
33000
32000
32000
33000
32000
33000
33000
33000
32000
33000
33000
33000
33000
33000
33000
33000
33000
25000
34000
34000
33000
34000
33000
34000
33000
33000
34000
34000
33000
34000
34000
34000
34000
34000
34000
34000
35000
34000
34000
35000
35000
26000
34000
34000
34000
35000
35000
35000
34000
35000
35000
35000
35000
35000
35000
35000
35000
36000
35000
36000
36000
35000
35000
35000
36000
36000
36000
35000
36000
36000
27000
36000
36000
36000
36000
36000
36000
36000
37000
37000
37000
36000
36000
36000
37000
37000
37000
36000
37000
37000
37000
37000
37000
37000
37000
37000
28000
37000
38000
38000
37000
37000
37000
38000
38000
38000
37000
38000
38000
38000
38000
38000
38000
38000
38000
38000
39000
38000
39000
38000
39000
39000
29000
39000
38000
39000
38000
39000
39000
39000
39000
39000
39000
38000
39000
39000
40000
39000
40000
39000
40000
40000
40000
39000
40000
40000
39000
40000
40000
40000
30000
40000
40000
40000
39000
40000
41000
40000
41000
41000
41000
40000
40000
41000
41000
41000
40000
41000
41000
41000
41000
40000
41000
41000
42000
41000
31000
42000
41000
42000
41000
42000
42000
41000
42000
42000
41000
42000
42000
42000
41000
42000
42000
43000
42000
43000
42000
43000
43000
42000
43000
32000
42000
43000
43000
42000
43000
42000
43000
43000
43000
43000
42000
44000
43000
44000
43000
44000
44000
43000
44000
44000
44000
43000
44000
43000
33000
43000
44000
44000
44000
43000
45000
44000
44000
45000
44000
45000
44000
45000
45000
44000
45000
44000
45000
45000
44000
45000
45000
45000
34000
46000
44000
45000
45000
46000
46000
45000
45000
46000
45000
46000
46000
45000
46000
45000
46000
46000
46000
46000
47000
46000
46000
45000
47000
35000
47000
46000
46000
46000
47000
47000
47000
46000
46000
47000
47000
47000
47000
47000
48000
47000
47000
46000
48000
48000
47000
47000
48000
48000
36000
48000
47000
47000
47000
48000
48000
48000
48000
48000
48000
48000
49000
49000
47000
48000
49000
49000
49000
49000
48000
48000
48000
37000
49000
48000
49000
49000
49000
49000
49000
50000
49000
50000
48000
49000
50000
50000
50000
49000
50000
49000
49000
50000
49000
50000
50000
50000
50000
50000
38000
51000
50000
51000
49000
50000
51000
51000
51000
50000
51000
50000
50000
50000
51000
51000
51000
51000
51000
51000
52000
51000
52000
50000
51000
52000
52000
52000
39000
51000
52000
51000
51000
51000
52000
52000
52000
52000
52000
52000
53000
52000
53000
51000
53000
52000
53000
53000
52000
53000
52000
52000
52000
53000
40000
53000
53000
53000
53000
53000
54000
54000
52000
53000
54000
53000
54000
54000
54000
53000
53000
53000
53000
54000
54000
54000
54000
54000
55000
54000
55000
54000
41000
55000
53000
54000
55000
55000
54000
55000
54000
54000
54000
55000
55000
55000
55000
56000
55000
56000
55000
55000
56000
55000
56000
56000
54000
55000
42000
56000
55000
55000
56000
55000
56000
56000
56000
57000
56000
57000
56000
56000
57000
56000
57000
57000
55000
56000
57000
56000
56000
57000
43000
56000
57000
57000
57000
58000
57000
58000
57000
57000
58000
58000
56000
57000
57000
58000
58000
57000
57000
58000
58000
57000
58000
59000
58000
58000
58000
58000
59000
59000
44000
59000
57000
58000
58000
59000
59000
58000
58000
59000
59000
59000
58000
60000
59000
59000
59000
60000
59000
60000
60000
59000
59000
58000
60000
60000
59000
59000
60000
45000
60000
60000
59000
60000
61000
60000
60000
61000
61000
60000
60000
61000
59000
61000
61000
60000
60000
60000
61000
61000
61000
60000
61000
62000
61000
61000
46000
62000
62000
61000
61000
62000
60000
62000
62000
61000
61000
62000
61000
62000
62000
61000
62000
63000
62000
62000
63000
63000
62000
62000
61000
63000
47000
63000
62000
62000
62000
63000
63000
63000
64000
62000
63000
63000
64000
63000
63000
64000
63000
63000
62000
64000
48000
63000
64000
63000
64000
63000
64000
64000
64000
65000
64000
63000
65000
64000
64000
64000
65000
64000
65000
63000
65000
64000
64000
64000
65000
65000
65000
49000
65000
65000
66000
66000
65000
64000
65000
65000
65000
66000
66000
64000
65000
66000
65000
66000
66000
66000
65000
66000
66000
67000
65000
67000
66000
66000
66000
50000
67000
66000
67000
65000
66000
67000
67000
66000
67000
67000
66000
67000
67000
68000
66000
68000
67000
67000
67000
67000
68000
68000
66000
51000
67000
68000
67000
68000
68000
67000
68000
68000
68000
69000
69000
67000
68000
68000
68000
69000
68000
69000
67000
68000
52000
69000
69000
68000
69000
69000
69000
70000
69000
68000
69000
68000
70000
69000
69000
69000
70000
70000
68000
69000
70000
69000
70000
71000
70000
70000
70000
70000
69000
69000
70000
71000
53000
70000
70000
70000
71000
71000
69000
70000
71000
70000
71000
70000
71000
70000
71000
72000
71000
72000
71000
71000
71000
71000
71000
72000
54000
72000
70000
72000
71000
71000
71000
72000
73000
72000
72000
72000
72000
72000
72000
73000
71000
72000
73000
73000
71000
72000
55000
73000
72000
72000
72000
73000
73000
74000
73000
73000
73000
73000
73000
74000
74000
72000
74000
72000
73000
73000
74000
73000
73000
73000
56000
74000
75000
74000
74000
74000
74000
74000
74000
75000
75000
73000
73000
74000
75000
74000
75000
74000
74000
74000
75000
76000
75000
75000
75000
75000
75000
57000
75000
76000
74000
75000
74000
75000
76000
76000
76000
75000
75000
76000
75000
77000
76000
76000
76000
76000
76000
76000
75000
76000
75000
76000
77000
58000
77000
77000
77000
76000
76000
77000
78000
77000
77000
77000
77000
77000
76000
76000
77000
77000
77000
76000
78000
78000
78000
78000
77000
77000
78000
79000
78000
78000
78000
59000
77000
78000
77000
78000
78000
78000
78000
79000
77000
79000
79000
79000
78000
78000
79000
80000
79000
79000
79000
78000
79000
78000
79000
79000
79000
79000
80000
60000
78000
80000
80000
80000
79000
79000
80000
81000
80000
80000
80000
79000
79000
80000
80000
80000
80000
80000
81000
79000
81000
81000
80000
80000
81000
81000
82000
61000
81000
81000
80000
80000
81000
81000
81000
81000
81000
81000
82000
82000
82000
81000
80000
81000
82000
83000
82000
82000
82000
82000
81000
62000
82000
82000
82000
81000
82000
82000
83000
83000
82000
83000
84000
82000
83000
81000
83000
83000
83000
83000
83000
82000
83000
83000
82000
83000
84000
84000
84000
83000
83000
63000
85000
84000
82000
83000
84000
84000
84000
84000
84000
84000
84000
83000
83000
84000
85000
85000
85000
84000
84000
86000
83000
84000
85000
64000
85000
85000
85000
85000
85000
85000
85000
84000
84000
85000
86000
86000
86000
85000
85000
87000
84000
85000
86000
86000
86000
86000
86000
86000
85000
86000
86000
65000
86000
85000
87000
87000
86000
87000
86000
88000
85000
86000
87000
87000
87000
87000
87000
86000
87000
87000
86000
87000
88000
87000
87000
88000
88000
66000
89000
86000
87000
88000
87000
88000
88000
88000
87000
88000
88000
88000
87000
88000
89000
88000
89000
89000
88000
90000
88000
87000
89000
88000
89000
67000
89000
89000
89000
88000
89000
88000
89000
89000
90000
89000
90000
89000
91000
90000
89000
88000
90000
89000
90000
90000
90000
90000
89000
68000
90000
89000
90000
90000
91000
90000
91000
90000
92000
91000
90000
89000
91000
91000
90000
91000
91000
91000
90000
91000
91000
90000
91000
92000
92000
91000
91000
93000
92000
69000
91000
90000
92000
92000
91000
92000
92000
92000
91000
92000
92000
91000
92000
93000
93000
92000
92000
94000
93000
92000
91000
93000
93000
92000
93000
70000
93000
93000
92000
93000
94000
92000
94000
93000
93000
93000
95000
93000
94000
93000
92000
94000
93000
94000
94000
94000
94000
93000
94000
71000
95000
95000
94000
94000
93000
94000
95000
94000
96000
94000
93000
95000
95000
95000
94000
95000
95000
94000
95000
96000
95000
96000
94000
96000
95000
97000
95000
95000
94000
96000
96000
72000
95000
96000
95000
96000
95000
96000
97000
96000
97000
96000
95000
97000
96000
96000
98000
95000
97000
97000
96000
97000
96000
97000
97000
96000
73000
98000
96000
98000
97000
96000
97000
98000
97000
97000
99000
96000
98000
98000
98000
97000
97000
98000
98000
99000
97000
98000
97000
97000
99000
98000
74000
98000
100000
97000
98000
99000
99000
99000
99000
98000
98000
99000
100000
98000
99000
99000
98000
100000
98000
99000
101000
99000
99000
98000
100000
100000
100000
100000
75000
99000
99000
100000
101000
99000
100000
100000
99000
99000
100000
100000
102000
101000
100000
99000
101000
101000
101000
101000
100000
100000
101000
102000
100000
101000
101000
76000
100000
100000
101000
101000
103000
102000
101000
100000
102000
102000
102000
102000
101000
101000
102000
103000
101000
102000
102000
101000
101000
102000
102000
104000
103000
102000
101000
77000
103000
103000
103000
102000
102000
103000
104000
102000
103000
103000
103000
102000
103000
103000
102000
105000
104000
102000
103000
104000
104000
104000
103000
103000
104000
105000
78000
104000
103000
104000
104000
104000
103000
103000
104000
105000
106000
104000
103000
105000
105000
105000
104000
104000
105000
106000
105000
104000
105000
105000
105000
104000
104000
105000
79000
107000
106000
105000
104000
106000
106000
106000
105000
105000
106000
107000
106000
105000
106000
106000
106000
105000
105000
106000
108000
107000
106000
107000
105000
107000
107000
80000
106000
107000
108000
106000
107000
107000
107000
106000
106000
107000
106000
109000
107000
107000
108000
106000
108000
108000
108000
108000
109000
107000
108000
81000
108000
107000
107000
108000
107000
108000
110000
108000
108000
109000
107000
107000
109000
109000
109000
110000
109000
109000
109000
108000
108000
109000
108000
111000
109000
109000
109000
108000
110000
82000
108000
108000
110000
110000
110000
111000
110000
109000
109000
110000
109000
110000
110000
112000
110000
110000
109000
109000
109000
110000
111000
111000
111000
83000
111000
112000
110000
110000
111000
110000
111000
111000
113000
111000
111000
111000
110000
110000
110000
111000
112000
112000
112000
112000
113000
111000
84000
111000
112000
111000
112000
114000
112000
112000
112000
112000
111000
111000
111000
112000
113000
113000
113000
113000
114000
112000
113000
112000
112000
113000
115000
113000
113000
113000
113000
112000
112000
113000
85000
112000
114000
114000
114000
114000
115000
113000
114000
113000
113000
114000
114000
114000
114000
116000
113000
113000
115000
113000
114000
114000
115000
115000
115000
116000
86000
114000
114000
115000
114000
115000
115000
115000
115000
114000
117000
114000
116000
114000
115000
116000
116000
115000
116000
117000
115000
115000
116000
115000
116000
87000
116000
116000
116000
115000
118000
117000
115000
115000
116000
117000
116000
117000
118000
117000
117000
116000
116000
116000
117000
117000
119000
117000
116000
118000
117000
117000
116000
118000
88000
116000
118000
117000
119000
118000
117000
117000
118000
120000
118000
117000
118000
119000
118000
118000
118000
117000
117000
119000
117000
119000
120000
118000
119000
89000
118000
118000
119000
121000
119000
119000
120000
119000
119000
119000
118000
118000
118000
118000
120000
120000
119000
121000
120000
119000
119000
120000
122000
120000
121000
120000
90000
120000
119000
119000
119000
119000
120000
121000
120000
121000
120000
122000
121000
120000
121000
123000
121000
122000
121000
121000
120000
120000
120000
120000
120000
122000
121000
121000
123000
121000
122000
122000
91000
121000
122000
124000
122000
123000
122000
121000
122000
121000
121000
121000
121000
123000
122000
124000
122000
122000
123000
123000
122000
123000
125000
123000
124000
123000
123000
122000
92000
122000
122000
122000
124000
122000
123000
125000
123000
123000
124000
124000
123000
124000
124000
125000
124000
124000
123000
123000
126000
123000
123000
123000
125000
124000
126000
124000
93000
125000
124000
125000
125000
124000
125000
125000
126000
124000
124000
124000
125000
124000
127000
126000
124000
125000
127000
125000
126000
125000
94000
125000
126000
126000
126000
127000
126000
125000
125000
126000
125000
128000
125000
127000
126000
125000
128000
126000
127000
126000
127000
127000
127000
126000
128000
127000
126000
95000
126000
127000
126000
129000
126000
127000
126000
128000
128000
129000
127000
128000
128000
128000
127000
127000
129000
128000
128000
127000
127000
127000
130000
96000
127000
127000
130000
128000
128000
129000
129000
129000
129000
128000
129000
128000
130000
129000
129000
128000
128000
128000
131000
97000
128000
128000
129000
130000
129000
130000
131000
130000
130000
129000
130000
129000
131000
130000
130000
129000
129000
129000
132000
129000
130000
129000
131000
131000
132000
130000
131000
130000
130000
98000
131000
131000
132000
131000
131000
130000
133000
130000
130000
131000
130000
132000
132000
131000
131000
131000
130000
132000
132000
133000
132000
133000
132000
132000
131000
134000
99000
131000
131000
131000
132000
133000
132000
133000
132000
132000
131000
133000
133000
133000
134000
134000
133000
133000
132000
135000
132000
132000
100000
134000
133000
132000
133000
132000
134000
134000
133000
135000
135000
134000
134000
133000
134000
134000
133000
136000
133000
133000
135000
133000
101000
134000
133000
134000
135000
136000
134000
135000
135000
136000
134000
135000
135000
135000
134000
137000
134000
134000
134000
135000
134000
136000
135000
136000
137000
135000
136000
136000
136000
135000
136000
137000
136000
135000
138000
102000
135000
135000
135000
135000
136000
136000
137000
137000
136000
138000
137000
137000
137000
137000
138000
136000
137000
136000
139000
136000
136000
103000
136000
136000
137000
138000
137000
138000
139000
137000
138000
138000
138000
138000
139000
137000
137000
138000
140000
137000
137000
137000
137000
139000
138000
138000
139000
140000
104000
138000
139000
139000
139000
138000
140000
139000
141000
138000
139000
138000
138000
138000
139000
140000
141000
139000
139000
140000
138000
140000
140000
139000
141000
140000
139000
140000
140000
142000
139000
105000
139000
139000
140000
141000
142000
140000
141000
139000
140000
141000
140000
141000
142000
140000
141000
141000
141000
143000
140000
140000
140000
141000
106000
142000
141000
142000
140000
142000
143000
141000
141000
142000
142000
141000
142000
143000
144000
142000
141000
141000
141000
142000
141000
143000
143000
142000
143000
144000
142000
142000
143000
142000
145000
144000
143000
143000
107000
143000
142000
142000
142000
143000
142000
144000
144000
144000
143000
144000
143000
145000
143000
146000
143000
144000
144000
145000
143000
144000
108000
143000
143000
144000
145000
143000
145000
144000
147000
144000
145000
144000
146000
145000
145000
144000
145000
146000
144000
145000
144000
144000
144000
109000
146000
145000
146000
145000
148000
145000
146000
145000
146000
147000
146000
145000
146000
147000
145000
146000
145000
145000
145000
147000
147000
146000
146000
149000
147000
146000
146000
147000
148000
147000
147000
110000
146000
148000
146000
147000
146000
146000
148000
146000
148000
147000
147000
150000
148000
148000
147000
149000
148000
148000
147000
147000
147000
111000
149000
148000
147000
149000
147000
149000
148000
147000
149000
151000
148000
149000
148000
150000
149000
148000
149000
148000
148000
150000
149000
148000
150000
148000
150000
149000
150000
148000
112000
152000
150000
149000
149000
151000
150000
149000
150000
149000
149000
151000
150000
149000
149000
151000
150000
151000
151000
149000
153000
151000
152000
151000
150000
150000
150000
151000
113000
150000
150000
152000
151000
150000
150000
152000
151000
152000
150000
154000
152000
152000
153000
151000
152000
151000
151000
152000
151000
151000
153000
114000
152000
151000
152000
153000
151000
151000
155000
153000
153000
153000
154000
152000
153000
153000
152000
152000
152000
152000
154000
153000
152000
153000
154000
152000
156000
152000
154000
154000
154000
155000
153000
154000
115000
154000
153000
153000
153000
153000
155000
154000
153000
155000
154000
153000
157000
153000
155000
155000
155000
156000
154000
155000
155000
154000
154000
154000
154000
116000
156000
155000
154000
156000
155000
154000
158000
156000
154000
156000
156000
157000
155000
156000
156000
155000
155000
155000
155000
157000
155000
156000
157000
156000
155000
159000
117000
157000
155000
157000
158000
157000
156000
157000
157000
156000
156000
156000
156000
158000
158000
157000
157000
156000
156000
160000
158000
158000
159000
157000
158000
158000
156000
158000
157000
118000
157000
157000
157000
159000
158000
157000
158000
159000
161000
159000
157000
159000
158000
160000
159000
157000
159000
159000
158000
158000
158000
158000
119000
160000
159000
158000
159000
160000
162000
160000
158000
160000
159000
161000
160000
158000
160000
160000
159000
159000
159000
159000
161000
159000
160000
160000
161000
161000
159000
161000
163000
160000
120000
162000
161000
161000
159000
161000
160000
160000
160000
160000
162000
160000
161000
162000
161000
162000
160000
162000
164000
161000
163000
162000
162000
160000
162000
161000
161000
161000
161000
121000
163000
163000
162000
161000
163000
162000
161000
163000
165000
162000
164000
163000
163000
163000
162000
161000
162000
162000
162000
164000
122000
164000
163000
164000
162000
163000
162000
164000
166000
165000
163000
164000
164000
164000
163000
162000
163000
163000
163000
165000
165000
164000
165000
164000
163000
165000
167000
163000
166000
164000
165000
165000
165000
164000
123000
164000
163000
164000
164000
166000
166000
166000
165000
164000
164000
165000
168000
166000
165000
166000
167000
166000
166000
165000
164000
165000
165000
165000
124000
167000
167000
166000
165000
165000
166000
167000
168000
167000
169000
167000
165000
166000
167000
166000
167000
166000
166000
166000
168000
166000
167000
125000
168000
166000
167000
169000
168000
168000
168000
168000
167000
168000
167000
170000
167000
167000
166000
169000
167000
167000
168000
169000
169000
167000
168000
170000
169000
126000
168000
169000
169000
169000
168000
171000
168000
167000
170000
168000
168000
168000
169000
170000
170000
168000
169000
170000
171000
169000
170000
170000
170000
169000
172000
169000
168000
171000
127000
169000
169000
169000
170000
171000
171000
169000
170000
171000
172000
170000
171000
171000
171000
170000
173000
170000
169000
172000
170000
170000
170000
128000
171000
172000
172000
170000
173000
171000
171000
172000
172000
172000
174000
171000
172000
171000
173000
171000
170000
171000
171000
172000
173000
173000
171000
174000
172000
173000
129000
172000
173000
175000
172000
172000
171000
173000
173000
172000
172000
172000
174000
174000
173000
172000
174000
175000
173000
173000
174000
174000
173000
130000
172000
174000
173000
173000
176000
173000
174000
173000
175000
175000
173000
174000
175000
176000
174000
175000
174000
174000
175000
174000
174000
173000
175000
174000
177000
175000
176000
174000
176000
174000
131000
175000
176000
177000
175000
176000
175000
175000
176000
175000
175000
174000
176000
178000
175000
176000
177000
175000
177000
175000
176000
177000
178000
176000
132000
177000
176000
177000
176000
176000
176000
175000
177000
179000
176000
177000
178000
176000
178000
176000
177000
179000
178000
177000
178000
177000
178000
177000
176000
177000
177000
178000
180000
177000
133000
178000
179000
177000
179000
177000
178000
180000
179000
178000
179000
178000
179000
178000
177000
181000
178000
179000
178000
178000
179000
180000
180000
134000
178000
178000
181000
179000
180000
179000
180000
179000
180000
182000
178000
179000
179000
180000
181000
179000
180000
181000
179000
179000
182000
179000
181000
135000
180000
180000
181000
180000
181000
183000
180000
179000
180000
181000
182000
182000
180000
180000
180000
183000
181000
180000
182000
182000
181000
181000
136000
181000
181000
182000
184000
180000
181000
183000
183000
182000
181000
184000
181000
181000
181000
183000
183000
182000
182000
182000
182000
182000
183000
185000
181000
182000
184000
137000
184000
183000
185000
182000
182000
182000
182000
184000
184000
183000
183000
183000
183000
186000
184000
183000
183000
182000
185000
185000
184000
183000
186000
183000
183000
185000
183000
138000
184000
185000
184000
184000
184000
187000
183000
185000
184000
186000
185000
186000
184000
184000
187000
184000
184000
184000
186000
185000
186000
139000
185000
185000
185000
188000
184000
186000
185000
187000
186000
187000
185000
185000
188000
185000
185000
185000
187000
186000
186000
186000
187000
186000
189000
185000
187000
188000
186000
140000
187000
186000
188000
186000
189436
186000
189000
186000
186000
188000
187000
187000
187000
187000
188000
189435
186000
189000
187000
188000
187000
187000
187000
188000
189000
187000
187000
189437
189000
141000
188000
188000
188000
189000
188000
189437
187000
189437
188000
189000
188000
189435
188000
188000
188000
189000
188000
189437
189000
189000
189000
189000
189437
142000
188000
189000
189000
189436
189437
189436
189436
189000
189000
189000
189000
189435
189436
189436
189435
189436
189437
189000
143000
189437
144000
145000
146000
147000
148000
149000
150000
151000
152000
153000
154000
155000
156000
157000
158000
159000
160000
161000
162000
163000
164000
165000
166000
167000
168000
169000
170000
171000
172000
173000
174000
175000
176000
177000
178000
179000
180000
181000
182000
183000
184000
185000
186000
187000
188000
189000
189436
It took 18 secs to filter 3788724 sequences.



Length of filtered alignment: 1428
Number of columns removed: 457
Length of the original alignment: 1885
Number of sequences used to construct filter: 3788724

Output File Names: 
/mnt/research/ShadeLab/Barnett/Centralia/MultiYear_intermediateseq/lib1_run2_merged_maxEE_noN.filter
/mnt/research/ShadeLab/Barnett/Centralia/MultiYear_intermediateseq/lib1_run2_merged_maxEE_noN.unique.filter.good.filter.fasta


mothur > quit()

mothur > quit()
 
 
Prefiltered
3848746
Postfilterd
3788724
 
 
Inflate sequences
 
[3J[H[2JLinux version

Using ReadLine

Using Boost

Running 64Bit Version

mothur v.1.40.4
Last updated: 02/04/2022
by
Patrick D. Schloss

Department of Microbiology & Immunology

University of Michigan
http://www.mothur.org

When using, please cite:
Schloss, P.D., et al., Introducing mothur: Open-source, platform-independent, community-supported software for describing and comparing microbial communities. Appl Environ Microbiol, 2009. 75(23):7537-41.

Distributed under the GNU General Public License

Type 'help()' for information on the commands that are available

For questions and analysis support, please visit our forum at https://www.mothur.org/forum

Type 'quit()' to exit program

Script Mode


mothur > deunique.seqs(fasta=/mnt/research/ShadeLab/Barnett/Centralia/MultiYear_intermediateseq/lib1_run2_merged_maxEE_noN.unique.filter.good.filter.fasta, name=/mnt/research/ShadeLab/Barnett/Centralia/MultiYear_intermediateseq/lib1_run2_merged_maxEE_noN.names)

Output File Names: 
/mnt/research/ShadeLab/Barnett/Centralia/MultiYear_intermediateseq/lib1_run2_merged_maxEE_noN.unique.filter.good.filter.redundant.fasta


mothur > quit()

mothur > quit()
 
 
Generate final QCed read file
 
[3J[H[2JLinux version

Using ReadLine

Using Boost

Running 64Bit Version

mothur v.1.40.4
Last updated: 02/04/2022
by
Patrick D. Schloss

Department of Microbiology & Immunology

University of Michigan
http://www.mothur.org

When using, please cite:
Schloss, P.D., et al., Introducing mothur: Open-source, platform-independent, community-supported software for describing and comparing microbial communities. Appl Environ Microbiol, 2009. 75(23):7537-41.

Distributed under the GNU General Public License

Type 'help()' for information on the commands that are available

For questions and analysis support, please visit our forum at https://www.mothur.org/forum

Type 'quit()' to exit program

Script Mode


mothur > summary.seqs(fasta=/mnt/research/ShadeLab/Barnett/Centralia/MultiYear_finalQCreads/lib1_run2_finalQC.fasta, processors=1)

Using 1 processors.

		Start	End	NBases	Ambigs	Polymer	NumSeqs
Minimum:	1	208	208	0	3	1
2.5%-tile:	1	253	253	0	4	260796
25%-tile:	1	253	253	0	4	2607954
Median: 	1	253	253	0	5	5215908
75%-tile:	1	253	253	0	5	7823861
97.5%-tile:	1	254	254	0	7	10171019
Maximum:	1	458	458	0	8	10431814
Mean:	1	253	253	0	4
# of Seqs:	10431814

It took 1312 secs to summarize 10431814 sequences.

Output File Names:
 /mnt/research/ShadeLab/Barnett/Centralia/MultiYear_finalQCreads/lib1_run2_finalQC.summary


mothur > quit()

mothur > quit()
 
 
Final sequence count
10431814
 
Done!
