
Lmod is automatically replacing "Python/3.6.4" with "Conda/3".

Screening sequences: positions 263 to 1257
 
[3J[H[2JLinux version

Using ReadLine

Using Boost

Running 64Bit Version

mothur v.1.40.4
Last updated: 02/04/2022
by
Patrick D. Schloss

Department of Microbiology & Immunology

University of Michigan
http://www.mothur.org

When using, please cite:
Schloss, P.D., et al., Introducing mothur: Open-source, platform-independent, community-supported software for describing and comparing microbial communities. Appl Environ Microbiol, 2009. 75(23):7537-41.

Distributed under the GNU General Public License

Type 'help()' for information on the commands that are available

For questions and analysis support, please visit our forum at https://www.mothur.org/forum

Type 'quit()' to exit program

Script Mode


mothur > screen.seqs(fasta=/mnt/research/ShadeLab/Barnett/Centralia/MultiYear_intermediateseq/lib1_run1_merged_maxEE_noN.unique.filter.fasta, processors=20, name=/mnt/research/ShadeLab/Barnett/Centralia/MultiYear_intermediateseq/lib1_run1_merged_maxEE_noN.names, group=/mnt/research/ShadeLab/Barnett/Centralia/MultiYear_intermediateseq/lib1_run1_group_file.txt, start=263, end=1257, maxhomop=8)

Using 20 processors.
1000
1000
1000
1000
1000
1000
1000
1000
1000
1000
1000
1000
1000
1000
1000
1000
1000
1000
1000
1000
2000
2000
2000
2000
2000
2000
2000
2000
2000
2000
2000
2000
2000
2000
2000
2000
2000
2000
2000
2000
3000
3000
3000
3000
3000
3000
3000
3000
3000
3000
3000
3000
3000
3000
3000
3000
3000
3000
3000
3000
4000
4000
4000
4000
4000
4000
4000
4000
4000
4000
4000
4000
4000
4000
4000
4000
4000
4000
4000
4000
5000
5000
5000
5000
5000
5000
5000
5000
5000
5000
5000
5000
5000
5000
5000
5000
5000
5000
5000
5000
6000
6000
6000
6000
6000
6000
6000
6000
6000
6000
6000
6000
6000
6000
6000
6000
6000
6000
6000
6000
7000
7000
7000
7000
7000
7000
7000
7000
7000
7000
7000
7000
7000
7000
7000
7000
7000
7000
7000
7000
8000
8000
8000
8000
8000
8000
8000
8000
8000
8000
8000
8000
8000
8000
8000
8000
8000
8000
8000
8000
9000
9000
9000
9000
9000
9000
9000
9000
9000
9000
9000
9000
9000
9000
9000
9000
9000
9000
9000
9000
10000
10000
10000
10000
10000
10000
10000
10000
10000
10000
10000
10000
10000
10000
10000
10000
10000
10000
10000
10000
11000
11000
11000
11000
11000
11000
11000
11000
11000
11000
11000
11000
11000
11000
11000
11000
11000
11000
11000
11000
12000
12000
12000
12000
12000
12000
12000
12000
12000
12000
12000
12000
12000
12000
12000
12000
12000
12000
12000
12000
13000
13000
13000
13000
13000
13000
13000
13000
13000
13000
13000
13000
13000
13000
13000
13000
13000
13000
13000
13000
14000
14000
14000
14000
14000
14000
14000
14000
14000
14000
14000
14000
14000
14000
14000
14000
14000
14000
14000
14000
15000
15000
15000
15000
15000
15000
15000
15000
15000
15000
15000
15000
15000
15000
15000
15000
15000
15000
15000
15000
16000
16000
16000
16000
16000
16000
16000
16000
16000
16000
16000
16000
16000
16000
16000
16000
16000
16000
16000
16000
17000
17000
17000
17000
17000
17000
17000
17000
17000
17000
17000
17000
17000
17000
17000
17000
17000
17000
17000
17000
18000
18000
18000
18000
18000
18000
18000
18000
18000
18000
18000
18000
18000
18000
18000
18000
18000
18000
18000
18000
19000
19000
19000
19000
19000
19000
19000
19000
19000
19000
19000
19000
19000
19000
19000
19000
19000
19000
19000
19000
20000
20000
20000
20000
20000
20000
20000
20000
20000
20000
20000
20000
20000
20000
20000
20000
20000
20000
20000
20000
21000
21000
21000
21000
21000
21000
21000
21000
21000
21000
21000
21000
21000
21000
21000
21000
21000
21000
21000
21000
22000
22000
22000
22000
22000
22000
22000
22000
22000
22000
22000
22000
22000
22000
22000
22000
22000
22000
22000
22000
23000
23000
23000
23000
23000
23000
23000
23000
23000
23000
23000
23000
23000
23000
23000
23000
23000
23000
23000
23000
24000
24000
24000
24000
24000
24000
24000
24000
24000
24000
24000
24000
24000
24000
24000
24000
24000
24000
24000
24000
25000
25000
25000
25000
25000
25000
25000
25000
25000
25000
25000
25000
25000
25000
25000
25000
25000
25000
25000
25000
26000
26000
26000
26000
26000
26000
26000
26000
26000
26000
26000
26000
26000
26000
26000
26000
26000
26000
26000
26000
27000
27000
27000
27000
27000
27000
27000
27000
27000
27000
27000
27000
27000
27000
27000
27000
27000
27000
27000
27000
28000
28000
28000
28000
28000
28000
28000
28000
28000
28000
28000
28000
28000
28000
28000
28000
28000
28000
28000
28000
29000
29000
29000
29000
29000
29000
29000
29000
29000
29000
29000
29000
29000
29000
29000
29000
29000
29000
29000
29000
30000
30000
30000
30000
30000
30000
30000
30000
30000
30000
30000
30000
30000
30000
30000
30000
30000
30000
30000
30000
31000
31000
31000
31000
31000
31000
31000
31000
31000
31000
31000
31000
31000
31000
31000
31000
31000
31000
31000
31000
32000
32000
32000
32000
32000
32000
32000
32000
32000
32000
32000
32000
32000
32000
32000
32000
32000
32000
32000
32000
33000
33000
33000
33000
33000
33000
33000
33000
33000
33000
33000
33000
33000
33000
33000
33000
33000
33000
33000
33000
34000
34000
34000
34000
34000
34000
34000
34000
34000
34000
34000
34000
34000
34000
34000
34000
34000
34000
34000
34000
35000
35000
35000
35000
35000
35000
35000
35000
35000
35000
35000
35000
35000
35000
35000
35000
35000
35000
35000
35000
36000
36000
36000
36000
36000
36000
36000
36000
36000
36000
36000
36000
36000
36000
36000
36000
36000
36000
36000
36000
37000
37000
37000
37000
37000
37000
37000
37000
37000
37000
37000
37000
37000
37000
37000
37000
37000
37000
37000
37000
38000
38000
38000
38000
38000
38000
38000
38000
38000
38000
38000
38000
38000
38000
38000
38000
38000
38000
38000
38000
39000
39000
39000
39000
39000
39000
39000
39000
39000
39000
39000
39000
39000
39000
39000
39000
39000
39000
39000
39000
40000
40000
40000
40000
40000
40000
40000
40000
40000
40000
40000
40000
40000
40000
40000
40000
40000
40000
40000
40000
41000
41000
41000
41000
41000
41000
41000
41000
41000
41000
41000
41000
41000
41000
41000
41000
41000
41000
41000
41000
42000
42000
42000
42000
42000
42000
42000
42000
42000
42000
42000
42000
42000
42000
42000
42000
42000
42000
42000
42000
43000
43000
43000
43000
43000
43000
43000
43000
43000
43000
43000
43000
43000
43000
43000
43000
43000
43000
43000
43000
44000
44000
44000
44000
44000
44000
44000
44000
44000
44000
44000
44000
44000
44000
44000
44000
44000
44000
44000
44000
45000
45000
45000
45000
45000
45000
45000
45000
45000
45000
45000
45000
45000
45000
45000
45000
45000
45000
45000
45000
46000
46000
46000
46000
46000
46000
46000
46000
46000
46000
46000
46000
46000
46000
46000
46000
46000
46000
46000
46000
47000
47000
47000
47000
47000
47000
47000
47000
47000
47000
47000
47000
47000
47000
47000
47000
47000
47000
47000
47000
48000
48000
48000
48000
48000
48000
48000
48000
48000
48000
48000
48000
48000
48000
48000
48000
48000
48000
48000
48000
49000
49000
49000
49000
49000
49000
49000
49000
49000
49000
49000
49000
49000
49000
49000
49000
49000
49000
49000
49000
50000
50000
50000
50000
50000
50000
50000
50000
50000
50000
50000
50000
50000
50000
50000
50000
50000
50000
50000
50000
51000
51000
51000
51000
51000
51000
51000
51000
51000
51000
51000
51000
51000
51000
51000
51000
51000
51000
51000
51000
52000
52000
52000
52000
52000
52000
52000
52000
52000
52000
52000
52000
52000
52000
52000
52000
52000
52000
52000
52000
53000
53000
53000
53000
53000
53000
53000
53000
53000
53000
53000
53000
53000
53000
53000
53000
53000
53000
53000
53000
54000
54000
54000
54000
54000
54000
54000
54000
54000
54000
54000
54000
54000
54000
54000
54000
54000
54000
54000
54000
55000
55000
55000
55000
55000
55000
55000
55000
55000
55000
55000
55000
55000
55000
55000
55000
55000
55000
55000
55000
56000
56000
56000
56000
56000
56000
56000
56000
56000
56000
56000
56000
56000
56000
56000
56000
56000
56000
56000
56000
57000
57000
57000
57000
57000
57000
57000
57000
57000
57000
57000
57000
57000
57000
57000
57000
57000
57000
57000
57000
58000
58000
58000
58000
58000
58000
58000
58000
58000
58000
58000
58000
58000
58000
58000
58000
58000
58000
58000
58000
59000
59000
59000
59000
59000
59000
59000
59000
59000
59000
59000
59000
59000
59000
59000
59000
59000
59000
59000
59000
60000
60000
60000
60000
60000
60000
60000
60000
60000
60000
60000
60000
60000
60000
60000
60000
60000
60000
60000
60000
61000
61000
61000
61000
61000
61000
61000
61000
61000
61000
61000
61000
61000
61000
61000
61000
61000
61000
61000
61000
62000
62000
62000
62000
62000
62000
62000
62000
62000
62000
62000
62000
62000
62000
62000
62000
62000
62000
62000
62000
63000
63000
63000
63000
63000
63000
63000
63000
63000
63000
63000
63000
63000
63000
63000
63000
63000
63000
63000
63000
64000
64000
64000
64000
64000
64000
64000
64000
64000
64000
64000
64000
64000
64000
64000
64000
64000
64000
64000
64000
65000
65000
65000
65000
65000
65000
65000
65000
65000
65000
65000
65000
65000
65000
65000
65000
65000
65000
65000
65000
66000
66000
66000
66000
66000
66000
66000
66000
66000
66000
66000
66000
66000
66000
66000
66000
66000
66000
66000
66000
67000
67000
67000
67000
67000
67000
67000
67000
67000
67000
67000
67000
67000
67000
67000
67000
67000
67000
67000
67000
68000
68000
68000
68000
68000
68000
68000
68000
68000
68000
68000
68000
68000
68000
68000
68000
68000
68000
68000
68000
69000
69000
69000
69000
69000
69000
69000
69000
69000
69000
69000
69000
69000
69000
69000
69000
69000
69000
69000
69000
70000
70000
70000
70000
70000
70000
70000
70000
70000
70000
70000
70000
70000
70000
70000
70000
70000
70000
70000
70000
71000
71000
71000
71000
71000
71000
71000
71000
71000
71000
71000
71000
71000
71000
71000
71000
71000
71000
71000
71000
72000
72000
72000
72000
72000
72000
72000
72000
72000
72000
72000
72000
72000
72000
72000
72000
72000
72000
72000
72000
73000
73000
73000
73000
73000
73000
73000
73000
73000
73000
73000
73000
73000
73000
73000
73000
73000
73000
73000
73000
74000
74000
74000
74000
74000
74000
74000
74000
74000
74000
74000
74000
74000
74000
74000
74000
74000
74000
74000
74000
75000
75000
75000
75000
75000
75000
75000
75000
75000
75000
75000
75000
75000
75000
75000
75000
75000
75000
75000
75000
76000
76000
76000
76000
76000
76000
76000
76000
76000
76000
76000
76000
76000
76000
76000
76000
76000
76000
76000
76000
77000
77000
77000
77000
77000
77000
77000
77000
77000
77000
77000
77000
77000
77000
77000
77000
77000
77000
77000
77000
78000
78000
78000
78000
78000
78000
78000
78000
78000
78000
78000
78000
78000
78000
78000
78000
78000
78000
78000
78000
79000
79000
79000
79000
79000
79000
79000
79000
79000
79000
79000
79000
79000
79000
79000
79000
79000
79000
79000
79000
80000
80000
80000
80000
80000
80000
80000
80000
80000
80000
80000
80000
80000
80000
80000
80000
80000
80000
80000
80000
81000
81000
81000
81000
81000
81000
81000
81000
81000
81000
81000
81000
81000
81000
81000
81000
81000
81000
81000
81000
82000
82000
82000
82000
82000
82000
82000
82000
82000
82000
82000
82000
82000
82000
82000
82000
82000
82000
82000
82000
83000
83000
83000
83000
83000
83000
83000
83000
83000
83000
83000
83000
83000
83000
83000
83000
83000
83000
83000
83000
84000
84000
84000
84000
84000
84000
84000
84000
84000
84000
84000
84000
84000
84000
84000
84000
84000
84000
84000
84000
85000
85000
85000
85000
85000
85000
85000
85000
85000
85000
85000
85000
85000
85000
85000
85000
85000
85000
85000
85000
86000
86000
86000
86000
86000
86000
86000
86000
86000
86000
86000
86000
86000
86000
86000
86000
86000
86000
86000
86000
87000
87000
87000
87000
87000
87000
87000
87000
87000
87000
87000
87000
87000
87000
87000
87000
87000
87000
87000
87000
88000
88000
88000
88000
88000
88000
88000
88000
88000
88000
88000
88000
88000
88000
88000
88000
88000
88000
88000
88000
89000
89000
89000
89000
89000
89000
89000
89000
89000
89000
89000
89000
89000
89000
89000
89000
89000
89000
89000
89000
90000
90000
90000
90000
90000
90000
90000
90000
90000
90000
90000
90000
90000
90000
90000
90000
90000
90000
90000
90000
91000
91000
91000
91000
91000
91000
91000
91000
91000
91000
91000
91000
91000
91000
91000
91000
91000
91000
91000
91000
92000
92000
92000
92000
92000
92000
92000
92000
92000
92000
92000
92000
92000
92000
92000
92000
92000
92000
92000
92000
93000
93000
93000
93000
93000
93000
93000
93000
93000
93000
93000
93000
93000
93000
93000
93000
93000
93000
93000
93000
94000
94000
94000
94000
94000
94000
94000
94000
94000
94000
94000
94000
94000
94000
94000
94000
94000
94000
94000
94000
95000
95000
95000
95000
95000
95000
95000
95000
95000
95000
95000
95000
95000
95000
95000
95000
95000
95000
95000
95000
96000
96000
96000
96000
96000
96000
96000
96000
96000
96000
96000
96000
96000
96000
96000
96000
96000
96000
96000
96000
97000
97000
97000
97000
97000
97000
97000
97000
97000
97000
97000
97000
97000
97000
97000
97000
97000
97000
97000
97000
98000
98000
98000
98000
98000
98000
98000
98000
98000
98000
98000
98000
98000
98000
98000
98000
98000
98000
98000
98000
99000
99000
99000
99000
99000
99000
99000
99000
99000
99000
99000
99000
99000
99000
99000
99000
99000
99000
99000
99000
100000
100000
100000
100000
100000
100000
100000
100000
100000
100000
100000
100000
100000
100000
100000
100000
100000
100000
100000
100000
101000
101000
101000
101000
101000
101000
101000
101000
101000
101000
101000
101000
101000
101000
101000
101000
101000
101000
101000
101000
102000
102000
102000
102000
102000
102000
102000
102000
102000
102000
102000
102000
102000
102000
102000
102000
102000
102000
102000
102000
103000
103000
103000
103000
103000
103000
103000
103000
103000
103000
103000
103000
103000
103000
103000
103000
103000
103000
103000
103000
104000
104000
104000
104000
104000
104000
104000
104000
104000
104000
104000
104000
104000
104000
104000
104000
104000
104000
104000
104000
105000
105000
105000
105000
105000
105000
105000
105000
105000
105000
105000
105000
105000
105000
105000
105000
105000
105000
105000
105000
106000
106000
106000
106000
106000
106000
106000
106000
106000
106000
106000
106000
106000
106000
106000
106000
106000
106000
106000
106000
107000
107000
107000
107000
107000
107000
107000
107000
107000
107000
107000
107000
107000
107000
107000
107000
107000
107000
107000
107000
108000
108000
108000
108000
108000
108000
108000
108000
108000
108000
108000
108000
108000
108000
108000
108000
108000
108000
108000
108000
109000
109000
109000
109000
109000
109000
109000
109000
109000
109000
109000
109000
109000
109000
109000
109000
109000
109000
109000
109000
110000
110000
110000
110000
110000
110000
110000
110000
110000
110000
110000
110000
110000
110000
110000
110000
110000
110000
110000
110000
111000
111000
111000
111000
111000
111000
111000
111000
111000
111000
111000
111000
111000
111000
111000
111000
111000
111000
111000
111000
112000
112000
112000
112000
112000
112000
112000
112000
112000
112000
112000
112000
112000
112000
112000
112000
112000
112000
112000
112000
113000
113000
113000
113000
113000
113000
113000
113000
113000
113000
113000
113000
113000
113000
113000
113000
113000
113000
113000
113000
114000
114000
114000
114000
114000
114000
114000
114000
114000
114000
114000
114000
114000
114000
114000
114000
114000
114000
114000
114000
115000
115000
115000
115000
115000
115000
115000
115000
115000
115000
115000
115000
115000
115000
115000
115000
115000
115000
115000
115000
116000
116000
116000
116000
116000
116000
116000
116000
116000
116000
116000
116000
116000
116000
116000
116000
116000
116000
116000
116000
117000
117000
117000
117000
117000
117000
117000
117000
117000
117000
117000
117000
117000
117000
117000
117000
117000
117000
117000
117000
118000
118000
118000
118000
118000
118000
118000
118000
118000
118000
118000
118000
118000
118000
118000
118000
118000
118000
118000
118000
119000
119000
119000
119000
119000
119000
119000
119000
119000
119000
119000
119000
119000
119000
119000
119000
119000
119000
119000
119000
120000
120000
120000
120000
120000
120000
120000
120000
120000
120000
120000
120000
120000
120000
120000
120000
120000
120000
120000
120000
121000
121000
121000
121000
121000
121000
121000
121000
121000
121000
121000
121000
121000
121000
121000
121000
121000
121000
121000
121000
122000
122000
122000
122000
122000
122000
122000
122000
122000
122000
122000
122000
122000
122000
122000
122000
122000
122000
122000
122000
123000
123000
123000
123000
123000
123000
123000
123000
123000
123000
123000
123000
123000
123000
123000
123000
123000
123000
123000
123000
124000
124000
124000
124000
124000
124000
124000
124000
124000
124000
124000
124000
124000
124000
124000
124000
124000
124000
124000
124000
125000
125000
125000
125000
125000
125000
125000
125000
125000
125000
125000
125000
125000
125000
125000
125000
125000
125000
125000
125000
126000
126000
126000
126000
126000
126000
126000
126000
126000
126000
126000
126000
126000
126000
126000
126000
126000
126000
126000
126000
127000
127000
127000
127000
127000
127000
127000
127000
127000
127000
127000
127000
127000
127000
127000
127000
127000
127000
127000
127000
128000
128000
128000
128000
128000
128000
128000
128000
128000
128000
128000
128000
128000
128000
128000
128000
128000
128000
128000
128000
129000
129000
129000
129000
129000
129000
129000
129000
129000
129000
129000
129000
129000
129000
129000
129000
129000
129000
129000
129000
130000
130000
130000
130000
130000
130000
130000
130000
130000
130000
130000
130000
130000
130000
130000
130000
130000
130000
130000
130000
131000
131000
131000
131000
131000
131000
131000
131000
131000
131000
131000
131000
131000
131000
131000
131000
131000
131000
131000
131000
132000
132000
132000
132000
132000
132000
132000
132000
132000
132000
132000
132000
132000
132000
132000
132000
132000
132000
132000
132000
133000
133000
133000
133000
133000
133000
133000
133000
133000
133000
133000
133000
133000
133000
133000
133000
133000
133000
133000
133000
134000
134000
134000
134000
134000
134000
134000
134000
134000
134000
134000
134000
134000
134000
134000
134000
134000
134000
134000
134000
135000
135000
135000
135000
135000
135000
135000
135000
135000
135000
135000
135000
135000
135000
135000
135000
135000
135000
135000
135000
136000
136000
136000
136000
136000
136000
136000
136000
136000
136000
136000
136000
136000
136000
136000
136000
136000
136000
136000
136000
137000
137000
137000
137000
137000
137000
137000
137000
137000
137000
137000
137000
137000
137000
137000
137000
137000
137000
137000
137000
138000
138000
138000
138000
138000
138000
138000
138000
138000
138000
138000
138000
138000
138000
138000
138000
138000
138000
138000
138000
139000
139000
139000
139000
139000
139000
139000
139000
139000
139000
139000
139000
139000
139000
139000
139000
139000
139000
139000
139000
140000
140000
140000
140000
140000
140000
140000
140000
140000
140000
140000
140000
140000
140000
140000
140000
140000
140000
140000
140000
141000
141000
141000
141000
141000
141000
141000
141000
141000
141000
141000
141000
141000
141000
141000
141000
141000
141000
141000
141000
142000
142000
142000
142000
142000
142000
142000
142000
142000
142000
142000
142000
142000
142000
142000
142000
142000
142000
142000
142000
143000
143000
143000
143000
143000
143000
143000
143000
143000
143000
143000
143000
143000
143000
143000
143000
143000
143000
143000
143000
144000
144000
144000
144000
144000
144000
144000
144000
144000
144000
144000
144000
144000
144000
144000
144000
144000
144000
144000
144000
145000
145000
145000
145000
145000
145000
145000
145000
145000
145000
145000
145000
145000
145000
145000
145000
145000
145000
145000
145000
146000
146000
146000
146000
146000
146000
146000
146000
146000
146000
146000
146000
146000
146000
146000
146000
146000
146000
146000
146000
147000
147000
147000
147000
147000
147000
147000
147000
147000
147000
147000
147000
147000
147000
147000
147000
147000
147000
147000
147000
148000
148000
148000
148000
148000
148000
148000
148000
148000
148000
148000
148000
148000
148000
148000
148000
148000
148000
148000
148000
149000
149000
149000
149000
149000
149000
149000
149000
149000
149000
149000
149000
149000
149000
149000
149000
149000
149000
149000
149000
150000
150000
150000
150000
150000
150000
150000
150000
150000
150000
150000
150000
150000
150000
150000
150000
150000
150000
150000
150000
151000
151000
151000
151000
151000
151000
151000
151000
151000
151000
151000
151000
151000
151000
151000
151000
151000
151000
151000
151000
152000
152000
152000
152000
152000
152000
152000
152000
152000
152000
152000
152000
152000
152000
152000
152000
152000
152000
152000
152000
153000
153000
153000
153000
153000
153000
153000
153000
153000
153000
153000
153000
153000
153000
153000
153000
153000
153000
153000
153000
154000
154000
154000
154000
154000
154000
154000
154000
154000
154000
154000
154000
154000
154000
154000
154000
154000
154000
154000
154000
155000
155000
155000
155000
155000
155000
155000
155000
155000
155000
155000
155000
155000
155000
155000
155000
155000
155000
155000
155000
156000
156000
156000
156000
156000
156000
156000
156000
156000
156000
156000
156000
156000
156000
156000
156000
156000
156000
156000
156000
157000
157000
157000
157000
157000
157000
157000
157000
157000
157000
157000
157000
157000
157000
157000
157000
157000
157000
157000
157000
158000
158000
158000
158000
158000
158000
158000
158000
158000
158000
158000
158000
158000
158000
158000
158000
158000
158000
158000
158000
159000
159000
159000
159000
159000
159000
159000
159000
159000
159000
159000
159000
159000
159000
159000
159000
159000
159000
159000
159000
160000
160000
160000
160000
160000
160000
160000
160000
160000
160000
160000
160000
160000
160000
160000
160000
160000
160000
160000
160000
160336
160346
160344
160344
160344
160349
160348
160347
160346
160349
160341
160345
160347
160345
160343
160345
160346
160344
160349
160346

It took 432 secs to screen 3206904 sequences, removed 49428.

/******************************************/
Running command: remove.seqs(accnos=/mnt/research/ShadeLab/Barnett/Centralia/MultiYear_intermediateseq/lib1_run1_merged_maxEE_noN.unique.filter.bad.accnos, name=/mnt/research/ShadeLab/Barnett/Centralia/MultiYear_intermediateseq/lib1_run1_merged_maxEE_noN.names, group=/mnt/research/ShadeLab/Barnett/Centralia/MultiYear_intermediateseq/lib1_run1_group_file.txt)
Removed 143509 sequences from your name file.
Removed 143509 sequences from your group file.

Output File Names: 
/mnt/research/ShadeLab/Barnett/Centralia/MultiYear_intermediateseq/lib1_run1_merged_maxEE_noN.pick.names
/mnt/research/ShadeLab/Barnett/Centralia/MultiYear_intermediateseq/lib1_run1_group_file.pick.txt

/******************************************/

Output File Names: 
/mnt/research/ShadeLab/Barnett/Centralia/MultiYear_intermediateseq/lib1_run1_merged_maxEE_noN.unique.filter.good.fasta
/mnt/research/ShadeLab/Barnett/Centralia/MultiYear_intermediateseq/lib1_run1_merged_maxEE_noN.unique.filter.bad.accnos
/mnt/research/ShadeLab/Barnett/Centralia/MultiYear_intermediateseq/lib1_run1_group_file.good.txt
/mnt/research/ShadeLab/Barnett/Centralia/MultiYear_intermediateseq/lib1_run1_merged_maxEE_noN.good.names


It took 1836 secs to screen 3206904 sequences.

mothur > quit()

mothur > quit()
 
 
Filtering sequences
 
[3J[H[2JLinux version

Using ReadLine

Using Boost

Running 64Bit Version

mothur v.1.40.4
Last updated: 02/04/2022
by
Patrick D. Schloss

Department of Microbiology & Immunology

University of Michigan
http://www.mothur.org

When using, please cite:
Schloss, P.D., et al., Introducing mothur: Open-source, platform-independent, community-supported software for describing and comparing microbial communities. Appl Environ Microbiol, 2009. 75(23):7537-41.

Distributed under the GNU General Public License

Type 'help()' for information on the commands that are available

For questions and analysis support, please visit our forum at https://www.mothur.org/forum

Type 'quit()' to exit program

Script Mode


mothur > filter.seqs(fasta=/mnt/research/ShadeLab/Barnett/Centralia/MultiYear_intermediateseq/lib1_run1_merged_maxEE_noN.unique.filter.good.fasta, processors=20, vertical=T)

Using 20 processors.
Creating Filter... 
1000
1000
1000
1000
1000
1000
1000
1000
1000
1000
1000
1000
1000
1000
1000
1000
1000
2000
1000
1000
1000
2000
2000
2000
2000
2000
2000
2000
2000
2000
2000
2000
2000
2000
3000
2000
2000
2000
2000
2000
2000
3000
3000
3000
3000
3000
3000
3000
3000
3000
3000
3000
3000
3000
3000
4000
3000
3000
3000
3000
3000
4000
4000
4000
4000
4000
4000
4000
4000
4000
4000
4000
4000
4000
4000
5000
4000
4000
4000
4000
4000
5000
5000
5000
5000
5000
5000
5000
5000
5000
5000
5000
5000
5000
5000
5000
6000
5000
5000
5000
5000
6000
6000
6000
6000
6000
6000
6000
6000
6000
6000
6000
6000
6000
6000
7000
6000
6000
6000
6000
6000
7000
7000
7000
7000
7000
7000
7000
7000
7000
7000
7000
7000
7000
7000
7000
7000
8000
7000
7000
8000
8000
8000
8000
8000
8000
7000
8000
8000
8000
8000
8000
8000
8000
8000
9000
8000
8000
8000
8000
9000
9000
9000
9000
9000
9000
9000
9000
9000
9000
9000
8000
9000
9000
9000
9000
10000
9000
9000
9000
10000
10000
10000
10000
10000
10000
10000
10000
10000
10000
10000
10000
10000
10000
11000
10000
10000
10000
10000
9000
11000
11000
11000
11000
11000
11000
11000
11000
11000
11000
11000
11000
11000
11000
11000
11000
12000
11000
11000
12000
12000
12000
12000
12000
12000
12000
12000
12000
12000
12000
12000
10000
12000
12000
12000
12000
13000
12000
12000
13000
13000
13000
13000
13000
13000
13000
13000
13000
13000
13000
13000
13000
13000
13000
13000
14000
13000
13000
11000
14000
14000
14000
14000
14000
14000
14000
14000
14000
14000
14000
14000
14000
14000
14000
14000
15000
14000
14000
12000
15000
15000
15000
15000
15000
15000
15000
15000
15000
15000
15000
15000
15000
15000
15000
15000
16000
15000
15000
16000
16000
16000
13000
16000
16000
16000
16000
16000
16000
16000
16000
16000
16000
16000
16000
17000
16000
16000
16000
17000
17000
17000
17000
17000
17000
17000
17000
17000
17000
17000
17000
14000
17000
17000
17000
18000
17000
17000
17000
18000
18000
18000
18000
18000
18000
18000
18000
18000
18000
18000
18000
18000
18000
18000
18000
18000
18000
15000
19000
19000
19000
19000
19000
19000
19000
19000
19000
19000
19000
19000
19000
19000
19000
19000
19000
19000
19000
16000
20000
20000
20000
20000
20000
20000
20000
20000
20000
20000
20000
20000
20000
20000
20000
20000
20000
20000
20000
21000
21000
21000
21000
21000
21000
21000
21000
21000
21000
17000
21000
21000
21000
21000
21000
21000
21000
21000
21000
22000
22000
22000
22000
22000
22000
22000
22000
22000
22000
22000
22000
22000
22000
22000
22000
18000
22000
22000
22000
23000
23000
23000
23000
23000
23000
23000
23000
23000
23000
23000
23000
23000
23000
23000
23000
23000
23000
23000
19000
24000
24000
24000
24000
24000
24000
24000
24000
24000
24000
24000
24000
24000
24000
24000
24000
24000
24000
24000
25000
20000
25000
25000
25000
25000
25000
25000
25000
25000
25000
25000
25000
25000
25000
25000
25000
25000
25000
25000
26000
26000
26000
26000
26000
26000
26000
26000
26000
21000
26000
26000
26000
26000
26000
26000
26000
26000
26000
26000
27000
27000
27000
27000
27000
27000
27000
27000
27000
27000
27000
27000
27000
27000
27000
27000
22000
27000
27000
27000
28000
28000
28000
28000
28000
28000
28000
28000
28000
28000
28000
28000
28000
28000
28000
28000
28000
28000
28000
23000
29000
29000
29000
29000
29000
29000
29000
29000
29000
29000
29000
29000
29000
29000
29000
29000
29000
29000
29000
30000
30000
30000
24000
30000
30000
30000
30000
30000
30000
30000
30000
30000
30000
30000
30000
30000
30000
30000
30000
31000
31000
31000
31000
31000
31000
31000
31000
31000
31000
31000
25000
31000
31000
31000
31000
31000
31000
31000
31000
32000
32000
32000
32000
32000
32000
32000
32000
32000
32000
32000
32000
32000
32000
32000
32000
32000
32000
32000
26000
33000
33000
33000
33000
33000
33000
33000
33000
33000
33000
33000
33000
33000
33000
33000
33000
33000
33000
33000
34000
27000
34000
34000
34000
34000
34000
34000
34000
34000
34000
34000
34000
34000
34000
34000
34000
34000
34000
34000
35000
35000
35000
35000
35000
35000
35000
35000
35000
35000
28000
35000
35000
35000
35000
35000
35000
35000
35000
35000
36000
36000
36000
36000
36000
36000
36000
36000
36000
36000
36000
36000
36000
36000
36000
36000
36000
36000
29000
36000
37000
37000
37000
37000
37000
37000
37000
37000
37000
37000
37000
37000
37000
37000
37000
37000
37000
37000
37000
30000
38000
38000
38000
38000
38000
38000
38000
38000
38000
38000
38000
38000
38000
38000
38000
38000
38000
38000
38000
39000
39000
39000
39000
31000
39000
39000
39000
39000
39000
39000
39000
39000
39000
39000
39000
39000
39000
39000
39000
40000
40000
40000
40000
40000
40000
40000
40000
40000
40000
32000
40000
40000
40000
40000
40000
40000
40000
40000
40000
41000
41000
41000
41000
41000
41000
41000
41000
41000
41000
41000
41000
41000
41000
41000
41000
41000
41000
33000
41000
42000
42000
42000
42000
42000
42000
42000
42000
42000
42000
42000
42000
42000
42000
42000
42000
42000
42000
42000
43000
34000
43000
43000
43000
43000
43000
43000
43000
43000
43000
43000
43000
43000
43000
43000
43000
43000
43000
43000
44000
44000
44000
44000
35000
44000
44000
44000
44000
44000
44000
44000
44000
44000
44000
44000
44000
44000
44000
45000
44000
45000
45000
45000
45000
45000
45000
45000
45000
45000
45000
45000
36000
45000
45000
45000
45000
45000
45000
46000
46000
46000
46000
45000
46000
46000
46000
46000
46000
46000
46000
46000
46000
46000
46000
46000
46000
46000
47000
37000
47000
47000
47000
47000
47000
46000
47000
47000
47000
47000
47000
47000
47000
47000
47000
47000
47000
47000
48000
48000
48000
48000
38000
48000
48000
47000
48000
48000
48000
48000
48000
48000
48000
48000
48000
48000
48000
48000
49000
49000
49000
49000
49000
48000
49000
49000
49000
49000
39000
49000
49000
49000
49000
49000
49000
49000
49000
49000
50000
50000
50000
50000
50000
49000
50000
50000
50000
50000
50000
50000
50000
50000
40000
50000
50000
50000
50000
50000
51000
51000
51000
51000
51000
51000
50000
51000
51000
51000
51000
51000
51000
51000
51000
51000
51000
51000
51000
52000
41000
52000
52000
52000
52000
52000
52000
52000
52000
52000
51000
52000
52000
52000
52000
52000
52000
52000
52000
53000
53000
53000
53000
53000
42000
53000
53000
53000
53000
53000
52000
53000
53000
53000
53000
53000
53000
53000
53000
54000
54000
54000
54000
54000
54000
54000
54000
53000
54000
54000
54000
54000
43000
54000
54000
54000
54000
55000
54000
55000
54000
55000
55000
55000
55000
55000
55000
55000
55000
55000
55000
55000
54000
55000
55000
55000
44000
56000
55000
56000
55000
56000
56000
56000
56000
56000
56000
56000
56000
56000
56000
56000
55000
56000
56000
56000
57000
57000
56000
56000
57000
45000
57000
57000
57000
57000
57000
57000
57000
57000
57000
57000
56000
57000
57000
57000
58000
58000
57000
57000
58000
58000
58000
58000
46000
58000
58000
58000
58000
58000
58000
58000
57000
58000
58000
58000
59000
59000
58000
58000
59000
59000
59000
59000
59000
59000
59000
47000
59000
59000
59000
59000
58000
59000
59000
59000
60000
60000
59000
59000
60000
60000
60000
60000
60000
60000
60000
60000
60000
60000
60000
59000
60000
60000
48000
60000
61000
61000
60000
60000
61000
61000
61000
61000
61000
61000
61000
61000
61000
61000
61000
61000
60000
61000
61000
62000
49000
62000
62000
61000
61000
62000
62000
62000
62000
62000
62000
62000
62000
62000
62000
61000
62000
62000
62000
63000
63000
62000
63000
63000
63000
62000
50000
63000
63000
63000
63000
63000
63000
63000
62000
63000
63000
63000
63000
64000
64000
63000
64000
64000
64000
63000
64000
64000
64000
64000
51000
64000
64000
64000
63000
64000
64000
64000
64000
65000
65000
64000
65000
65000
65000
64000
65000
65000
65000
65000
65000
65000
65000
64000
52000
65000
65000
65000
65000
66000
66000
65000
66000
66000
66000
65000
66000
66000
66000
66000
66000
66000
66000
66000
66000
65000
66000
66000
67000
53000
67000
66000
67000
67000
67000
66000
67000
67000
67000
67000
67000
67000
67000
67000
66000
67000
67000
67000
68000
68000
67000
68000
54000
68000
67000
68000
68000
68000
68000
68000
68000
68000
68000
67000
68000
68000
68000
68000
69000
69000
68000
69000
69000
68000
69000
69000
69000
55000
69000
69000
69000
69000
69000
68000
69000
69000
69000
69000
70000
70000
69000
70000
70000
69000
70000
70000
70000
70000
70000
70000
56000
70000
70000
70000
69000
71000
70000
70000
70000
71000
71000
71000
70000
70000
71000
71000
71000
71000
71000
71000
71000
72000
71000
71000
71000
70000
71000
71000
72000
57000
72000
71000
72000
71000
72000
72000
72000
72000
72000
72000
72000
73000
72000
72000
72000
71000
72000
72000
73000
73000
72000
58000
73000
72000
73000
73000
73000
73000
73000
73000
73000
74000
73000
73000
73000
72000
73000
74000
73000
74000
73000
74000
73000
74000
74000
74000
59000
74000
74000
74000
74000
75000
74000
74000
74000
73000
75000
74000
74000
75000
74000
75000
74000
75000
75000
75000
75000
75000
75000
60000
75000
76000
75000
75000
75000
74000
76000
75000
75000
76000
75000
76000
75000
76000
76000
76000
76000
76000
76000
77000
76000
76000
76000
76000
61000
75000
77000
76000
76000
77000
76000
77000
76000
77000
77000
77000
77000
77000
77000
78000
77000
77000
77000
77000
76000
78000
77000
77000
78000
62000
77000
78000
77000
78000
78000
78000
78000
78000
78000
79000
78000
78000
78000
78000
77000
79000
78000
78000
79000
78000
79000
78000
79000
79000
63000
79000
79000
79000
80000
79000
79000
79000
79000
79000
78000
80000
79000
80000
79000
79000
80000
80000
80000
79000
80000
80000
64000
81000
80000
80000
80000
80000
80000
81000
80000
81000
80000
79000
80000
81000
80000
80000
81000
81000
81000
81000
82000
81000
81000
81000
81000
81000
65000
82000
81000
82000
80000
81000
81000
82000
81000
81000
82000
82000
82000
82000
83000
82000
82000
82000
82000
82000
83000
82000
83000
81000
82000
82000
66000
83000
82000
82000
83000
83000
83000
83000
84000
83000
83000
83000
83000
83000
84000
83000
84000
82000
83000
83000
84000
83000
84000
83000
67000
84000
84000
84000
85000
84000
84000
84000
84000
84000
85000
84000
85000
83000
84000
84000
85000
84000
85000
84000
85000
85000
68000
85000
86000
85000
85000
85000
85000
85000
86000
85000
86000
84000
85000
85000
86000
85000
86000
85000
86000
86000
86000
87000
86000
86000
86000
86000
69000
86000
87000
86000
87000
85000
86000
86000
87000
86000
86000
87000
87000
87000
87000
88000
87000
87000
87000
87000
87000
88000
87000
88000
86000
70000
87000
87000
88000
87000
87000
88000
88000
88000
89000
88000
88000
88000
88000
88000
88000
89000
88000
87000
89000
88000
89000
88000
71000
88000
88000
89000
89000
90000
89000
89000
89000
89000
89000
89000
90000
89000
89000
88000
90000
89000
90000
89000
89000
90000
89000
90000
72000
91000
90000
90000
90000
90000
90000
90000
91000
90000
90000
89000
91000
90000
91000
90000
91000
90000
90000
91000
92000
91000
91000
91000
73000
91000
91000
91000
92000
91000
91000
90000
92000
91000
92000
91000
92000
91000
91000
92000
93000
92000
92000
92000
92000
92000
92000
93000
92000
74000
91000
92000
93000
92000
92000
93000
93000
92000
93000
92000
94000
93000
93000
93000
93000
93000
94000
92000
93000
94000
93000
93000
93000
75000
94000
93000
94000
93000
94000
94000
95000
93000
94000
94000
94000
94000
93000
94000
95000
95000
94000
94000
94000
95000
94000
95000
76000
94000
95000
95000
94000
95000
95000
95000
96000
95000
96000
95000
96000
94000
95000
95000
96000
95000
95000
96000
95000
96000
96000
96000
95000
77000
96000
96000
97000
96000
97000
96000
97000
95000
96000
96000
97000
96000
96000
97000
97000
96000
97000
97000
96000
97000
97000
98000
97000
98000
97000
78000
98000
96000
97000
97000
98000
97000
97000
98000
98000
98000
97000
98000
98000
97000
98000
98000
99000
98000
99000
99000
97000
98000
79000
98000
99000
98000
98000
99000
99000
99000
98000
99000
99000
98000
99000
99000
100000
99000
100000
100000
98000
99000
99000
100000
99000
99000
100000
80000
100000
100000
99000
100000
100000
99000
100000
100000
101000
100000
101000
101000
99000
100000
101000
100000
100000
100000
101000
101000
101000
100000
81000
101000
101000
100000
101000
101000
102000
101000
102000
102000
100000
101000
102000
101000
101000
101000
102000
102000
102000
101000
102000
102000
101000
102000
102000
103000
82000
102000
103000
103000
101000
102000
103000
102000
102000
102000
103000
103000
103000
102000
103000
103000
103000
102000
103000
104000
104000
103000
104000
83000
102000
103000
104000
103000
103000
103000
104000
104000
104000
103000
104000
104000
103000
104000
104000
104000
105000
105000
105000
103000
104000
105000
104000
84000
104000
104000
105000
105000
105000
104000
105000
105000
104000
105000
105000
105000
106000
106000
106000
104000
105000
106000
105000
105000
105000
106000
106000
85000
106000
106000
106000
105000
105000
106000
106000
107000
106000
107000
105000
106000
107000
107000
106000
106000
106000
107000
107000
107000
107000
107000
106000
86000
106000
107000
107000
108000
107000
108000
106000
107000
108000
108000
107000
107000
107000
108000
108000
108000
108000
108000
107000
107000
108000
109000
108000
108000
87000
109000
107000
108000
109000
109000
108000
108000
108000
109000
109000
109000
109000
109000
108000
108000
109000
110000
109000
109000
110000
108000
109000
110000
88000
110000
109000
109000
109000
110000
110000
110000
110000
110000
109000
109000
110000
111000
110000
110000
111000
109000
110000
111000
111000
110000
110000
110000
111000
111000
89000
111000
111000
111000
110000
110000
111000
112000
111000
111000
112000
110000
112000
111000
111000
112000
111000
111000
112000
112000
112000
112000
112000
111000
90000
111000
112000
113000
112000
112000
113000
111000
113000
112000
113000
112000
112000
112000
113000
113000
113000
113000
113000
112000
112000
113000
114000
113000
91000
113000
114000
112000
114000
113000
114000
113000
113000
113000
114000
114000
114000
114000
114000
113000
113000
114000
115000
114000
114000
113000
115000
92000
115000
114000
114000
115000
115000
114000
115000
114000
115000
115000
115000
114000
114000
115000
116000
115000
115000
114000
116000
116000
115000
115000
116000
116000
115000
93000
115000
116000
116000
116000
115000
116000
115000
116000
117000
116000
116000
115000
117000
117000
116000
117000
117000
116000
116000
117000
116000
117000
94000
117000
116000
117000
116000
117000
118000
117000
117000
116000
117000
118000
118000
118000
118000
117000
118000
117000
117000
117000
118000
118000
118000
95000
117000
118000
119000
118000
118000
117000
119000
118000
119000
119000
119000
118000
119000
118000
118000
119000
119000
119000
118000
119000
118000
119000
96000
119000
118000
120000
120000
119000
120000
120000
120000
119000
120000
120000
119000
119000
120000
120000
119000
120000
119000
120000
120000
119000
121000
97000
120000
121000
121000
121000
121000
120000
121000
121000
120000
121000
121000
120000
121000
121000
120000
121000
120000
120000
122000
121000
122000
122000
122000
98000
122000
121000
122000
122000
122000
122000
121000
122000
121000
122000
121000
121000
122000
123000
121000
122000
123000
123000
123000
123000
122000
99000
123000
123000
123000
123000
122000
123000
122000
123000
122000
122000
123000
122000
124000
123000
124000
124000
124000
124000
123000
124000
124000
124000
123000
124000
124000
100000
123000
124000
123000
123000
124000
123000
125000
124000
125000
125000
125000
125000
124000
125000
125000
125000
124000
125000
124000
125000
124000
125000
124000
101000
125000
126000
126000
124000
126000
125000
126000
126000
126000
126000
126000
125000
125000
126000
125000
126000
125000
125000
126000
127000
126000
102000
126000
125000
127000
127000
127000
127000
127000
127000
127000
126000
127000
126000
126000
127000
126000
127000
126000
128000
127000
127000
128000
126000
128000
128000
128000
128000
128000
127000
103000
128000
128000
127000
127000
128000
127000
128000
127000
129000
128000
129000
129000
129000
128000
127000
129000
129000
129000
128000
129000
129000
128000
128000
104000
129000
128000
129000
128000
130000
129000
130000
130000
130000
129000
128000
130000
130000
130000
129000
130000
130000
129000
129000
130000
129000
130000
129000
131000
105000
130000
131000
131000
131000
130000
129000
131000
131000
131000
130000
131000
131000
130000
130000
131000
130000
131000
130000
132000
132000
131000
132000
132000
106000
131000
132000
132000
132000
132000
131000
132000
131000
131000
130000
132000
131000
132000
131000
133000
133000
133000
133000
132000
132000
133000
133000
133000
133000
132000
133000
132000
132000
107000
133000
131000
132000
133000
132000
134000
134000
134000
133000
133000
134000
134000
134000
134000
134000
133000
133000
133000
134000
134000
132000
134000
133000
108000
133000
135000
135000
134000
135000
135000
134000
135000
135000
135000
134000
134000
135000
134000
135000
135000
135000
133000
134000
134000
136000
136000
109000
135000
136000
136000
136000
135000
136000
135000
136000
135000
136000
135000
136000
136000
136000
134000
135000
135000
137000
137000
136000
137000
137000
137000
137000
110000
136000
136000
137000
137000
136000
136000
137000
137000
137000
135000
136000
136000
138000
138000
137000
138000
138000
138000
138000
137000
137000
138000
138000
137000
138000
137000
111000
138000
138000
136000
137000
137000
139000
139000
139000
138000
139000
139000
139000
138000
138000
139000
139000
138000
139000
138000
139000
139000
137000
112000
138000
138000
140000
140000
140000
140000
139000
140000
140000
139000
139000
140000
139000
140000
140000
139000
140000
138000
140000
139000
139000
141000
113000
141000
141000
141000
140000
141000
141000
140000
140000
141000
140000
141000
141000
140000
141000
141000
139000
140000
140000
142000
142000
142000
142000
142000
141000
114000
142000
141000
141000
142000
141000
142000
142000
142000
141000
140000
142000
141000
141000
143000
143000
143000
143000
143000
142000
143000
142000
142000
143000
115000
142000
143000
143000
142000
143000
143000
141000
142000
142000
144000
144000
144000
144000
144000
143000
144000
143000
144000
143000
144000
143000
143000
144000
116000
144000
144000
145000
142000
143000
143000
145000
145000
145000
145000
145000
144000
145000
144000
144000
145000
144000
144000
145000
117000
145000
145000
146000
143000
144000
144000
146000
146000
146000
146000
145000
146000
145000
145000
146000
146000
145000
145000
146000
146000
146000
147000
145000
144000
145000
147000
147000
118000
147000
146000
147000
146000
146000
147000
147000
146000
146000
147000
147000
147000
148000
147000
146000
145000
146000
148000
148000
148000
147000
148000
147000
147000
148000
119000
148000
148000
147000
147000
148000
148000
149000
148000
147000
149000
147000
146000
149000
149000
148000
149000
148000
148000
149000
149000
149000
148000
149000
148000
120000
149000
150000
149000
148000
150000
148000
147000
150000
150000
149000
150000
149000
149000
150000
150000
150000
149000
150000
149000
150000
150000
121000
149000
151000
151000
149000
148000
151000
151000
150000
151000
150000
150000
151000
151000
151000
151000
150000
150000
151000
151000
150000
152000
152000
152000
122000
152000
150000
149000
151000
151000
152000
151000
152000
152000
152000
152000
151000
151000
152000
152000
151000
153000
153000
153000
153000
151000
152000
150000
152000
123000
153000
153000
152000
153000
153000
153000
152000
152000
153000
152000
154000
153000
154000
154000
152000
151000
154000
153000
153000
154000
154000
153000
154000
154000
154000
124000
153000
153000
153000
155000
154000
154000
155000
155000
153000
152000
154000
155000
154000
155000
155000
154000
155000
155000
155000
154000
154000
154000
156000
155000
125000
155000
156000
156000
154000
153000
155000
156000
155000
156000
155000
156000
156000
156000
156000
155000
155000
155000
156000
157000
157000
156000
126000
157000
155000
157000
154000
157000
156000
156000
156000
157000
157000
157000
156000
157000
157874
157873
156000
157000
156000
157874
157000
157875
157872
155000
156000
127000
157000
157000
157000
157876
157872
157872
157873
157000
157873
157000
157874
157000
157874
156000
157873
157000
157874
128000
157875
157874
157874
157875
157000
129000
157874
130000
131000
132000
133000
134000
135000
136000
137000
138000
139000
140000
141000
142000
143000
144000
145000
146000
147000
148000
149000
150000
151000
152000
153000
154000
155000
156000
157000
157875
It took 15 secs to create filter for 3157476 sequences.


Running Filter... 
1000
1000
1000
1000
1000
1000
1000
1000
1000
1000
1000
1000
1000
1000
1000
1000
1000
1000
1000
1000
2000
2000
2000
2000
2000
2000
2000
2000
2000
2000
2000
2000
2000
2000
2000
2000
2000
2000
3000
2000
3000
3000
3000
3000
3000
2000
3000
3000
3000
3000
3000
3000
3000
3000
3000
3000
3000
3000
4000
4000
4000
4000
3000
4000
4000
4000
3000
4000
4000
4000
4000
4000
4000
4000
4000
4000
4000
5000
5000
5000
4000
5000
5000
4000
5000
5000
5000
5000
5000
5000
5000
6000
5000
5000
6000
6000
5000
5000
5000
6000
6000
6000
5000
5000
4000
6000
6000
6000
6000
6000
6000
6000
7000
6000
6000
7000
6000
7000
7000
6000
7000
6000
7000
6000
5000
7000
7000
7000
7000
7000
8000
7000
7000
7000
8000
7000
8000
8000
7000
7000
8000
7000
8000
7000
8000
8000
8000
8000
8000
8000
9000
8000
8000
8000
9000
6000
8000
9000
9000
8000
9000
8000
9000
8000
9000
9000
9000
10000
9000
9000
9000
9000
9000
10000
9000
10000
10000
9000
9000
9000
10000
10000
7000
9000
10000
10000
10000
11000
10000
10000
10000
10000
11000
10000
10000
11000
11000
10000
10000
10000
11000
11000
10000
11000
11000
11000
8000
12000
11000
11000
11000
12000
11000
11000
11000
12000
11000
12000
11000
12000
11000
12000
11000
12000
12000
12000
12000
13000
12000
13000
12000
13000
12000
12000
12000
12000
13000
12000
9000
13000
12000
13000
13000
13000
12000
13000
13000
14000
13000
14000
13000
13000
13000
13000
14000
13000
14000
13000
13000
14000
14000
14000
14000
13000
10000
14000
14000
15000
14000
15000
14000
14000
14000
14000
15000
14000
15000
14000
15000
14000
15000
15000
15000
14000
15000
16000
15000
15000
16000
15000
15000
15000
15000
16000
16000
11000
15000
15000
16000
15000
16000
16000
16000
16000
17000
15000
16000
16000
17000
16000
16000
16000
16000
17000
17000
16000
16000
17000
16000
17000
12000
17000
17000
18000
16000
17000
17000
18000
17000
17000
17000
18000
17000
18000
17000
17000
17000
18000
17000
18000
18000
18000
19000
17000
13000
18000
18000
18000
18000
19000
18000
19000
19000
18000
18000
18000
18000
18000
19000
19000
19000
19000
20000
18000
19000
19000
19000
19000
20000
19000
19000
20000
19000
20000
19000
20000
19000
19000
20000
14000
20000
20000
21000
19000
20000
20000
20000
20000
21000
20000
20000
20000
21000
20000
21000
21000
20000
20000
21000
21000
21000
22000
15000
21000
20000
21000
21000
22000
21000
21000
22000
21000
21000
21000
22000
22000
21000
22000
21000
22000
22000
23000
22000
22000
22000
21000
23000
22000
22000
23000
22000
22000
22000
23000
23000
16000
22000
23000
22000
23000
23000
24000
23000
23000
23000
22000
24000
23000
23000
24000
23000
23000
24000
24000
23000
23000
24000
23000
24000
25000
17000
24000
24000
24000
25000
24000
23000
24000
24000
25000
25000
24000
25000
24000
24000
24000
25000
24000
25000
26000
25000
25000
25000
25000
24000
26000
25000
25000
18000
26000
26000
25000
26000
25000
25000
26000
25000
25000
27000
26000
26000
26000
26000
27000
26000
26000
25000
26000
27000
27000
26000
27000
27000
26000
26000
26000
26000
19000
28000
27000
27000
27000
28000
27000
27000
28000
27000
28000
27000
28000
26000
28000
27000
27000
27000
27000
27000
29000
28000
28000
20000
28000
29000
28000
28000
29000
29000
28000
29000
29000
27000
28000
28000
28000
28000
28000
28000
30000
29000
29000
30000
29000
29000
29000
30000
30000
29000
30000
30000
29000
29000
21000
28000
29000
29000
29000
29000
30000
31000
31000
30000
30000
30000
30000
31000
31000
30000
31000
30000
30000
31000
29000
30000
30000
30000
22000
30000
31000
32000
32000
31000
31000
31000
32000
31000
32000
31000
32000
31000
31000
32000
30000
31000
31000
31000
32000
31000
33000
33000
23000
32000
32000
33000
32000
32000
33000
32000
33000
33000
32000
32000
32000
33000
32000
31000
32000
34000
32000
34000
24000
33000
33000
34000
33000
33000
33000
34000
34000
33000
34000
33000
33000
32000
33000
35000
33000
34000
33000
35000
34000
35000
34000
34000
35000
34000
35000
35000
34000
34000
25000
34000
34000
33000
34000
36000
35000
34000
34000
36000
36000
35000
35000
36000
35000
35000
35000
36000
35000
36000
35000
35000
35000
37000
36000
35000
34000
35000
37000
26000
37000
37000
36000
36000
36000
36000
36000
37000
37000
36000
36000
36000
36000
38000
37000
36000
35000
36000
38000
27000
38000
38000
37000
37000
37000
37000
37000
38000
38000
37000
37000
37000
37000
39000
38000
36000
37000
37000
39000
39000
39000
38000
38000
38000
38000
38000
39000
39000
38000
38000
38000
38000
40000
39000
37000
38000
28000
38000
40000
40000
40000
39000
39000
39000
39000
40000
39000
40000
39000
39000
39000
40000
41000
39000
38000
39000
41000
39000
41000
29000
40000
40000
40000
40000
41000
40000
41000
40000
40000
40000
42000
39000
41000
41000
40000
40000
42000
40000
42000
41000
41000
41000
41000
42000
42000
41000
41000
41000
41000
40000
42000
42000
41000
43000
43000
41000
30000
41000
43000
42000
42000
42000
43000
42000
42000
43000
42000
42000
42000
41000
43000
42000
44000
43000
44000
42000
42000
31000
43000
43000
44000
44000
43000
43000
44000
43000
43000
43000
42000
44000
43000
43000
45000
44000
45000
43000
43000
44000
45000
44000
44000
45000
44000
44000
44000
43000
44000
46000
32000
44000
45000
46000
44000
45000
45000
44000
44000
45000
46000
45000
46000
45000
45000
45000
45000
44000
45000
47000
45000
46000
47000
45000
46000
46000
45000
45000
33000
46000
47000
46000
47000
46000
46000
46000
46000
45000
46000
48000
46000
48000
46000
47000
47000
47000
46000
46000
47000
48000
34000
47000
47000
47000
48000
47000
47000
46000
47000
49000
47000
49000
47000
48000
48000
48000
47000
47000
49000
48000
48000
48000
48000
49000
48000
48000
47000
48000
48000
50000
50000
48000
49000
35000
49000
49000
48000
48000
50000
49000
49000
49000
49000
50000
49000
49000
49000
48000
49000
51000
51000
49000
50000
50000
49000
50000
49000
36000
51000
50000
50000
50000
50000
50000
51000
50000
50000
52000
49000
50000
52000
50000
51000
51000
50000
51000
50000
52000
51000
51000
51000
51000
51000
52000
37000
51000
50000
53000
53000
51000
51000
51000
51000
52000
52000
51000
52000
53000
52000
52000
52000
52000
52000
53000
52000
51000
54000
54000
52000
52000
52000
52000
53000
53000
38000
52000
53000
54000
53000
53000
53000
54000
53000
53000
53000
55000
52000
55000
53000
53000
53000
53000
54000
54000
53000
54000
55000
39000
54000
54000
54000
55000
54000
54000
54000
56000
53000
54000
56000
54000
54000
54000
55000
54000
55000
55000
56000
55000
55000
56000
55000
55000
55000
55000
57000
54000
55000
55000
57000
56000
55000
55000
40000
55000
56000
56000
57000
56000
57000
56000
56000
56000
56000
58000
56000
55000
56000
57000
58000
56000
56000
56000
56000
57000
57000
58000
41000
57000
57000
57000
57000
58000
57000
57000
57000
58000
59000
57000
57000
56000
57000
58000
59000
57000
58000
59000
58000
58000
58000
59000
58000
58000
58000
59000
58000
60000
42000
58000
58000
58000
57000
59000
60000
58000
59000
60000
59000
59000
59000
60000
59000
59000
60000
59000
61000
59000
60000
59000
59000
59000
59000
61000
58000
60000
61000
43000
60000
60000
61000
60000
60000
60000
61000
62000
60000
60000
60000
60000
61000
60000
60000
62000
59000
61000
62000
61000
61000
61000
62000
61000
61000
44000
63000
61000
62000
62000
61000
61000
61000
61000
61000
63000
62000
63000
60000
62000
62000
62000
63000
62000
62000
64000
63000
62000
63000
62000
62000
62000
62000
62000
63000
45000
64000
61000
64000
63000
63000
63000
63000
63000
64000
65000
63000
64000
63000
64000
63000
63000
63000
63000
64000
65000
62000
64000
64000
65000
64000
64000
64000
46000
65000
64000
65000
66000
64000
65000
64000
64000
64000
64000
65000
66000
63000
65000
65000
65000
66000
65000
65000
66000
65000
65000
65000
65000
66000
66000
47000
65000
67000
65000
66000
67000
64000
66000
66000
66000
67000
66000
67000
66000
66000
66000
66000
66000
67000
67000
66000
68000
66000
68000
65000
67000
67000
67000
67000
48000
68000
67000
67000
68000
67000
67000
68000
67000
68000
69000
67000
67000
67000
69000
66000
68000
68000
68000
68000
69000
68000
68000
69000
68000
68000
49000
69000
68000
70000
69000
68000
68000
68000
70000
67000
69000
69000
69000
69000
70000
69000
69000
70000
69000
69000
70000
69000
69000
71000
69000
70000
69000
71000
70000
50000
70000
70000
68000
70000
71000
70000
71000
70000
70000
70000
71000
72000
70000
70000
70000
71000
70000
72000
71000
71000
71000
71000
71000
69000
72000
51000
71000
72000
71000
71000
72000
73000
71000
71000
71000
72000
71000
73000
72000
72000
72000
72000
72000
70000
73000
72000
73000
72000
72000
73000
74000
72000
72000
72000
52000
73000
72000
74000
73000
73000
73000
73000
73000
71000
74000
74000
73000
73000
73000
74000
73000
73000
75000
73000
74000
73000
75000
53000
74000
74000
74000
74000
72000
75000
74000
75000
74000
74000
74000
75000
74000
74000
76000
74000
75000
74000
76000
75000
75000
75000
75000
76000
75000
73000
76000
54000
75000
75000
75000
76000
75000
77000
75000
75000
76000
75000
77000
76000
76000
76000
77000
76000
76000
74000
77000
76000
76000
76000
76000
77000
78000
76000
76000
55000
77000
76000
78000
77000
77000
77000
78000
77000
77000
75000
78000
77000
77000
77000
77000
78000
79000
77000
77000
78000
77000
79000
78000
78000
78000
56000
79000
78000
78000
76000
79000
78000
78000
78000
78000
79000
80000
78000
78000
79000
78000
80000
79000
79000
80000
79000
79000
79000
77000
80000
79000
79000
79000
57000
79000
81000
79000
80000
79000
80000
79000
81000
80000
80000
81000
80000
80000
80000
78000
81000
80000
80000
80000
80000
82000
80000
81000
81000
80000
80000
82000
58000
81000
81000
82000
81000
81000
79000
81000
82000
81000
81000
81000
83000
81000
81000
82000
82000
81000
81000
83000
82000
82000
83000
82000
59000
82000
80000
82000
83000
82000
82000
82000
84000
82000
82000
83000
83000
82000
84000
82000
83000
83000
84000
83000
83000
83000
81000
84000
83000
83000
83000
60000
85000
83000
83000
84000
84000
83000
85000
83000
84000
84000
84000
85000
84000
84000
82000
85000
84000
84000
84000
86000
84000
84000
85000
85000
84000
86000
84000
61000
85000
85000
85000
86000
85000
85000
83000
86000
85000
85000
85000
87000
85000
85000
86000
86000
85000
87000
85000
86000
86000
86000
87000
86000
86000
62000
84000
87000
86000
86000
86000
86000
86000
88000
87000
87000
86000
88000
86000
87000
87000
88000
87000
87000
87000
87000
85000
87000
88000
63000
87000
87000
87000
88000
88000
87000
89000
89000
87000
88000
88000
89000
88000
88000
88000
88000
86000
88000
89000
88000
88000
89000
89000
88000
64000
88000
90000
90000
90000
89000
88000
89000
89000
89000
89000
89000
87000
90000
89000
89000
89000
90000
90000
89000
89000
91000
91000
91000
90000
89000
90000
90000
65000
90000
90000
90000
88000
90000
91000
90000
90000
91000
91000
90000
90000
92000
92000
92000
90000
91000
91000
91000
91000
89000
91000
91000
91000
92000
91000
92000
66000
91000
91000
92000
91000
93000
93000
91000
92000
92000
93000
92000
92000
92000
90000
92000
92000
92000
93000
92000
92000
93000
92000
94000
93000
94000
92000
93000
93000
93000
94000
67000
93000
91000
93000
93000
93000
94000
93000
93000
93000
93000
94000
94000
95000
93000
95000
94000
94000
95000
94000
94000
92000
94000
94000
68000
94000
94000
94000
95000
94000
94000
95000
95000
96000
96000
96000
95000
95000
94000
95000
95000
93000
95000
95000
95000
95000
95000
96000
95000
95000
69000
96000
96000
97000
97000
97000
96000
96000
95000
96000
96000
94000
96000
96000
96000
96000
96000
97000
96000
96000
97000
98000
98000
97000
98000
70000
97000
97000
97000
96000
97000
95000
97000
97000
97000
97000
97000
98000
97000
97000
98000
99000
99000
98000
99000
98000
98000
98000
97000
98000
96000
98000
71000
98000
98000
98000
98000
99000
98000
98000
99000
100000
100000
99000
100000
99000
99000
99000
98000
99000
97000
99000
99000
99000
99000
99000
100000
99000
99000
72000
100000
101000
101000
100000
101000
100000
100000
100000
99000
100000
98000
100000
100000
100000
100000
101000
100000
100000
100000
101000
101000
102000
102000
73000
101000
101000
102000
100000
101000
101000
99000
101000
101000
101000
101000
102000
101000
101000
101000
102000
102000
102000
103000
101000
102000
103000
103000
102000
102000
74000
100000
102000
102000
102000
102000
103000
103000
102000
102000
102000
103000
103000
104000
102000
104000
103000
103000
103000
104000
101000
103000
103000
103000
103000
104000
75000
103000
104000
103000
103000
104000
104000
105000
103000
105000
104000
104000
104000
105000
102000
104000
104000
104000
104000
105000
105000
104000
104000
104000
105000
105000
106000
104000
76000
106000
105000
105000
105000
106000
105000
105000
105000
103000
105000
106000
105000
106000
106000
105000
106000
105000
105000
107000
107000
106000
106000
106000
107000
77000
106000
106000
106000
106000
104000
107000
106000
107000
106000
107000
107000
106000
106000
108000
108000
107000
107000
108000
107000
107000
107000
107000
107000
105000
78000
108000
107000
108000
108000
107000
108000
107000
109000
107000
109000
108000
108000
109000
108000
108000
108000
108000
108000
106000
109000
108000
109000
108000
109000
109000
108000
110000
108000
79000
110000
109000
109000
110000
109000
109000
109000
109000
110000
109000
109000
109000
110000
107000
110000
109000
110000
109000
111000
111000
110000
110000
111000
80000
110000
110000
110000
110000
110000
111000
111000
110000
110000
110000
108000
111000
111000
112000
110000
112000
112000
111000
111000
111000
111000
111000
111000
81000
111000
112000
111000
112000
109000
111000
111000
112000
112000
113000
111000
113000
113000
112000
112000
112000
112000
112000
112000
112000
110000
112000
112000
113000
113000
113000
114000
82000
112000
113000
112000
114000
114000
113000
113000
113000
113000
113000
113000
113000
111000
113000
114000
114000
113000
114000
115000
115000
113000
113000
114000
114000
115000
114000
83000
114000
114000
114000
114000
112000
114000
115000
114000
114000
115000
116000
115000
116000
114000
115000
115000
114000
115000
116000
115000
115000
115000
84000
115000
113000
115000
116000
115000
116000
117000
115000
116000
117000
115000
116000
116000
115000
117000
116000
116000
116000
116000
114000
116000
117000
116000
116000
117000
118000
116000
85000
117000
118000
116000
117000
117000
116000
117000
118000
117000
117000
117000
115000
117000
118000
117000
117000
118000
119000
117000
118000
119000
117000
118000
118000
86000
117000
119000
118000
118000
118000
118000
116000
118000
118000
119000
118000
119000
120000
118000
119000
120000
119000
118000
118000
119000
120000
119000
119000
119000
119000
87000
117000
119000
119000
120000
119000
120000
121000
119000
120000
121000
119000
119000
120000
120000
121000
120000
120000
120000
120000
118000
120000
121000
121000
122000
120000
120000
120000
88000
121000
122000
121000
120000
121000
120000
122000
121000
121000
121000
121000
119000
121000
122000
121000
123000
122000
121000
123000
121000
122000
122000
89000
122000
121000
121000
123000
122000
122000
122000
122000
120000
122000
123000
124000
123000
122000
124000
123000
122000
122000
123000
122000
123000
122000
124000
123000
123000
123000
123000
90000
121000
123000
124000
124000
125000
123000
123000
124000
125000
123000
123000
124000
124000
124000
123000
124000
124000
125000
124000
122000
124000
125000
125000
126000
124000
124000
125000
126000
91000
124000
124000
125000
125000
125000
124000
125000
125000
126000
125000
123000
126000
125000
126000
127000
125000
126000
125000
127000
125000
125000
126000
126000
126000
126000
92000
125000
126000
127000
126000
124000
126000
127000
128000
127000
127000
126000
126000
128000
126000
126000
127000
127000
127000
127000
126000
127000
128000
127000
127000
128000
129000
128000
125000
93000
127000
129000
128000
127000
127000
127000
128000
128000
128000
128000
128000
127000
129000
128000
128000
130000
129000
129000
126000
128000
130000
128000
128000
129000
128000
94000
129000
129000
129000
129000
129000
128000
130000
129000
130000
130000
129000
131000
127000
131000
129000
129000
130000
129000
130000
130000
129000
130000
130000
95000
130000
129000
131000
131000
130000
131000
132000
130000
128000
130000
132000
130000
131000
131000
131000
130000
131000
130000
131000
130000
131000
132000
131000
132000
132000
133000
96000
131000
129000
131000
133000
131000
132000
132000
132000
131000
132000
131000
132000
131000
132000
133000
133000
130000
132000
132000
132000
134000
133000
132000
97000
134000
133000
133000
133000
133000
132000
132000
133000
132000
133000
134000
133000
131000
133000
134000
133000
134000
133000
135000
135000
134000
134000
98000
133000
133000
134000
134000
134000
133000
135000
134000
132000
134000
134000
135000
134000
135000
134000
136000
136000
135000
134000
134000
135000
135000
135000
135000
134000
99000
136000
135000
133000
135000
135000
136000
135000
136000
135000
137000
137000
136000
135000
135000
136000
136000
136000
136000
135000
137000
136000
134000
136000
136000
137000
100000
136000
137000
136000
138000
138000
137000
136000
136000
137000
137000
137000
137000
136000
137000
138000
135000
137000
137000
138000
137000
138000
137000
139000
139000
138000
101000
137000
137000
138000
138000
138000
138000
137000
139000
138000
136000
138000
139000
138000
138000
139000
140000
138000
140000
139000
138000
138000
139000
139000
139000
102000
139000
138000
140000
139000
139000
137000
140000
139000
139000
141000
140000
139000
141000
140000
139000
140000
139000
140000
140000
140000
139000
141000
140000
140000
138000
141000
103000
140000
140000
142000
141000
140000
142000
141000
141000
141000
140000
140000
141000
141000
140000
142000
141000
141000
139000
142000
141000
141000
142000
143000
141000
143000
142000
104000
142000
142000
141000
141000
142000
142000
141000
142000
143000
142000
140000
143000
142000
142000
143000
144000
142000
144000
143000
143000
143000
142000
142000
143000
105000
143000
142000
143000
144000
143000
141000
144000
143000
143000
144000
145000
143000
145000
144000
144000
144000
143000
143000
144000
144000
143000
144000
145000
142000
144000
106000
145000
144000
144000
145000
146000
144000
146000
145000
145000
145000
144000
144000
145000
145000
144000
145000
146000
143000
145000
146000
145000
145000
146000
145000
147000
147000
107000
146000
146000
146000
146000
145000
145000
145000
146000
147000
146000
146000
144000
147000
146000
146000
147000
146000
148000
148000
147000
147000
147000
146000
147000
146000
147000
146000
108000
148000
147000
145000
147000
148000
148000
147000
147000
149000
147000
149000
148000
148000
148000
147000
148000
148000
147000
147000
149000
148000
146000
148000
149000
149000
148000
109000
148000
150000
148000
150000
149000
149000
148000
149000
149000
148000
149000
148000
150000
149000
147000
149000
149000
150000
150000
151000
149000
149000
151000
150000
150000
110000
149000
150000
150000
150000
149000
149000
151000
150000
148000
150000
150000
151000
151000
152000
150000
150000
152000
151000
151000
150000
151000
151000
151000
150000
150000
152000
151000
111000
149000
151000
151000
152000
152000
153000
151000
151000
153000
152000
152000
151000
152000
152000
152000
151000
151000
153000
152000
150000
152000
152000
153000
153000
154000
152000
152000
154000
112000
153000
153000
153000
152000
153000
153000
152000
152000
154000
153000
151000
153000
154000
154000
153000
155000
153000
153000
155000
154000
154000
154000
154000
154000
113000
153000
153000
153000
155000
154000
152000
155000
154000
155000
154000
156000
154000
154000
156000
155000
155000
155000
155000
155000
154000
154000
154000
156000
155000
153000
156000
155000
156000
155000
114000
157000
157000
155000
155000
156000
156000
156000
156000
155000
156000
155000
157000
155000
156000
157874
156000
154000
157000
157000
156000
157873
156000
156000
157000
115000
157000
157000
157874
157000
157000
156000
156000
156000
157000
157874
157874
157000
155000
157000
157872
157000
157000
157875
157874
157875
157876
157000
116000
157000
157000
157872
157873
157873
156000
157874
157875
157874
157874
157873
117000
157000
118000
157872
119000
120000
121000
122000
123000
124000
125000
126000
127000
128000
129000
130000
131000
132000
133000
134000
135000
136000
137000
138000
139000
140000
141000
142000
143000
144000
145000
146000
147000
148000
149000
150000
151000
152000
153000
154000
155000
156000
157000
157875
It took 14 secs to filter 3157476 sequences.



Length of filtered alignment: 1313
Number of columns removed: 331
Length of the original alignment: 1644
Number of sequences used to construct filter: 3157476

Output File Names: 
/mnt/research/ShadeLab/Barnett/Centralia/MultiYear_intermediateseq/lib1_run1_merged_maxEE_noN.filter
/mnt/research/ShadeLab/Barnett/Centralia/MultiYear_intermediateseq/lib1_run1_merged_maxEE_noN.unique.filter.good.filter.fasta


mothur > quit()

mothur > quit()
 
 
Prefiltered
3206904
Postfilterd
3157476
 
 
Inflate sequences
 
[3J[H[2JLinux version

Using ReadLine

Using Boost

Running 64Bit Version

mothur v.1.40.4
Last updated: 02/04/2022
by
Patrick D. Schloss

Department of Microbiology & Immunology

University of Michigan
http://www.mothur.org

When using, please cite:
Schloss, P.D., et al., Introducing mothur: Open-source, platform-independent, community-supported software for describing and comparing microbial communities. Appl Environ Microbiol, 2009. 75(23):7537-41.

Distributed under the GNU General Public License

Type 'help()' for information on the commands that are available

For questions and analysis support, please visit our forum at https://www.mothur.org/forum

Type 'quit()' to exit program

Script Mode


mothur > deunique.seqs(fasta=/mnt/research/ShadeLab/Barnett/Centralia/MultiYear_intermediateseq/lib1_run1_merged_maxEE_noN.unique.filter.good.filter.fasta, name=/mnt/research/ShadeLab/Barnett/Centralia/MultiYear_intermediateseq/lib1_run1_merged_maxEE_noN.names)

Output File Names: 
/mnt/research/ShadeLab/Barnett/Centralia/MultiYear_intermediateseq/lib1_run1_merged_maxEE_noN.unique.filter.good.filter.redundant.fasta


mothur > quit()

mothur > quit()
 
 
Generate final QCed read file
 
[3J[H[2JLinux version

Using ReadLine

Using Boost

Running 64Bit Version

mothur v.1.40.4
Last updated: 02/04/2022
by
Patrick D. Schloss

Department of Microbiology & Immunology

University of Michigan
http://www.mothur.org

When using, please cite:
Schloss, P.D., et al., Introducing mothur: Open-source, platform-independent, community-supported software for describing and comparing microbial communities. Appl Environ Microbiol, 2009. 75(23):7537-41.

Distributed under the GNU General Public License

Type 'help()' for information on the commands that are available

For questions and analysis support, please visit our forum at https://www.mothur.org/forum

Type 'quit()' to exit program

Script Mode


mothur > summary.seqs(fasta=/mnt/research/ShadeLab/Barnett/Centralia/MultiYear_finalQCreads/lib1_run1_finalQC.fasta, processors=1)

Using 1 processors.

		Start	End	NBases	Ambigs	Polymer	NumSeqs
Minimum:	1	202	202	0	3	1
2.5%-tile:	1	253	253	0	4	270582
25%-tile:	1	253	253	0	4	2705817
Median: 	1	253	253	0	5	5411633
75%-tile:	1	253	253	0	5	8117449
97.5%-tile:	1	254	254	0	7	10552683
Maximum:	1	447	447	0	8	10823264
Mean:	1	253	253	0	4
# of Seqs:	10823264

It took 1337 secs to summarize 10823264 sequences.

Output File Names:
 /mnt/research/ShadeLab/Barnett/Centralia/MultiYear_finalQCreads/lib1_run1_finalQC.summary


mothur > quit()

mothur > quit()
 
 
Final sequence count
10823264
 
Done!
