
Lmod is automatically replacing "Python/3.6.4" with "Conda/3".

Filtering out unpaired reads after trimming primers
 
20220131_A_16SV4_PE250/Cen23_13102015_R1_S1_L001
20220131_A_16SV4_PE250/Cen10_20102017_R1_S2_L001
20220131_A_16SV4_PE250/Cen18_14102015_R1_S3_L001
20220131_A_16SV4_PE250/Cen06_03102018_R1_S4_L001
20220131_A_16SV4_PE250/Cen17_12102015_R1_S5_L001
20220131_A_16SV4_PE250/Cen06_06102021_R1_S6_L001
20220131_A_16SV4_PE250/Cen10_13102020_R1_S7_L001
20220131_A_16SV4_PE250/Cen22_13102020_R1_S8_L001
20220131_A_16SV4_PE250/Cen07_15102020_R1_S9_L001
20220131_A_16SV4_PE250/Cen18_14102020_R1_S10_L001
20220131_A_16SV4_PE250/Cen15_05102021_R1_S11_L001
20220131_A_16SV4_PE250/Cen13_13102020_R1_S12_L001
20220131_A_16SV4_PE250/Cen03_08102019_R1_S13_L001
20220131_A_16SV4_PE250/Cen21_06102019_R1_S14_L001
20220131_A_16SV4_PE250/Cen23_04102018_R1_S15_L001
20220131_A_16SV4_PE250/Cen19_13102020_R1_S16_L001
20220131_A_16SV4_PE250/Cen17_21102017_R1_S17_L001
20220131_A_16SV4_PE250/Cen13_20102017_R1_S18_L001
20220131_A_16SV4_PE250/Cen12_11102016_R1_S19_L001
20220131_A_16SV4_PE250/Batch7_neg_S20_L001
20220131_A_16SV4_PE250/Batch7_mock_S21_L001
20220131_A_16SV4_PE250/Cen22_20102017_R1_S22_L001
20220131_A_16SV4_PE250/Cen12_03102018_R1_S23_L001
20220131_A_16SV4_PE250/Cen07_21102017_R1_S24_L001
20220131_A_16SV4_PE250/Cen18_21102017_R1_S25_L001
20220131_A_16SV4_PE250/Cen23_06102021_R1_S26_L001
20220131_A_16SV4_PE250/Cen19_05102021_R1_S27_L001
20220131_A_16SV4_PE250/Cen04_14102015_R1_S28_L001
20220131_A_16SV4_PE250/Cen13_06102019_R1_S29_L001
20220131_A_16SV4_PE250/Cen04_03102018_R1_S30_L001
20220131_A_16SV4_PE250/Cen17_12102016_R1_S31_L001
20220131_A_16SV4_PE250/Cen22_03102018_R1_S32_L001
20220131_A_16SV4_PE250/Cen13_03102018_R1_S33_L001
20220131_A_16SV4_PE250/Cen17_03102018_R1_S34_L001
20220131_A_16SV4_PE250/Cen19_02102018_R1_S35_L001
20220131_A_16SV4_PE250/Cen22_12102015_R1_S36_L001
20220131_A_16SV4_PE250/Cen16_06102019_R1_S37_L001
20220131_A_16SV4_PE250/Cen07_04102018_R1_S38_L001
20220131_A_16SV4_PE250/Cen22_07102021_R1_S39_L001
20220131_A_16SV4_PE250/Cen17_14102020_R1_S40_L001
20220131_A_16SV4_PE250/Cen18_05102021_R1_S41_L001
20220131_A_16SV4_PE250/Cen10_07102021_R1_S42_L001
20220131_A_16SV4_PE250/Cen08_15102020_R1_S43_L001
20220131_A_16SV4_PE250/Batch8_neg_S44_L001
20220131_A_16SV4_PE250/Batch8_mock_S45_L001
20220131_A_16SV4_PE250/Cen02_03102018_R1_S46_L001
20220131_A_16SV4_PE250/Cen02_05102021_R1_S47_L001
20220131_A_16SV4_PE250/Cen09_06102021_R1_S48_L001
20220131_A_16SV4_PE250/Cen14_11102016_R1_S49_L001
20220131_A_16SV4_PE250/Cen14_02102018_R1_S50_L001
20220131_A_16SV4_PE250/Cen14_06102019_R1_S51_L001
20220131_A_16SV4_PE250/Cen14_13102020_R1_S52_L001
20220131_A_16SV4_PE250/Cen14_05102021_R1_S53_L001
20220131_A_16SV4_PE250/Cen13_11102016_R1_S54_L001
20220131_A_16SV4_PE250/Cen22_06102019_R1_S55_L001
20220131_A_16SV4_PE250/Cen10_11102016_R1_S56_L001
20220131_A_16SV4_PE250/Batch9_neg_S57_L001
20220131_A_16SV4_PE250/Batch9_mock_S58_L001
20220131_A_16SV4_PE250/Cen09_12102016_R1_S59_L001
20220131_A_16SV4_PE250/RTSF_NTC_973_S60_L001
20220131_A_16SV4_PE250/ZymoMockDNA_S61_L001
 
 
Done!
