
Lmod is automatically replacing "Python/3.6.4" with "Conda/3".

Screening sequences: positions 368 to 1359
 
[3J[H[2JLinux version

Using ReadLine

Using Boost

Running 64Bit Version

mothur v.1.40.4
Last updated: 02/05/2022
by
Patrick D. Schloss

Department of Microbiology & Immunology

University of Michigan
http://www.mothur.org

When using, please cite:
Schloss, P.D., et al., Introducing mothur: Open-source, platform-independent, community-supported software for describing and comparing microbial communities. Appl Environ Microbiol, 2009. 75(23):7537-41.

Distributed under the GNU General Public License

Type 'help()' for information on the commands that are available

For questions and analysis support, please visit our forum at https://www.mothur.org/forum

Type 'quit()' to exit program

Script Mode


mothur > screen.seqs(fasta=/mnt/research/ShadeLab/Barnett/Centralia/MultiYear_intermediateseq/lib2_run2_merged_maxEE_noN.unique.filter.fasta, processors=20, name=/mnt/research/ShadeLab/Barnett/Centralia/MultiYear_intermediateseq/lib2_run2_merged_maxEE_noN.names, group=/mnt/research/ShadeLab/Barnett/Centralia/MultiYear_intermediateseq/lib2_run2_group_file.txt, start=368, end=1359, maxhomop=8)

Using 20 processors.
1000
1000
1000
1000
1000
1000
1000
1000
1000
1000
1000
1000
1000
1000
1000
1000
1000
1000
1000
1000
2000
2000
2000
2000
2000
2000
2000
2000
2000
2000
2000
2000
2000
2000
2000
2000
2000
2000
2000
2000
3000
3000
3000
3000
3000
3000
3000
3000
3000
3000
3000
3000
3000
3000
3000
3000
3000
3000
3000
3000
4000
4000
4000
4000
4000
4000
4000
4000
4000
4000
4000
4000
4000
4000
4000
4000
4000
4000
4000
4000
5000
5000
5000
5000
5000
5000
5000
5000
5000
5000
5000
5000
5000
5000
5000
5000
5000
5000
5000
5000
6000
6000
6000
6000
6000
6000
6000
6000
6000
6000
6000
6000
6000
6000
6000
6000
6000
6000
6000
6000
7000
7000
7000
7000
7000
7000
7000
7000
7000
7000
7000
7000
7000
7000
7000
7000
7000
7000
7000
7000
8000
8000
8000
8000
8000
8000
8000
8000
8000
8000
8000
8000
8000
8000
8000
8000
8000
8000
8000
8000
9000
9000
9000
9000
9000
9000
9000
9000
9000
9000
9000
9000
9000
9000
9000
9000
9000
9000
9000
9000
10000
10000
10000
10000
10000
10000
10000
10000
10000
10000
10000
10000
10000
10000
10000
10000
10000
10000
10000
10000
11000
11000
11000
11000
11000
11000
11000
11000
11000
11000
11000
11000
11000
11000
11000
11000
11000
11000
11000
11000
12000
12000
12000
12000
12000
12000
12000
12000
12000
12000
12000
12000
12000
12000
12000
12000
12000
12000
12000
12000
13000
13000
13000
13000
13000
13000
13000
13000
13000
13000
13000
13000
13000
13000
13000
13000
13000
13000
13000
13000
14000
14000
14000
14000
14000
14000
14000
14000
14000
14000
14000
14000
14000
14000
14000
14000
14000
14000
14000
14000
15000
15000
15000
15000
15000
15000
15000
15000
15000
15000
15000
15000
15000
15000
15000
15000
15000
15000
15000
15000
16000
16000
16000
16000
16000
16000
16000
16000
16000
16000
16000
16000
16000
16000
16000
16000
16000
16000
16000
16000
17000
17000
17000
17000
17000
17000
17000
17000
17000
17000
17000
17000
17000
17000
17000
17000
17000
17000
17000
17000
18000
18000
18000
18000
18000
18000
18000
18000
18000
18000
18000
18000
18000
18000
18000
18000
18000
18000
18000
18000
19000
19000
19000
19000
19000
19000
19000
19000
19000
19000
19000
19000
19000
19000
19000
19000
19000
19000
19000
19000
20000
20000
20000
20000
20000
20000
20000
20000
20000
20000
20000
20000
20000
20000
20000
20000
20000
20000
20000
20000
21000
21000
21000
21000
21000
21000
21000
21000
21000
21000
21000
21000
21000
21000
21000
21000
21000
21000
21000
21000
22000
22000
22000
22000
22000
22000
22000
22000
22000
22000
22000
22000
22000
22000
22000
22000
22000
22000
22000
22000
23000
23000
23000
23000
23000
23000
23000
23000
23000
23000
23000
23000
23000
23000
23000
23000
23000
23000
23000
23000
24000
24000
24000
24000
24000
24000
24000
24000
24000
24000
24000
24000
24000
24000
24000
24000
24000
24000
24000
24000
25000
25000
25000
25000
25000
25000
25000
25000
25000
25000
25000
25000
25000
25000
25000
25000
25000
25000
25000
25000
26000
26000
26000
26000
26000
26000
26000
26000
26000
26000
26000
26000
26000
26000
26000
26000
26000
26000
26000
26000
27000
27000
27000
27000
27000
27000
27000
27000
27000
27000
27000
27000
27000
27000
27000
27000
27000
27000
27000
27000
28000
28000
28000
28000
28000
28000
28000
28000
28000
28000
28000
28000
28000
28000
28000
28000
28000
28000
28000
28000
29000
29000
29000
29000
29000
29000
29000
29000
29000
29000
29000
29000
29000
29000
29000
29000
29000
29000
29000
29000
30000
30000
30000
30000
30000
30000
30000
30000
30000
30000
30000
30000
30000
30000
30000
30000
30000
30000
30000
30000
31000
31000
31000
31000
31000
31000
31000
31000
31000
31000
31000
31000
31000
31000
31000
31000
31000
31000
31000
31000
32000
32000
32000
32000
32000
32000
32000
32000
32000
32000
32000
32000
32000
32000
32000
32000
32000
32000
32000
32000
33000
33000
33000
33000
33000
33000
33000
33000
33000
33000
33000
33000
33000
33000
33000
33000
33000
33000
33000
33000
34000
34000
34000
34000
34000
34000
34000
34000
34000
34000
34000
34000
34000
34000
34000
34000
34000
34000
34000
34000
35000
35000
35000
35000
35000
35000
35000
35000
35000
35000
35000
35000
35000
35000
35000
35000
35000
35000
35000
35000
36000
36000
36000
36000
36000
36000
36000
36000
36000
36000
36000
36000
36000
36000
36000
36000
36000
36000
36000
36000
37000
37000
37000
37000
37000
37000
37000
37000
37000
37000
37000
37000
37000
37000
37000
37000
37000
37000
37000
37000
38000
38000
38000
38000
38000
38000
38000
38000
38000
38000
38000
38000
38000
38000
38000
38000
38000
38000
38000
38000
39000
39000
39000
39000
39000
39000
39000
39000
39000
39000
39000
39000
39000
39000
39000
39000
39000
39000
39000
39000
40000
40000
40000
40000
40000
40000
40000
40000
40000
40000
40000
40000
40000
40000
40000
40000
40000
40000
40000
40000
41000
41000
41000
41000
41000
41000
41000
41000
41000
41000
41000
41000
41000
41000
41000
41000
41000
41000
41000
41000
42000
42000
42000
42000
42000
42000
42000
42000
42000
42000
42000
42000
42000
42000
42000
42000
42000
42000
42000
42000
43000
43000
43000
43000
43000
43000
43000
43000
43000
43000
43000
43000
43000
43000
43000
43000
43000
43000
43000
43000
44000
44000
44000
44000
44000
44000
44000
44000
44000
44000
44000
44000
44000
44000
44000
44000
44000
44000
44000
44000
45000
45000
45000
45000
45000
45000
45000
45000
45000
45000
45000
45000
45000
45000
45000
45000
45000
45000
45000
45000
46000
46000
46000
46000
46000
46000
46000
46000
46000
46000
46000
46000
46000
46000
46000
46000
46000
46000
46000
46000
47000
47000
47000
47000
47000
47000
47000
47000
47000
47000
47000
47000
47000
47000
47000
47000
47000
47000
47000
47000
48000
48000
48000
48000
48000
48000
48000
48000
48000
48000
48000
48000
48000
48000
48000
48000
48000
48000
48000
48000
49000
49000
49000
49000
49000
49000
49000
49000
49000
49000
49000
49000
49000
49000
49000
49000
49000
49000
49000
49000
50000
50000
50000
50000
50000
50000
50000
50000
50000
50000
50000
50000
50000
50000
50000
50000
50000
50000
50000
50000
51000
51000
51000
51000
51000
51000
51000
51000
51000
51000
51000
51000
51000
51000
51000
51000
51000
51000
51000
51000
52000
52000
52000
52000
52000
52000
52000
52000
52000
52000
52000
52000
52000
52000
52000
52000
52000
52000
52000
52000
53000
53000
53000
53000
53000
53000
53000
53000
53000
53000
53000
53000
53000
53000
53000
53000
53000
53000
53000
53000
54000
54000
54000
54000
54000
54000
54000
54000
54000
54000
54000
54000
54000
54000
54000
54000
54000
54000
54000
54000
55000
55000
55000
55000
55000
55000
55000
55000
55000
55000
55000
55000
55000
55000
55000
55000
55000
55000
55000
55000
56000
56000
56000
56000
56000
56000
56000
56000
56000
56000
56000
56000
56000
56000
56000
56000
56000
56000
56000
56000
57000
57000
57000
57000
57000
57000
57000
57000
57000
57000
57000
57000
57000
57000
57000
57000
57000
57000
57000
57000
58000
58000
58000
58000
58000
58000
58000
58000
58000
58000
58000
58000
58000
58000
58000
58000
58000
58000
58000
58000
59000
59000
59000
59000
59000
59000
59000
59000
59000
59000
59000
59000
59000
59000
59000
59000
59000
59000
59000
59000
60000
60000
60000
60000
60000
60000
60000
60000
60000
60000
60000
60000
60000
60000
60000
60000
60000
60000
60000
60000
61000
61000
61000
61000
61000
61000
61000
61000
61000
61000
61000
61000
61000
61000
61000
61000
61000
61000
61000
61000
62000
62000
62000
62000
62000
62000
62000
62000
62000
62000
62000
62000
62000
62000
62000
62000
62000
62000
62000
62000
63000
63000
63000
63000
63000
63000
63000
63000
63000
63000
63000
63000
63000
63000
63000
63000
63000
63000
63000
63000
64000
64000
64000
64000
64000
64000
64000
64000
64000
64000
64000
64000
64000
64000
64000
64000
64000
64000
64000
64000
65000
65000
65000
65000
65000
65000
65000
65000
65000
65000
65000
65000
65000
65000
65000
65000
65000
65000
65000
65000
66000
66000
66000
66000
66000
66000
66000
66000
66000
66000
66000
66000
66000
66000
66000
66000
66000
66000
66000
66000
67000
67000
67000
67000
67000
67000
67000
67000
67000
67000
67000
67000
67000
67000
67000
67000
67000
67000
67000
67000
68000
68000
68000
68000
68000
68000
68000
68000
68000
68000
68000
68000
68000
68000
68000
68000
68000
68000
68000
68000
69000
69000
69000
69000
69000
69000
69000
69000
69000
69000
69000
69000
69000
69000
69000
69000
69000
69000
69000
69000
70000
70000
70000
70000
70000
70000
70000
70000
70000
70000
70000
70000
70000
70000
70000
70000
70000
70000
70000
70000
71000
71000
71000
71000
71000
71000
71000
71000
71000
71000
71000
71000
71000
71000
71000
71000
71000
71000
71000
71000
72000
72000
72000
72000
72000
72000
72000
72000
72000
72000
72000
72000
72000
72000
72000
72000
72000
72000
72000
72000
73000
73000
73000
73000
73000
73000
73000
73000
73000
73000
73000
73000
73000
73000
73000
73000
73000
73000
73000
73000
74000
74000
74000
74000
74000
74000
74000
74000
74000
74000
74000
74000
74000
74000
74000
74000
74000
74000
74000
74000
75000
75000
75000
75000
75000
75000
75000
75000
75000
75000
75000
75000
75000
75000
75000
75000
75000
75000
75000
75000
76000
76000
76000
76000
76000
76000
76000
76000
76000
76000
76000
76000
76000
76000
76000
76000
76000
76000
76000
76000
77000
77000
77000
77000
77000
77000
77000
77000
77000
77000
77000
77000
77000
77000
77000
77000
77000
77000
77000
77000
78000
78000
78000
78000
78000
78000
78000
78000
78000
78000
78000
78000
78000
78000
78000
78000
78000
78000
78000
78000
79000
79000
79000
79000
79000
79000
79000
79000
79000
79000
79000
79000
79000
79000
79000
79000
79000
79000
79000
79000
80000
80000
80000
80000
80000
80000
80000
80000
80000
80000
80000
80000
80000
80000
80000
80000
80000
80000
80000
80000
81000
81000
81000
81000
81000
81000
81000
81000
81000
81000
81000
81000
81000
81000
81000
81000
81000
81000
81000
81000
82000
82000
82000
82000
82000
82000
82000
82000
82000
82000
82000
82000
82000
82000
82000
82000
82000
82000
82000
82000
83000
83000
83000
83000
83000
83000
83000
83000
83000
83000
83000
83000
83000
83000
83000
83000
83000
83000
83000
83000
84000
84000
84000
84000
84000
84000
84000
84000
84000
84000
84000
84000
84000
84000
84000
84000
84000
84000
84000
84000
85000
85000
85000
85000
85000
85000
85000
85000
85000
85000
85000
85000
85000
85000
85000
85000
85000
85000
85000
85000
86000
86000
86000
86000
86000
86000
86000
86000
86000
86000
86000
86000
86000
86000
86000
86000
86000
86000
86000
86000
87000
87000
87000
87000
87000
87000
87000
87000
87000
87000
87000
87000
87000
87000
87000
87000
87000
87000
87000
87000
88000
88000
88000
88000
88000
88000
88000
88000
88000
88000
88000
88000
88000
88000
88000
88000
88000
88000
88000
88000
89000
89000
89000
89000
89000
89000
89000
89000
89000
89000
89000
89000
89000
89000
89000
89000
89000
89000
89000
89000
90000
90000
90000
90000
90000
90000
90000
90000
90000
90000
90000
90000
90000
90000
90000
90000
90000
90000
90000
90000
91000
91000
91000
91000
91000
91000
91000
91000
91000
91000
91000
91000
91000
91000
91000
91000
91000
91000
91000
91000
92000
92000
92000
92000
92000
92000
92000
92000
92000
92000
92000
92000
92000
92000
92000
92000
92000
92000
92000
92000
93000
93000
93000
93000
93000
93000
93000
93000
93000
93000
93000
93000
93000
93000
93000
93000
93000
93000
93000
93000
94000
94000
94000
94000
94000
94000
94000
94000
94000
94000
94000
94000
94000
94000
94000
94000
94000
94000
94000
94000
95000
95000
95000
95000
95000
95000
95000
95000
95000
95000
95000
95000
95000
95000
95000
95000
95000
95000
95000
95000
96000
96000
96000
96000
96000
96000
96000
96000
96000
96000
96000
96000
96000
96000
96000
96000
96000
96000
96000
96000
97000
97000
97000
97000
97000
97000
97000
97000
97000
97000
97000
97000
97000
97000
97000
97000
97000
97000
97000
97000
98000
98000
98000
98000
98000
98000
98000
98000
98000
98000
98000
98000
98000
98000
98000
98000
98000
98000
98000
98000
99000
99000
99000
99000
99000
99000
99000
99000
99000
99000
99000
99000
99000
99000
99000
99000
99000
99000
99000
99000
100000
100000
100000
100000
100000
100000
100000
100000
100000
100000
100000
100000
100000
100000
100000
100000
100000
100000
100000
100000
101000
101000
101000
101000
101000
101000
101000
101000
101000
101000
101000
101000
101000
101000
101000
101000
101000
101000
101000
101000
102000
102000
102000
102000
102000
102000
102000
102000
102000
102000
102000
102000
102000
102000
102000
102000
102000
102000
102000
102000
103000
103000
103000
103000
103000
103000
103000
103000
103000
103000
103000
103000
103000
103000
103000
103000
103000
103000
103000
103000
104000
104000
104000
104000
104000
104000
104000
104000
104000
104000
104000
104000
104000
104000
104000
104000
104000
104000
104000
104000
105000
105000
105000
105000
105000
105000
105000
105000
105000
105000
105000
105000
105000
105000
105000
105000
105000
105000
105000
105000
106000
106000
106000
106000
106000
106000
106000
106000
106000
106000
106000
106000
106000
106000
106000
106000
106000
106000
106000
106000
107000
107000
107000
107000
107000
107000
107000
107000
107000
107000
107000
107000
107000
107000
107000
107000
107000
107000
107000
107000
108000
108000
108000
108000
108000
108000
108000
108000
108000
108000
108000
108000
108000
108000
108000
108000
108000
108000
108000
108000
109000
109000
109000
109000
109000
109000
109000
109000
109000
109000
109000
109000
109000
109000
109000
109000
109000
109000
109000
109000
110000
110000
110000
110000
110000
110000
110000
110000
110000
110000
110000
110000
110000
110000
110000
110000
110000
110000
110000
110000
111000
111000
111000
111000
111000
111000
111000
111000
111000
111000
111000
111000
111000
111000
111000
111000
111000
111000
111000
111000
112000
112000
112000
112000
112000
112000
112000
112000
112000
112000
112000
112000
112000
112000
112000
112000
112000
112000
112000
112000
113000
113000
113000
113000
113000
113000
113000
113000
113000
113000
113000
113000
113000
113000
113000
113000
113000
113000
113000
113000
114000
114000
114000
114000
114000
114000
114000
114000
114000
114000
114000
114000
114000
114000
114000
114000
114000
114000
114000
114000
115000
115000
115000
115000
115000
115000
115000
115000
115000
115000
115000
115000
115000
115000
115000
115000
115000
115000
115000
115000
116000
116000
116000
116000
116000
116000
116000
116000
116000
116000
116000
116000
116000
116000
116000
116000
116000
116000
116000
116000
117000
117000
117000
117000
117000
117000
117000
117000
117000
117000
117000
117000
117000
117000
117000
117000
117000
117000
117000
117000
118000
118000
118000
118000
118000
118000
118000
118000
118000
118000
118000
118000
118000
118000
118000
118000
118000
118000
118000
118000
119000
119000
119000
119000
119000
119000
119000
119000
119000
119000
119000
119000
119000
119000
119000
119000
119000
119000
119000
119000
120000
120000
120000
120000
120000
120000
120000
120000
120000
120000
120000
120000
120000
120000
120000
120000
120000
120000
120000
120000
121000
121000
121000
121000
121000
121000
121000
121000
121000
121000
121000
121000
121000
121000
121000
121000
121000
121000
121000
121000
122000
122000
122000
122000
122000
122000
122000
122000
122000
122000
122000
122000
122000
122000
122000
122000
122000
122000
122000
122000
123000
123000
123000
123000
123000
123000
123000
123000
123000
123000
123000
123000
123000
123000
123000
123000
123000
123000
123000
123000
124000
124000
124000
124000
124000
124000
124000
124000
124000
124000
124000
124000
124000
124000
124000
124000
124000
124000
124000
124000
125000
125000
125000
125000
125000
125000
125000
125000
125000
125000
125000
125000
125000
125000
125000
125000
125000
125000
125000
125000
126000
126000
126000
126000
126000
126000
126000
126000
126000
126000
126000
126000
126000
126000
126000
126000
126000
126000
126000
126000
127000
127000
127000
127000
127000
127000
127000
127000
127000
127000
127000
127000
127000
127000
127000
127000
127000
127000
127000
127000
128000
128000
128000
128000
128000
128000
128000
128000
128000
128000
128000
128000
128000
128000
128000
128000
128000
128000
128000
128000
129000
129000
129000
129000
129000
129000
129000
129000
129000
129000
129000
129000
129000
129000
129000
129000
129000
129000
129000
129000
130000
130000
130000
130000
130000
130000
130000
130000
130000
130000
130000
130000
130000
130000
130000
130000
130000
130000
130000
130000
131000
131000
131000
131000
131000
131000
131000
131000
131000
131000
131000
131000
131000
131000
131000
131000
131000
131000
131000
131000
132000
132000
132000
132000
132000
132000
132000
132000
132000
132000
132000
132000
132000
132000
132000
132000
132000
132000
132000
132000
133000
133000
133000
133000
133000
133000
133000
133000
133000
133000
133000
133000
133000
133000
133000
133000
133000
133000
133000
133000
134000
134000
134000
134000
134000
134000
134000
134000
134000
134000
134000
134000
134000
134000
134000
134000
134000
134000
134000
134000
135000
135000
135000
135000
135000
135000
135000
135000
135000
135000
135000
135000
135000
135000
135000
135000
135000
135000
135000
135000
136000
136000
136000
136000
136000
136000
136000
136000
136000
136000
136000
136000
136000
136000
136000
136000
136000
136000
136000
136000
137000
137000
137000
137000
137000
137000
137000
137000
137000
137000
137000
137000
137000
137000
137000
137000
137000
137000
137000
137000
138000
138000
138000
138000
138000
138000
138000
138000
138000
138000
138000
138000
138000
138000
138000
138000
138000
138000
138000
138000
139000
139000
139000
139000
139000
139000
139000
139000
139000
139000
139000
139000
139000
139000
139000
139000
139000
139000
139000
139000
140000
140000
140000
140000
140000
140000
140000
140000
140000
140000
140000
140000
140000
140000
140000
140000
140000
140000
140000
140000
141000
141000
141000
141000
141000
141000
141000
141000
141000
141000
141000
141000
141000
141000
141000
141000
141000
141000
141000
141000
142000
142000
142000
142000
142000
142000
142000
142000
142000
142000
142000
142000
142000
142000
142000
142000
142000
142000
142000
142000
143000
143000
143000
143000
143000
143000
143000
143000
143000
143000
143000
143000
143000
143000
143000
143000
143000
143000
143000
143000
144000
144000
144000
144000
144000
144000
144000
144000
144000
144000
144000
144000
144000
144000
144000
144000
144000
144000
144000
144000
145000
145000
145000
145000
145000
145000
145000
145000
145000
145000
145000
145000
145000
145000
145000
145000
145000
145000
145000
145000
146000
146000
146000
146000
146000
146000
146000
146000
146000
146000
146000
146000
146000
146000
146000
146000
146000
146000
146000
146000
147000
147000
147000
147000
147000
147000
147000
147000
147000
147000
147000
147000
147000
147000
147000
147000
147000
147000
147000
147000
148000
148000
148000
148000
148000
148000
148000
148000
148000
148000
148000
148000
148000
148000
148000
148000
148000
148000
148000
148000
149000
149000
149000
149000
149000
149000
149000
149000
149000
149000
149000
149000
149000
149000
149000
149000
149000
149000
149000
149000
150000
150000
150000
150000
150000
150000
150000
150000
150000
150000
150000
150000
150000
150000
150000
150000
150000
150000
150000
150000
150575
150574
150578
150575
150574
150577
150578
150577
150575
150577
150581
150576
150580
150581
150575
150577
150581
150580
150576
150580

It took 413 secs to screen 3011547 sequences, removed 50154.

/******************************************/
Running command: remove.seqs(accnos=/mnt/research/ShadeLab/Barnett/Centralia/MultiYear_intermediateseq/lib2_run2_merged_maxEE_noN.unique.filter.bad.accnos, name=/mnt/research/ShadeLab/Barnett/Centralia/MultiYear_intermediateseq/lib2_run2_merged_maxEE_noN.names, group=/mnt/research/ShadeLab/Barnett/Centralia/MultiYear_intermediateseq/lib2_run2_group_file.txt)
Removed 136437 sequences from your name file.
Removed 136437 sequences from your group file.

Output File Names: 
/mnt/research/ShadeLab/Barnett/Centralia/MultiYear_intermediateseq/lib2_run2_merged_maxEE_noN.pick.names
/mnt/research/ShadeLab/Barnett/Centralia/MultiYear_intermediateseq/lib2_run2_group_file.pick.txt

/******************************************/

Output File Names: 
/mnt/research/ShadeLab/Barnett/Centralia/MultiYear_intermediateseq/lib2_run2_merged_maxEE_noN.unique.filter.good.fasta
/mnt/research/ShadeLab/Barnett/Centralia/MultiYear_intermediateseq/lib2_run2_merged_maxEE_noN.unique.filter.bad.accnos
/mnt/research/ShadeLab/Barnett/Centralia/MultiYear_intermediateseq/lib2_run2_group_file.good.txt
/mnt/research/ShadeLab/Barnett/Centralia/MultiYear_intermediateseq/lib2_run2_merged_maxEE_noN.good.names


It took 1844 secs to screen 3011547 sequences.

mothur > quit()

mothur > quit()
 
 
Filtering sequences
 
[3J[H[2JLinux version

Using ReadLine

Using Boost

Running 64Bit Version

mothur v.1.40.4
Last updated: 02/05/2022
by
Patrick D. Schloss

Department of Microbiology & Immunology

University of Michigan
http://www.mothur.org

When using, please cite:
Schloss, P.D., et al., Introducing mothur: Open-source, platform-independent, community-supported software for describing and comparing microbial communities. Appl Environ Microbiol, 2009. 75(23):7537-41.

Distributed under the GNU General Public License

Type 'help()' for information on the commands that are available

For questions and analysis support, please visit our forum at https://www.mothur.org/forum

Type 'quit()' to exit program

Script Mode


mothur > filter.seqs(fasta=/mnt/research/ShadeLab/Barnett/Centralia/MultiYear_intermediateseq/lib2_run2_merged_maxEE_noN.unique.filter.good.fasta, processors=20, vertical=T)

Using 20 processors.
Creating Filter... 
1000
1000
1000
1000
1000
1000
1000
1000
1000
1000
1000
1000
1000
1000
1000
1000
1000
1000
1000
1000
2000
2000
2000
2000
2000
2000
2000
2000
2000
2000
2000
2000
2000
2000
2000
2000
2000
2000
2000
2000
3000
3000
3000
3000
3000
3000
3000
3000
3000
3000
3000
3000
3000
3000
3000
3000
3000
3000
3000
4000
4000
4000
4000
4000
3000
4000
4000
4000
4000
4000
4000
4000
4000
4000
4000
4000
4000
4000
4000
5000
5000
5000
5000
5000
5000
5000
5000
5000
5000
5000
5000
5000
5000
5000
5000
5000
5000
4000
5000
6000
6000
6000
6000
6000
6000
6000
6000
6000
6000
6000
6000
6000
6000
6000
6000
6000
6000
6000
5000
7000
7000
7000
7000
7000
7000
7000
7000
7000
7000
7000
7000
7000
7000
7000
7000
7000
7000
7000
8000
8000
8000
8000
8000
8000
8000
8000
8000
8000
8000
8000
8000
8000
8000
6000
8000
8000
8000
8000
9000
9000
9000
9000
9000
9000
9000
9000
9000
9000
9000
9000
9000
9000
9000
9000
9000
9000
9000
7000
10000
10000
10000
10000
10000
10000
10000
10000
10000
10000
10000
10000
10000
10000
10000
10000
10000
10000
10000
11000
11000
11000
11000
11000
11000
11000
11000
8000
11000
11000
11000
11000
11000
11000
11000
11000
11000
11000
11000
12000
12000
12000
12000
12000
12000
12000
12000
12000
12000
12000
12000
12000
12000
12000
12000
12000
12000
9000
12000
13000
13000
13000
13000
13000
13000
13000
13000
13000
13000
13000
13000
13000
13000
13000
13000
13000
13000
13000
14000
14000
14000
14000
14000
14000
14000
10000
14000
14000
14000
14000
14000
14000
14000
14000
14000
14000
14000
14000
15000
15000
15000
15000
15000
15000
15000
15000
15000
15000
15000
15000
15000
15000
11000
15000
15000
15000
15000
15000
16000
16000
16000
16000
16000
16000
16000
16000
16000
16000
16000
16000
16000
16000
16000
16000
12000
16000
16000
16000
17000
17000
17000
17000
17000
17000
17000
17000
17000
17000
17000
17000
17000
17000
17000
17000
17000
17000
13000
17000
18000
18000
18000
18000
18000
18000
18000
18000
18000
18000
18000
18000
18000
18000
18000
18000
18000
18000
18000
19000
19000
19000
19000
14000
19000
19000
19000
19000
19000
19000
19000
19000
19000
19000
19000
19000
19000
19000
20000
20000
20000
20000
19000
20000
20000
20000
20000
20000
20000
20000
20000
15000
20000
20000
20000
20000
20000
20000
21000
21000
21000
21000
21000
21000
20000
21000
21000
21000
21000
21000
21000
21000
21000
21000
21000
16000
21000
21000
22000
22000
22000
22000
22000
22000
21000
22000
22000
22000
22000
22000
22000
22000
22000
22000
22000
22000
17000
22000
23000
23000
23000
23000
23000
23000
22000
23000
23000
23000
23000
23000
23000
23000
23000
23000
23000
23000
23000
24000
24000
18000
24000
24000
24000
24000
23000
24000
24000
24000
24000
24000
24000
24000
24000
24000
24000
24000
24000
25000
25000
25000
25000
25000
24000
25000
25000
25000
25000
25000
25000
25000
19000
25000
25000
25000
25000
25000
25000
26000
26000
26000
26000
26000
26000
26000
26000
25000
26000
26000
26000
26000
26000
26000
26000
26000
20000
26000
26000
27000
27000
27000
27000
27000
27000
27000
27000
26000
27000
27000
27000
27000
27000
27000
27000
27000
27000
21000
27000
28000
28000
28000
28000
28000
28000
28000
27000
28000
28000
28000
28000
28000
28000
28000
28000
28000
28000
29000
28000
29000
29000
29000
22000
29000
29000
29000
28000
29000
29000
29000
29000
29000
29000
29000
29000
29000
29000
30000
29000
30000
30000
30000
30000
30000
29000
30000
30000
30000
30000
30000
30000
23000
30000
30000
30000
30000
30000
30000
31000
31000
31000
31000
31000
30000
31000
31000
31000
31000
31000
31000
31000
31000
31000
31000
24000
31000
31000
32000
31000
32000
32000
32000
32000
31000
32000
32000
32000
32000
32000
32000
32000
32000
32000
32000
32000
25000
32000
33000
32000
33000
33000
33000
33000
32000
33000
33000
33000
33000
33000
33000
33000
33000
33000
33000
33000
33000
34000
33000
34000
34000
34000
26000
34000
33000
34000
34000
34000
34000
34000
34000
34000
34000
34000
34000
34000
34000
35000
35000
34000
35000
35000
35000
34000
35000
35000
35000
35000
35000
27000
35000
35000
35000
35000
35000
35000
35000
36000
36000
36000
35000
36000
36000
36000
35000
36000
36000
36000
36000
36000
36000
36000
28000
36000
36000
36000
37000
37000
37000
36000
37000
37000
37000
36000
37000
36000
37000
37000
37000
37000
37000
37000
37000
29000
37000
38000
38000
37000
38000
37000
38000
38000
38000
37000
37000
38000
38000
38000
38000
38000
38000
38000
38000
38000
39000
39000
38000
39000
30000
38000
39000
39000
39000
38000
38000
39000
39000
39000
39000
39000
39000
39000
39000
39000
40000
40000
39000
40000
39000
40000
40000
40000
31000
40000
39000
39000
40000
40000
40000
40000
40000
40000
40000
40000
41000
41000
40000
41000
40000
41000
41000
41000
41000
40000
40000
41000
41000
41000
32000
41000
41000
41000
41000
42000
42000
41000
42000
41000
42000
42000
41000
42000
42000
41000
42000
41000
42000
42000
42000
42000
42000
33000
42000
43000
43000
42000
43000
42000
43000
43000
42000
43000
42000
43000
43000
42000
43000
43000
43000
43000
43000
43000
44000
44000
43000
34000
44000
43000
44000
44000
43000
44000
43000
44000
44000
43000
44000
44000
44000
44000
44000
44000
45000
45000
44000
45000
44000
45000
35000
45000
44000
45000
45000
44000
45000
44000
45000
45000
45000
45000
45000
45000
46000
46000
45000
46000
45000
46000
46000
45000
46000
46000
45000
46000
36000
45000
46000
46000
46000
46000
46000
46000
47000
47000
46000
47000
46000
47000
47000
46000
47000
47000
46000
47000
47000
46000
47000
47000
47000
37000
47000
47000
48000
48000
47000
48000
47000
48000
48000
47000
48000
48000
47000
48000
48000
47000
48000
48000
48000
48000
48000
38000
49000
49000
48000
49000
48000
49000
49000
49000
48000
48000
49000
49000
49000
48000
49000
49000
49000
49000
49000
50000
50000
50000
49000
50000
39000
49000
50000
50000
49000
49000
50000
50000
50000
49000
50000
50000
50000
50000
50000
51000
51000
51000
50000
51000
50000
51000
51000
50000
40000
50000
51000
51000
51000
50000
51000
51000
51000
51000
51000
52000
52000
52000
51000
52000
51000
52000
52000
51000
51000
52000
52000
52000
51000
41000
52000
52000
52000
52000
52000
53000
53000
53000
52000
53000
52000
53000
53000
52000
52000
53000
53000
53000
52000
53000
53000
53000
53000
42000
53000
54000
54000
54000
53000
54000
53000
54000
53000
54000
53000
54000
54000
54000
53000
54000
54000
54000
54000
54000
55000
55000
43000
55000
54000
55000
54000
55000
54000
55000
54000
55000
55000
55000
54000
55000
55000
55000
55000
55000
56000
56000
56000
55000
56000
44000
55000
56000
55000
56000
55000
56000
56000
56000
55000
56000
56000
56000
56000
56000
57000
57000
57000
56000
57000
56000
56000
57000
57000
56000
57000
57000
45000
57000
56000
57000
57000
57000
57000
57000
58000
58000
58000
57000
58000
57000
57000
58000
58000
57000
58000
58000
58000
57000
58000
58000
46000
58000
58000
58000
59000
59000
59000
58000
59000
58000
58000
59000
59000
58000
59000
59000
59000
58000
59000
59000
59000
59000
59000
47000
60000
60000
60000
59000
60000
59000
59000
60000
60000
59000
60000
60000
60000
59000
60000
60000
60000
60000
60000
61000
61000
61000
48000
60000
61000
60000
60000
61000
61000
60000
61000
61000
61000
60000
61000
61000
61000
61000
61000
62000
62000
62000
61000
62000
61000
61000
62000
62000
49000
61000
62000
62000
62000
61000
62000
62000
62000
62000
62000
63000
63000
63000
62000
63000
63000
62000
62000
63000
62000
63000
63000
63000
50000
62000
63000
63000
63000
63000
63000
64000
64000
64000
63000
64000
63000
64000
64000
63000
63000
64000
64000
63000
64000
64000
64000
64000
64000
64000
51000
65000
65000
65000
65000
64000
65000
64000
65000
64000
64000
65000
65000
64000
65000
65000
65000
65000
65000
65000
66000
66000
66000
66000
52000
65000
65000
66000
66000
65000
65000
66000
66000
65000
66000
66000
66000
66000
66000
66000
67000
67000
67000
67000
66000
66000
67000
67000
66000
53000
66000
67000
67000
66000
67000
67000
67000
67000
67000
67000
68000
68000
68000
68000
68000
67000
67000
68000
67000
67000
68000
68000
67000
68000
54000
68000
68000
68000
68000
68000
69000
69000
69000
69000
69000
68000
68000
68000
69000
68000
69000
69000
68000
69000
69000
69000
69000
69000
55000
69000
70000
70000
70000
70000
69000
70000
69000
69000
70000
69000
70000
70000
70000
69000
70000
70000
70000
70000
70000
71000
71000
71000
56000
71000
70000
70000
71000
71000
70000
71000
70000
71000
71000
70000
71000
71000
71000
71000
72000
72000
72000
72000
71000
71000
71000
57000
72000
72000
71000
72000
71000
72000
72000
72000
72000
71000
72000
72000
73000
73000
73000
72000
73000
72000
72000
73000
73000
72000
73000
72000
73000
73000
73000
73000
58000
73000
72000
73000
74000
74000
74000
74000
73000
73000
74000
73000
74000
74000
74000
73000
74000
73000
74000
74000
74000
73000
74000
75000
59000
75000
75000
74000
74000
75000
75000
75000
74000
75000
74000
75000
75000
75000
74000
75000
75000
74000
75000
76000
76000
76000
76000
60000
75000
76000
75000
76000
75000
76000
76000
76000
75000
75000
76000
76000
76000
75000
76000
77000
77000
77000
77000
76000
77000
76000
77000
61000
76000
77000
77000
77000
76000
76000
77000
77000
77000
76000
77000
78000
78000
78000
78000
77000
78000
77000
78000
78000
77000
78000
78000
62000
77000
78000
78000
77000
78000
77000
78000
79000
79000
79000
78000
79000
79000
78000
79000
78000
79000
79000
79000
79000
78000
79000
79000
78000
78000
63000
79000
80000
80000
80000
80000
80000
79000
79000
80000
79000
80000
80000
80000
80000
79000
80000
80000
79000
79000
80000
81000
81000
64000
81000
81000
81000
80000
80000
81000
80000
81000
81000
81000
81000
80000
81000
81000
80000
81000
80000
82000
82000
82000
82000
81000
82000
81000
65000
82000
81000
82000
82000
82000
82000
81000
82000
82000
81000
82000
81000
83000
83000
83000
83000
83000
82000
82000
83000
82000
66000
83000
83000
83000
82000
83000
83000
83000
83000
82000
82000
84000
84000
84000
84000
83000
84000
84000
83000
83000
84000
83000
84000
67000
84000
84000
84000
84000
83000
83000
85000
84000
85000
85000
85000
85000
84000
85000
84000
84000
85000
84000
85000
85000
85000
85000
85000
84000
84000
86000
68000
85000
86000
86000
86000
86000
85000
86000
85000
85000
86000
85000
86000
86000
86000
86000
86000
85000
85000
87000
86000
87000
87000
87000
69000
87000
86000
87000
86000
86000
87000
86000
87000
87000
87000
87000
86000
87000
88000
86000
87000
88000
88000
88000
88000
88000
87000
87000
70000
87000
87000
88000
88000
88000
88000
88000
87000
88000
89000
88000
87000
89000
89000
89000
89000
88000
89000
88000
88000
88000
89000
71000
89000
89000
89000
89000
88000
89000
90000
89000
88000
90000
90000
90000
89000
90000
90000
89000
89000
89000
90000
90000
90000
90000
90000
89000
72000
90000
91000
90000
91000
89000
91000
91000
90000
91000
91000
90000
90000
90000
91000
91000
91000
91000
91000
90000
91000
92000
91000
92000
92000
90000
92000
73000
91000
92000
92000
91000
91000
91000
92000
92000
92000
92000
92000
92000
91000
93000
92000
93000
93000
91000
93000
92000
74000
93000
93000
92000
92000
92000
93000
93000
93000
93000
93000
92000
94000
93000
93000
94000
92000
94000
94000
93000
94000
94000
93000
75000
93000
93000
94000
94000
94000
94000
94000
93000
95000
94000
94000
95000
95000
93000
95000
94000
95000
95000
94000
94000
94000
95000
95000
95000
95000
95000
76000
94000
96000
95000
95000
96000
96000
94000
96000
95000
96000
96000
95000
95000
95000
96000
96000
96000
96000
96000
95000
97000
96000
96000
77000
97000
97000
97000
95000
96000
97000
97000
96000
96000
96000
97000
97000
97000
97000
97000
96000
98000
97000
97000
98000
98000
98000
96000
78000
97000
98000
98000
97000
97000
97000
98000
98000
98000
98000
98000
97000
99000
98000
98000
99000
99000
99000
97000
98000
99000
99000
79000
98000
98000
98000
99000
99000
99000
99000
99000
98000
100000
99000
99000
100000
100000
100000
98000
99000
100000
100000
99000
100000
99000
99000
80000
100000
100000
100000
100000
101000
99000
100000
100000
101000
101000
101000
99000
100000
101000
101000
100000
101000
100000
100000
101000
101000
101000
101000
102000
100000
81000
101000
101000
102000
102000
102000
101000
100000
102000
102000
101000
102000
101000
102000
102000
101000
102000
102000
103000
101000
102000
102000
103000
103000
103000
82000
102000
101000
103000
103000
102000
103000
103000
103000
102000
102000
103000
103000
104000
103000
102000
103000
104000
104000
104000
103000
104000
102000
104000
83000
103000
104000
104000
104000
103000
103000
104000
104000
105000
104000
103000
104000
105000
105000
105000
104000
105000
105000
103000
104000
84000
105000
105000
105000
104000
105000
104000
106000
105000
105000
104000
105000
106000
106000
106000
105000
106000
106000
104000
105000
106000
106000
106000
106000
105000
105000
85000
107000
106000
106000
105000
106000
107000
107000
107000
106000
107000
107000
105000
106000
107000
107000
107000
107000
106000
106000
108000
107000
107000
106000
107000
108000
108000
86000
108000
107000
108000
108000
106000
107000
108000
108000
108000
108000
107000
107000
109000
108000
107000
108000
108000
109000
109000
109000
108000
87000
109000
109000
107000
108000
109000
109000
109000
109000
108000
108000
110000
109000
108000
109000
109000
110000
110000
110000
109000
110000
110000
109000
108000
88000
110000
110000
110000
110000
109000
109000
111000
110000
109000
110000
111000
110000
111000
111000
110000
111000
111000
110000
111000
111000
111000
109000
111000
89000
112000
111000
110000
111000
110000
112000
110000
112000
111000
111000
112000
112000
112000
111000
112000
112000
112000
112000
110000
113000
112000
111000
112000
90000
113000
111000
113000
111000
112000
112000
113000
113000
113000
112000
113000
113000
113000
113000
114000
111000
113000
112000
113000
114000
114000
112000
112000
91000
113000
114000
113000
114000
114000
113000
114000
114000
114000
114000
115000
112000
114000
113000
114000
115000
115000
113000
113000
114000
115000
114000
115000
115000
92000
114000
115000
115000
115000
115000
116000
113000
114000
115000
115000
116000
116000
114000
114000
115000
116000
116000
115000
116000
115000
116000
116000
116000
93000
116000
117000
115000
114000
116000
116000
117000
117000
115000
115000
116000
117000
117000
116000
117000
116000
117000
117000
117000
117000
118000
94000
116000
117000
117000
115000
118000
118000
116000
116000
117000
118000
118000
117000
118000
117000
118000
118000
118000
118000
119000
117000
118000
118000
116000
119000
119000
117000
95000
117000
118000
119000
119000
119000
118000
118000
119000
119000
119000
119000
120000
118000
119000
119000
117000
120000
120000
118000
118000
119000
120000
96000
120000
119000
120000
119000
120000
120000
120000
120000
121000
119000
120000
120000
121000
121000
118000
119000
119000
120000
121000
121000
120000
120000
121000
97000
121000
121000
121000
121000
122000
120000
121000
121000
122000
122000
119000
120000
120000
121000
122000
122000
122000
121000
121000
122000
122000
122000
122000
123000
98000
122000
121000
123000
123000
122000
120000
121000
121000
122000
123000
123000
122000
122000
123000
123000
123000
123000
123000
124000
123000
122000
124000
124000
123000
99000
121000
122000
122000
123000
124000
124000
123000
123000
124000
124000
124000
124000
124000
125000
124000
123000
125000
125000
124000
122000
123000
124000
100000
125000
125000
123000
124000
125000
125000
125000
124000
125000
125000
126000
125000
124000
126000
126000
125000
124000
123000
126000
125000
124000
125000
126000
126000
126000
101000
125000
126000
126000
127000
126000
125000
127000
126000
127000
126000
125000
124000
127000
125000
126000
126000
127000
127000
127000
126000
127000
128000
127000
127000
126000
102000
128000
128000
127000
127000
126000
125000
128000
127000
126000
127000
128000
128000
128000
127000
128000
129000
128000
128000
127000
129000
129000
128000
128000
103000
127000
126000
129000
128000
128000
127000
129000
129000
129000
128000
129000
130000
129000
129000
128000
130000
130000
129000
129000
128000
127000
130000
104000
129000
129000
128000
130000
130000
130000
129000
130000
131000
130000
130000
129000
131000
131000
130000
130000
129000
128000
131000
130000
130000
129000
131000
105000
131000
131000
130000
131000
132000
131000
131000
130000
132000
132000
131000
131000
130000
129000
132000
131000
131000
130000
132000
132000
132000
131000
132000
132000
106000
133000
132000
131000
133000
133000
132000
132000
131000
130000
133000
132000
132000
133000
131000
133000
133000
132000
133000
133000
134000
133000
132000
134000
134000
133000
133000
107000
132000
131000
134000
133000
133000
134000
132000
134000
133000
134000
134000
134000
135000
134000
133000
135000
135000
134000
134000
133000
132000
108000
135000
134000
134000
135000
133000
135000
134000
135000
135000
135000
136000
135000
134000
136000
136000
135000
135000
134000
133000
136000
135000
135000
109000
136000
134000
136000
135000
136000
136000
136000
137000
135000
137000
136000
136000
136000
137000
135000
134000
137000
136000
136000
135000
137000
137000
136000
137000
137000
110000
137000
138000
136000
138000
137000
137000
137000
138000
136000
138000
135000
137000
137000
136000
138000
138000
137000
138000
138000
138000
139000
137000
139000
138000
111000
138000
138000
139000
137000
139000
136000
138000
138000
139000
137000
139000
138000
139000
139000
139000
140000
138000
140000
139000
139000
140000
139000
138000
112000
140000
137000
139000
139000
140000
138000
140000
139000
140000
140000
140000
141000
139000
141000
140000
141000
140000
140000
139000
141000
138000
140000
140000
113000
141000
139000
141000
140000
141000
141000
141000
142000
140000
142000
141000
142000
141000
141000
140000
142000
139000
141000
141000
142000
140000
142000
141000
114000
142000
142000
142000
143000
141000
143000
142000
143000
142000
142000
141000
143000
140000
142000
143000
142000
141000
143000
142000
143000
143000
143000
142000
144000
143000
115000
144000
144000
143000
143000
142000
144000
141000
143000
144000
143000
144000
142000
143000
144000
144000
144000
143000
145000
144000
145000
145000
144000
144000
143000
116000
145000
142000
144000
145000
144000
145000
143000
144000
145000
145000
145000
144000
146000
145000
146000
146000
145000
145000
144000
146000
145000
143000
117000
146000
145000
146000
144000
145000
146000
146000
146000
145000
146000
147000
147000
147000
146000
146000
145000
147000
146000
144000
147000
146000
147000
146000
145000
118000
147000
147000
147000
146000
147000
148000
148000
148000
148072
148069
147000
148070
147000
146000
148000
148068
147000
145000
148000
147000
148069
148000
147000
146000
148067
148000
148000
148070
148070
147000
148000
119000
148069
148000
148070
148000
148070
148000
147000
148070
148000
146000
148072
148000
148070
147000
148000
148069
148000
148067
120000
148000
148071
147000
148000
148070
121000
148000
148070
122000
123000
124000
125000
126000
127000
128000
129000
130000
131000
132000
133000
134000
135000
136000
137000
138000
139000
140000
141000
142000
143000
144000
145000
146000
147000
148000
148070
It took 15 secs to create filter for 2961393 sequences.


Running Filter... 
1000
1000
1000
1000
1000
1000
1000
1000
1000
1000
1000
1000
1000
1000
1000
1000
1000
1000
1000
1000
2000
2000
2000
2000
2000
2000
2000
2000
2000
2000
2000
2000
2000
2000
3000
2000
3000
2000
3000
2000
3000
2000
3000
2000
2000
3000
3000
3000
3000
3000
3000
3000
3000
3000
4000
4000
4000
4000
4000
3000
3000
3000
3000
3000
3000
4000
4000
4000
4000
4000
4000
4000
4000
4000
5000
5000
5000
5000
5000
4000
4000
4000
4000
4000
5000
5000
5000
5000
5000
5000
6000
5000
6000
5000
6000
5000
6000
6000
5000
4000
5000
5000
5000
5000
6000
6000
6000
6000
6000
6000
7000
6000
7000
6000
7000
6000
7000
7000
6000
6000
6000
6000
6000
5000
7000
7000
7000
7000
7000
7000
8000
7000
8000
7000
8000
7000
8000
8000
7000
7000
7000
7000
7000
8000
6000
8000
8000
8000
8000
8000
9000
8000
9000
8000
9000
8000
9000
8000
9000
8000
8000
8000
8000
9000
9000
9000
9000
9000
9000
10000
10000
10000
10000
7000
9000
9000
9000
9000
9000
9000
10000
9000
9000
10000
10000
10000
10000
10000
10000
11000
11000
11000
11000
10000
10000
10000
10000
10000
10000
11000
10000
10000
8000
11000
11000
11000
11000
11000
12000
11000
12000
12000
12000
11000
11000
11000
11000
12000
11000
11000
11000
11000
9000
12000
12000
12000
12000
12000
13000
12000
13000
13000
12000
12000
12000
13000
13000
12000
12000
12000
12000
12000
13000
13000
13000
14000
13000
13000
10000
14000
14000
13000
13000
13000
14000
13000
14000
13000
13000
13000
13000
13000
14000
14000
14000
15000
15000
14000
14000
15000
14000
14000
14000
15000
15000
14000
14000
14000
11000
14000
14000
14000
15000
15000
16000
15000
15000
16000
15000
16000
15000
15000
16000
15000
15000
15000
15000
16000
15000
15000
15000
12000
16000
16000
17000
16000
16000
17000
16000
17000
16000
16000
16000
17000
16000
16000
16000
16000
17000
16000
17000
16000
17000
17000
17000
18000
18000
13000
17000
18000
17000
17000
18000
17000
17000
17000
17000
17000
18000
17000
18000
17000
18000
18000
19000
18000
18000
19000
18000
19000
18000
19000
18000
18000
18000
18000
19000
14000
18000
18000
19000
19000
18000
19000
20000
19000
20000
19000
19000
20000
20000
19000
19000
19000
19000
20000
19000
19000
19000
20000
20000
19000
20000
15000
21000
20000
21000
20000
20000
21000
21000
20000
20000
20000
20000
21000
20000
20000
20000
21000
21000
20000
21000
22000
21000
22000
21000
22000
21000
22000
21000
16000
21000
21000
21000
22000
21000
21000
21000
22000
22000
21000
22000
23000
23000
22000
22000
23000
23000
22000
22000
22000
22000
22000
23000
22000
22000
22000
17000
23000
22000
23000
24000
23000
23000
24000
24000
24000
23000
23000
23000
23000
23000
23000
24000
23000
23000
23000
24000
23000
24000
25000
24000
25000
24000
25000
25000
18000
24000
24000
24000
24000
24000
24000
24000
25000
24000
24000
25000
24000
25000
26000
25000
26000
25000
26000
26000
25000
25000
25000
25000
25000
25000
25000
26000
19000
25000
25000
26000
25000
26000
27000
26000
27000
26000
27000
26000
27000
26000
26000
26000
26000
26000
26000
27000
26000
26000
27000
26000
27000
20000
28000
27000
28000
27000
28000
28000
27000
27000
27000
27000
27000
27000
27000
27000
27000
28000
28000
27000
29000
28000
29000
28000
29000
28000
28000
29000
28000
28000
28000
28000
28000
28000
28000
28000
28000
21000
29000
29000
30000
29000
30000
30000
29000
29000
30000
29000
29000
29000
29000
29000
29000
29000
29000
30000
29000
29000
31000
30000
30000
31000
31000
30000
31000
22000
30000
30000
30000
30000
30000
30000
30000
30000
30000
31000
32000
30000
31000
30000
32000
32000
32000
31000
31000
31000
31000
31000
31000
23000
31000
31000
31000
32000
31000
31000
33000
32000
31000
33000
33000
31000
32000
33000
32000
32000
32000
32000
32000
32000
32000
33000
32000
32000
34000
32000
24000
33000
32000
34000
34000
32000
33000
34000
33000
33000
33000
33000
33000
33000
33000
34000
33000
33000
35000
33000
34000
33000
35000
33000
35000
35000
34000
34000
34000
34000
25000
34000
34000
34000
34000
34000
35000
36000
34000
34000
34000
35000
34000
36000
36000
36000
35000
35000
35000
35000
35000
35000
35000
26000
36000
35000
35000
37000
35000
36000
35000
37000
35000
35000
36000
37000
36000
37000
36000
36000
36000
36000
36000
37000
36000
38000
36000
36000
27000
37000
36000
36000
38000
37000
36000
37000
38000
38000
37000
37000
37000
37000
38000
37000
39000
37000
37000
37000
38000
39000
37000
38000
37000
38000
28000
38000
37000
38000
39000
39000
38000
38000
39000
40000
38000
38000
38000
38000
39000
40000
39000
39000
38000
38000
39000
38000
40000
40000
39000
39000
39000
40000
29000
41000
39000
39000
39000
39000
40000
41000
40000
39000
39000
40000
39000
40000
40000
40000
40000
41000
41000
41000
42000
40000
40000
40000
41000
40000
30000
42000
41000
40000
40000
41000
40000
41000
41000
41000
41000
42000
42000
42000
43000
41000
41000
41000
42000
41000
43000
41000
41000
42000
41000
42000
42000
42000
31000
42000
42000
43000
43000
43000
44000
42000
42000
42000
43000
42000
44000
42000
43000
42000
43000
43000
42000
43000
43000
44000
43000
44000
44000
43000
43000
45000
32000
44000
43000
45000
43000
43000
43000
44000
44000
43000
44000
44000
44000
45000
45000
44000
44000
44000
45000
46000
45000
44000
46000
44000
33000
44000
44000
45000
45000
44000
45000
45000
45000
46000
46000
45000
45000
45000
46000
47000
46000
47000
45000
45000
45000
45000
46000
46000
46000
46000
45000
46000
47000
47000
46000
34000
46000
46000
47000
48000
47000
48000
46000
46000
47000
46000
47000
46000
47000
46000
47000
47000
48000
48000
47000
47000
47000
48000
49000
48000
35000
49000
47000
47000
47000
48000
48000
47000
48000
47000
49000
48000
48000
49000
48000
48000
49000
50000
48000
50000
48000
49000
48000
48000
49000
49000
48000
36000
48000
49000
50000
49000
49000
50000
49000
49000
51000
50000
49000
49000
51000
49000
50000
49000
50000
50000
49000
49000
50000
51000
50000
50000
51000
50000
50000
52000
51000
37000
50000
52000
50000
51000
50000
50000
51000
51000
52000
51000
51000
52000
50000
51000
51000
50000
52000
51000
51000
53000
38000
52000
51000
53000
51000
51000
52000
52000
53000
52000
53000
52000
52000
53000
52000
51000
52000
51000
52000
53000
52000
54000
54000
52000
39000
52000
53000
54000
53000
53000
53000
54000
54000
53000
53000
52000
53000
52000
53000
54000
53000
55000
53000
55000
53000
54000
54000
55000
54000
54000
55000
54000
54000
53000
55000
54000
40000
54000
55000
54000
53000
56000
54000
56000
54000
55000
55000
55000
55000
56000
56000
55000
54000
55000
56000
55000
55000
56000
55000
54000
57000
41000
55000
57000
56000
55000
56000
56000
56000
57000
56000
57000
55000
56000
56000
57000
56000
57000
56000
55000
58000
56000
58000
57000
57000
57000
42000
56000
58000
57000
57000
56000
57000
58000
58000
57000
57000
58000
57000
56000
59000
57000
59000
58000
58000
58000
58000
58000
59000
57000
58000
59000
57000
59000
59000
58000
58000
58000
43000
60000
57000
60000
58000
59000
59000
59000
59000
59000
59000
60000
58000
60000
59000
60000
59000
58000
59000
60000
61000
58000
59000
44000
61000
60000
60000
60000
60000
60000
60000
61000
60000
61000
60000
59000
59000
60000
61000
61000
62000
59000
60000
62000
61000
61000
61000
61000
61000
61000
62000
61000
60000
45000
61000
62000
60000
62000
63000
62000
61000
60000
61000
63000
62000
62000
62000
62000
62000
62000
63000
62000
62000
63000
61000
61000
63000
64000
62000
63000
46000
61000
62000
64000
63000
63000
63000
63000
63000
63000
63000
64000
64000
63000
62000
62000
64000
63000
65000
64000
62000
63000
65000
64000
64000
64000
64000
47000
64000
64000
65000
64000
63000
65000
63000
65000
64000
64000
66000
65000
63000
64000
66000
65000
65000
65000
65000
65000
65000
66000
65000
64000
66000
64000
65000
66000
65000
67000
66000
48000
64000
65000
66000
67000
66000
66000
66000
66000
66000
67000
66000
65000
67000
67000
65000
66000
66000
67000
68000
65000
66000
49000
67000
67000
68000
67000
67000
67000
67000
68000
68000
66000
67000
66000
67000
67000
69000
68000
68000
66000
67000
68000
68000
69000
68000
68000
68000
68000
69000
67000
69000
50000
68000
68000
67000
68000
69000
70000
69000
67000
68000
69000
69000
70000
69000
69000
69000
70000
68000
70000
69000
69000
68000
69000
69000
71000
70000
70000
51000
68000
69000
70000
70000
71000
70000
70000
70000
71000
69000
70000
71000
69000
70000
70000
71000
72000
70000
71000
69000
71000
71000
72000
70000
71000
71000
52000
70000
71000
71000
72000
72000
70000
72000
72000
71000
71000
73000
70000
71000
72000
72000
72000
72000
71000
73000
71000
72000
72000
73000
53000
73000
71000
73000
73000
72000
72000
74000
71000
72000
73000
73000
73000
73000
72000
74000
72000
73000
73000
74000
74000
72000
74000
74000
73000
73000
75000
72000
54000
74000
73000
74000
74000
74000
73000
75000
73000
74000
74000
75000
75000
75000
73000
75000
74000
76000
74000
73000
75000
74000
75000
75000
75000
76000
74000
74000
75000
55000
76000
75000
76000
76000
74000
76000
77000
75000
75000
74000
76000
75000
76000
76000
76000
77000
75000
75000
76000
77000
77000
76000
77000
75000
77000
56000
78000
76000
75000
76000
77000
77000
76000
77000
77000
78000
76000
76000
77000
78000
78000
77000
78000
76000
78000
79000
77000
77000
76000
78000
77000
78000
78000
78000
79000
57000
77000
77000
78000
79000
79000
78000
79000
79000
77000
80000
78000
77000
79000
78000
79000
79000
78000
80000
79000
78000
78000
79000
80000
80000
58000
79000
80000
80000
78000
79000
81000
78000
80000
79000
80000
80000
79000
81000
80000
79000
79000
80000
81000
81000
80000
81000
81000
79000
80000
82000
79000
81000
59000
80000
81000
81000
80000
82000
81000
80000
81000
80000
82000
82000
81000
82000
82000
81000
80000
82000
80000
83000
81000
82000
82000
81000
83000
81000
82000
82000
81000
60000
83000
83000
82000
83000
83000
82000
81000
81000
83000
84000
82000
83000
83000
82000
84000
82000
83000
82000
83000
84000
84000
83000
61000
84000
84000
84000
82000
83000
82000
85000
84000
83000
84000
85000
83000
83000
84000
84000
83000
85000
85000
84000
85000
85000
85000
83000
83000
86000
85000
84000
84000
85000
86000
84000
62000
84000
84000
85000
85000
86000
86000
85000
86000
86000
86000
84000
87000
85000
86000
84000
85000
86000
87000
85000
85000
86000
86000
85000
87000
87000
63000
87000
87000
86000
87000
85000
86000
87000
88000
87000
86000
88000
85000
86000
87000
86000
87000
88000
86000
88000
88000
88000
87000
87000
86000
88000
88000
88000
89000
87000
89000
64000
86000
87000
88000
88000
87000
89000
87000
89000
89000
89000
88000
88000
89000
89000
89000
87000
90000
90000
88000
87000
89000
88000
89000
90000
88000
65000
88000
90000
90000
90000
89000
89000
90000
88000
91000
90000
90000
91000
89000
88000
90000
90000
89000
91000
89000
89000
91000
91000
66000
91000
90000
90000
91000
92000
91000
89000
90000
91000
91000
89000
92000
91000
92000
90000
90000
90000
92000
92000
92000
91000
91000
92000
92000
93000
67000
91000
90000
92000
92000
93000
90000
92000
93000
91000
91000
93000
91000
93000
92000
93000
93000
92000
93000
94000
92000
91000
93000
91000
93000
94000
93000
94000
92000
92000
92000
68000
94000
94000
93000
94000
94000
93000
94000
95000
93000
94000
92000
94000
95000
92000
94000
95000
93000
93000
93000
95000
95000
94000
95000
95000
94000
69000
95000
96000
94000
95000
93000
96000
95000
93000
95000
96000
94000
94000
94000
96000
96000
95000
96000
96000
95000
97000
96000
95000
96000
97000
94000
96000
94000
96000
97000
70000
95000
95000
95000
97000
97000
96000
97000
96000
97000
98000
97000
96000
97000
98000
95000
97000
97000
95000
98000
96000
96000
96000
98000
98000
71000
98000
97000
99000
97000
98000
98000
98000
99000
98000
96000
97000
98000
99000
96000
97000
97000
97000
99000
99000
100000
98000
99000
99000
99000
98000
72000
99000
100000
97000
98000
100000
97000
99000
99000
98000
98000
98000
100000
100000
101000
100000
99000
100000
100000
101000
100000
98000
99000
101000
98000
100000
99000
100000
99000
99000
73000
99000
101000
101000
102000
101000
100000
101000
101000
102000
101000
99000
102000
101000
99000
100000
100000
100000
100000
101000
100000
102000
103000
102000
102000
101000
102000
74000
103000
102000
100000
103000
102000
102000
101000
100000
101000
101000
101000
102000
101000
103000
103000
104000
103000
102000
103000
103000
104000
104000
103000
103000
102000
102000
101000
101000
102000
75000
102000
103000
104000
104000
102000
104000
103000
105000
104000
104000
105000
105000
104000
104000
103000
102000
103000
102000
103000
103000
104000
105000
105000
103000
105000
76000
104000
106000
105000
105000
106000
106000
105000
105000
104000
104000
103000
103000
104000
104000
105000
106000
106000
106000
104000
105000
106000
107000
106000
107000
107000
106000
106000
105000
77000
105000
104000
105000
104000
105000
106000
107000
107000
106000
107000
107000
105000
108000
107000
108000
108000
106000
107000
107000
106000
105000
105000
107000
106000
106000
108000
78000
107000
108000
108000
106000
108000
108000
109000
109000
107000
109000
108000
108000
107000
106000
106000
108000
107000
107000
109000
108000
107000
109000
109000
109000
109000
110000
110000
108000
110000
79000
109000
109000
108000
107000
109000
108000
108000
110000
107000
110000
108000
109000
110000
111000
110000
109000
111000
111000
110000
110000
110000
109000
108000
110000
109000
80000
109000
111000
108000
111000
110000
109000
111000
112000
112000
111000
110000
111000
112000
111000
111000
110000
109000
111000
110000
109000
110000
112000
112000
110000
113000
111000
112000
113000
81000
111000
112000
113000
112000
112000
112000
111000
112000
111000
110000
111000
113000
110000
113000
114000
114000
112000
113000
114000
112000
111000
113000
113000
113000
112000
113000
82000
113000
112000
114000
111000
112000
114000
111000
115000
114000
113000
115000
115000
112000
114000
113000
114000
114000
113000
114000
114000
113000
115000
112000
113000
115000
83000
112000
116000
115000
114000
116000
116000
115000
113000
115000
114000
115000
114000
115000
115000
116000
113000
114000
114000
113000
116000
117000
116000
115000
117000
84000
115000
117000
116000
114000
116000
116000
116000
115000
116000
117000
114000
115000
114000
115000
118000
117000
117000
116000
116000
118000
117000
118000
117000
117000
117000
115000
116000
117000
85000
118000
115000
115000
116000
116000
118000
119000
118000
117000
117000
118000
119000
118000
116000
119000
118000
118000
117000
118000
119000
116000
116000
117000
86000
119000
119000
120000
118000
117000
119000
118000
120000
117000
119000
119000
120000
119000
118000
119000
120000
117000
117000
118000
120000
120000
121000
119000
118000
121000
118000
119000
87000
121000
120000
120000
120000
120000
119000
120000
118000
121000
118000
119000
122000
120000
121000
121000
119000
122000
120000
119000
122000
121000
121000
121000
121000
121000
122000
119000
119000
120000
88000
120000
123000
122000
122000
121000
120000
123000
120000
121000
122000
123000
122000
122000
122000
123000
121000
120000
122000
120000
124000
121000
123000
123000
122000
89000
124000
121000
121000
122000
124000
123000
123000
123000
124000
123000
121000
122000
123000
121000
125000
122000
124000
124000
123000
125000
122000
123000
122000
125000
124000
124000
90000
124000
125000
124000
122000
123000
124000
126000
122000
123000
125000
125000
124000
126000
123000
126000
123000
124000
125000
125000
125000
125000
126000
124000
123000
127000
125000
124000
123000
126000
91000
126000
125000
127000
124000
127000
124000
125000
126000
126000
126000
127000
126000
124000
125000
128000
125000
126000
124000
127000
127000
126000
128000
125000
128000
125000
92000
126000
127000
127000
127000
128000
125000
127000
126000
129000
126000
127000
125000
128000
128000
127000
129000
126000
129000
126000
127000
128000
128000
128000
129000
126000
93000
128000
127000
130000
127000
128000
126000
129000
129000
128000
130000
130000
127000
127000
128000
129000
129000
129000
130000
127000
129000
128000
131000
128000
129000
127000
130000
130000
129000
131000
94000
131000
128000
128000
129000
130000
130000
130000
131000
130000
128000
129000
129000
132000
131000
128000
131000
132000
130000
130000
129000
129000
131000
132000
130000
131000
131000
95000
132000
131000
129000
130000
130000
133000
132000
129000
132000
131000
133000
131000
130000
132000
131000
130000
133000
132000
132000
133000
132000
130000
131000
134000
131000
133000
130000
133000
96000
132000
134000
132000
133000
131000
131000
132000
133000
134000
133000
134000
133000
132000
132000
134000
131000
135000
131000
135000
134000
133000
133000
132000
134000
132000
97000
134000
133000
134000
135000
135000
134000
133000
135000
133000
132000
136000
132000
136000
135000
134000
134000
135000
133000
133000
134000
135000
135000
136000
136000
135000
136000
98000
134000
137000
133000
134000
133000
137000
136000
135000
135000
136000
134000
135000
134000
136000
136000
137000
136000
137000
135000
135000
134000
138000
134000
137000
138000
137000
136000
99000
136000
137000
136000
135000
137000
135000
138000
137000
137000
138000
136000
136000
135000
138000
135000
139000
138000
139000
137000
137000
138000
137000
136000
138000
136000
139000
100000
138000
138000
137000
137000
139000
136000
136000
140000
139000
139000
138000
140000
138000
138000
139000
137000
139000
137000
140000
139000
139000
138000
140000
138000
137000
141000
137000
140000
101000
140000
139000
141000
139000
139000
140000
138000
140000
138000
141000
140000
140000
139000
141000
138000
142000
139000
141000
138000
141000
140000
142000
140000
140000
102000
141000
139000
139000
141000
141000
142000
141000
140000
142000
139000
143000
140000
142000
139000
142000
141000
143000
141000
141000
142000
140000
140000
142000
143000
142000
142000
141000
143000
103000
140000
140000
143000
141000
144000
142000
143000
144000
142000
142000
143000
141000
141000
143000
143000
143000
142000
144000
144000
141000
144000
141000
142000
145000
143000
144000
145000
104000
143000
143000
144000
142000
142000
144000
144000
144000
143000
145000
145000
142000
145000
142000
146000
143000
144000
145000
146000
144000
144000
145000
143000
143000
145000
105000
145000
145000
144000
146000
146000
143000
146000
143000
147000
144000
145000
146000
147000
145000
145000
146000
144000
146000
146000
146000
145000
144000
147000
147000
144000
147000
144000
148000
106000
148069
146000
147000
145000
148000
148070
146000
146000
147000
145000
147000
147000
146000
147000
145000
148000
148070
148000
145000
148000
145000
148069
148067
148000
147000
146000
148070
147000
147000
148000
148070
107000
146000
148000
148000
147000
148000
146000
148071
148070
148070
146000
146000
148000
147000
148069
148000
148000
148070
148068
147000
108000
148000
147000
148072
147000
147000
148000
148070
148000
148067
148000
109000
148069
148000
148000
148070
148072
110000
111000
112000
113000
114000
115000
116000
117000
118000
119000
120000
121000
122000
123000
124000
125000
126000
127000
128000
129000
130000
131000
132000
133000
134000
135000
136000
137000
138000
139000
140000
141000
142000
143000
144000
145000
146000
147000
148000
148070
It took 13 secs to filter 2961393 sequences.



Length of filtered alignment: 1366
Number of columns removed: 322
Length of the original alignment: 1688
Number of sequences used to construct filter: 2961393

Output File Names: 
/mnt/research/ShadeLab/Barnett/Centralia/MultiYear_intermediateseq/lib2_run2_merged_maxEE_noN.filter
/mnt/research/ShadeLab/Barnett/Centralia/MultiYear_intermediateseq/lib2_run2_merged_maxEE_noN.unique.filter.good.filter.fasta


mothur > quit()

mothur > quit()
 
 
Prefiltered
3011547
Postfilterd
2961393
 
 
Inflate sequences
 
[3J[H[2JLinux version

Using ReadLine

Using Boost

Running 64Bit Version

mothur v.1.40.4
Last updated: 02/05/2022
by
Patrick D. Schloss

Department of Microbiology & Immunology

University of Michigan
http://www.mothur.org

When using, please cite:
Schloss, P.D., et al., Introducing mothur: Open-source, platform-independent, community-supported software for describing and comparing microbial communities. Appl Environ Microbiol, 2009. 75(23):7537-41.

Distributed under the GNU General Public License

Type 'help()' for information on the commands that are available

For questions and analysis support, please visit our forum at https://www.mothur.org/forum

Type 'quit()' to exit program

Script Mode


mothur > deunique.seqs(fasta=/mnt/research/ShadeLab/Barnett/Centralia/MultiYear_intermediateseq/lib2_run2_merged_maxEE_noN.unique.filter.good.filter.fasta, name=/mnt/research/ShadeLab/Barnett/Centralia/MultiYear_intermediateseq/lib2_run2_merged_maxEE_noN.names)

Output File Names: 
/mnt/research/ShadeLab/Barnett/Centralia/MultiYear_intermediateseq/lib2_run2_merged_maxEE_noN.unique.filter.good.filter.redundant.fasta


mothur > quit()

mothur > quit()
 
 
Generate final QCed read file
 
[3J[H[2JLinux version

Using ReadLine

Using Boost

Running 64Bit Version

mothur v.1.40.4
Last updated: 02/05/2022
by
Patrick D. Schloss

Department of Microbiology & Immunology

University of Michigan
http://www.mothur.org

When using, please cite:
Schloss, P.D., et al., Introducing mothur: Open-source, platform-independent, community-supported software for describing and comparing microbial communities. Appl Environ Microbiol, 2009. 75(23):7537-41.

Distributed under the GNU General Public License

Type 'help()' for information on the commands that are available

For questions and analysis support, please visit our forum at https://www.mothur.org/forum

Type 'quit()' to exit program

Script Mode


mothur > summary.seqs(fasta=/mnt/research/ShadeLab/Barnett/Centralia/MultiYear_finalQCreads/lib2_run2_finalQC.fasta, processors=1)

Using 1 processors.

		Start	End	NBases	Ambigs	Polymer	NumSeqs
Minimum:	1	208	208	0	3	1
2.5%-tile:	1	253	253	0	4	253652
25%-tile:	1	253	253	0	4	2536517
Median: 	1	253	253	0	5	5073034
75%-tile:	1	253	253	0	5	7609551
97.5%-tile:	1	254	254	0	8	9892416
Maximum:	1	447	447	0	8	10146067
Mean:	1	253	253	0	4
# of Seqs:	10146067

It took 1296 secs to summarize 10146067 sequences.

Output File Names:
 /mnt/research/ShadeLab/Barnett/Centralia/MultiYear_finalQCreads/lib2_run2_finalQC.summary


mothur > quit()

mothur > quit()
 
 
Final sequence count
10146067
 
Done!
