
Lmod is automatically replacing "Python/3.6.4" with "Conda/3".

Trimming primer sequences from reads
 
2014_16SV4_PE25_JGI/C01_05102014_R1_D01_GGAGACAAGGGA_L001
2014_16SV4_PE25_JGI/C01_05102014_R1_D02_AATCAGTCTCGT_L001
2014_16SV4_PE25_JGI/C01_05102014_R1_D03_AATCCGTACAGC_L001
2014_16SV4_PE25_JGI/C02_05102014_R1_D01_ACACCTGGTGAT_L001
2014_16SV4_PE25_JGI/C02_05102014_R1_D02_TATCGTTGACCA_L001
2014_16SV4_PE25_JGI/C02_05102014_R1_D03_TTACTGTGCGAT_L001
2014_16SV4_PE25_JGI/C03_05102014_R1_D01_AGGCTACACGAC_L001
2014_16SV4_PE25_JGI/C03_05102014_R1_D02_CTAACCTCCGCT_L001
2014_16SV4_PE25_JGI/C03_05102014_R1_D03_GAACCAAAGGAT_L001
2014_16SV4_PE25_JGI/C04_05102014_R1_D01_GTATGCGCTGTA_L001
2014_16SV4_PE25_JGI/C04_05102014_R1_D02_GTACATACCGGT_L001
2014_16SV4_PE25_JGI/C04_05102014_R1_D03_TCCGACACAATT_L001
2014_16SV4_PE25_JGI/C05_05102014_R1_D01_CCAGTGTATGCA_L001
2014_16SV4_PE25_JGI/C05_05102014_R1_D02_CCTCGTTCGACT_L001
2014_16SV4_PE25_JGI/C05_05102014_R1_D03_TGAGTCACTGGT_L001
2014_16SV4_PE25_JGI/C06_05102014_R1_D01_GACTTGGTATTC_L001
2014_16SV4_PE25_JGI/C06_05102014_R1_D02_TACACGATCTAC_L001
2014_16SV4_PE25_JGI/C06_05102014_R1_D03_GCACACACGTTA_L001
2014_16SV4_PE25_JGI/C07_05102014_R1_D01_CACGCCATAATG_L001
2014_16SV4_PE25_JGI/C07_05102014_R1_D02_CAGGCGTATTGG_L001
2014_16SV4_PE25_JGI/C07_05102014_R1_D03_GGATCGCAGATC_L001
2014_16SV4_PE25_JGI/C08_05102014_R1_D01_GCTGATGAGCTG_L001
2014_16SV4_PE25_JGI/C08_05102014_R1_D02_AGCTGTTGTTTG_L001
2014_16SV4_PE25_JGI/C08_05102014_R1_D03_GGATGGTGTTGC_L001
2014_16SV4_PE25_JGI/C09_05102014_R2_D04_GCGATATATCGC_L001
2014_16SV4_PE25_JGI/C09_05102014_R2_D05_TAGGATTGCTCG_L001
2014_16SV4_PE25_JGI/C09_05102014_R2_D06_ATGTGCACGACT_L001
2014_16SV4_PE25_JGI/C10_05102014_R1_D01_ACGCGCAGATAC_L001
2014_16SV4_PE25_JGI/C10_05102014_R1_D02_GACTTTCCCTCG_L001
2014_16SV4_PE25_JGI/C10_05102014_R1_D03_ATCCCGAATTTG_L001
2014_16SV4_PE25_JGI/C11_06102014_R1_D01_GTTGGTCAATCT_L001
2014_16SV4_PE25_JGI/C11_06102014_R1_D02_TAGCTCGTAACT_L001
2014_16SV4_PE25_JGI/C11_06102014_R1_D03_CAGTGCATATGC_L001
2014_16SV4_PE25_JGI/C12_06102014_R2_D01_TCACGGGAGTTG_L001
2014_16SV4_PE25_JGI/C12_06102014_R2_D02_CTGCTAACGCAA_L001
2014_16SV4_PE25_JGI/C12_06102014_R2_D03_TTAGGGCTCGTA_L001
2014_16SV4_PE25_JGI/C13_06102014_R2_D10_CGCAGCGGTATA_L001
2014_16SV4_PE25_JGI/C13_06102014_R2_D11_AATGCCTCAACT_L001
2014_16SV4_PE25_JGI/C13_06102014_R2_D12_GGTGTCTATTGT_L001
2014_16SV4_PE25_JGI/C14_06102014_R1_D01_AAGAGATGTCGA_L001
2014_16SV4_PE25_JGI/C14_06102014_R1_D02_TCCAAAGTGTTC_L001
2014_16SV4_PE25_JGI/C14_06102014_R1_D03_TACAGATGGCTC_L001
2014_16SV4_PE25_JGI/C15_06102014_R2_D01_ACGTGTACCCAA_L001
2014_16SV4_PE25_JGI/C15_06102014_R2_D02_AAGGAGCGCCTT_L001
2014_16SV4_PE25_JGI/C15_06102014_R2_D03_CGATCCGTATTA_L001
2014_16SV4_PE25_JGI/C16_06102014_R1_D01_GTCTAATTCCGA_L001
2014_16SV4_PE25_JGI/C16_06102014_R1_D02_TCCGAATTCACA_L001
2014_16SV4_PE25_JGI/C16_06102014_R1_D03_ACGCCACGAATG_L001
2014_16SV4_PE25_JGI/C17_06102014_R1_D01_GGCCACGTAGTA_L001
2014_16SV4_PE25_JGI/C17_06102014_R1_D02_TAGGAACTGGCC_L001
2014_16SV4_PE25_JGI/C17_06102014_R1_D03_CTAGCGAACATC_L001
2014_16SV4_PE25_JGI/C18_06102014_RE1_D04_GACAGGAGATAG_L001
2014_16SV4_PE25_JGI/C18_06102014_RE1_D05_ATTCCTGTGAGT_L001
2014_16SV4_PE25_JGI/C18_06102014_RE1_D06_GAGGCTCATCAT_L001
 
 
Done!
