
Lmod is automatically replacing "Python/3.6.4" with "Conda/3".

Screening sequences: positions 420 to 1423
 
[3J[H[2JLinux version

Using ReadLine

Using Boost

Running 64Bit Version

mothur v.1.40.4
Last updated: 02/07/2022
by
Patrick D. Schloss

Department of Microbiology & Immunology

University of Michigan
http://www.mothur.org

When using, please cite:
Schloss, P.D., et al., Introducing mothur: Open-source, platform-independent, community-supported software for describing and comparing microbial communities. Appl Environ Microbiol, 2009. 75(23):7537-41.

Distributed under the GNU General Public License

Type 'help()' for information on the commands that are available

For questions and analysis support, please visit our forum at https://www.mothur.org/forum

Type 'quit()' to exit program

Script Mode


mothur > screen.seqs(fasta=/mnt/research/ShadeLab/Barnett/Centralia/MultiYear_intermediateseq/lib2_run3_merged_maxEE_noN.unique.filter.fasta, processors=20, name=/mnt/research/ShadeLab/Barnett/Centralia/MultiYear_intermediateseq/lib2_run3_merged_maxEE_noN.names, group=/mnt/research/ShadeLab/Barnett/Centralia/MultiYear_intermediateseq/lib2_run3_group_file.txt, start=420, end=1423, maxhomop=8)

Using 20 processors.
1000
1000
1000
1000
1000
1000
1000
1000
1000
1000
1000
1000
1000
1000
1000
1000
1000
1000
1000
1000
2000
2000
2000
2000
2000
2000
2000
2000
2000
2000
2000
2000
2000
2000
2000
2000
2000
2000
2000
2000
3000
3000
3000
3000
3000
3000
3000
3000
3000
3000
3000
3000
3000
3000
3000
3000
3000
3000
3000
3000
4000
4000
4000
4000
4000
4000
4000
4000
4000
4000
4000
4000
4000
4000
4000
4000
4000
4000
4000
4000
5000
5000
5000
5000
5000
5000
5000
5000
5000
5000
5000
5000
5000
5000
5000
5000
5000
5000
5000
5000
6000
6000
6000
6000
6000
6000
6000
6000
6000
6000
6000
6000
6000
6000
6000
6000
6000
6000
6000
6000
7000
7000
7000
7000
7000
7000
7000
7000
7000
7000
7000
7000
7000
7000
7000
7000
7000
7000
7000
7000
8000
8000
8000
8000
8000
8000
8000
8000
8000
8000
8000
8000
8000
8000
8000
8000
8000
8000
8000
8000
9000
9000
9000
9000
9000
9000
9000
9000
9000
9000
9000
9000
9000
9000
9000
9000
9000
9000
9000
9000
10000
10000
10000
10000
10000
10000
10000
10000
10000
10000
10000
10000
10000
10000
10000
10000
10000
10000
10000
10000
11000
11000
11000
11000
11000
11000
11000
11000
11000
11000
11000
11000
11000
11000
11000
11000
11000
11000
11000
11000
12000
12000
12000
12000
12000
12000
12000
12000
12000
12000
12000
12000
12000
12000
12000
12000
12000
12000
12000
12000
13000
13000
13000
13000
13000
13000
13000
13000
13000
13000
13000
13000
13000
13000
13000
13000
13000
13000
13000
13000
14000
14000
14000
14000
14000
14000
14000
14000
14000
14000
14000
14000
14000
14000
14000
14000
14000
14000
14000
14000
15000
15000
15000
15000
15000
15000
15000
15000
15000
15000
15000
15000
15000
15000
15000
15000
15000
15000
15000
15000
16000
16000
16000
16000
16000
16000
16000
16000
16000
16000
16000
16000
16000
16000
16000
16000
16000
16000
16000
16000
17000
17000
17000
17000
17000
17000
17000
17000
17000
17000
17000
17000
17000
17000
17000
17000
17000
17000
17000
17000
18000
18000
18000
18000
18000
18000
18000
18000
18000
18000
18000
18000
18000
18000
18000
18000
18000
18000
18000
18000
19000
19000
19000
19000
19000
19000
19000
19000
19000
19000
19000
19000
19000
19000
19000
19000
19000
19000
19000
19000
20000
20000
20000
20000
20000
20000
20000
20000
20000
20000
20000
20000
20000
20000
20000
20000
20000
20000
20000
20000
21000
21000
21000
21000
21000
21000
21000
21000
21000
21000
21000
21000
21000
21000
21000
21000
21000
21000
21000
21000
22000
22000
22000
22000
22000
22000
22000
22000
22000
22000
22000
22000
22000
22000
22000
22000
22000
22000
22000
22000
23000
23000
23000
23000
23000
23000
23000
23000
23000
23000
23000
23000
23000
23000
23000
23000
23000
23000
23000
23000
24000
24000
24000
24000
24000
24000
24000
24000
24000
24000
24000
24000
24000
24000
24000
24000
24000
24000
24000
24000
25000
25000
25000
25000
25000
25000
25000
25000
25000
25000
25000
25000
25000
25000
25000
25000
25000
25000
25000
25000
26000
26000
26000
26000
26000
26000
26000
26000
26000
26000
26000
26000
26000
26000
26000
26000
26000
26000
26000
26000
27000
27000
27000
27000
27000
27000
27000
27000
27000
27000
27000
27000
27000
27000
27000
27000
27000
27000
27000
27000
28000
28000
28000
28000
28000
28000
28000
28000
28000
28000
28000
28000
28000
28000
28000
28000
28000
28000
28000
28000
29000
29000
29000
29000
29000
29000
29000
29000
29000
29000
29000
29000
29000
29000
29000
29000
29000
29000
29000
29000
30000
30000
30000
30000
30000
30000
30000
30000
30000
30000
30000
30000
30000
30000
30000
30000
30000
30000
30000
30000
31000
31000
31000
31000
31000
31000
31000
31000
31000
31000
31000
31000
31000
31000
31000
31000
31000
31000
31000
31000
32000
32000
32000
32000
32000
32000
32000
32000
32000
32000
32000
32000
32000
32000
32000
32000
32000
32000
32000
32000
33000
33000
33000
33000
33000
33000
33000
33000
33000
33000
33000
33000
33000
33000
33000
33000
33000
33000
33000
33000
34000
34000
34000
34000
34000
34000
34000
34000
34000
34000
34000
34000
34000
34000
34000
34000
34000
34000
34000
34000
35000
35000
35000
35000
35000
35000
35000
35000
35000
35000
35000
35000
35000
35000
35000
35000
35000
35000
35000
35000
36000
36000
36000
36000
36000
36000
36000
36000
36000
36000
36000
36000
36000
36000
36000
36000
36000
36000
36000
36000
37000
37000
37000
37000
37000
37000
37000
37000
37000
37000
37000
37000
37000
37000
37000
37000
37000
37000
37000
37000
38000
38000
38000
38000
38000
38000
38000
38000
38000
38000
38000
38000
38000
38000
38000
38000
38000
38000
38000
38000
39000
39000
39000
39000
39000
39000
39000
39000
39000
39000
39000
39000
39000
39000
39000
39000
39000
39000
39000
39000
40000
40000
40000
40000
40000
40000
40000
40000
40000
40000
40000
40000
40000
40000
40000
40000
40000
40000
40000
40000
41000
41000
41000
41000
41000
41000
41000
41000
41000
41000
41000
41000
41000
41000
41000
41000
41000
41000
41000
41000
42000
42000
42000
42000
42000
42000
42000
42000
42000
42000
42000
42000
42000
42000
42000
42000
42000
42000
42000
42000
43000
43000
43000
43000
43000
43000
43000
43000
43000
43000
43000
43000
43000
43000
43000
43000
43000
43000
43000
43000
44000
44000
44000
44000
44000
44000
44000
44000
44000
44000
44000
44000
44000
44000
44000
44000
44000
44000
44000
44000
45000
45000
45000
45000
45000
45000
45000
45000
45000
45000
45000
45000
45000
45000
45000
45000
45000
45000
45000
45000
46000
46000
46000
46000
46000
46000
46000
46000
46000
46000
46000
46000
46000
46000
46000
46000
46000
46000
46000
46000
47000
47000
47000
47000
47000
47000
47000
47000
47000
47000
47000
47000
47000
47000
47000
47000
47000
47000
47000
47000
48000
48000
48000
48000
48000
48000
48000
48000
48000
48000
48000
48000
48000
48000
48000
48000
48000
48000
48000
48000
49000
49000
49000
49000
49000
49000
49000
49000
49000
49000
49000
49000
49000
49000
49000
49000
49000
49000
49000
49000
50000
50000
50000
50000
50000
50000
50000
50000
50000
50000
50000
50000
50000
50000
50000
50000
50000
50000
50000
50000
51000
51000
51000
51000
51000
51000
51000
51000
51000
51000
51000
51000
51000
51000
51000
51000
51000
51000
51000
51000
52000
52000
52000
52000
52000
52000
52000
52000
52000
52000
52000
52000
52000
52000
52000
52000
52000
52000
52000
52000
53000
53000
53000
53000
53000
53000
53000
53000
53000
53000
53000
53000
53000
53000
53000
53000
53000
53000
53000
53000
54000
54000
54000
54000
54000
54000
54000
54000
54000
54000
54000
54000
54000
54000
54000
54000
54000
54000
54000
54000
55000
55000
55000
55000
55000
55000
55000
55000
55000
55000
55000
55000
55000
55000
55000
55000
55000
55000
55000
55000
56000
56000
56000
56000
56000
56000
56000
56000
56000
56000
56000
56000
56000
56000
56000
56000
56000
56000
56000
56000
57000
57000
57000
57000
57000
57000
57000
57000
57000
57000
57000
57000
57000
57000
57000
57000
57000
57000
57000
57000
58000
58000
58000
58000
58000
58000
58000
58000
58000
58000
58000
58000
58000
58000
58000
58000
58000
58000
58000
58000
59000
59000
59000
59000
59000
59000
59000
59000
59000
59000
59000
59000
59000
59000
59000
59000
59000
59000
59000
59000
60000
60000
60000
60000
60000
60000
60000
60000
60000
60000
60000
60000
60000
60000
60000
60000
60000
60000
60000
60000
61000
61000
61000
61000
61000
61000
61000
61000
61000
61000
61000
61000
61000
61000
61000
61000
61000
61000
61000
61000
62000
62000
62000
62000
62000
62000
62000
62000
62000
62000
62000
62000
62000
62000
62000
62000
62000
62000
62000
62000
63000
63000
63000
63000
63000
63000
63000
63000
63000
63000
63000
63000
63000
63000
63000
63000
63000
63000
63000
63000
64000
64000
64000
64000
64000
64000
64000
64000
64000
64000
64000
64000
64000
64000
64000
64000
64000
64000
64000
64000
65000
65000
65000
65000
65000
65000
65000
65000
65000
65000
65000
65000
65000
65000
65000
65000
65000
65000
65000
65000
66000
66000
66000
66000
66000
66000
66000
66000
66000
66000
66000
66000
66000
66000
66000
66000
66000
66000
66000
66000
67000
67000
67000
67000
67000
67000
67000
67000
67000
67000
67000
67000
67000
67000
67000
67000
67000
67000
67000
67000
68000
68000
68000
68000
68000
68000
68000
68000
68000
68000
68000
68000
68000
68000
68000
68000
68000
68000
68000
68000
69000
69000
69000
69000
69000
69000
69000
69000
69000
69000
69000
69000
69000
69000
69000
69000
69000
69000
69000
69000
70000
70000
70000
70000
70000
70000
70000
70000
70000
70000
70000
70000
70000
70000
70000
70000
70000
70000
70000
70000
71000
71000
71000
71000
71000
71000
71000
71000
71000
71000
71000
71000
71000
71000
71000
71000
71000
71000
71000
71000
72000
72000
72000
72000
72000
72000
72000
72000
72000
72000
72000
72000
72000
72000
72000
72000
72000
72000
72000
72000
73000
73000
73000
73000
73000
73000
73000
73000
73000
73000
73000
73000
73000
73000
73000
73000
73000
73000
73000
73000
74000
74000
74000
74000
74000
74000
74000
74000
74000
74000
74000
74000
74000
74000
74000
74000
74000
74000
74000
74000
75000
75000
75000
75000
75000
75000
75000
75000
75000
75000
75000
75000
75000
75000
75000
75000
75000
75000
75000
75000
76000
76000
76000
76000
76000
76000
76000
76000
76000
76000
76000
76000
76000
76000
76000
76000
76000
76000
76000
76000
77000
77000
77000
77000
77000
77000
77000
77000
77000
77000
77000
77000
77000
77000
77000
77000
77000
77000
77000
77000
78000
78000
78000
78000
78000
78000
78000
78000
78000
78000
78000
78000
78000
78000
78000
78000
78000
78000
78000
78000
79000
79000
79000
79000
79000
79000
79000
79000
79000
79000
79000
79000
79000
79000
79000
79000
79000
79000
79000
79000
80000
80000
80000
80000
80000
80000
80000
80000
80000
80000
80000
80000
80000
80000
80000
80000
80000
80000
80000
80000
81000
81000
81000
81000
81000
81000
81000
81000
81000
81000
81000
81000
81000
81000
81000
81000
81000
81000
81000
81000
82000
82000
82000
82000
82000
82000
82000
82000
82000
82000
82000
82000
82000
82000
82000
82000
82000
82000
82000
82000
83000
83000
83000
83000
83000
83000
83000
83000
83000
83000
83000
83000
83000
83000
83000
83000
83000
83000
83000
83000
84000
84000
84000
84000
84000
84000
84000
84000
84000
84000
84000
84000
84000
84000
84000
84000
84000
84000
84000
84000
85000
85000
85000
85000
85000
85000
85000
85000
85000
85000
85000
85000
85000
85000
85000
85000
85000
85000
85000
85000
86000
86000
86000
86000
86000
86000
86000
86000
86000
86000
86000
86000
86000
86000
86000
86000
86000
86000
86000
86000
87000
87000
87000
87000
87000
87000
87000
87000
87000
87000
87000
87000
87000
87000
87000
87000
87000
87000
87000
87000
88000
88000
88000
88000
88000
88000
88000
88000
88000
88000
88000
88000
88000
88000
88000
88000
88000
88000
88000
88000
89000
89000
89000
89000
89000
89000
89000
89000
89000
89000
89000
89000
89000
89000
89000
89000
89000
89000
89000
89000
90000
90000
90000
90000
90000
90000
90000
90000
90000
90000
90000
90000
90000
90000
90000
90000
90000
90000
90000
90000
91000
91000
91000
91000
91000
91000
91000
91000
91000
91000
91000
91000
91000
91000
91000
91000
91000
91000
91000
91000
92000
92000
92000
92000
92000
92000
92000
92000
92000
92000
92000
92000
92000
92000
92000
92000
92000
92000
92000
92000
93000
93000
93000
93000
93000
93000
93000
93000
93000
93000
93000
93000
93000
93000
93000
93000
93000
93000
93000
93000
94000
94000
94000
94000
94000
94000
94000
94000
94000
94000
94000
94000
94000
94000
94000
94000
94000
94000
94000
94000
95000
95000
95000
95000
95000
95000
95000
95000
95000
95000
95000
95000
95000
95000
95000
95000
95000
95000
95000
95000
96000
96000
96000
96000
96000
96000
96000
96000
96000
96000
96000
96000
96000
96000
96000
96000
96000
96000
96000
96000
97000
97000
97000
97000
97000
97000
97000
97000
97000
97000
97000
97000
97000
97000
97000
97000
97000
97000
97000
97000
98000
98000
98000
98000
98000
98000
98000
98000
98000
98000
98000
98000
98000
98000
98000
98000
98000
98000
98000
98000
99000
99000
99000
99000
99000
99000
99000
99000
99000
99000
99000
99000
99000
99000
99000
99000
99000
99000
99000
99000
100000
100000
100000
100000
100000
100000
100000
100000
100000
100000
100000
100000
100000
100000
100000
100000
100000
100000
100000
100000
101000
101000
101000
101000
101000
101000
101000
101000
101000
101000
101000
101000
101000
101000
101000
101000
101000
101000
101000
101000
102000
102000
102000
102000
102000
102000
102000
102000
102000
102000
102000
102000
102000
102000
102000
102000
102000
102000
102000
102000
103000
103000
103000
103000
103000
103000
103000
103000
103000
103000
103000
103000
103000
103000
103000
103000
103000
103000
103000
103000
104000
104000
104000
104000
104000
104000
104000
104000
104000
104000
104000
104000
104000
104000
104000
104000
104000
104000
104000
104000
105000
105000
105000
105000
105000
105000
105000
105000
105000
105000
105000
105000
105000
105000
105000
105000
105000
105000
105000
105000
106000
106000
106000
106000
106000
106000
106000
106000
106000
106000
106000
106000
106000
106000
106000
106000
106000
106000
106000
106000
107000
107000
107000
107000
107000
107000
107000
107000
107000
107000
107000
107000
107000
107000
107000
107000
107000
107000
107000
107000
108000
108000
108000
108000
108000
108000
108000
108000
108000
108000
108000
108000
108000
108000
108000
108000
108000
108000
108000
108000
109000
109000
109000
109000
109000
109000
109000
109000
109000
109000
109000
109000
109000
109000
109000
109000
109000
109000
109000
109000
110000
110000
110000
110000
110000
110000
110000
110000
110000
110000
110000
110000
110000
110000
110000
110000
110000
110000
110000
110000
111000
111000
111000
111000
111000
111000
111000
111000
111000
111000
111000
111000
111000
111000
111000
111000
111000
111000
111000
111000
112000
112000
112000
112000
112000
112000
112000
112000
112000
112000
112000
112000
112000
112000
112000
112000
112000
112000
112000
112000
113000
113000
113000
113000
113000
113000
113000
113000
113000
113000
113000
113000
113000
113000
113000
113000
113000
113000
113000
113000
114000
114000
114000
114000
114000
114000
114000
114000
114000
114000
114000
114000
114000
114000
114000
114000
114000
114000
114000
114000
115000
115000
115000
115000
115000
115000
115000
115000
115000
115000
115000
115000
115000
115000
115000
115000
115000
115000
115000
115000
116000
116000
116000
116000
116000
116000
116000
116000
116000
116000
116000
116000
116000
116000
116000
116000
116000
116000
116000
116000
117000
117000
117000
117000
117000
117000
117000
117000
117000
117000
117000
117000
117000
117000
117000
117000
117000
117000
117000
117000
118000
118000
118000
118000
118000
118000
118000
118000
118000
118000
118000
118000
118000
118000
118000
118000
118000
118000
118000
118000
119000
119000
119000
119000
119000
119000
119000
119000
119000
119000
119000
119000
119000
119000
119000
119000
119000
119000
119000
119000
120000
120000
120000
120000
120000
120000
120000
120000
120000
120000
120000
120000
120000
120000
120000
120000
120000
120000
120000
120000
121000
121000
121000
121000
121000
121000
121000
121000
121000
121000
121000
121000
121000
121000
121000
121000
121000
121000
121000
121000
122000
122000
122000
122000
122000
122000
122000
122000
122000
122000
122000
122000
122000
122000
122000
122000
122000
122000
122000
122000
123000
123000
123000
123000
123000
123000
123000
123000
123000
123000
123000
123000
123000
123000
123000
123000
123000
123000
123000
123000
124000
124000
124000
124000
124000
124000
124000
124000
124000
124000
124000
124000
124000
124000
124000
124000
124000
124000
124000
124000
125000
125000
125000
125000
125000
125000
125000
125000
125000
125000
125000
125000
125000
125000
125000
125000
125000
125000
125000
125000
126000
126000
126000
126000
126000
126000
126000
126000
126000
126000
126000
126000
126000
126000
126000
126000
126000
126000
126000
126000
127000
127000
127000
127000
127000
127000
127000
127000
127000
127000
127000
127000
127000
127000
127000
127000
127000
127000
127000
127000
128000
128000
128000
128000
128000
128000
128000
128000
128000
128000
128000
128000
128000
128000
128000
128000
128000
128000
128000
128000
129000
129000
129000
129000
129000
129000
129000
129000
129000
129000
129000
129000
129000
129000
129000
129000
129000
129000
129000
129000
130000
130000
130000
130000
130000
130000
130000
130000
130000
130000
130000
130000
130000
130000
130000
130000
130000
130000
130000
130000
131000
131000
131000
131000
131000
131000
131000
131000
131000
131000
131000
131000
131000
131000
131000
131000
131000
131000
131000
131000
132000
132000
132000
132000
132000
132000
132000
132000
132000
132000
132000
132000
132000
132000
132000
132000
132000
132000
132000
132000
133000
133000
133000
133000
133000
133000
133000
133000
133000
133000
133000
133000
133000
133000
133000
133000
133000
133000
133000
133000
134000
134000
134000
134000
134000
134000
134000
134000
134000
134000
134000
134000
134000
134000
134000
134000
134000
134000
134000
134000
135000
135000
135000
135000
135000
135000
135000
135000
135000
135000
135000
135000
135000
135000
135000
135000
135000
135000
135000
135000
136000
136000
136000
136000
136000
136000
136000
136000
136000
136000
136000
136000
136000
136000
136000
136000
136000
136000
136000
136000
137000
137000
137000
137000
137000
137000
137000
137000
137000
137000
137000
137000
137000
137000
137000
137000
137000
137000
137000
137000
138000
138000
138000
138000
138000
138000
138000
138000
138000
138000
138000
138000
138000
138000
138000
138000
138000
138000
138000
138000
139000
139000
139000
139000
139000
139000
139000
139000
139000
139000
139000
139000
139000
139000
139000
139000
139000
139000
139000
139000
140000
140000
140000
140000
140000
140000
140000
140000
140000
140000
140000
140000
140000
140000
140000
140000
140518
140000
140000
140000
140000
140517
140514
140517
140517
140519
140518
140516
140520
140516
140516
140515
140516
140516
140519
140518
140515
140518
140518
140515

It took 536 secs to screen 2810338 sequences, removed 45457.

/******************************************/
Running command: remove.seqs(accnos=/mnt/research/ShadeLab/Barnett/Centralia/MultiYear_intermediateseq/lib2_run3_merged_maxEE_noN.unique.filter.bad.accnos, name=/mnt/research/ShadeLab/Barnett/Centralia/MultiYear_intermediateseq/lib2_run3_merged_maxEE_noN.names, group=/mnt/research/ShadeLab/Barnett/Centralia/MultiYear_intermediateseq/lib2_run3_group_file.txt)
Removed 148174 sequences from your name file.
Removed 148174 sequences from your group file.

Output File Names: 
/mnt/research/ShadeLab/Barnett/Centralia/MultiYear_intermediateseq/lib2_run3_merged_maxEE_noN.pick.names
/mnt/research/ShadeLab/Barnett/Centralia/MultiYear_intermediateseq/lib2_run3_group_file.pick.txt

/******************************************/

Output File Names: 
/mnt/research/ShadeLab/Barnett/Centralia/MultiYear_intermediateseq/lib2_run3_merged_maxEE_noN.unique.filter.good.fasta
/mnt/research/ShadeLab/Barnett/Centralia/MultiYear_intermediateseq/lib2_run3_merged_maxEE_noN.unique.filter.bad.accnos
/mnt/research/ShadeLab/Barnett/Centralia/MultiYear_intermediateseq/lib2_run3_group_file.good.txt
/mnt/research/ShadeLab/Barnett/Centralia/MultiYear_intermediateseq/lib2_run3_merged_maxEE_noN.good.names


It took 2164 secs to screen 2810338 sequences.

mothur > quit()

mothur > quit()
 
 
Filtering sequences
 
[3J[H[2JLinux version

Using ReadLine

Using Boost

Running 64Bit Version

mothur v.1.40.4
Last updated: 02/07/2022
by
Patrick D. Schloss

Department of Microbiology & Immunology

University of Michigan
http://www.mothur.org

When using, please cite:
Schloss, P.D., et al., Introducing mothur: Open-source, platform-independent, community-supported software for describing and comparing microbial communities. Appl Environ Microbiol, 2009. 75(23):7537-41.

Distributed under the GNU General Public License

Type 'help()' for information on the commands that are available

For questions and analysis support, please visit our forum at https://www.mothur.org/forum

Type 'quit()' to exit program

Script Mode


mothur > filter.seqs(fasta=/mnt/research/ShadeLab/Barnett/Centralia/MultiYear_intermediateseq/lib2_run3_merged_maxEE_noN.unique.filter.good.fasta, processors=20, vertical=T)

Using 20 processors.
Creating Filter... 
1000
1000
1000
1000
1000
1000
1000
1000
1000
1000
1000
1000
1000
1000
1000
1000
1000
1000
1000
1000
2000
2000
2000
2000
2000
2000
2000
2000
2000
2000
2000
2000
2000
2000
2000
2000
2000
2000
2000
3000
2000
3000
3000
3000
3000
3000
3000
3000
3000
3000
3000
3000
3000
3000
3000
3000
3000
3000
3000
3000
4000
4000
4000
4000
4000
4000
4000
4000
4000
4000
4000
4000
4000
4000
4000
4000
4000
4000
4000
4000
5000
5000
5000
5000
5000
5000
5000
5000
5000
5000
5000
5000
5000
5000
5000
5000
5000
5000
5000
6000
5000
6000
6000
6000
6000
6000
6000
6000
6000
6000
6000
6000
6000
6000
6000
6000
6000
6000
6000
6000
7000
7000
7000
7000
7000
7000
7000
7000
7000
7000
7000
7000
7000
7000
7000
7000
7000
7000
7000
7000
8000
8000
8000
8000
8000
8000
8000
8000
8000
8000
8000
8000
8000
8000
8000
8000
8000
8000
8000
8000
9000
9000
9000
9000
9000
9000
9000
9000
9000
9000
9000
9000
9000
9000
9000
9000
9000
9000
9000
9000
10000
10000
10000
10000
10000
10000
10000
10000
10000
10000
10000
10000
10000
10000
10000
10000
10000
10000
10000
11000
11000
11000
11000
11000
11000
11000
11000
10000
11000
11000
11000
11000
11000
11000
11000
11000
11000
11000
11000
12000
12000
12000
12000
12000
12000
12000
12000
11000
12000
12000
12000
12000
12000
12000
12000
12000
12000
12000
12000
13000
13000
13000
13000
13000
13000
13000
12000
13000
13000
13000
13000
13000
13000
13000
13000
13000
13000
13000
13000
14000
14000
14000
14000
14000
14000
14000
13000
14000
14000
14000
14000
14000
14000
14000
14000
14000
14000
14000
14000
15000
15000
15000
15000
15000
14000
15000
15000
15000
15000
15000
15000
15000
15000
15000
15000
15000
15000
15000
16000
15000
16000
16000
16000
16000
15000
16000
16000
16000
16000
16000
16000
16000
16000
16000
16000
16000
16000
16000
17000
17000
17000
17000
17000
16000
17000
17000
17000
17000
16000
17000
17000
17000
17000
17000
17000
17000
17000
17000
18000
18000
18000
18000
18000
17000
18000
18000
18000
18000
18000
18000
18000
17000
18000
18000
18000
18000
18000
18000
19000
19000
19000
19000
19000
18000
19000
19000
19000
19000
19000
19000
19000
19000
19000
19000
19000
18000
19000
19000
20000
20000
20000
20000
20000
19000
20000
20000
20000
20000
20000
20000
20000
20000
20000
20000
20000
19000
20000
20000
21000
21000
21000
20000
21000
21000
21000
21000
21000
21000
21000
21000
21000
21000
21000
21000
21000
21000
21000
20000
22000
22000
22000
22000
21000
22000
22000
22000
22000
22000
22000
22000
22000
22000
22000
22000
22000
22000
22000
23000
23000
23000
23000
22000
23000
21000
23000
23000
23000
23000
23000
23000
23000
23000
23000
23000
23000
23000
23000
24000
24000
24000
24000
23000
24000
24000
24000
24000
22000
24000
24000
24000
24000
24000
24000
24000
24000
24000
24000
25000
25000
25000
25000
25000
24000
25000
25000
25000
25000
25000
23000
25000
25000
25000
25000
25000
25000
25000
25000
26000
26000
26000
26000
25000
26000
26000
26000
26000
26000
26000
26000
26000
24000
26000
26000
26000
26000
26000
26000
27000
27000
27000
27000
26000
27000
27000
27000
27000
27000
27000
27000
27000
27000
25000
27000
27000
27000
27000
28000
28000
28000
28000
27000
28000
28000
28000
28000
28000
28000
27000
28000
28000
28000
28000
26000
28000
28000
28000
29000
29000
29000
29000
28000
29000
29000
29000
29000
29000
29000
29000
28000
29000
29000
29000
29000
29000
27000
29000
30000
30000
30000
30000
29000
30000
30000
30000
30000
30000
30000
30000
29000
30000
30000
30000
30000
30000
30000
28000
31000
31000
31000
31000
31000
30000
31000
31000
31000
31000
31000
31000
30000
31000
31000
31000
31000
31000
31000
29000
32000
32000
32000
32000
32000
32000
31000
32000
32000
32000
32000
32000
31000
32000
32000
32000
32000
32000
32000
33000
33000
33000
30000
33000
33000
32000
33000
33000
33000
33000
32000
33000
33000
33000
33000
33000
33000
33000
33000
34000
34000
34000
34000
31000
34000
33000
34000
34000
34000
34000
33000
34000
34000
34000
34000
34000
34000
34000
34000
35000
35000
35000
35000
34000
35000
35000
35000
35000
32000
34000
35000
35000
35000
35000
35000
35000
35000
35000
35000
36000
36000
36000
36000
35000
36000
36000
36000
36000
36000
35000
36000
33000
36000
36000
36000
36000
36000
36000
36000
37000
37000
37000
37000
37000
37000
36000
37000
37000
37000
37000
36000
37000
37000
34000
37000
37000
37000
37000
37000
38000
38000
38000
38000
38000
38000
37000
38000
38000
38000
38000
38000
37000
38000
38000
35000
38000
38000
38000
38000
39000
39000
39000
39000
39000
39000
38000
39000
39000
39000
39000
39000
38000
39000
39000
39000
39000
39000
36000
39000
40000
40000
40000
40000
40000
39000
40000
40000
40000
40000
40000
40000
39000
40000
40000
40000
40000
40000
37000
40000
41000
41000
41000
41000
40000
41000
41000
41000
41000
41000
41000
41000
40000
41000
41000
41000
41000
41000
41000
38000
42000
42000
42000
42000
42000
42000
41000
42000
42000
42000
42000
42000
41000
42000
42000
42000
42000
42000
42000
43000
43000
39000
43000
43000
43000
42000
43000
43000
43000
43000
43000
43000
42000
43000
43000
43000
43000
43000
43000
44000
44000
44000
44000
40000
44000
43000
44000
44000
44000
44000
44000
44000
43000
44000
44000
44000
44000
44000
44000
45000
45000
45000
45000
44000
45000
45000
45000
45000
45000
41000
45000
45000
44000
45000
45000
45000
45000
45000
45000
46000
46000
46000
46000
46000
45000
46000
46000
46000
46000
46000
46000
42000
45000
46000
46000
46000
46000
46000
46000
47000
47000
47000
47000
47000
46000
47000
47000
47000
47000
47000
47000
46000
47000
47000
47000
47000
43000
47000
47000
48000
48000
48000
48000
48000
47000
48000
48000
48000
48000
48000
48000
48000
47000
48000
48000
48000
48000
44000
48000
49000
49000
49000
49000
49000
48000
49000
49000
49000
49000
49000
49000
49000
49000
48000
49000
49000
49000
49000
45000
50000
50000
50000
50000
50000
49000
50000
50000
50000
50000
50000
50000
50000
49000
50000
50000
50000
50000
50000
51000
51000
51000
51000
46000
51000
50000
51000
51000
51000
51000
51000
51000
51000
50000
51000
51000
51000
51000
51000
52000
52000
52000
52000
52000
52000
51000
52000
52000
52000
47000
52000
52000
52000
52000
52000
51000
52000
52000
52000
53000
53000
53000
53000
53000
53000
52000
53000
53000
53000
53000
53000
48000
53000
53000
53000
52000
53000
53000
53000
54000
54000
54000
54000
54000
54000
53000
54000
54000
54000
54000
54000
54000
54000
54000
49000
53000
54000
54000
54000
55000
55000
55000
55000
55000
55000
54000
55000
55000
55000
55000
55000
55000
55000
55000
54000
55000
50000
55000
55000
56000
56000
56000
56000
56000
56000
55000
56000
56000
56000
56000
56000
56000
56000
56000
55000
56000
56000
51000
56000
57000
57000
57000
57000
57000
57000
56000
57000
57000
57000
57000
57000
57000
57000
57000
56000
57000
57000
57000
52000
58000
58000
58000
58000
58000
58000
57000
58000
58000
58000
58000
58000
58000
58000
58000
57000
58000
58000
58000
53000
59000
59000
59000
59000
59000
59000
58000
59000
59000
59000
59000
59000
59000
59000
59000
58000
59000
59000
59000
60000
60000
54000
60000
60000
60000
60000
59000
60000
60000
60000
60000
60000
60000
60000
60000
59000
60000
60000
60000
61000
61000
61000
61000
55000
61000
61000
60000
61000
61000
61000
61000
61000
61000
61000
61000
60000
61000
61000
61000
62000
62000
62000
62000
62000
61000
62000
56000
62000
62000
62000
62000
62000
62000
62000
62000
61000
62000
62000
62000
63000
63000
63000
63000
63000
62000
63000
63000
63000
57000
63000
63000
63000
63000
63000
63000
62000
63000
63000
63000
64000
64000
64000
64000
64000
63000
64000
64000
64000
58000
64000
64000
64000
64000
64000
63000
64000
64000
64000
64000
65000
65000
65000
65000
65000
64000
65000
65000
65000
65000
65000
65000
65000
65000
59000
64000
65000
65000
65000
65000
66000
66000
66000
66000
66000
65000
66000
66000
66000
66000
66000
66000
66000
65000
66000
60000
66000
66000
66000
66000
67000
67000
66000
67000
67000
67000
67000
67000
67000
67000
67000
67000
67000
66000
67000
67000
67000
67000
61000
67000
68000
68000
67000
68000
68000
68000
68000
68000
68000
68000
68000
68000
68000
67000
68000
68000
68000
68000
68000
69000
69000
62000
69000
68000
69000
69000
69000
69000
69000
69000
69000
69000
69000
68000
69000
69000
69000
69000
69000
70000
70000
70000
69000
70000
63000
70000
70000
70000
70000
70000
70000
70000
70000
69000
70000
70000
70000
70000
70000
71000
71000
71000
71000
70000
71000
71000
71000
64000
71000
71000
71000
71000
71000
70000
71000
71000
71000
71000
72000
71000
72000
72000
72000
71000
72000
72000
72000
72000
72000
72000
72000
72000
71000
65000
72000
72000
72000
72000
72000
73000
73000
73000
72000
73000
73000
73000
73000
73000
73000
73000
73000
73000
72000
73000
73000
73000
74000
66000
73000
73000
74000
74000
73000
74000
74000
74000
74000
74000
74000
74000
74000
74000
73000
74000
74000
74000
75000
74000
74000
67000
75000
75000
75000
74000
75000
75000
75000
75000
75000
75000
75000
75000
74000
75000
75000
75000
76000
75000
75000
76000
68000
76000
76000
75000
76000
76000
76000
76000
76000
76000
76000
76000
75000
76000
76000
76000
77000
76000
76000
77000
77000
77000
76000
69000
77000
77000
77000
77000
77000
77000
77000
76000
77000
77000
77000
77000
78000
77000
77000
78000
78000
78000
78000
78000
70000
77000
78000
78000
78000
78000
77000
78000
78000
78000
78000
79000
78000
78000
78000
79000
79000
79000
79000
79000
79000
78000
79000
79000
71000
79000
78000
79000
79000
79000
79000
80000
79000
79000
79000
80000
80000
80000
80000
80000
79000
80000
80000
80000
80000
72000
79000
80000
80000
80000
81000
80000
80000
80000
80000
81000
81000
81000
81000
81000
81000
80000
81000
81000
81000
80000
73000
81000
81000
81000
82000
81000
81000
81000
81000
82000
82000
82000
82000
82000
82000
81000
82000
82000
81000
82000
82000
82000
82000
74000
83000
82000
82000
82000
82000
83000
83000
83000
83000
83000
83000
82000
83000
83000
82000
83000
83000
83000
83000
84000
83000
75000
83000
83000
83000
84000
84000
84000
84000
84000
84000
83000
84000
84000
83000
84000
84000
84000
84000
85000
84000
84000
84000
84000
85000
76000
85000
85000
85000
85000
85000
84000
85000
85000
84000
85000
85000
85000
85000
86000
85000
85000
85000
85000
86000
86000
86000
86000
86000
77000
86000
85000
86000
86000
85000
86000
86000
86000
86000
87000
86000
86000
86000
86000
87000
87000
87000
87000
87000
86000
87000
87000
78000
87000
86000
87000
87000
87000
87000
88000
87000
87000
87000
88000
87000
88000
88000
88000
88000
87000
88000
88000
87000
88000
88000
79000
88000
88000
89000
88000
88000
88000
88000
89000
88000
89000
89000
89000
89000
88000
89000
89000
89000
89000
88000
89000
89000
90000
80000
89000
89000
89000
89000
90000
89000
90000
90000
90000
90000
89000
90000
90000
90000
90000
89000
90000
90000
91000
90000
90000
90000
81000
90000
91000
91000
90000
91000
91000
91000
90000
91000
91000
91000
91000
90000
91000
91000
92000
91000
91000
91000
91000
92000
92000
91000
82000
92000
92000
92000
91000
92000
92000
92000
92000
92000
91000
92000
93000
92000
92000
92000
92000
93000
93000
92000
93000
93000
93000
92000
83000
93000
93000
93000
93000
93000
93000
92000
94000
93000
93000
93000
93000
94000
94000
93000
94000
94000
94000
93000
94000
94000
84000
94000
94000
94000
94000
93000
95000
94000
94000
94000
95000
95000
94000
94000
95000
95000
94000
95000
95000
95000
85000
95000
95000
95000
95000
94000
96000
95000
95000
96000
95000
95000
96000
95000
96000
96000
95000
96000
96000
96000
86000
96000
96000
96000
96000
95000
97000
96000
96000
96000
97000
97000
96000
96000
97000
97000
96000
97000
97000
97000
97000
97000
97000
97000
87000
96000
98000
97000
97000
97000
98000
98000
97000
98000
97000
98000
98000
98000
97000
98000
98000
98000
97000
98000
98000
88000
99000
98000
98000
98000
99000
99000
99000
98000
98000
99000
99000
99000
98000
99000
99000
98000
99000
99000
100000
99000
89000
99000
99000
100000
100000
100000
99000
99000
100000
100000
99000
100000
99000
100000
100000
99000
100000
100000
101000
100000
100000
100000
90000
101000
101000
101000
100000
101000
100000
101000
100000
101000
100000
101000
101000
100000
101000
101000
102000
101000
101000
101000
102000
102000
102000
101000
102000
101000
102000
102000
101000
91000
101000
102000
102000
101000
102000
102000
103000
102000
102000
102000
103000
103000
103000
102000
103000
102000
103000
103000
102000
92000
102000
103000
103000
102000
103000
103000
104000
103000
103000
103000
104000
104000
103000
104000
104000
103000
104000
104000
103000
103000
93000
104000
104000
103000
104000
105000
104000
104000
104000
104000
105000
105000
104000
105000
104000
105000
105000
104000
105000
104000
105000
105000
94000
104000
105000
106000
105000
105000
105000
105000
106000
106000
105000
106000
105000
106000
106000
105000
106000
106000
105000
106000
105000
106000
95000
107000
106000
106000
106000
106000
107000
107000
106000
107000
106000
107000
107000
106000
107000
107000
106000
107000
106000
107000
108000
107000
96000
107000
107000
107000
108000
108000
107000
107000
108000
108000
107000
108000
108000
108000
107000
108000
107000
108000
109000
108000
108000
97000
108000
108000
109000
108000
108000
109000
109000
108000
109000
109000
109000
109000
108000
109000
109000
108000
110000
109000
109000
109000
98000
110000
109000
109000
109000
110000
110000
109000
110000
110000
110000
110000
109000
110000
109000
110000
111000
110000
110000
110000
111000
99000
110000
110000
110000
111000
111000
110000
111000
111000
111000
111000
110000
111000
111000
112000
110000
111000
111000
111000
112000
111000
111000
112000
111000
112000
112000
100000
111000
112000
112000
112000
111000
112000
111000
113000
112000
112000
112000
112000
113000
112000
112000
113000
112000
113000
113000
112000
113000
113000
101000
113000
112000
113000
112000
113000
114000
113000
113000
113000
114000
113000
114000
113000
113000
114000
114000
113000
114000
114000
102000
114000
113000
114000
113000
114000
115000
114000
114000
114000
114000
115000
115000
114000
114000
115000
115000
114000
115000
115000
115000
103000
114000
115000
114000
116000
115000
115000
115000
115000
116000
116000
115000
115000
115000
116000
116000
115000
116000
116000
116000
115000
116000
115000
104000
117000
116000
116000
116000
116000
117000
116000
116000
116000
117000
117000
117000
116000
117000
117000
117000
116000
117000
116000
118000
117000
117000
105000
117000
117000
118000
118000
117000
118000
117000
118000
118000
117000
117000
118000
118000
117000
118000
118000
117000
119000
118000
118000
118000
106000
119000
119000
118000
119000
118000
119000
118000
119000
119000
119000
118000
119000
118000
119000
120000
119000
118000
119000
119000
120000
120000
119000
107000
120000
119000
120000
119000
120000
120000
120000
119000
120000
119000
120000
121000
120000
120000
119000
120000
121000
121000
121000
121000
120000
120000
121000
120000
121000
108000
121000
120000
121000
120000
121000
121000
121000
122000
121000
120000
122000
122000
122000
122000
122000
121000
121000
122000
121000
121000
122000
109000
122000
121000
122000
122000
122000
123000
122000
121000
123000
123000
123000
123000
123000
122000
122000
122000
123000
123000
122000
123000
122000
123000
123000
123000
123000
124000
122000
110000
124000
124000
124000
124000
123000
123000
124000
123000
124000
124000
123000
124000
123000
124000
124000
124000
124000
125000
123000
125000
125000
125000
111000
125000
124000
124000
125000
124000
125000
125000
124000
125000
124000
125000
125000
125000
126000
125000
124000
126000
126000
125000
126000
126000
125000
125000
126000
126000
112000
126000
125000
126000
126000
126000
125000
126000
127000
126000
125000
127000
127000
126000
127000
126000
127000
126000
127000
127000
113000
126000
127000
127000
127000
127000
126000
127000
128000
127000
126000
128000
128000
128000
127000
128000
127000
127000
128000
128000
127000
128000
128000
114000
128000
128000
127000
128000
129000
128000
127000
129000
129000
128000
129000
128000
129000
128000
129000
129000
128000
129000
129000
129000
129000
115000
128000
129000
130000
129000
128000
130000
130000
129000
130000
129000
130000
129000
130000
130000
129000
130000
130000
130000
130000
129000
130000
131000
129000
130000
116000
131000
131000
130000
131000
130000
131000
130000
131000
131000
130000
131000
131000
131000
131000
130000
132000
130000
131000
131000
117000
132000
131000
131000
132000
132000
132000
132000
131000
132000
131000
132000
132000
132000
132000
131000
133000
131000
132000
132000
118000
132000
133000
133000
132000
133000
133000
133000
132000
133000
132000
133000
133000
133000
133000
132000
134000
132000
133000
133000
133000
134000
134000
134000
134000
119000
133000
134000
133000
134000
133000
134000
134000
134000
134000
133000
133000
135000
134000
134000
134000
135000
135000
135000
135000
134000
135000
134000
120000
135000
134000
135000
135000
135000
135000
134000
134000
136000
135000
135000
135000
136000
136000
136000
136000
135000
136000
135000
136000
121000
135000
136000
136000
136000
136000
135000
135000
136000
137000
136000
136000
137000
137000
137000
137000
136000
137000
136000
137000
137000
122000
137000
136000
137000
137000
136000
136000
138000
137000
137000
138000
137000
137000
138000
138000
138000
138000
138249
137000
138000
138240
138244
138246
138238
138000
138000
138247
137000
123000
138245
138000
138245
138238
137000
137000
138000
138245
138000
138000
138241
138000
138000
138239
138000
138247
138243
138242
138248
138000
124000
138000
138247
138000
138245
138248
125000
126000
127000
128000
129000
130000
131000
132000
133000
134000
135000
136000
137000
138000
138244
It took 14 secs to create filter for 2764881 sequences.


Running Filter... 
1000
1000
1000
1000
1000
1000
1000
1000
1000
1000
1000
1000
1000
1000
1000
1000
1000
1000
1000
1000
2000
2000
2000
2000
2000
2000
3000
2000
3000
3000
2000
2000
2000
3000
2000
2000
2000
2000
2000
2000
2000
2000
2000
2000
3000
3000
4000
3000
4000
4000
3000
3000
3000
4000
3000
3000
3000
3000
3000
3000
3000
3000
3000
4000
3000
5000
4000
4000
5000
4000
5000
4000
5000
4000
4000
4000
4000
4000
4000
4000
4000
4000
4000
5000
4000
6000
5000
5000
6000
5000
6000
5000
5000
5000
5000
5000
6000
5000
5000
5000
5000
5000
5000
6000
5000
6000
7000
6000
7000
6000
7000
6000
6000
6000
6000
6000
6000
6000
6000
6000
7000
6000
6000
7000
8000
7000
7000
8000
6000
7000
8000
7000
7000
7000
7000
7000
7000
7000
7000
7000
8000
7000
7000
8000
8000
9000
8000
9000
9000
8000
8000
8000
8000
8000
8000
8000
8000
8000
9000
8000
8000
7000
8000
9000
10000
9000
10000
9000
10000
9000
9000
9000
9000
10000
9000
9000
9000
9000
9000
9000
9000
9000
10000
8000
10000
11000
11000
10000
10000
11000
10000
10000
10000
11000
10000
10000
10000
10000
10000
10000
10000
10000
11000
9000
11000
12000
11000
12000
11000
12000
11000
11000
12000
11000
11000
11000
11000
11000
11000
11000
11000
11000
12000
12000
10000
13000
12000
12000
13000
12000
13000
12000
13000
12000
12000
12000
12000
12000
12000
12000
12000
13000
12000
13000
14000
13000
14000
13000
13000
14000
13000
11000
14000
13000
13000
13000
13000
13000
13000
13000
13000
14000
13000
14000
15000
14000
15000
14000
15000
14000
14000
15000
14000
14000
14000
14000
14000
14000
14000
14000
12000
15000
14000
15000
16000
16000
15000
16000
15000
15000
16000
15000
15000
15000
15000
15000
15000
15000
15000
15000
16000
15000
13000
16000
17000
17000
16000
17000
16000
16000
17000
16000
16000
16000
16000
16000
16000
16000
16000
16000
17000
16000
17000
18000
18000
17000
18000
17000
17000
18000
14000
17000
17000
17000
17000
17000
17000
17000
17000
17000
18000
17000
18000
19000
19000
18000
18000
19000
19000
18000
18000
18000
18000
18000
18000
18000
18000
18000
15000
18000
19000
18000
19000
20000
20000
19000
19000
20000
19000
20000
19000
19000
19000
19000
19000
19000
19000
19000
19000
20000
16000
19000
20000
21000
21000
20000
20000
20000
21000
21000
20000
20000
20000
20000
20000
20000
20000
20000
20000
21000
20000
21000
17000
22000
22000
21000
21000
22000
21000
21000
22000
21000
21000
21000
21000
21000
21000
21000
21000
22000
21000
22000
23000
23000
22000
18000
22000
22000
23000
23000
22000
22000
22000
22000
22000
22000
22000
22000
22000
23000
22000
23000
24000
24000
23000
24000
23000
23000
23000
24000
23000
23000
23000
23000
23000
19000
23000
23000
23000
24000
23000
24000
25000
25000
25000
24000
24000
24000
24000
24000
25000
24000
24000
24000
24000
24000
24000
24000
25000
20000
24000
25000
26000
26000
26000
25000
25000
25000
25000
25000
25000
25000
26000
25000
25000
25000
25000
25000
26000
25000
21000
26000
27000
27000
27000
26000
26000
26000
26000
26000
26000
26000
27000
26000
26000
26000
26000
26000
27000
26000
27000
28000
28000
28000
27000
27000
27000
27000
27000
27000
27000
22000
27000
28000
27000
27000
27000
27000
28000
27000
28000
29000
29000
29000
28000
28000
28000
28000
28000
28000
28000
28000
29000
28000
28000
28000
23000
28000
29000
28000
29000
30000
30000
30000
29000
29000
29000
29000
29000
29000
29000
30000
29000
29000
29000
29000
29000
30000
29000
24000
30000
31000
31000
31000
30000
30000
30000
30000
30000
30000
30000
31000
30000
30000
30000
30000
30000
31000
30000
31000
25000
32000
32000
31000
32000
31000
31000
31000
31000
31000
31000
31000
32000
31000
31000
31000
31000
32000
31000
32000
33000
33000
32000
33000
32000
26000
32000
32000
32000
32000
33000
32000
32000
32000
32000
32000
32000
33000
32000
33000
34000
34000
33000
33000
33000
34000
33000
33000
33000
33000
33000
33000
34000
27000
33000
33000
33000
34000
33000
34000
35000
35000
34000
34000
34000
35000
34000
34000
34000
34000
34000
35000
34000
34000
34000
34000
28000
35000
34000
35000
36000
36000
35000
35000
35000
35000
35000
36000
36000
35000
35000
35000
35000
35000
35000
35000
36000
35000
36000
29000
37000
36000
37000
36000
36000
36000
36000
37000
37000
36000
36000
36000
36000
36000
36000
36000
37000
36000
37000
38000
37000
38000
37000
37000
30000
38000
37000
37000
38000
37000
37000
37000
37000
37000
37000
37000
38000
37000
38000
39000
38000
39000
38000
38000
39000
38000
38000
39000
38000
38000
38000
31000
38000
38000
38000
38000
39000
38000
39000
40000
39000
39000
40000
39000
39000
40000
39000
40000
39000
39000
39000
39000
39000
39000
32000
39000
40000
39000
40000
41000
40000
40000
41000
40000
40000
40000
41000
41000
40000
40000
40000
40000
40000
40000
40000
40000
41000
41000
33000
41000
41000
42000
42000
41000
41000
42000
42000
41000
41000
41000
41000
41000
41000
41000
41000
41000
42000
42000
42000
34000
43000
42000
43000
42000
42000
43000
42000
43000
42000
42000
42000
42000
42000
42000
42000
42000
43000
43000
44000
43000
44000
43000
43000
44000
44000
35000
43000
43000
43000
43000
43000
43000
43000
43000
43000
43000
44000
44000
45000
44000
44000
45000
44000
45000
45000
44000
44000
44000
44000
44000
44000
36000
44000
44000
44000
44000
45000
45000
46000
45000
45000
46000
45000
46000
46000
45000
45000
45000
45000
45000
45000
45000
45000
45000
45000
37000
46000
46000
46000
47000
46000
47000
46000
47000
47000
46000
46000
46000
46000
46000
46000
46000
46000
46000
46000
47000
47000
38000
47000
48000
47000
48000
47000
48000
47000
47000
48000
47000
47000
47000
47000
47000
47000
47000
48000
47000
48000
39000
49000
48000
48000
49000
48000
49000
48000
48000
48000
48000
48000
49000
48000
48000
48000
48000
49000
48000
49000
50000
50000
49000
49000
49000
50000
49000
49000
40000
49000
49000
49000
49000
50000
49000
49000
49000
50000
49000
50000
51000
51000
50000
51000
50000
50000
50000
51000
50000
50000
50000
51000
50000
50000
50000
50000
52000
50000
51000
50000
41000
52000
51000
52000
51000
52000
51000
51000
51000
52000
51000
51000
51000
51000
51000
51000
53000
52000
51000
51000
42000
53000
52000
53000
52000
53000
52000
52000
52000
53000
52000
52000
52000
52000
52000
52000
54000
53000
52000
52000
54000
53000
43000
53000
54000
54000
53000
53000
54000
53000
53000
53000
53000
53000
53000
53000
55000
54000
53000
53000
55000
54000
54000
55000
55000
54000
54000
54000
55000
44000
54000
54000
54000
54000
54000
54000
56000
54000
55000
54000
55000
56000
55000
56000
55000
56000
55000
55000
56000
55000
55000
55000
55000
55000
55000
57000
45000
55000
55000
56000
56000
57000
56000
57000
56000
56000
57000
56000
57000
56000
56000
56000
56000
56000
56000
58000
56000
56000
57000
46000
57000
58000
58000
57000
58000
57000
58000
57000
57000
57000
57000
57000
57000
57000
57000
59000
57000
57000
58000
58000
59000
47000
58000
59000
59000
58000
59000
58000
58000
58000
58000
58000
58000
58000
58000
60000
58000
58000
59000
59000
60000
59000
60000
60000
60000
59000
59000
59000
48000
59000
59000
59000
59000
59000
59000
61000
59000
60000
59000
60000
61000
60000
61000
61000
60000
60000
61000
60000
60000
60000
60000
60000
60000
49000
60000
62000
60000
61000
60000
61000
62000
61000
62000
61000
62000
61000
61000
61000
61000
62000
61000
61000
61000
63000
61000
61000
62000
50000
61000
62000
63000
62000
63000
63000
62000
62000
62000
62000
63000
62000
62000
62000
62000
64000
62000
63000
62000
62000
63000
51000
64000
63000
64000
64000
63000
63000
63000
63000
64000
63000
63000
63000
63000
65000
63000
64000
63000
63000
64000
65000
64000
65000
65000
52000
64000
64000
64000
64000
65000
64000
64000
64000
64000
66000
64000
64000
65000
64000
65000
66000
65000
66000
65000
65000
66000
65000
65000
66000
65000
65000
65000
65000
67000
53000
65000
66000
65000
65000
66000
67000
66000
66000
66000
67000
67000
66000
67000
66000
66000
66000
66000
68000
66000
66000
67000
66000
66000
54000
67000
68000
67000
67000
67000
68000
68000
68000
67000
67000
67000
67000
67000
69000
67000
67000
68000
67000
67000
68000
69000
68000
55000
68000
68000
69000
69000
69000
68000
68000
68000
70000
68000
68000
68000
68000
69000
68000
68000
69000
70000
69000
70000
70000
70000
69000
69000
69000
69000
56000
69000
71000
69000
69000
69000
69000
69000
69000
70000
70000
71000
70000
71000
70000
71000
70000
71000
70000
70000
70000
72000
70000
70000
57000
70000
70000
70000
70000
71000
72000
71000
71000
72000
71000
72000
71000
72000
71000
71000
71000
73000
71000
71000
71000
71000
71000
71000
58000
72000
73000
72000
72000
73000
73000
73000
72000
72000
72000
72000
72000
74000
72000
72000
72000
72000
72000
72000
73000
59000
74000
73000
73000
74000
74000
73000
74000
73000
73000
73000
75000
73000
73000
73000
73000
73000
73000
73000
74000
75000
74000
74000
60000
75000
75000
74000
75000
74000
74000
74000
74000
76000
74000
74000
74000
74000
74000
74000
75000
76000
75000
75000
76000
75000
61000
76000
75000
76000
75000
75000
75000
77000
75000
75000
75000
75000
75000
75000
76000
76000
77000
76000
77000
76000
77000
76000
76000
76000
77000
76000
78000
76000
62000
76000
76000
76000
76000
76000
77000
78000
77000
77000
78000
77000
77000
77000
78000
77000
78000
77000
79000
77000
77000
77000
77000
77000
77000
78000
79000
78000
78000
79000
78000
78000
78000
78000
79000
79000
63000
78000
80000
78000
78000
78000
78000
78000
78000
79000
80000
79000
80000
79000
79000
79000
79000
79000
80000
79000
81000
80000
79000
79000
79000
64000
79000
79000
80000
79000
81000
80000
81000
80000
80000
80000
80000
80000
82000
80000
81000
81000
80000
80000
80000
80000
80000
81000
80000
82000
65000
81000
81000
82000
81000
81000
81000
83000
81000
82000
81000
82000
81000
81000
81000
81000
81000
82000
81000
83000
82000
82000
83000
82000
82000
82000
84000
82000
66000
83000
82000
83000
82000
82000
82000
82000
82000
83000
82000
84000
83000
83000
84000
83000
83000
83000
83000
85000
84000
84000
83000
83000
83000
67000
83000
83000
83000
84000
83000
84000
85000
84000
85000
84000
84000
84000
84000
86000
85000
85000
84000
84000
84000
84000
84000
85000
84000
84000
68000
86000
85000
85000
86000
85000
85000
85000
87000
85000
86000
86000
85000
85000
85000
85000
86000
85000
85000
85000
86000
86000
87000
86000
86000
87000
86000
69000
88000
86000
87000
87000
86000
86000
86000
86000
86000
87000
86000
86000
87000
87000
88000
87000
87000
88000
87000
89000
87000
88000
88000
87000
87000
70000
87000
87000
87000
88000
87000
87000
88000
88000
89000
88000
88000
90000
89000
88000
88000
89000
89000
88000
88000
88000
88000
71000
89000
88000
88000
88000
89000
89000
90000
89000
89000
89000
91000
90000
89000
90000
90000
89000
89000
89000
89000
90000
89000
89000
89000
72000
90000
90000
91000
90000
90000
90000
92000
90000
91000
91000
91000
90000
90000
90000
90000
91000
90000
90000
90000
91000
91000
92000
91000
73000
91000
91000
93000
91000
92000
92000
92000
91000
91000
91000
91000
92000
91000
91000
91000
92000
92000
93000
92000
92000
92000
94000
93000
92000
93000
93000
74000
92000
92000
92000
92000
93000
92000
92000
92000
93000
93000
94000
93000
93000
93000
95000
93000
94000
94000
94000
75000
93000
93000
93000
93000
94000
93000
93000
93000
94000
94000
95000
94000
94000
96000
94000
94000
95000
95000
95000
94000
94000
94000
94000
76000
95000
94000
94000
95000
94000
95000
96000
95000
97000
95000
95000
96000
96000
95000
96000
95000
95000
95000
95000
96000
95000
95000
96000
77000
96000
95000
97000
96000
98000
96000
97000
97000
96000
97000
96000
96000
96000
96000
96000
96000
97000
96000
97000
97000
96000
98000
97000
99000
78000
97000
98000
98000
97000
98000
97000
97000
97000
97000
97000
97000
98000
97000
98000
98000
97000
99000
98000
100000
98000
99000
99000
98000
98000
99000
79000
98000
98000
98000
98000
99000
98000
98000
99000
99000
98000
100000
101000
99000
99000
100000
100000
99000
100000
99000
99000
99000
80000
99000
99000
100000
99000
99000
100000
100000
99000
101000
102000
100000
100000
101000
101000
100000
101000
100000
100000
100000
100000
100000
101000
101000
100000
100000
101000
81000
100000
103000
102000
101000
101000
102000
101000
102000
102000
101000
101000
101000
101000
102000
101000
102000
101000
101000
102000
101000
104000
103000
82000
102000
102000
103000
102000
103000
103000
102000
102000
102000
103000
103000
102000
102000
102000
103000
102000
102000
103000
104000
105000
103000
104000
103000
104000
104000
83000
103000
103000
103000
104000
104000
103000
104000
103000
103000
103000
105000
106000
104000
103000
104000
105000
105000
104000
105000
104000
104000
84000
104000
105000
105000
104000
105000
104000
104000
104000
106000
107000
105000
105000
104000
106000
105000
106000
106000
105000
105000
105000
106000
106000
105000
85000
106000
105000
105000
105000
107000
108000
106000
106000
105000
107000
106000
107000
107000
106000
106000
107000
106000
107000
106000
107000
106000
106000
86000
106000
108000
109000
107000
106000
107000
108000
108000
107000
108000
107000
108000
107000
107000
107000
108000
108000
107000
107000
107000
109000
108000
110000
107000
108000
87000
109000
109000
108000
109000
108000
109000
108000
108000
108000
109000
109000
108000
108000
110000
108000
109000
111000
108000
109000
110000
110000
109000
110000
88000
109000
109000
110000
112000
110000
111000
111000
110000
109000
109000
110000
109000
109000
109000
110000
111000
111000
109000
110000
89000
110000
111000
110000
113000
112000
112000
111000
110000
110000
111000
110000
110000
110000
111000
111000
112000
112000
110000
111000
111000
112000
111000
114000
90000
113000
113000
111000
112000
112000
111000
111000
112000
111000
111000
112000
113000
113000
112000
111000
113000
112000
112000
115000
114000
114000
112000
113000
91000
113000
113000
112000
112000
112000
112000
113000
114000
114000
113000
112000
114000
113000
113000
116000
115000
115000
113000
114000
114000
114000
113000
113000
113000
113000
114000
92000
115000
115000
114000
113000
114000
115000
114000
117000
116000
116000
114000
115000
115000
115000
114000
114000
114000
115000
114000
116000
116000
115000
93000
114000
115000
116000
115000
118000
117000
117000
115000
116000
116000
115000
115000
116000
115000
116000
115000
117000
117000
116000
115000
94000
117000
116000
116000
119000
118000
118000
117000
116000
117000
116000
116000
117000
116000
117000
116000
118000
118000
117000
116000
118000
95000
120000
117000
119000
117000
119000
118000
117000
118000
117000
117000
118000
117000
117000
118000
119000
119000
118000
117000
119000
121000
120000
118000
118000
119000
118000
96000
120000
119000
118000
118000
119000
118000
118000
119000
120000
120000
119000
118000
120000
122000
121000
119000
119000
120000
119000
121000
120000
119000
119000
97000
120000
119000
119000
120000
121000
121000
120000
119000
121000
123000
122000
121000
120000
120000
120000
122000
121000
120000
120000
120000
121000
122000
120000
121000
122000
98000
121000
120000
124000
122000
123000
122000
121000
123000
121000
122000
121000
121000
121000
121000
122000
121000
122000
123000
122000
123000
121000
99000
125000
124000
123000
124000
123000
122000
122000
123000
122000
122000
122000
122000
122000
123000
124000
123000
123000
124000
122000
100000
126000
125000
125000
124000
124000
123000
123000
124000
123000
123000
123000
123000
123000
124000
125000
124000
124000
125000
123000
127000
126000
101000
126000
125000
124000
125000
124000
125000
124000
124000
124000
124000
124000
125000
125000
126000
125000
126000
124000
128000
127000
127000
126000
125000
125000
126000
126000
125000
125000
102000
125000
125000
126000
125000
127000
126000
126000
127000
125000
129000
128000
128000
127000
126000
126000
127000
127000
126000
126000
126000
126000
127000
126000
128000
127000
103000
127000
128000
126000
130000
129000
128000
129000
127000
127000
127000
127000
128000
128000
127000
127000
128000
129000
127000
128000
128000
129000
127000
104000
131000
130000
129000
130000
128000
128000
128000
129000
128000
129000
128000
128000
129000
130000
128000
129000
129000
130000
128000
105000
132000
131000
130000
131000
129000
129000
129000
129000
130000
130000
129000
129000
130000
131000
129000
130000
131000
130000
129000
133000
132000
132000
131000
106000
130000
130000
130000
131000
130000
131000
130000
131000
130000
132000
130000
131000
132000
131000
130000
134000
133000
133000
132000
131000
131000
131000
132000
131000
107000
132000
131000
132000
131000
133000
131000
132000
132000
131000
133000
135000
134000
133000
134000
132000
132000
133000
132000
132000
133000
133000
132000
134000
132000
132000
133000
108000
133000
132000
134000
136000
135000
134000
135000
133000
133000
134000
133000
133000
134000
134000
135000
133000
133000
133000
134000
134000
135000
133000
109000
137000
136000
136000
135000
134000
134000
134000
135000
134000
135000
135000
134000
134000
136000
134000
135000
135000
136000
134000
110000
138000
137000
137000
136000
138247
135000
135000
136000
135000
135000
136000
136000
135000
137000
135000
136000
135000
136000
137000
135000
138000
138000
111000
137000
136000
138241
136000
136000
136000
137000
138245
137000
137000
138000
136000
136000
137000
136000
137000
138000
136000
138249
138245
138000
137000
137000
112000
137000
137000
138000
138243
138000
138000
137000
138000
137000
137000
138247
138248
138000
138244
137000
138245
138239
138000
138000
138000
113000
138242
138000
138000
138238
138000
138247
138000
138248
138000
138246
138240
138245
138238
114000
115000
116000
117000
118000
119000
120000
121000
122000
123000
124000
125000
126000
127000
128000
129000
130000
131000
132000
133000
134000
135000
136000
137000
138000
138244
It took 14 secs to filter 2764881 sequences.



Length of filtered alignment: 1463
Number of columns removed: 332
Length of the original alignment: 1795
Number of sequences used to construct filter: 2764881

Output File Names: 
/mnt/research/ShadeLab/Barnett/Centralia/MultiYear_intermediateseq/lib2_run3_merged_maxEE_noN.filter
/mnt/research/ShadeLab/Barnett/Centralia/MultiYear_intermediateseq/lib2_run3_merged_maxEE_noN.unique.filter.good.filter.fasta


mothur > quit()

mothur > quit()
 
 
Prefiltered
2810338
Postfilterd
2764881
 
 
Inflate sequences
 
[3J[H[2JLinux version

Using ReadLine

Using Boost

Running 64Bit Version

mothur v.1.40.4
Last updated: 02/07/2022
by
Patrick D. Schloss

Department of Microbiology & Immunology

University of Michigan
http://www.mothur.org

When using, please cite:
Schloss, P.D., et al., Introducing mothur: Open-source, platform-independent, community-supported software for describing and comparing microbial communities. Appl Environ Microbiol, 2009. 75(23):7537-41.

Distributed under the GNU General Public License

Type 'help()' for information on the commands that are available

For questions and analysis support, please visit our forum at https://www.mothur.org/forum

Type 'quit()' to exit program

Script Mode


mothur > deunique.seqs(fasta=/mnt/research/ShadeLab/Barnett/Centralia/MultiYear_intermediateseq/lib2_run3_merged_maxEE_noN.unique.filter.good.filter.fasta, name=/mnt/research/ShadeLab/Barnett/Centralia/MultiYear_intermediateseq/lib2_run3_merged_maxEE_noN.names)

Output File Names: 
/mnt/research/ShadeLab/Barnett/Centralia/MultiYear_intermediateseq/lib2_run3_merged_maxEE_noN.unique.filter.good.filter.redundant.fasta


mothur > quit()

mothur > quit()
 
 
Generate final QCed read file
 
[3J[H[2JLinux version

Using ReadLine

Using Boost

Running 64Bit Version

mothur v.1.40.4
Last updated: 02/07/2022
by
Patrick D. Schloss

Department of Microbiology & Immunology

University of Michigan
http://www.mothur.org

When using, please cite:
Schloss, P.D., et al., Introducing mothur: Open-source, platform-independent, community-supported software for describing and comparing microbial communities. Appl Environ Microbiol, 2009. 75(23):7537-41.

Distributed under the GNU General Public License

Type 'help()' for information on the commands that are available

For questions and analysis support, please visit our forum at https://www.mothur.org/forum

Type 'quit()' to exit program

Script Mode


mothur > summary.seqs(fasta=/mnt/research/ShadeLab/Barnett/Centralia/MultiYear_finalQCreads/lib2_run3_finalQC.fasta, processors=1)

Using 1 processors.

		Start	End	NBases	Ambigs	Polymer	NumSeqs
Minimum:	1	208	208	0	3	1
2.5%-tile:	1	253	253	0	4	277664
25%-tile:	1	253	253	0	4	2776638
Median: 	1	253	253	0	5	5553276
75%-tile:	1	253	253	0	5	8329913
97.5%-tile:	1	254	254	0	8	10828887
Maximum:	1	458	458	0	8	11106550
Mean:	1	253	253	0	4
# of Seqs:	11106550

It took 1475 secs to summarize 11106550 sequences.

Output File Names:
 /mnt/research/ShadeLab/Barnett/Centralia/MultiYear_finalQCreads/lib2_run3_finalQC.summary


mothur > quit()

mothur > quit()
 
 
Final sequence count
11106550
 
Done!
