
Lmod is automatically replacing "Python/3.6.4" with "Conda/3".

Screening sequences: positions 288 to 1275
 
[3J[H[2JLinux version

Using ReadLine

Using Boost

Running 64Bit Version

mothur v.1.40.4
Last updated: 02/05/2022
by
Patrick D. Schloss

Department of Microbiology & Immunology

University of Michigan
http://www.mothur.org

When using, please cite:
Schloss, P.D., et al., Introducing mothur: Open-source, platform-independent, community-supported software for describing and comparing microbial communities. Appl Environ Microbiol, 2009. 75(23):7537-41.

Distributed under the GNU General Public License

Type 'help()' for information on the commands that are available

For questions and analysis support, please visit our forum at https://www.mothur.org/forum

Type 'quit()' to exit program

Script Mode


mothur > screen.seqs(fasta=/mnt/research/ShadeLab/Barnett/Centralia/MultiYear_intermediateseq/lib2_run1_merged_maxEE_noN.unique.filter.fasta, processors=20, name=/mnt/research/ShadeLab/Barnett/Centralia/MultiYear_intermediateseq/lib2_run1_merged_maxEE_noN.names, group=/mnt/research/ShadeLab/Barnett/Centralia/MultiYear_intermediateseq/lib2_run1_group_file.txt, start=288, end=1275, maxhomop=8)

Using 20 processors.
1000
1000
1000
1000
1000
1000
1000
1000
1000
1000
1000
1000
1000
1000
1000
1000
1000
1000
1000
1000
2000
2000
2000
2000
2000
2000
2000
2000
2000
2000
2000
2000
2000
2000
2000
2000
2000
2000
2000
2000
3000
3000
3000
3000
3000
3000
3000
3000
3000
3000
3000
3000
3000
3000
3000
3000
3000
3000
3000
3000
4000
4000
4000
4000
4000
4000
4000
4000
4000
4000
4000
4000
4000
4000
4000
4000
4000
4000
4000
4000
5000
5000
5000
5000
5000
5000
5000
5000
5000
5000
5000
5000
5000
5000
5000
5000
5000
5000
5000
5000
6000
6000
6000
6000
6000
6000
6000
6000
6000
6000
6000
6000
6000
6000
6000
6000
6000
6000
6000
6000
7000
7000
7000
7000
7000
7000
7000
7000
7000
7000
7000
7000
7000
7000
7000
7000
7000
7000
7000
7000
8000
8000
8000
8000
8000
8000
8000
8000
8000
8000
8000
8000
8000
8000
8000
8000
8000
8000
8000
8000
9000
9000
9000
9000
9000
9000
9000
9000
9000
9000
9000
9000
9000
9000
9000
9000
9000
9000
9000
9000
10000
10000
10000
10000
10000
10000
10000
10000
10000
10000
10000
10000
10000
10000
10000
10000
10000
10000
10000
10000
11000
11000
11000
11000
11000
11000
11000
11000
11000
11000
11000
11000
11000
11000
11000
11000
11000
11000
11000
11000
12000
12000
12000
12000
12000
12000
12000
12000
12000
12000
12000
12000
12000
12000
12000
12000
12000
12000
12000
12000
13000
13000
13000
13000
13000
13000
13000
13000
13000
13000
13000
13000
13000
13000
13000
13000
13000
13000
13000
13000
14000
14000
14000
14000
14000
14000
14000
14000
14000
14000
14000
14000
14000
14000
14000
14000
14000
14000
14000
14000
15000
15000
15000
15000
15000
15000
15000
15000
15000
15000
15000
15000
15000
15000
15000
15000
15000
15000
15000
15000
16000
16000
16000
16000
16000
16000
16000
16000
16000
16000
16000
16000
16000
16000
16000
16000
16000
16000
16000
16000
17000
17000
17000
17000
17000
17000
17000
17000
17000
17000
17000
17000
17000
17000
17000
17000
17000
17000
17000
17000
18000
18000
18000
18000
18000
18000
18000
18000
18000
18000
18000
18000
18000
18000
18000
18000
18000
18000
18000
18000
19000
19000
19000
19000
19000
19000
19000
19000
19000
19000
19000
19000
19000
19000
19000
19000
19000
19000
19000
19000
20000
20000
20000
20000
20000
20000
20000
20000
20000
20000
20000
20000
20000
20000
20000
20000
20000
20000
20000
20000
21000
21000
21000
21000
21000
21000
21000
21000
21000
21000
21000
21000
21000
21000
21000
21000
21000
21000
21000
21000
22000
22000
22000
22000
22000
22000
22000
22000
22000
22000
22000
22000
22000
22000
22000
22000
22000
22000
22000
22000
23000
23000
23000
23000
23000
23000
23000
23000
23000
23000
23000
23000
23000
23000
23000
23000
23000
23000
23000
23000
24000
24000
24000
24000
24000
24000
24000
24000
24000
24000
24000
24000
24000
24000
24000
24000
24000
24000
24000
24000
25000
25000
25000
25000
25000
25000
25000
25000
25000
25000
25000
25000
25000
25000
25000
25000
25000
25000
25000
25000
26000
26000
26000
26000
26000
26000
26000
26000
26000
26000
26000
26000
26000
26000
26000
26000
26000
26000
26000
26000
27000
27000
27000
27000
27000
27000
27000
27000
27000
27000
27000
27000
27000
27000
27000
27000
27000
27000
27000
27000
28000
28000
28000
28000
28000
28000
28000
28000
28000
28000
28000
28000
28000
28000
28000
28000
28000
28000
28000
28000
29000
29000
29000
29000
29000
29000
29000
29000
29000
29000
29000
29000
29000
29000
29000
29000
29000
29000
29000
29000
30000
30000
30000
30000
30000
30000
30000
30000
30000
30000
30000
30000
30000
30000
30000
30000
30000
30000
30000
30000
31000
31000
31000
31000
31000
31000
31000
31000
31000
31000
31000
31000
31000
31000
31000
31000
31000
31000
31000
31000
32000
32000
32000
32000
32000
32000
32000
32000
32000
32000
32000
32000
32000
32000
32000
32000
32000
32000
32000
32000
33000
33000
33000
33000
33000
33000
33000
33000
33000
33000
33000
33000
33000
33000
33000
33000
33000
33000
33000
33000
34000
34000
34000
34000
34000
34000
34000
34000
34000
34000
34000
34000
34000
34000
34000
34000
34000
34000
34000
34000
35000
35000
35000
35000
35000
35000
35000
35000
35000
35000
35000
35000
35000
35000
35000
35000
35000
35000
35000
35000
36000
36000
36000
36000
36000
36000
36000
36000
36000
36000
36000
36000
36000
36000
36000
36000
36000
36000
36000
36000
37000
37000
37000
37000
37000
37000
37000
37000
37000
37000
37000
37000
37000
37000
37000
37000
37000
37000
37000
37000
38000
38000
38000
38000
38000
38000
38000
38000
38000
38000
38000
38000
38000
38000
38000
38000
38000
38000
38000
38000
39000
39000
39000
39000
39000
39000
39000
39000
39000
39000
39000
39000
39000
39000
39000
39000
39000
39000
39000
39000
40000
40000
40000
40000
40000
40000
40000
40000
40000
40000
40000
40000
40000
40000
40000
40000
40000
40000
40000
40000
41000
41000
41000
41000
41000
41000
41000
41000
41000
41000
41000
41000
41000
41000
41000
41000
41000
41000
41000
41000
42000
42000
42000
42000
42000
42000
42000
42000
42000
42000
42000
42000
42000
42000
42000
42000
42000
42000
42000
42000
43000
43000
43000
43000
43000
43000
43000
43000
43000
43000
43000
43000
43000
43000
43000
43000
43000
43000
43000
43000
44000
44000
44000
44000
44000
44000
44000
44000
44000
44000
44000
44000
44000
44000
44000
44000
44000
44000
44000
44000
45000
45000
45000
45000
45000
45000
45000
45000
45000
45000
45000
45000
45000
45000
45000
45000
45000
45000
45000
45000
46000
46000
46000
46000
46000
46000
46000
46000
46000
46000
46000
46000
46000
46000
46000
46000
46000
46000
46000
46000
47000
47000
47000
47000
47000
47000
47000
47000
47000
47000
47000
47000
47000
47000
47000
47000
47000
47000
47000
47000
48000
48000
48000
48000
48000
48000
48000
48000
48000
48000
48000
48000
48000
48000
48000
48000
48000
48000
48000
48000
49000
49000
49000
49000
49000
49000
49000
49000
49000
49000
49000
49000
49000
49000
49000
49000
49000
49000
49000
49000
50000
50000
50000
50000
50000
50000
50000
50000
50000
50000
50000
50000
50000
50000
50000
50000
50000
50000
50000
50000
51000
51000
51000
51000
51000
51000
51000
51000
51000
51000
51000
51000
51000
51000
51000
51000
51000
51000
51000
51000
52000
52000
52000
52000
52000
52000
52000
52000
52000
52000
52000
52000
52000
52000
52000
52000
52000
52000
52000
52000
53000
53000
53000
53000
53000
53000
53000
53000
53000
53000
53000
53000
53000
53000
53000
53000
53000
53000
53000
53000
54000
54000
54000
54000
54000
54000
54000
54000
54000
54000
54000
54000
54000
54000
54000
54000
54000
54000
54000
54000
55000
55000
55000
55000
55000
55000
55000
55000
55000
55000
55000
55000
55000
55000
55000
55000
55000
55000
55000
55000
56000
56000
56000
56000
56000
56000
56000
56000
56000
56000
56000
56000
56000
56000
56000
56000
56000
56000
56000
56000
57000
57000
57000
57000
57000
57000
57000
57000
57000
57000
57000
57000
57000
57000
57000
57000
57000
57000
57000
57000
58000
58000
58000
58000
58000
58000
58000
58000
58000
58000
58000
58000
58000
58000
58000
58000
58000
58000
58000
58000
59000
59000
59000
59000
59000
59000
59000
59000
59000
59000
59000
59000
59000
59000
59000
59000
59000
59000
59000
59000
60000
60000
60000
60000
60000
60000
60000
60000
60000
60000
60000
60000
60000
60000
60000
60000
60000
60000
60000
60000
61000
61000
61000
61000
61000
61000
61000
61000
61000
61000
61000
61000
61000
61000
61000
61000
61000
61000
61000
61000
62000
62000
62000
62000
62000
62000
62000
62000
62000
62000
62000
62000
62000
62000
62000
62000
62000
62000
62000
62000
63000
63000
63000
63000
63000
63000
63000
63000
63000
63000
63000
63000
63000
63000
63000
63000
63000
63000
63000
63000
64000
64000
64000
64000
64000
64000
64000
64000
64000
64000
64000
64000
64000
64000
64000
64000
64000
64000
64000
64000
65000
65000
65000
65000
65000
65000
65000
65000
65000
65000
65000
65000
65000
65000
65000
65000
65000
65000
65000
65000
66000
66000
66000
66000
66000
66000
66000
66000
66000
66000
66000
66000
66000
66000
66000
66000
66000
66000
66000
66000
67000
67000
67000
67000
67000
67000
67000
67000
67000
67000
67000
67000
67000
67000
67000
67000
67000
67000
67000
67000
68000
68000
68000
68000
68000
68000
68000
68000
68000
68000
68000
68000
68000
68000
68000
68000
68000
68000
68000
68000
69000
69000
69000
69000
69000
69000
69000
69000
69000
69000
69000
69000
69000
69000
69000
69000
69000
69000
69000
69000
70000
70000
70000
70000
70000
70000
70000
70000
70000
70000
70000
70000
70000
70000
70000
70000
70000
70000
70000
70000
71000
71000
71000
71000
71000
71000
71000
71000
71000
71000
71000
71000
71000
71000
71000
71000
71000
71000
71000
71000
72000
72000
72000
72000
72000
72000
72000
72000
72000
72000
72000
72000
72000
72000
72000
72000
72000
72000
72000
72000
73000
73000
73000
73000
73000
73000
73000
73000
73000
73000
73000
73000
73000
73000
73000
73000
73000
73000
73000
73000
74000
74000
74000
74000
74000
74000
74000
74000
74000
74000
74000
74000
74000
74000
74000
74000
74000
74000
74000
74000
75000
75000
75000
75000
75000
75000
75000
75000
75000
75000
75000
75000
75000
75000
75000
75000
75000
75000
75000
75000
76000
76000
76000
76000
76000
76000
76000
76000
76000
76000
76000
76000
76000
76000
76000
76000
76000
76000
76000
76000
77000
77000
77000
77000
77000
77000
77000
77000
77000
77000
77000
77000
77000
77000
77000
77000
77000
77000
77000
77000
78000
78000
78000
78000
78000
78000
78000
78000
78000
78000
78000
78000
78000
78000
78000
78000
78000
78000
78000
78000
79000
79000
79000
79000
79000
79000
79000
79000
79000
79000
79000
79000
79000
79000
79000
79000
79000
79000
79000
79000
80000
80000
80000
80000
80000
80000
80000
80000
80000
80000
80000
80000
80000
80000
80000
80000
80000
80000
80000
80000
81000
81000
81000
81000
81000
81000
81000
81000
81000
81000
81000
81000
81000
81000
81000
81000
81000
81000
81000
81000
82000
82000
82000
82000
82000
82000
82000
82000
82000
82000
82000
82000
82000
82000
82000
82000
82000
82000
82000
82000
83000
83000
83000
83000
83000
83000
83000
83000
83000
83000
83000
83000
83000
83000
83000
83000
83000
83000
83000
83000
84000
84000
84000
84000
84000
84000
84000
84000
84000
84000
84000
84000
84000
84000
84000
84000
84000
84000
84000
84000
85000
85000
85000
85000
85000
85000
85000
85000
85000
85000
85000
85000
85000
85000
85000
85000
85000
85000
85000
85000
86000
86000
86000
86000
86000
86000
86000
86000
86000
86000
86000
86000
86000
86000
86000
86000
86000
86000
86000
86000
87000
87000
87000
87000
87000
87000
87000
87000
87000
87000
87000
87000
87000
87000
87000
87000
87000
87000
87000
87000
88000
88000
88000
88000
88000
88000
88000
88000
88000
88000
88000
88000
88000
88000
88000
88000
88000
88000
88000
88000
89000
89000
89000
89000
89000
89000
89000
89000
89000
89000
89000
89000
89000
89000
89000
89000
89000
89000
89000
89000
90000
90000
90000
90000
90000
90000
90000
90000
90000
90000
90000
90000
90000
90000
90000
90000
90000
90000
90000
90000
91000
91000
91000
91000
91000
91000
91000
91000
91000
91000
91000
91000
91000
91000
91000
91000
91000
91000
91000
91000
92000
92000
92000
92000
92000
92000
92000
92000
92000
92000
92000
92000
92000
92000
92000
92000
92000
92000
92000
92000
93000
93000
93000
93000
93000
93000
93000
93000
93000
93000
93000
93000
93000
93000
93000
93000
93000
93000
93000
93000
94000
94000
94000
94000
94000
94000
94000
94000
94000
94000
94000
94000
94000
94000
94000
94000
94000
94000
94000
94000
95000
95000
95000
95000
95000
95000
95000
95000
95000
95000
95000
95000
95000
95000
95000
95000
95000
95000
95000
95000
96000
96000
96000
96000
96000
96000
96000
96000
96000
96000
96000
96000
96000
96000
96000
96000
96000
96000
96000
96000
97000
97000
97000
97000
97000
97000
97000
97000
97000
97000
97000
97000
97000
97000
97000
97000
97000
97000
97000
97000
98000
98000
98000
98000
98000
98000
98000
98000
98000
98000
98000
98000
98000
98000
98000
98000
98000
98000
98000
98000
99000
99000
99000
99000
99000
99000
99000
99000
99000
99000
99000
99000
99000
99000
99000
99000
99000
99000
99000
99000
100000
100000
100000
100000
100000
100000
100000
100000
100000
100000
100000
100000
100000
100000
100000
100000
100000
100000
100000
100000
101000
101000
101000
101000
101000
101000
101000
101000
101000
101000
101000
101000
101000
101000
101000
101000
101000
101000
101000
101000
102000
102000
102000
102000
102000
102000
102000
102000
102000
102000
102000
102000
102000
102000
102000
102000
102000
102000
102000
102000
103000
103000
103000
103000
103000
103000
103000
103000
103000
103000
103000
103000
103000
103000
103000
103000
103000
103000
103000
103000
104000
104000
104000
104000
104000
104000
104000
104000
104000
104000
104000
104000
104000
104000
104000
104000
104000
104000
104000
104000
105000
105000
105000
105000
105000
105000
105000
105000
105000
105000
105000
105000
105000
105000
105000
105000
105000
105000
105000
105000
106000
106000
106000
106000
106000
106000
106000
106000
106000
106000
106000
106000
106000
106000
106000
106000
106000
106000
106000
106000
107000
107000
107000
107000
107000
107000
107000
107000
107000
107000
107000
107000
107000
107000
107000
107000
107000
107000
107000
107000
108000
108000
108000
108000
108000
108000
108000
108000
108000
108000
108000
108000
108000
108000
108000
108000
108000
108000
108000
108000
109000
109000
109000
109000
109000
109000
109000
109000
109000
109000
109000
109000
109000
109000
109000
109000
109000
109000
109000
109000
110000
110000
110000
110000
110000
110000
110000
110000
110000
110000
110000
110000
110000
110000
110000
110000
110000
110000
110000
110000
111000
111000
111000
111000
111000
111000
111000
111000
111000
111000
111000
111000
111000
111000
111000
111000
111000
111000
111000
111000
112000
112000
112000
112000
112000
112000
112000
112000
112000
112000
112000
112000
112000
112000
112000
112000
112000
112000
112000
112000
113000
113000
113000
113000
113000
113000
113000
113000
113000
113000
113000
113000
113000
113000
113000
113000
113000
113000
113000
113000
114000
114000
114000
114000
114000
114000
114000
114000
114000
114000
114000
114000
114000
114000
114000
114000
114000
114000
114000
114000
115000
115000
115000
115000
115000
115000
115000
115000
115000
115000
115000
115000
115000
115000
115000
115000
115000
115000
115000
115000
116000
116000
116000
116000
116000
116000
116000
116000
116000
116000
116000
116000
116000
116000
116000
116000
116000
116000
116000
116000
117000
117000
117000
117000
117000
117000
117000
117000
117000
117000
117000
117000
117000
117000
117000
117000
117000
117000
117000
117000
118000
118000
118000
118000
118000
118000
118000
118000
118000
118000
118000
118000
118000
118000
118000
118000
118000
118000
118000
118000
119000
119000
119000
119000
119000
119000
119000
119000
119000
119000
119000
119000
119000
119000
119000
119000
119000
119000
119000
119000
120000
120000
120000
120000
120000
120000
120000
120000
120000
120000
120000
120000
120000
120000
120000
120000
120000
120000
120000
120000
121000
121000
121000
121000
121000
121000
121000
121000
121000
121000
121000
121000
121000
121000
121000
121000
121000
121000
121000
121000
122000
122000
122000
122000
122000
122000
122000
122000
122000
122000
122000
122000
122000
122000
122000
122000
122000
122000
122000
122000
123000
123000
123000
123000
123000
123000
123000
123000
123000
123000
123000
123000
123000
123000
123000
123000
123000
123000
123000
123000
124000
124000
124000
124000
124000
124000
124000
124000
124000
124000
124000
124000
124000
124000
124000
124000
124000
124000
124000
124000
125000
125000
125000
125000
125000
125000
125000
125000
125000
125000
125000
125000
125000
125000
125000
125000
125000
125000
125000
125000
126000
126000
126000
126000
126000
126000
126000
126000
126000
126000
126000
126000
126000
126000
126000
126000
126000
126000
126000
126000
127000
127000
127000
127000
127000
127000
127000
127000
127000
127000
127000
127000
127000
127000
127000
127000
127000
127000
127000
127000
127819
127817
127819
127817
127816
127819
127816
127817
127818
127817
127819
127817
127816
127817
127819
127814
127819
127816
127818
127816

It took 314 secs to screen 2556346 sequences, removed 40933.

/******************************************/
Running command: remove.seqs(accnos=/mnt/research/ShadeLab/Barnett/Centralia/MultiYear_intermediateseq/lib2_run1_merged_maxEE_noN.unique.filter.bad.accnos, name=/mnt/research/ShadeLab/Barnett/Centralia/MultiYear_intermediateseq/lib2_run1_merged_maxEE_noN.names, group=/mnt/research/ShadeLab/Barnett/Centralia/MultiYear_intermediateseq/lib2_run1_group_file.txt)
Removed 131933 sequences from your name file.
Removed 131933 sequences from your group file.

Output File Names: 
/mnt/research/ShadeLab/Barnett/Centralia/MultiYear_intermediateseq/lib2_run1_merged_maxEE_noN.pick.names
/mnt/research/ShadeLab/Barnett/Centralia/MultiYear_intermediateseq/lib2_run1_group_file.pick.txt

/******************************************/

Output File Names: 
/mnt/research/ShadeLab/Barnett/Centralia/MultiYear_intermediateseq/lib2_run1_merged_maxEE_noN.unique.filter.good.fasta
/mnt/research/ShadeLab/Barnett/Centralia/MultiYear_intermediateseq/lib2_run1_merged_maxEE_noN.unique.filter.bad.accnos
/mnt/research/ShadeLab/Barnett/Centralia/MultiYear_intermediateseq/lib2_run1_group_file.good.txt
/mnt/research/ShadeLab/Barnett/Centralia/MultiYear_intermediateseq/lib2_run1_merged_maxEE_noN.good.names


It took 1519 secs to screen 2556346 sequences.

mothur > quit()

mothur > quit()
 
 
Filtering sequences
 
[3J[H[2JLinux version

Using ReadLine

Using Boost

Running 64Bit Version

mothur v.1.40.4
Last updated: 02/05/2022
by
Patrick D. Schloss

Department of Microbiology & Immunology

University of Michigan
http://www.mothur.org

When using, please cite:
Schloss, P.D., et al., Introducing mothur: Open-source, platform-independent, community-supported software for describing and comparing microbial communities. Appl Environ Microbiol, 2009. 75(23):7537-41.

Distributed under the GNU General Public License

Type 'help()' for information on the commands that are available

For questions and analysis support, please visit our forum at https://www.mothur.org/forum

Type 'quit()' to exit program

Script Mode


mothur > filter.seqs(fasta=/mnt/research/ShadeLab/Barnett/Centralia/MultiYear_intermediateseq/lib2_run1_merged_maxEE_noN.unique.filter.good.fasta, processors=20, vertical=T)

Using 20 processors.
Creating Filter... 
1000
1000
1000
1000
1000
1000
1000
1000
1000
1000
1000
1000
1000
1000
1000
1000
1000
2000
1000
2000
1000
2000
2000
2000
2000
2000
2000
2000
2000
1000
2000
2000
2000
2000
2000
2000
3000
2000
3000
2000
2000
3000
3000
3000
3000
3000
3000
3000
2000
3000
3000
3000
3000
3000
3000
3000
4000
3000
4000
3000
3000
4000
4000
4000
4000
4000
4000
4000
3000
4000
4000
4000
4000
4000
4000
5000
4000
5000
4000
4000
4000
5000
5000
5000
5000
5000
5000
5000
4000
5000
5000
5000
5000
5000
5000
6000
6000
5000
5000
5000
6000
6000
6000
6000
5000
6000
6000
6000
5000
6000
6000
6000
6000
6000
6000
7000
7000
6000
6000
6000
7000
7000
7000
7000
7000
7000
7000
6000
7000
7000
6000
7000
7000
7000
7000
8000
7000
8000
7000
7000
8000
8000
8000
8000
8000
7000
8000
8000
8000
8000
8000
7000
8000
8000
8000
9000
8000
9000
8000
8000
9000
9000
9000
9000
8000
9000
9000
9000
9000
9000
9000
9000
9000
8000
9000
10000
9000
10000
9000
9000
10000
10000
10000
10000
10000
9000
10000
10000
10000
10000
10000
10000
10000
10000
11000
10000
11000
9000
10000
10000
11000
11000
11000
11000
11000
10000
11000
11000
11000
11000
11000
11000
11000
11000
12000
11000
12000
11000
11000
12000
12000
12000
10000
12000
12000
11000
12000
12000
12000
12000
12000
12000
12000
12000
13000
12000
13000
12000
12000
13000
13000
13000
13000
12000
13000
13000
13000
13000
13000
13000
13000
13000
14000
14000
13000
13000
13000
14000
14000
13000
11000
14000
14000
13000
14000
14000
14000
14000
14000
14000
14000
15000
14000
14000
14000
14000
15000
15000
15000
14000
15000
14000
15000
12000
15000
15000
15000
15000
15000
15000
16000
15000
15000
15000
15000
16000
16000
15000
16000
15000
16000
15000
16000
16000
16000
16000
16000
13000
16000
16000
17000
16000
16000
16000
16000
17000
16000
16000
17000
17000
17000
16000
17000
17000
17000
17000
17000
17000
17000
17000
14000
17000
18000
18000
17000
17000
17000
18000
18000
18000
17000
17000
18000
18000
18000
18000
18000
18000
18000
18000
18000
19000
18000
19000
18000
15000
18000
19000
19000
19000
18000
18000
19000
19000
19000
19000
19000
19000
19000
19000
19000
20000
20000
19000
19000
19000
20000
20000
20000
19000
19000
20000
20000
20000
16000
20000
20000
20000
20000
20000
21000
21000
20000
21000
20000
21000
21000
20000
21000
20000
21000
21000
20000
20000
17000
21000
21000
21000
21000
21000
22000
22000
21000
22000
22000
22000
21000
21000
22000
22000
22000
21000
21000
21000
22000
18000
22000
22000
22000
22000
23000
23000
23000
23000
22000
23000
22000
22000
23000
23000
22000
23000
22000
22000
23000
23000
23000
23000
23000
24000
24000
23000
23000
19000
23000
24000
24000
24000
24000
23000
24000
24000
23000
23000
24000
24000
24000
24000
24000
25000
24000
24000
24000
25000
25000
24000
25000
25000
25000
24000
24000
25000
25000
25000
20000
25000
25000
25000
26000
25000
25000
25000
25000
26000
26000
25000
26000
26000
26000
25000
25000
26000
26000
26000
26000
26000
26000
21000
27000
26000
26000
26000
26000
27000
27000
26000
27000
27000
27000
26000
27000
26000
27000
27000
27000
27000
22000
27000
27000
28000
28000
28000
28000
27000
28000
27000
28000
27000
27000
28000
27000
27000
28000
28000
28000
28000
28000
29000
28000
29000
29000
29000
29000
28000
29000
23000
28000
28000
28000
29000
28000
29000
29000
28000
29000
29000
30000
29000
30000
30000
30000
30000
29000
30000
29000
29000
29000
29000
30000
29000
24000
30000
30000
29000
30000
30000
31000
30000
31000
31000
31000
31000
30000
31000
30000
30000
30000
31000
31000
31000
30000
30000
30000
31000
25000
31000
32000
31000
32000
32000
32000
31000
32000
31000
32000
31000
32000
32000
31000
31000
31000
32000
31000
32000
32000
33000
32000
33000
26000
33000
33000
32000
32000
32000
33000
33000
33000
33000
32000
32000
33000
32000
32000
34000
33000
34000
33000
34000
33000
34000
33000
33000
34000
33000
34000
34000
33000
27000
33000
34000
34000
33000
35000
34000
35000
34000
35000
33000
34000
35000
34000
35000
34000
35000
35000
34000
34000
28000
34000
35000
34000
35000
35000
35000
35000
36000
36000
36000
34000
35000
36000
36000
36000
35000
36000
35000
35000
35000
29000
36000
36000
35000
36000
36000
37000
36000
37000
37000
35000
36000
37000
37000
36000
36000
37000
37000
36000
36000
37000
36000
37000
37000
30000
37000
38000
37000
38000
38000
36000
38000
37000
38000
37000
37000
38000
37000
37000
38000
38000
38000
37000
38000
38000
31000
39000
39000
38000
39000
38000
39000
37000
39000
39000
38000
38000
38000
38000
39000
39000
39000
38000
39000
40000
39000
39000
40000
40000
32000
39000
40000
38000
40000
40000
39000
39000
39000
40000
40000
39000
39000
40000
40000
40000
40000
41000
41000
40000
41000
39000
41000
33000
41000
41000
40000
40000
41000
40000
41000
40000
40000
41000
41000
41000
42000
41000
42000
42000
41000
40000
42000
42000
42000
41000
34000
41000
42000
41000
42000
41000
41000
42000
42000
42000
43000
42000
42000
43000
43000
41000
43000
43000
43000
42000
42000
35000
43000
42000
42000
42000
43000
43000
43000
43000
44000
43000
43000
44000
44000
42000
44000
44000
44000
43000
43000
44000
43000
36000
43000
43000
44000
44000
44000
44000
45000
44000
45000
45000
44000
43000
45000
45000
45000
44000
44000
45000
44000
44000
44000
45000
45000
45000
37000
45000
46000
45000
46000
46000
45000
46000
46000
44000
46000
45000
45000
46000
45000
45000
45000
46000
46000
46000
47000
46000
46000
47000
47000
46000
38000
47000
47000
45000
47000
46000
46000
47000
46000
46000
46000
47000
47000
47000
47000
48000
47000
48000
48000
47000
48000
48000
48000
46000
39000
47000
47000
48000
47000
47000
47000
48000
48000
48000
48000
49000
48000
49000
49000
48000
49000
49000
49000
47000
48000
48000
40000
49000
48000
48000
48000
49000
49000
49000
49000
50000
49000
50000
50000
49000
50000
50000
50000
48000
49000
49000
50000
41000
49000
49000
49000
50000
50000
50000
50000
51000
50000
51000
51000
50000
51000
51000
51000
49000
50000
50000
51000
50000
50000
50000
51000
51000
42000
51000
52000
51000
51000
52000
52000
51000
52000
52000
52000
50000
51000
51000
52000
51000
51000
51000
52000
52000
52000
53000
43000
52000
53000
52000
53000
53000
52000
53000
53000
52000
51000
52000
53000
52000
52000
52000
53000
53000
53000
54000
53000
54000
54000
44000
54000
53000
54000
53000
54000
53000
52000
53000
54000
53000
53000
53000
54000
54000
54000
55000
54000
55000
55000
55000
54000
55000
54000
55000
45000
54000
53000
54000
55000
54000
54000
54000
55000
55000
55000
56000
55000
56000
56000
55000
56000
56000
55000
56000
55000
54000
55000
56000
55000
46000
55000
55000
56000
56000
57000
56000
56000
57000
57000
56000
57000
57000
56000
57000
56000
55000
56000
57000
56000
56000
56000
57000
47000
57000
58000
57000
57000
58000
58000
57000
58000
58000
57000
58000
57000
56000
57000
58000
57000
57000
57000
58000
58000
59000
58000
48000
58000
59000
59000
58000
59000
59000
58000
59000
58000
57000
58000
59000
58000
58000
58000
59000
59000
60000
59000
59000
60000
60000
59000
60000
60000
59000
60000
49000
59000
58000
59000
60000
59000
59000
59000
60000
60000
61000
60000
60000
61000
61000
60000
61000
61000
60000
61000
60000
59000
50000
60000
61000
60000
60000
61000
61000
60000
62000
61000
61000
62000
62000
61000
62000
62000
61000
61000
60000
62000
62000
61000
61000
61000
62000
51000
62000
63000
61000
62000
63000
63000
62000
62000
63000
63000
62000
62000
61000
63000
62000
63000
62000
62000
63000
63000
64000
62000
52000
63000
64000
64000
63000
63000
64000
64000
63000
63000
62000
64000
63000
64000
63000
63000
64000
64000
65000
63000
64000
65000
53000
64000
64000
65000
65000
65000
64000
64000
65000
63000
64000
65000
64000
64000
65000
65000
66000
64000
65000
66000
65000
65000
66000
66000
66000
65000
65000
54000
66000
64000
65000
66000
65000
65000
66000
66000
67000
65000
67000
66000
66000
66000
67000
67000
67000
66000
66000
67000
65000
55000
66000
67000
66000
66000
67000
66000
67000
67000
68000
68000
67000
68000
68000
67000
67000
68000
68000
66000
67000
68000
67000
67000
56000
67000
67000
68000
68000
69000
68000
69000
68000
69000
69000
68000
69000
68000
67000
69000
68000
69000
68000
68000
68000
57000
69000
70000
69000
69000
68000
70000
70000
70000
69000
69000
70000
68000
69000
70000
69000
70000
69000
69000
69000
71000
70000
70000
58000
71000
71000
71000
69000
71000
70000
69000
70000
70000
70000
70000
71000
71000
70000
70000
70000
72000
71000
71000
72000
70000
72000
72000
71000
70000
72000
59000
71000
71000
72000
71000
71000
72000
71000
71000
71000
73000
72000
72000
73000
73000
73000
71000
71000
73000
72000
72000
73000
60000
72000
72000
72000
72000
73000
74000
73000
72000
73000
72000
74000
74000
74000
72000
72000
73000
74000
74000
73000
73000
61000
73000
73000
73000
75000
74000
74000
74000
73000
73000
75000
75000
75000
73000
74000
75000
73000
75000
74000
74000
74000
62000
74000
76000
75000
75000
74000
74000
74000
76000
75000
76000
76000
74000
75000
76000
76000
74000
75000
75000
75000
75000
77000
76000
76000
75000
63000
75000
75000
77000
76000
77000
77000
75000
76000
77000
77000
75000
76000
76000
76000
76000
78000
77000
77000
76000
76000
76000
78000
77000
64000
78000
78000
76000
77000
78000
78000
76000
77000
77000
77000
77000
79000
78000
78000
77000
77000
77000
79000
78000
79000
79000
77000
78000
65000
79000
79000
77000
78000
78000
78000
78000
80000
79000
79000
78000
78000
78000
80000
79000
80000
80000
78000
79000
80000
80000
66000
78000
79000
79000
79000
79000
81000
80000
80000
79000
79000
79000
81000
80000
81000
81000
79000
80000
81000
81000
79000
80000
80000
67000
80000
80000
82000
81000
81000
80000
80000
80000
82000
81000
82000
82000
80000
81000
82000
82000
80000
81000
81000
81000
81000
68000
83000
82000
82000
81000
81000
81000
83000
82000
83000
83000
81000
82000
83000
83000
81000
82000
82000
82000
82000
84000
83000
83000
82000
82000
82000
84000
69000
83000
84000
84000
82000
83000
84000
84000
82000
83000
83000
83000
83000
85000
84000
84000
83000
83000
83000
85000
84000
85000
85000
83000
70000
84000
85000
85000
84000
83000
84000
84000
84000
86000
85000
85000
84000
84000
84000
86000
85000
86000
86000
84000
85000
86000
86000
71000
85000
84000
85000
85000
85000
87000
86000
86000
85000
85000
85000
87000
86000
87000
87000
85000
86000
87000
87000
86000
85000
72000
86000
86000
86000
88000
87000
86000
87000
86000
86000
88000
87000
88000
88000
86000
87000
88000
88000
86000
87000
87000
87000
73000
87000
89000
88000
87000
88000
87000
87000
88000
89000
89000
89000
87000
88000
89000
89000
87000
88000
88000
88000
88000
90000
89000
88000
89000
74000
88000
88000
89000
90000
90000
90000
88000
89000
90000
90000
88000
89000
89000
89000
89000
91000
90000
89000
90000
89000
89000
90000
91000
91000
75000
91000
89000
90000
91000
91000
89000
90000
90000
90000
90000
92000
91000
90000
91000
90000
90000
91000
92000
92000
92000
90000
91000
76000
92000
92000
90000
91000
91000
91000
91000
93000
92000
91000
92000
91000
91000
92000
93000
93000
93000
91000
92000
93000
93000
77000
91000
92000
92000
92000
92000
94000
93000
92000
93000
92000
92000
93000
94000
94000
94000
92000
93000
94000
94000
92000
78000
93000
93000
93000
93000
94000
93000
95000
93000
94000
94000
95000
95000
95000
93000
93000
94000
95000
95000
93000
94000
94000
94000
79000
94000
95000
94000
96000
95000
95000
96000
94000
96000
96000
94000
94000
95000
96000
96000
94000
95000
95000
95000
95000
96000
95000
97000
80000
96000
96000
97000
95000
97000
97000
95000
95000
96000
97000
97000
95000
96000
96000
96000
96000
97000
96000
98000
97000
97000
98000
96000
98000
98000
96000
81000
96000
97000
98000
98000
96000
97000
97000
97000
97000
98000
97000
99000
98000
98000
99000
97000
99000
99000
97000
97000
98000
82000
99000
99000
97000
98000
98000
98000
98000
99000
98000
100000
100000
99000
99000
98000
100000
100000
98000
98000
99000
100000
100000
83000
98000
99000
99000
99000
99000
99000
100000
101000
100000
101000
100000
99000
101000
101000
99000
99000
100000
101000
101000
99000
100000
84000
100000
100000
100000
100000
101000
102000
101000
102000
101000
100000
102000
102000
100000
100000
101000
102000
102000
100000
101000
101000
101000
101000
85000
101000
102000
103000
103000
102000
102000
101000
103000
103000
101000
101000
102000
103000
103000
101000
102000
102000
102000
102000
102000
103000
104000
86000
104000
103000
103000
104000
102000
104000
102000
102000
103000
104000
104000
102000
103000
103000
103000
103000
103000
104000
105000
105000
104000
104000
105000
103000
105000
103000
104000
87000
103000
105000
105000
103000
104000
104000
104000
105000
104000
104000
106000
105000
106000
104000
106000
106000
104000
105000
105000
104000
88000
104000
106000
105000
106000
105000
105000
106000
105000
105000
107000
107000
106000
105000
107000
107000
105000
106000
106000
105000
105000
89000
107000
106000
107000
106000
106000
107000
106000
106000
108000
108000
107000
106000
108000
108000
106000
107000
107000
106000
106000
108000
107000
108000
90000
107000
107000
108000
107000
107000
109000
109000
108000
109000
107000
109000
107000
108000
108000
107000
107000
109000
108000
109000
108000
108000
109000
91000
108000
108000
110000
109000
110000
110000
108000
109000
110000
109000
108000
108000
108000
110000
110000
109000
109000
109000
110000
109000
110000
111000
92000
111000
109000
111000
109000
110000
111000
110000
109000
109000
109000
111000
111000
110000
110000
110000
111000
110000
112000
112000
111000
110000
112000
110000
111000
112000
110000
111000
93000
110000
110000
112000
112000
111000
111000
112000
111000
111000
113000
113000
112000
111000
113000
111000
112000
113000
111000
112000
111000
94000
111000
113000
113000
112000
112000
113000
112000
112000
113000
114000
112000
114000
112000
114000
114000
112000
113000
113000
112000
114000
95000
114000
112000
113000
113000
114000
113000
113000
114000
113000
115000
115000
113000
115000
115000
113000
114000
114000
113000
115000
113000
115000
96000
114000
114000
115000
114000
114000
115000
114000
116000
116000
114000
116000
116000
114000
115000
115000
114000
116000
116000
114000
115000
115000
116000
115000
97000
115000
116000
115000
117000
115000
116000
117000
117000
116000
117000
115000
115000
117000
116000
117000
116000
117000
115000
116000
116000
116000
116000
98000
117000
117000
118000
118000
116000
117000
118000
116000
118000
118000
117000
117000
116000
118000
117000
118000
117000
118000
117000
117000
99000
118000
119000
119000
118000
119000
119000
117000
117000
118000
119000
118000
119000
118000
117000
119000
118000
118000
119000
119000
118000
120000
120000
120000
120000
100000
118000
119000
118000
120000
119000
119000
120000
119000
118000
119000
119000
120000
120000
119000
121000
121000
121000
121000
120000
119000
101000
120000
121000
120000
119000
120000
121000
120000
119000
120000
120000
121000
121000
120000
122000
122000
122000
122000
121000
120000
121000
122000
121000
120000
121000
102000
122000
121000
120000
121000
121000
122000
122000
121000
123000
123000
123000
123000
122000
121000
122000
123000
122000
121000
122000
123000
122000
103000
121000
122000
122000
123000
123000
122000
124000
124000
124000
124000
123000
122000
123000
124000
123000
122000
123000
124000
123000
122000
104000
123000
124000
123000
124000
123000
125000
125000
125000
124000
123000
124000
124000
125000
123000
124000
125000
125000
124000
123000
125772
125769
125000
105000
125000
124000
124000
125770
124000
125771
125000
125771
125000
125000
124000
124000
125770
125000
125000
125771
125772
124000
125769
125000
125000
125000
125768
106000
125771
125770
125000
125000
125770
125771
125772
125000
125771
125770
125772
107000
125770
108000
109000
110000
111000
112000
113000
114000
115000
116000
117000
118000
119000
120000
121000
122000
123000
124000
125000
125773
It took 11 secs to create filter for 2515413 sequences.


Running Filter... 
1000
1000
1000
1000
1000
1000
1000
1000
1000
1000
1000
1000
1000
1000
1000
1000
1000
1000
1000
1000
2000
2000
2000
2000
2000
2000
2000
2000
2000
2000
3000
2000
2000
3000
3000
2000
2000
2000
2000
2000
2000
2000
3000
3000
3000
2000
3000
3000
3000
3000
3000
4000
3000
4000
3000
3000
3000
4000
3000
3000
3000
3000
4000
4000
4000
4000
4000
4000
4000
4000
5000
5000
4000
3000
4000
4000
4000
4000
4000
5000
4000
5000
4000
5000
5000
5000
5000
5000
5000
5000
6000
5000
5000
5000
6000
5000
5000
5000
5000
6000
6000
4000
6000
5000
6000
6000
6000
6000
6000
7000
6000
6000
6000
6000
6000
7000
7000
6000
7000
6000
6000
7000
7000
7000
6000
7000
7000
8000
7000
5000
7000
7000
7000
7000
7000
8000
7000
8000
8000
8000
7000
7000
8000
8000
8000
7000
8000
8000
9000
6000
8000
8000
8000
8000
9000
8000
9000
9000
8000
8000
9000
9000
9000
8000
9000
8000
9000
9000
10000
9000
9000
10000
9000
9000
9000
10000
10000
7000
9000
10000
9000
10000
10000
9000
10000
9000
10000
10000
11000
10000
10000
11000
10000
11000
10000
11000
10000
10000
10000
11000
10000
11000
11000
8000
11000
11000
10000
11000
12000
11000
11000
11000
12000
11000
12000
11000
12000
11000
11000
12000
11000
12000
12000
12000
11000
12000
12000
9000
13000
12000
12000
13000
12000
13000
12000
12000
13000
12000
12000
13000
13000
12000
13000
13000
13000
12000
13000
14000
14000
13000
13000
14000
13000
13000
13000
10000
13000
14000
14000
14000
13000
13000
14000
14000
14000
13000
14000
15000
15000
14000
14000
14000
15000
14000
14000
15000
15000
14000
15000
14000
15000
11000
14000
15000
15000
15000
14000
16000
16000
15000
15000
15000
15000
16000
15000
16000
16000
16000
16000
15000
15000
16000
15000
16000
16000
15000
12000
16000
17000
16000
17000
16000
16000
17000
17000
17000
16000
17000
17000
16000
17000
16000
17000
16000
17000
16000
13000
17000
18000
17000
18000
17000
18000
18000
17000
18000
17000
18000
18000
17000
18000
18000
17000
18000
17000
17000
18000
19000
18000
19000
18000
19000
19000
18000
14000
19000
18000
19000
19000
18000
19000
18000
19000
19000
18000
18000
19000
19000
19000
20000
20000
20000
20000
19000
19000
20000
20000
19000
20000
20000
19000
15000
20000
19000
19000
20000
20000
20000
21000
21000
20000
20000
21000
21000
21000
20000
21000
20000
21000
21000
21000
20000
20000
20000
21000
16000
21000
21000
22000
21000
21000
22000
22000
21000
22000
22000
22000
21000
22000
22000
21000
22000
21000
21000
22000
22000
23000
22000
22000
23000
22000
23000
23000
23000
17000
22000
23000
22000
23000
22000
23000
22000
22000
23000
23000
23000
24000
23000
24000
24000
24000
23000
23000
24000
23000
23000
24000
23000
24000
23000
18000
23000
24000
24000
24000
24000
25000
24000
25000
25000
25000
24000
24000
25000
24000
24000
25000
24000
25000
24000
24000
25000
25000
25000
19000
25000
26000
26000
26000
25000
26000
25000
25000
26000
25000
26000
25000
25000
26000
25000
25000
26000
26000
26000
26000
20000
27000
26000
27000
26000
27000
27000
26000
27000
26000
27000
26000
26000
26000
27000
26000
27000
27000
27000
27000
28000
27000
27000
28000
28000
28000
27000
28000
21000
27000
28000
27000
27000
27000
28000
27000
28000
28000
28000
28000
29000
28000
29000
29000
29000
28000
28000
29000
28000
28000
28000
29000
28000
28000
29000
29000
29000
29000
22000
29000
30000
30000
30000
29000
30000
29000
30000
29000
29000
29000
29000
29000
30000
29000
30000
30000
30000
30000
30000
31000
31000
23000
30000
31000
30000
31000
30000
30000
31000
30000
30000
30000
30000
31000
31000
31000
31000
31000
31000
32000
32000
31000
31000
32000
32000
31000
31000
32000
24000
31000
31000
32000
31000
31000
32000
32000
32000
32000
32000
33000
33000
32000
32000
33000
33000
32000
32000
33000
32000
32000
33000
32000
32000
33000
25000
33000
33000
33000
33000
34000
34000
33000
33000
34000
33000
34000
33000
33000
34000
33000
34000
33000
33000
34000
34000
34000
34000
26000
34000
35000
35000
34000
34000
35000
35000
34000
34000
35000
34000
34000
35000
34000
34000
35000
35000
35000
35000
35000
36000
36000
35000
36000
35000
27000
36000
35000
36000
35000
35000
35000
36000
35000
36000
36000
35000
36000
36000
37000
37000
36000
36000
37000
36000
37000
37000
36000
36000
36000
36000
28000
37000
36000
37000
37000
36000
37000
37000
38000
38000
38000
37000
37000
37000
37000
38000
37000
37000
38000
38000
37000
37000
38000
38000
37000
38000
29000
38000
39000
39000
39000
38000
38000
38000
38000
38000
39000
38000
39000
39000
38000
38000
39000
39000
38000
39000
39000
40000
30000
40000
40000
39000
39000
39000
39000
39000
39000
40000
40000
40000
39000
39000
40000
40000
39000
40000
40000
41000
41000
41000
40000
40000
40000
40000
40000
31000
40000
41000
41000
41000
40000
40000
41000
41000
40000
41000
41000
42000
42000
42000
41000
41000
41000
41000
41000
41000
42000
42000
42000
41000
41000
42000
42000
41000
32000
42000
42000
43000
43000
43000
42000
42000
42000
42000
42000
42000
43000
43000
43000
42000
42000
43000
43000
42000
43000
43000
33000
44000
44000
44000
43000
43000
43000
43000
43000
44000
43000
44000
44000
43000
43000
44000
44000
43000
44000
44000
45000
45000
45000
44000
44000
44000
34000
44000
44000
45000
44000
45000
45000
45000
45000
44000
44000
44000
45000
45000
46000
46000
45000
46000
45000
45000
45000
45000
46000
46000
45000
46000
46000
46000
45000
35000
46000
45000
45000
46000
47000
47000
46000
47000
46000
47000
46000
46000
47000
46000
47000
47000
46000
46000
47000
46000
47000
46000
47000
36000
48000
48000
47000
48000
47000
48000
47000
48000
48000
47000
47000
48000
47000
48000
48000
47000
47000
47000
48000
49000
48000
49000
37000
49000
48000
49000
49000
49000
48000
48000
49000
49000
48000
49000
48000
48000
48000
49000
48000
50000
49000
50000
49000
50000
50000
38000
50000
49000
50000
49000
50000
50000
50000
49000
49000
49000
49000
51000
49000
50000
50000
51000
50000
51000
51000
51000
51000
50000
51000
51000
50000
50000
51000
50000
39000
50000
50000
52000
50000
51000
51000
52000
51000
52000
52000
52000
52000
51000
52000
52000
51000
51000
51000
52000
51000
51000
53000
52000
51000
40000
52000
53000
53000
52000
53000
53000
53000
52000
53000
52000
52000
53000
52000
52000
53000
52000
54000
52000
53000
53000
54000
53000
54000
54000
41000
54000
54000
53000
54000
54000
53000
53000
53000
54000
53000
55000
53000
53000
54000
54000
55000
55000
54000
55000
54000
55000
55000
55000
55000
42000
54000
55000
54000
54000
54000
56000
54000
54000
55000
55000
56000
56000
55000
56000
55000
56000
56000
56000
56000
55000
55000
56000
55000
55000
57000
55000
55000
56000
43000
56000
57000
57000
56000
57000
56000
57000
57000
57000
57000
56000
57000
56000
56000
56000
58000
56000
57000
56000
57000
44000
58000
58000
57000
57000
58000
58000
58000
58000
58000
57000
57000
58000
59000
57000
57000
57000
57000
58000
58000
59000
59000
58000
58000
59000
59000
45000
59000
58000
59000
59000
58000
59000
60000
58000
58000
58000
58000
59000
59000
59000
60000
60000
60000
59000
60000
60000
60000
59000
61000
60000
59000
59000
60000
59000
59000
46000
59000
60000
60000
60000
61000
60000
61000
61000
61000
61000
61000
60000
60000
60000
61000
61000
62000
60000
60000
60000
61000
61000
47000
61000
62000
61000
62000
62000
62000
62000
62000
61000
61000
62000
62000
63000
61000
61000
61000
61000
62000
62000
62000
63000
62000
48000
63000
63000
63000
63000
63000
62000
63000
63000
62000
64000
62000
62000
62000
63000
63000
62000
63000
64000
64000
64000
63000
64000
64000
49000
64000
63000
65000
64000
63000
64000
63000
63000
64000
64000
63000
64000
63000
65000
65000
65000
64000
65000
65000
65000
50000
66000
65000
64000
64000
65000
64000
64000
65000
65000
64000
64000
65000
66000
66000
66000
65000
66000
66000
66000
67000
66000
65000
65000
66000
65000
65000
66000
66000
65000
51000
66000
65000
67000
67000
67000
66000
67000
67000
67000
68000
66000
66000
66000
67000
67000
67000
67000
67000
68000
66000
66000
66000
68000
68000
67000
68000
52000
68000
68000
69000
67000
67000
67000
68000
68000
68000
68000
68000
67000
69000
67000
67000
69000
69000
68000
69000
69000
53000
70000
69000
69000
68000
68000
68000
69000
69000
69000
68000
70000
68000
69000
68000
70000
69000
70000
70000
70000
71000
70000
70000
69000
70000
70000
70000
69000
71000
69000
69000
69000
70000
54000
71000
70000
69000
71000
72000
71000
71000
71000
71000
70000
71000
70000
71000
70000
72000
71000
70000
71000
70000
72000
70000
71000
72000
55000
73000
72000
72000
72000
72000
71000
72000
71000
71000
73000
72000
72000
71000
72000
73000
71000
71000
73000
72000
74000
73000
73000
73000
73000
72000
73000
56000
72000
74000
72000
73000
73000
72000
73000
74000
72000
72000
74000
73000
74000
74000
75000
74000
73000
74000
73000
73000
74000
74000
74000
75000
73000
74000
73000
75000
57000
73000
75000
74000
75000
75000
76000
75000
74000
75000
74000
74000
75000
75000
76000
75000
74000
76000
74000
75000
74000
76000
75000
76000
58000
76000
77000
76000
76000
75000
76000
77000
75000
75000
76000
77000
75000
75000
76000
76000
75000
77000
77000
76000
77000
78000
77000
77000
76000
59000
76000
76000
78000
78000
77000
76000
77000
77000
76000
77000
76000
78000
77000
78000
78000
78000
77000
79000
77000
79000
79000
78000
60000
78000
77000
77000
78000
78000
77000
78000
77000
79000
78000
79000
79000
79000
78000
80000
78000
80000
80000
79000
79000
78000
78000
79000
79000
78000
79000
78000
61000
80000
79000
80000
80000
80000
79000
81000
79000
81000
81000
80000
79000
79000
80000
80000
80000
79000
79000
80000
81000
80000
81000
62000
81000
82000
80000
80000
82000
81000
81000
80000
80000
82000
81000
81000
81000
80000
80000
81000
82000
82000
81000
83000
82000
81000
83000
63000
81000
82000
81000
82000
81000
83000
81000
82000
82000
81000
82000
83000
82000
82000
83000
84000
82000
84000
82000
82000
83000
82000
82000
83000
83000
84000
83000
83000
82000
83000
64000
84000
83000
83000
84000
85000
83000
83000
85000
83000
83000
85000
84000
84000
84000
83000
84000
84000
83000
84000
84000
65000
84000
85000
86000
85000
84000
84000
84000
86000
84000
86000
85000
85000
85000
85000
85000
84000
85000
85000
84000
85000
86000
66000
86000
85000
85000
87000
87000
85000
85000
86000
86000
87000
86000
85000
86000
86000
86000
86000
85000
86000
87000
87000
86000
88000
86000
86000
88000
67000
87000
87000
88000
86000
87000
86000
87000
87000
87000
87000
86000
87000
88000
88000
87000
89000
87000
87000
89000
88000
88000
89000
88000
87000
87000
88000
88000
88000
68000
88000
87000
88000
89000
89000
88000
90000
88000
88000
90000
89000
89000
90000
88000
88000
89000
89000
89000
89000
89000
88000
69000
89000
90000
89000
91000
90000
89000
89000
91000
90000
90000
89000
89000
90000
90000
90000
90000
91000
89000
90000
91000
92000
90000
70000
90000
90000
90000
91000
92000
91000
91000
90000
90000
91000
91000
91000
92000
91000
90000
91000
92000
93000
91000
92000
91000
93000
91000
91000
92000
92000
91000
92000
71000
91000
93000
92000
91000
92000
92000
92000
94000
93000
92000
93000
92000
92000
92000
94000
93000
93000
93000
92000
92000
93000
94000
93000
93000
93000
72000
92000
95000
94000
93000
93000
93000
94000
93000
95000
94000
94000
94000
93000
93000
94000
95000
94000
94000
94000
93000
96000
95000
73000
94000
94000
94000
95000
94000
96000
95000
94000
95000
95000
94000
95000
96000
95000
95000
95000
94000
97000
95000
96000
95000
95000
97000
95000
74000
96000
96000
96000
95000
96000
97000
96000
96000
95000
96000
95000
96000
96000
97000
96000
96000
98000
98000
96000
97000
97000
96000
97000
98000
97000
97000
97000
96000
97000
75000
96000
97000
97000
97000
98000
97000
99000
99000
97000
98000
97000
98000
99000
98000
98000
98000
98000
98000
97000
98000
97000
98000
76000
98000
99000
98000
100000
100000
98000
98000
99000
99000
100000
99000
99000
99000
99000
98000
99000
99000
99000
98000
100000
99000
99000
101000
101000
99000
99000
77000
100000
100000
101000
100000
100000
100000
100000
99000
100000
100000
100000
99000
102000
101000
100000
100000
101000
102000
100000
102000
100000
101000
101000
101000
101000
100000
101000
78000
101000
101000
100000
101000
103000
102000
101000
101000
103000
101000
103000
101000
102000
102000
102000
102000
101000
102000
102000
101000
102000
102000
104000
103000
102000
79000
102000
102000
104000
102000
104000
102000
103000
103000
103000
103000
102000
102000
103000
103000
103000
103000
105000
103000
103000
104000
105000
103000
105000
103000
103000
104000
104000
103000
80000
104000
104000
103000
104000
104000
104000
104000
106000
104000
105000
106000
104000
106000
104000
104000
104000
105000
104000
105000
105000
105000
81000
104000
105000
105000
105000
105000
107000
105000
106000
105000
107000
105000
105000
105000
107000
106000
106000
105000
106000
106000
105000
106000
82000
106000
106000
108000
106000
106000
106000
106000
106000
106000
107000
108000
108000
107000
107000
107000
106000
107000
106000
107000
107000
107000
107000
109000
107000
107000
83000
107000
107000
107000
108000
109000
108000
108000
109000
108000
107000
108000
107000
108000
108000
108000
108000
110000
108000
108000
108000
108000
108000
110000
109000
109000
109000
110000
108000
109000
84000
109000
109000
108000
109000
109000
109000
111000
109000
109000
109000
111000
110000
109000
110000
110000
111000
109000
110000
109000
110000
110000
109000
85000
110000
110000
112000
110000
110000
110000
110000
111000
110000
112000
111000
110000
110000
112000
111000
111000
111000
111000
110000
111000
86000
111000
113000
111000
111000
111000
111000
112000
111000
113000
112000
111000
111000
113000
112000
112000
112000
112000
111000
112000
112000
114000
112000
112000
112000
112000
113000
112000
114000
87000
113000
112000
112000
114000
113000
113000
113000
113000
112000
113000
113000
115000
113000
113000
113000
113000
114000
113000
115000
113000
114000
113000
115000
114000
114000
114000
88000
114000
113000
114000
116000
114000
114000
114000
114000
114000
115000
114000
116000
114000
115000
114000
116000
115000
115000
115000
115000
114000
89000
115000
117000
115000
115000
115000
115000
115000
116000
115000
117000
115000
116000
115000
117000
116000
116000
116000
116000
115000
116000
118000
116000
116000
116000
116000
116000
90000
117000
116000
118000
116000
117000
116000
118000
117000
117000
117000
116000
117000
117000
119000
117000
117000
117000
117000
118000
117000
117000
119000
117000
118000
119000
118000
91000
117000
118000
118000
117000
118000
118000
120000
118000
118000
119000
118000
120000
118000
118000
119000
118000
120000
118000
119000
119000
118000
119000
118000
92000
119000
119000
121000
119000
119000
119000
120000
119000
121000
119000
120000
119000
121000
119000
120000
120000
119000
120000
119000
120000
93000
120000
122000
120000
120000
121000
120000
120000
122000
120000
121000
120000
120000
122000
121000
121000
120000
121000
120000
121000
121000
123000
121000
122000
121000
121000
121000
121000
123000
122000
94000
121000
123000
121000
122000
121000
122000
121000
122000
122000
122000
124000
122000
122000
123000
122000
122000
122000
123000
122000
124000
124000
122000
122000
123000
123000
123000
122000
95000
123000
123000
125000
124000
123000
123000
123000
123000
123000
124000
123000
125000
125000
123000
124000
124000
123000
124000
123000
125771
124000
96000
124000
125769
125000
124000
125770
124000
124000
124000
124000
125000
124000
124000
125000
125000
125000
124000
124000
125000
125770
125000
125771
125000
125000
125000
97000
125000
125000
125770
125000
125772
125772
125000
125000
125000
125771
125771
125769
125772
125770
125772
125771
125771
125770
125768
125770
98000
99000
100000
101000
102000
103000
104000
105000
106000
107000
108000
109000
110000
111000
112000
113000
114000
115000
116000
117000
118000
119000
120000
121000
122000
123000
124000
125000
125773
It took 10 secs to filter 2515413 sequences.



Length of filtered alignment: 1274
Number of columns removed: 307
Length of the original alignment: 1581
Number of sequences used to construct filter: 2515413

Output File Names: 
/mnt/research/ShadeLab/Barnett/Centralia/MultiYear_intermediateseq/lib2_run1_merged_maxEE_noN.filter
/mnt/research/ShadeLab/Barnett/Centralia/MultiYear_intermediateseq/lib2_run1_merged_maxEE_noN.unique.filter.good.filter.fasta


mothur > quit()

mothur > quit()
 
 
Prefiltered
2556346
Postfilterd
2515413
 
 
Inflate sequences
 
[3J[H[2JLinux version

Using ReadLine

Using Boost

Running 64Bit Version

mothur v.1.40.4
Last updated: 02/05/2022
by
Patrick D. Schloss

Department of Microbiology & Immunology

University of Michigan
http://www.mothur.org

When using, please cite:
Schloss, P.D., et al., Introducing mothur: Open-source, platform-independent, community-supported software for describing and comparing microbial communities. Appl Environ Microbiol, 2009. 75(23):7537-41.

Distributed under the GNU General Public License

Type 'help()' for information on the commands that are available

For questions and analysis support, please visit our forum at https://www.mothur.org/forum

Type 'quit()' to exit program

Script Mode


mothur > deunique.seqs(fasta=/mnt/research/ShadeLab/Barnett/Centralia/MultiYear_intermediateseq/lib2_run1_merged_maxEE_noN.unique.filter.good.filter.fasta, name=/mnt/research/ShadeLab/Barnett/Centralia/MultiYear_intermediateseq/lib2_run1_merged_maxEE_noN.names)

Output File Names: 
/mnt/research/ShadeLab/Barnett/Centralia/MultiYear_intermediateseq/lib2_run1_merged_maxEE_noN.unique.filter.good.filter.redundant.fasta


mothur > quit()

mothur > quit()
 
 
Generate final QCed read file
 
[3J[H[2JLinux version

Using ReadLine

Using Boost

Running 64Bit Version

mothur v.1.40.4
Last updated: 02/05/2022
by
Patrick D. Schloss

Department of Microbiology & Immunology

University of Michigan
http://www.mothur.org

When using, please cite:
Schloss, P.D., et al., Introducing mothur: Open-source, platform-independent, community-supported software for describing and comparing microbial communities. Appl Environ Microbiol, 2009. 75(23):7537-41.

Distributed under the GNU General Public License

Type 'help()' for information on the commands that are available

For questions and analysis support, please visit our forum at https://www.mothur.org/forum

Type 'quit()' to exit program

Script Mode


mothur > summary.seqs(fasta=/mnt/research/ShadeLab/Barnett/Centralia/MultiYear_finalQCreads/lib2_run1_finalQC.fasta, processors=1)

Using 1 processors.

		Start	End	NBases	Ambigs	Polymer	NumSeqs
Minimum:	1	208	208	0	3	1
2.5%-tile:	1	253	253	0	4	249761
25%-tile:	1	253	253	0	4	2497606
Median: 	1	253	253	0	5	4995211
75%-tile:	1	253	253	0	5	7492816
97.5%-tile:	1	254	254	0	8	9740661
Maximum:	1	448	448	0	8	9990421
Mean:	1	253	253	0	4
# of Seqs:	9990421

It took 1084 secs to summarize 9990421 sequences.

Output File Names:
 /mnt/research/ShadeLab/Barnett/Centralia/MultiYear_finalQCreads/lib2_run1_finalQC.summary


mothur > quit()

mothur > quit()
 
 
Final sequence count
9990421
 
Done!
