
Lmod is automatically replacing "Python/3.6.4" with "Conda/3".

Subsetting OTU fasta to just archaeal OTUs
 
Number of arguments:  4 arguments.
Input fasta:  all_samples_16S_OTU.fasta
List of sequences to keep:  archaeal_OTUs.txt
Output fasta:  all_samples_16S_OTU_arch.fasta

---

 
 
Aligning sequences using SSU-align
 
# _ssu-prep :: prepare SSU rRNA sequences for parallel ssu-align jobs
# SSU-ALIGN 0.1.1 (Feb 2016)
# Copyright (C) 2016 Howard Hughes Medical Institute
# Freely distributed under the BSD open source license.
# - - - - - - - - - - - - - - - - - - - - - - - - - - - - - - - - - - - -
# command: _ssu-prep -x -f -b 50 --dna --rfonly all_samples_16S_OTU_arch.fasta ssu_aln 20
# date:    Tue Apr 26 12:02:53 2022
#
# Validating input sequence file ... done.
#
# Preparing 20 ssu-align jobs ...
# Partitioning seqs with goal of equalizing total number of nucleotides per job ...
#
# output file name                  description                                        
# --------------------------------  ---------------------------------------------------
  ssu_aln/all_samples_16S_OTU_arch.fasta.1  partition  1 FASTA sequence file (22 seqs; 5565 nt)
  ssu_aln/all_samples_16S_OTU_arch.fasta.2  partition  2 FASTA sequence file (22 seqs; 5571 nt)
  ssu_aln/all_samples_16S_OTU_arch.fasta.3  partition  3 FASTA sequence file (22 seqs; 5647 nt)
  ssu_aln/all_samples_16S_OTU_arch.fasta.4  partition  4 FASTA sequence file (22 seqs; 5603 nt)
  ssu_aln/all_samples_16S_OTU_arch.fasta.5  partition  5 FASTA sequence file (22 seqs; 5577 nt)
  ssu_aln/all_samples_16S_OTU_arch.fasta.6  partition  6 FASTA sequence file (22 seqs; 5577 nt)
  ssu_aln/all_samples_16S_OTU_arch.fasta.7  partition  7 FASTA sequence file (22 seqs; 5578 nt)
  ssu_aln/all_samples_16S_OTU_arch.fasta.8  partition  8 FASTA sequence file (22 seqs; 5578 nt)
  ssu_aln/all_samples_16S_OTU_arch.fasta.9  partition  9 FASTA sequence file (22 seqs; 5570 nt)
  ssu_aln/all_samples_16S_OTU_arch.fasta.10  partition 10 FASTA sequence file (22 seqs; 5579 nt)
  ssu_aln/all_samples_16S_OTU_arch.fasta.11  partition 11 FASTA sequence file (22 seqs; 5612 nt)
  ssu_aln/all_samples_16S_OTU_arch.fasta.12  partition 12 FASTA sequence file (22 seqs; 5709 nt)
  ssu_aln/all_samples_16S_OTU_arch.fasta.13  partition 13 FASTA sequence file (22 seqs; 5575 nt)
  ssu_aln/all_samples_16S_OTU_arch.fasta.14  partition 14 FASTA sequence file (22 seqs; 5573 nt)
  ssu_aln/all_samples_16S_OTU_arch.fasta.15  partition 15 FASTA sequence file (22 seqs; 5576 nt)
  ssu_aln/all_samples_16S_OTU_arch.fasta.16  partition 16 FASTA sequence file (22 seqs; 5630 nt)
  ssu_aln/all_samples_16S_OTU_arch.fasta.17  partition 17 FASTA sequence file (22 seqs; 5572 nt)
  ssu_aln/all_samples_16S_OTU_arch.fasta.18  partition 18 FASTA sequence file (21 seqs; 5345 nt)
  ssu_aln/all_samples_16S_OTU_arch.fasta.19  partition 19 FASTA sequence file (22 seqs; 5605 nt)
  ssu_aln/all_samples_16S_OTU_arch.fasta.20  partition 20 FASTA sequence file (20 seqs; 5058 nt)
  ssu_aln.ssu-align.sh              shell script that will execute 20 ssu-align jobs
#
################################################################################
# To execute all 20 ssu-align jobs, run the shell script with the command:
#	"ssu_aln.ssu-align.sh"
# (it is an executable file)
################################################################################
#
# The final job will merge the output from all jobs once they are all finished.
#
# If one or more jobs fail: rerun the failed jobs, wait for them to finish,
# and then perform manual merge from this directory by executing:
#	ssu-merge ssu_aln
#
# List of executed commands saved in:     ssu_aln/ssu_aln.ssu-prep.log.
# Output printed to the screen saved in:  ssu_aln/ssu_aln.ssu-prep.sum.
#
# CPU time:  00:00:00.39  (hh:mm:ss)
# 
# Executing: ssu-align -b 50 --dna --rfonly ssu_aln/all_samples_16S_OTU_arch.fasta.1 ssu_aln/ssu_aln.1 > /dev/null &
# Executing: ssu-align -b 50 --dna --rfonly ssu_aln/all_samples_16S_OTU_arch.fasta.2 ssu_aln/ssu_aln.2 > /dev/null &
# Executing: ssu-align -b 50 --dna --rfonly ssu_aln/all_samples_16S_OTU_arch.fasta.3 ssu_aln/ssu_aln.3 > /dev/null &
# Executing: ssu-align -b 50 --dna --rfonly ssu_aln/all_samples_16S_OTU_arch.fasta.4 ssu_aln/ssu_aln.4 > /dev/null &
# Executing: ssu-align -b 50 --dna --rfonly ssu_aln/all_samples_16S_OTU_arch.fasta.5 ssu_aln/ssu_aln.5 > /dev/null &
# Executing: ssu-align -b 50 --dna --rfonly ssu_aln/all_samples_16S_OTU_arch.fasta.6 ssu_aln/ssu_aln.6 > /dev/null &
# Executing: ssu-align -b 50 --dna --rfonly ssu_aln/all_samples_16S_OTU_arch.fasta.7 ssu_aln/ssu_aln.7 > /dev/null &
# Executing: ssu-align -b 50 --dna --rfonly ssu_aln/all_samples_16S_OTU_arch.fasta.8 ssu_aln/ssu_aln.8 > /dev/null &
# Executing: ssu-align -b 50 --dna --rfonly ssu_aln/all_samples_16S_OTU_arch.fasta.9 ssu_aln/ssu_aln.9 > /dev/null &
# Executing: ssu-align -b 50 --dna --rfonly ssu_aln/all_samples_16S_OTU_arch.fasta.10 ssu_aln/ssu_aln.10 > /dev/null &
# Executing: ssu-align -b 50 --dna --rfonly ssu_aln/all_samples_16S_OTU_arch.fasta.11 ssu_aln/ssu_aln.11 > /dev/null &
# Executing: ssu-align -b 50 --dna --rfonly ssu_aln/all_samples_16S_OTU_arch.fasta.12 ssu_aln/ssu_aln.12 > /dev/null &
# Executing: ssu-align -b 50 --dna --rfonly ssu_aln/all_samples_16S_OTU_arch.fasta.13 ssu_aln/ssu_aln.13 > /dev/null &
# Executing: ssu-align -b 50 --dna --rfonly ssu_aln/all_samples_16S_OTU_arch.fasta.14 ssu_aln/ssu_aln.14 > /dev/null &
# Executing: ssu-align -b 50 --dna --rfonly ssu_aln/all_samples_16S_OTU_arch.fasta.15 ssu_aln/ssu_aln.15 > /dev/null &
# Executing: ssu-align -b 50 --dna --rfonly ssu_aln/all_samples_16S_OTU_arch.fasta.16 ssu_aln/ssu_aln.16 > /dev/null &
# Executing: ssu-align -b 50 --dna --rfonly ssu_aln/all_samples_16S_OTU_arch.fasta.17 ssu_aln/ssu_aln.17 > /dev/null &
# Executing: ssu-align -b 50 --dna --rfonly ssu_aln/all_samples_16S_OTU_arch.fasta.18 ssu_aln/ssu_aln.18 > /dev/null &
# Executing: ssu-align -b 50 --dna --rfonly ssu_aln/all_samples_16S_OTU_arch.fasta.19 ssu_aln/ssu_aln.19 > /dev/null &
# Executing: ssu-align --merge 20 -b 50 --dna --rfonly ssu_aln/all_samples_16S_OTU_arch.fasta.20 ssu_aln/ssu_aln.20
# _ssu-align :: align SSU rRNA sequences
# SSU-ALIGN 0.1.1 (Feb 2016)
# Copyright (C) 2016 Howard Hughes Medical Institute
# Freely distributed under the BSD open source license.
# - - - - - - - - - - - - - - - - - - - - - - - - - - - - - - - - - - - -
# command: _ssu-align --merge 20 -b 50 --dna --rfonly ssu_aln/all_samples_16S_OTU_arch.fasta.20 ssu_aln/ssu_aln.20
# date:    Tue Apr 26 12:02:53 2022
#
# Validating input sequence file ... done.
#
# Stage 1: Determining SSU start/end positions and best-matching models...
#
# output file name             description                                
# ---------------------------  -------------------------------------------
  ssu_aln.20.tab               locations/scores of hits defined by HMM(s)
  ssu_aln.20.archaea.hitlist   list of sequences to align with archaea CM
  ssu_aln.20.archaea.fa             20 sequences to align with archaea CM
#
# Stage 2: Aligning each sequence to its best-matching model...
#
# output file name             description
# ---------------------------  ---------------------------------------
  ssu_aln.20.archaea.stk       archaea alignment
  ssu_aln.20.archaea.cmalign   archaea cmalign output
  ssu_aln.20.archaea.ifile     archaea insert info
  ssu_aln.20.scores            list of CM/HMM scores for each sequence
#
# Summary statistics:
#
# model or       number  fraction        average   average               
# category      of seqs  of total         length  coverage    nucleotides
# ------------  -------  --------  -------------  --------  -------------
  *input*            20    1.0000         252.90    1.0000           5058
#
  archaea            20    1.0000         249.60    0.9870           4992
  bacteria            0    0.0000              -         -              0
  eukarya             0    0.0000              -         -              0
#
  *all-models*       20    1.0000         249.60    0.9870           4992
  *no-models*         0    0.0000              -         -              0
#
# Speed statistics:
#
# stage      num seqs  seq/sec  seq/sec/model    nucleotides    nt/sec
# ---------  --------  -------  -------------  -------------  --------
  search           20   25.504          8.501           5058    6450.1
  alignment        20   25.220         25.220           4992    6294.8
#
#
# List of executed commands saved in:     ssu_aln.20.ssu-align.log.
# Output printed to the screen saved in:  ssu_aln.20.ssu-align.sum.
#
# All output files created in directory ./ssu_aln/ssu_aln.20/
#
# CPU time (search):     00:00:00.78  (hh:mm:ss)
# CPU time (alignment):  00:00:00.79  (hh:mm:ss)
# CPU time (total):      00:00:02.20  (hh:mm:ss)
#
################################################################################
#
# Alignments successfully created.
#
# Checking/waiting for other jobs to finish before merging...
#
# Job  5 (dir: ssu_aln/ssu_aln.5 ) completed successfully! 19/20 still incomplete.
# Job  9 (dir: ssu_aln/ssu_aln.9 ) completed successfully! 18/20 still incomplete.
# Job 10 (dir: ssu_aln/ssu_aln.10) completed successfully! 17/20 still incomplete.
# Job 13 (dir: ssu_aln/ssu_aln.13) completed successfully! 16/20 still incomplete.
# Job 15 (dir: ssu_aln/ssu_aln.15) completed successfully! 15/20 still incomplete.
# Job 16 (dir: ssu_aln/ssu_aln.16) completed successfully! 14/20 still incomplete.
# Job 17 (dir: ssu_aln/ssu_aln.17) completed successfully! 13/20 still incomplete.
# Job 18 (dir: ssu_aln/ssu_aln.18) completed successfully! 12/20 still incomplete.
# Job 19 (dir: ssu_aln/ssu_aln.19) completed successfully! 11/20 still incomplete.
# Job 20 (dir: ssu_aln/ssu_aln.20) completed successfully! 10/20 still incomplete.
# Job  1 (dir: ssu_aln/ssu_aln.1 ) completed successfully!  9/20 still incomplete.
# Job  2 (dir: ssu_aln/ssu_aln.2 ) completed successfully!  8/20 still incomplete.
# Job  3 (dir: ssu_aln/ssu_aln.3 ) completed successfully!  7/20 still incomplete.
# Job  4 (dir: ssu_aln/ssu_aln.4 ) completed successfully!  6/20 still incomplete.
# Job  6 (dir: ssu_aln/ssu_aln.6 ) completed successfully!  5/20 still incomplete.
# Job  7 (dir: ssu_aln/ssu_aln.7 ) completed successfully!  4/20 still incomplete.
# Job  8 (dir: ssu_aln/ssu_aln.8 ) completed successfully!  3/20 still incomplete.
# Job 11 (dir: ssu_aln/ssu_aln.11) completed successfully!  2/20 still incomplete.
# Job 12 (dir: ssu_aln/ssu_aln.12) completed successfully!  1/20 still incomplete.
# Job 14 (dir: ssu_aln/ssu_aln.14) completed successfully!  0/20 still incomplete.
#
# All 20 jobs successfully completed.
# About to merge their output:
#
# Executing:  ssu-merge ssu_aln
#
################################################################################
#
# _ssu-merge :: merge SSU rRNA alignments
# SSU-ALIGN 0.1.1 (Feb 2016)
# Copyright (C) 2016 Howard Hughes Medical Institute
# Freely distributed under the BSD open source license.
# - - - - - - - - - - - - - - - - - - - - - - - - - - - - - - - - - - - -
# command: _ssu-merge ssu_aln
# date:    Tue Apr 26 12:02:58 2022
#
# Merging files from 20 ssu-align runs...
#
#                                     # files     # seqs
# merged file name          CM name    merged     merged
# ------------------------  --------  -------  ---------
  ssu_aln.tab               -              20          -
  ssu_aln.scores            -              20          -
  ssu_aln.ssu-align.sum     -              20          -
  ssu_aln.ssu-align.log     -              20          -
#
  ssu_aln.archaea.fa        archaea        20        434
  ssu_aln.archaea.hitlist   archaea        20        434
  ssu_aln.archaea.cmalign   archaea        20        434
  ssu_aln.archaea.ifile     archaea        20        434
  ssu_aln.archaea.stk       archaea        20        434
#
  ssu_aln.bacteria.fa       bacteria        3          3
  ssu_aln.bacteria.hitlist  bacteria        3          3
  ssu_aln.bacteria.cmalign  bacteria        3          3
  ssu_aln.bacteria.ifile    bacteria        3          3
  ssu_aln.bacteria.stk      bacteria        3          3
#
#
# Summary statistics:
#
# model or       number  fraction        average   average               
# category      of seqs  of total         length  coverage    nucleotides
# ------------  -------  --------  -------------  --------  -------------
  *input*           437    1.0000         254.23    1.0000         111100
#
  archaea           434    0.9931         252.21    0.9920         109458
  bacteria            3    0.0069         244.33    0.9657            733
  eukarya             0    0.0000              -         -              0
#
  *all-models*      437    1.0000         252.15    0.9918         110191
  *no-models*         0    0.0000              -         -              0
#
# Speed statistics:
#
# stage      num seqs  seq/sec  seq/sec/model    nucleotides    nt/sec
# ---------  --------  -------  -------------  -------------  --------
  search          437  437.000        145.667         111100  111100.0
  alignment       437  437.000        437.000         110191  110191.0
#
# Summed ssu-align CPU time (search):     00:00:00.00  (hh:mm:ss)
# Summed ssu-align CPU time (alignment):  00:00:00.00  (hh:mm:ss)
# Summed ssu-align CPU time (total):      00:00:00.00  (hh:mm:ss)
#
# Cleaning up by removing original files that were just merged ... done.
#
# List of executed commands saved in:     ssu_aln.ssu-merge.log.
# Output printed to the screen saved in:  ssu_aln.ssu-merge.sum.
#
# All output files created in directory ./ssu_aln/
#
# CPU time:  00:00:00.65  (hh:mm:ss)
# 
# _ssu-mask :: mask SSU rRNA alignments
# SSU-ALIGN 0.1.1 (Feb 2016)
# Copyright (C) 2016 Howard Hughes Medical Institute
# Freely distributed under the BSD open source license.
# - - - - - - - - - - - - - - - - - - - - - - - - - - - - - - - - - - - -
# command: _ssu-mask --afa --dna ssu_aln
# date:    Tue Apr 26 12:02:59 2022
#
# Masking alignments based on posterior probabilities...
#
#                                                     mask    
#                                                 ------------
# file name                  in/out  type  #cols  incl.  excl.
# -------------------------  ------  ----  -----  -----  -----
  ssu_aln.archaea.stk         input   aln   1508      -      -
  ssu_aln.archaea.mask       output  mask   1508    250   1258
  ssu_aln.archaea.mask.pdf   output   pdf   1508    250   1258
  ssu_aln.archaea.mask.afa   output   aln    250      -      -
#
  ssu_aln.bacteria.stk        input   aln   1582      -      -
  ssu_aln.bacteria.mask      output  mask   1582    213   1369
  ssu_aln.bacteria.mask.pdf  output   pdf   1582    213   1369
  ssu_aln.bacteria.mask.afa  output   aln    213      -      -
#
# All attempts to draw structure diagrams of masks were successful.
#
# List of executed commands saved in:     ssu_aln.ssu-mask.log.
# Output printed to the screen saved in:  ssu_aln.ssu-mask.sum.
#
# All output files created in directory ./ssu_aln/
#
# CPU time:  00:00:00.84  (hh:mm:ss)
# 
 
 
Adding E. coli as the root: accession J01859
 
# _ssu-align :: align SSU rRNA sequences
# SSU-ALIGN 0.1.1 (Feb 2016)
# Copyright (C) 2016 Howard Hughes Medical Institute
# Freely distributed under the BSD open source license.
# - - - - - - - - - - - - - - - - - - - - - - - - - - - - - - - - - - - -
# command: _ssu-align -f -n archaea --dna --rfonly J01859.fasta sso_aln
# date:    Tue Apr 26 12:03:00 2022
#
# Validating input sequence file ... done.
#
# Stage 1: Determining SSU start/end positions and best-matching models...
#
# output file name         description                                
# -----------------------  -------------------------------------------
  sso_aln.tab              locations/scores of hits defined by HMM(s)
  sso_aln.archaea.hitlist  list of sequences to align with archaea CM
  sso_aln.archaea.fa             1 sequence  to align with archaea CM
#
# Stage 2: Aligning each sequence to its best-matching model...
#
# output file name         description
# -----------------------  ---------------------------------------
  sso_aln.archaea.stk      archaea alignment
  sso_aln.archaea.cmalign  archaea cmalign output
  sso_aln.archaea.ifile    archaea insert info
  sso_aln.scores           list of CM/HMM scores for each sequence
#
# Summary statistics:
#
# model or       number  fraction        average   average               
# category      of seqs  of total         length  coverage    nucleotides
# ------------  -------  --------  -------------  --------  -------------
  *input*             1    1.0000        1541.00    1.0000           1541
#
  archaea             1    1.0000        1486.00    0.9643           1486
#
  *all-models*        1    1.0000        1486.00    0.9643           1486
  *no-models*         0    0.0000              -         -              0
#
# Speed statistics:
#
# stage      num seqs  seq/sec  seq/sec/model    nucleotides    nt/sec
# ---------  --------  -------  -------------  -------------  --------
  search            1    7.655          7.655           1541   11796.3
  alignment         1    2.160          2.160           1486    3210.1
#
#
# List of executed commands saved in:     sso_aln.ssu-align.log.
# Output printed to the screen saved in:  sso_aln.ssu-align.sum.
#
# All output files created in directory ./sso_aln/
#
# CPU time (search):     00:00:00.13  (hh:mm:ss)
# CPU time (alignment):  00:00:00.46  (hh:mm:ss)
# CPU time (total):      00:00:00.75  (hh:mm:ss)
#
# _ssu-mask :: mask SSU rRNA alignments
# SSU-ALIGN 0.1.1 (Feb 2016)
# Copyright (C) 2016 Howard Hughes Medical Institute
# Freely distributed under the BSD open source license.
# - - - - - - - - - - - - - - - - - - - - - - - - - - - - - - - - - - - -
# command: _ssu-mask -s ssu_aln/ssu_aln.archaea.mask --afa --dna sso_aln/
# date:    Tue Apr 26 12:03:01 2022
#
# Masking alignments using pre-existing masks...
#
#                                                    mask    
#                                                ------------
# file name                 in/out  type  #cols  incl.  excl.
# ------------------------  ------  ----  -----  -----  -----
  sso_aln.archaea.stk        input   aln   1508      -      -
  ssu_aln.archaea.mask       input  mask   1508    250   1258
  sso_aln.archaea.mask.pdf  output   pdf   1508    250   1258
  sso_aln.archaea.mask.afa  output   aln    250      -      -
#
# All attempts to draw structure diagrams of masks were successful.
#
# List of executed commands saved in:     sso_aln.ssu-mask.log.
# Output printed to the screen saved in:  sso_aln.ssu-mask.sum.
#
# All output files created in directory ./sso_aln/
#
# CPU time:  00:00:00.33  (hh:mm:ss)
# 
 
 
Building phylogenetic tree with FastTree
 
FastTree Version 2.1.10 Double precision (No SSE3)
Alignment: aln_for_archaeal_OTU_tree.fasta
Nucleotide distances: Jukes-Cantor Joins: balanced Support: SH-like 1000
Search: Normal +NNI +SPR (2 rounds range 10) +ML-NNI opt-each=1
TopHits: 1.00*sqrtN close=default refresh=0.80
ML Model: Jukes-Cantor, CAT approximation with 20 rate categories
      0.11 seconds: Joined    300 of    431
Initial topology in 0.14 seconds
Refining topology: 35 rounds ME-NNIs, 2 rounds ME-SPRs, 18 rounds ML-NNIs
      0.21 seconds: SPR round   1 of   2, 101 of 866 nodes
      0.31 seconds: SPR round   1 of   2, 401 of 866 nodes
      0.42 seconds: SPR round   1 of   2, 701 of 866 nodes
      0.53 seconds: SPR round   2 of   2, 101 of 866 nodes
      0.64 seconds: SPR round   2 of   2, 401 of 866 nodes
      0.76 seconds: SPR round   2 of   2, 701 of 866 nodes
Total branch-length 21.782 after 0.85 sec
      0.87 seconds: ML Lengths 201 of 432 splits
      1.02 seconds: ML NNI round 1 of 18, 201 of 432 splits, 39 changes (max delta 9.984)
      1.14 seconds: ML NNI round 1 of 18, 401 of 432 splits, 75 changes (max delta 9.984)
ML-NNI round 1: LogLk = -30619.770 NNIs 85 max delta 9.98 Time 1.16
Switched to using 20 rate categories (CAT approximation)
Rate categories were divided by 1.016 so that average rate = 1.0
CAT-based log-likelihoods may not be comparable across runs
Use -gamma for approximate but comparable Gamma(20) log-likelihoods
      1.26 seconds: ML NNI round 2 of 18, 101 of 432 splits, 9 changes (max delta 3.541)
      1.41 seconds: ML NNI round 2 of 18, 401 of 432 splits, 42 changes (max delta 4.338)
ML-NNI round 2: LogLk = -27292.667 NNIs 47 max delta 4.34 Time 1.43
      1.51 seconds: ML NNI round 3 of 18, 201 of 432 splits, 10 changes (max delta 1.508)
ML-NNI round 3: LogLk = -27282.854 NNIs 16 max delta 1.51 Time 1.57
ML-NNI round 4: LogLk = -27281.203 NNIs 4 max delta 0.12 Time 1.65
      1.64 seconds: ML NNI round 5 of 18, 1 of 432 splits
ML-NNI round 5: LogLk = -27272.422 NNIs 4 max delta 6.05 Time 1.68
ML-NNI round 6: LogLk = -27265.908 NNIs 3 max delta 4.26 Time 1.70
ML-NNI round 7: LogLk = -27265.603 NNIs 2 max delta 0.17 Time 1.73
ML-NNI round 8: LogLk = -27261.568 NNIs 2 max delta 0.07 Time 1.75
Turning off heuristics for final round of ML NNIs (converged)
      1.81 seconds: ML NNI round 9 of 18, 101 of 432 splits, 0 changes
      1.94 seconds: ML NNI round 9 of 18, 301 of 432 splits, 6 changes (max delta 3.859)
ML-NNI round 9: LogLk = -27251.735 NNIs 6 max delta 3.86 Time 2.03 (final)
      2.05 seconds: ML Lengths 201 of 432 splits
Optimize all lengths: LogLk = -27251.161 Time 2.08
      2.16 seconds: ML split tests for    100 of    431 internal splits
      2.33 seconds: ML split tests for    300 of    431 internal splits
Total time: 2.44 seconds Unique: 434/435 Bad splits: 1/431 Worst delta-LogLk 0.347
 
 
Done!
